[2025-06-03T20:29:50.086+0000] {taskinstance.py:1956} INFO - Dependencies all met for dep_context=non-requeueable deps ti=<TaskInstance: dag_with_postgres_operator_v01.insert_into_table scheduled__2025-06-01T00:00:00+00:00 [queued]>
[2025-06-03T20:29:50.107+0000] {taskinstance.py:1956} INFO - Dependencies all met for dep_context=requeueable deps ti=<TaskInstance: dag_with_postgres_operator_v01.insert_into_table scheduled__2025-06-01T00:00:00+00:00 [queued]>
[2025-06-03T20:29:50.110+0000] {taskinstance.py:2170} INFO - Starting attempt 1 of 6
[2025-06-03T20:29:50.132+0000] {taskinstance.py:2191} INFO - Executing <Task(PostgresOperator): insert_into_table> on 2025-06-01 00:00:00+00:00
[2025-06-03T20:29:50.140+0000] {standard_task_runner.py:60} INFO - Started process 62970 to run task
[2025-06-03T20:29:50.147+0000] {standard_task_runner.py:87} INFO - Running: ['***', 'tasks', 'run', 'dag_with_postgres_operator_v01', 'insert_into_table', 'scheduled__2025-06-01T00:00:00+00:00', '--job-id', '376', '--raw', '--subdir', 'DAGS_FOLDER/postgresql_dag.py', '--cfg-path', '/tmp/tmpzpubsipi']
[2025-06-03T20:29:50.149+0000] {standard_task_runner.py:88} INFO - Job 376: Subtask insert_into_table
[2025-06-03T20:29:50.253+0000] {task_command.py:423} INFO - Running <TaskInstance: dag_with_postgres_operator_v01.insert_into_table scheduled__2025-06-01T00:00:00+00:00 [running]> on host 4bea2aab752f
[2025-06-03T20:29:50.379+0000] {taskinstance.py:2480} INFO - Exporting env vars: AIRFLOW_CTX_DAG_OWNER='coder2j' AIRFLOW_CTX_DAG_ID='dag_with_postgres_operator_v01' AIRFLOW_CTX_TASK_ID='insert_into_table' AIRFLOW_CTX_EXECUTION_DATE='2025-06-01T00:00:00+00:00' AIRFLOW_CTX_TRY_NUMBER='1' AIRFLOW_CTX_DAG_RUN_ID='scheduled__2025-06-01T00:00:00+00:00'
[2025-06-03T20:29:50.385+0000] {sql.py:276} INFO - Executing: 
            insert into dag_runs (dt, dag_id) values ('2025-06-01', 'dag_with_postgres_operator_v01')
        
[2025-06-03T20:29:50.398+0000] {base.py:83} INFO - Using connection ID 'postgres_localhost' for task execution.
[2025-06-03T20:29:50.411+0000] {base.py:83} INFO - Using connection ID 'postgres_localhost' for task execution.
[2025-06-03T20:29:50.458+0000] {sql.py:450} INFO - Running statement: 
            insert into dag_runs (dt, dag_id) values ('2025-06-01', 'dag_with_postgres_operator_v01')
        , parameters: None
[2025-06-03T20:29:50.471+0000] {sql.py:459} INFO - Rows affected: 1
[2025-06-03T20:29:50.504+0000] {taskinstance.py:1138} INFO - Marking task as SUCCESS. dag_id=dag_with_postgres_operator_v01, task_id=insert_into_table, execution_date=20250601T000000, start_date=20250603T202950, end_date=20250603T202950
[2025-06-03T20:29:50.561+0000] {local_task_job_runner.py:234} INFO - Task exited with return code 0
[2025-06-03T20:29:50.585+0000] {taskinstance.py:3280} INFO - 0 downstream tasks scheduled from follow-on schedule check
[2025-06-05T16:04:20.905+0000] {taskinstance.py:1956} INFO - Dependencies all met for dep_context=non-requeueable deps ti=<TaskInstance: dag_with_postgres_operator_v01.insert_into_table scheduled__2025-06-01T00:00:00+00:00 [queued]>
[2025-06-05T16:04:20.920+0000] {taskinstance.py:1956} INFO - Dependencies all met for dep_context=requeueable deps ti=<TaskInstance: dag_with_postgres_operator_v01.insert_into_table scheduled__2025-06-01T00:00:00+00:00 [queued]>
[2025-06-05T16:04:20.921+0000] {taskinstance.py:2170} INFO - Starting attempt 1 of 6
[2025-06-05T16:04:20.949+0000] {taskinstance.py:2191} INFO - Executing <Task(PostgresOperator): insert_into_table> on 2025-06-01 00:00:00+00:00
[2025-06-05T16:04:20.958+0000] {standard_task_runner.py:60} INFO - Started process 51150 to run task
[2025-06-05T16:04:20.967+0000] {standard_task_runner.py:87} INFO - Running: ['***', 'tasks', 'run', 'dag_with_postgres_operator_v01', 'insert_into_table', 'scheduled__2025-06-01T00:00:00+00:00', '--job-id', '88', '--raw', '--subdir', 'DAGS_FOLDER/postgresql_dag.py', '--cfg-path', '/tmp/tmpre5rtt_2']
[2025-06-05T16:04:20.970+0000] {standard_task_runner.py:88} INFO - Job 88: Subtask insert_into_table
[2025-06-05T16:04:21.095+0000] {task_command.py:423} INFO - Running <TaskInstance: dag_with_postgres_operator_v01.insert_into_table scheduled__2025-06-01T00:00:00+00:00 [running]> on host 14aa2e8b0b7d
[2025-06-05T16:04:21.322+0000] {taskinstance.py:2480} INFO - Exporting env vars: AIRFLOW_CTX_DAG_OWNER='coder2j' AIRFLOW_CTX_DAG_ID='dag_with_postgres_operator_v01' AIRFLOW_CTX_TASK_ID='insert_into_table' AIRFLOW_CTX_EXECUTION_DATE='2025-06-01T00:00:00+00:00' AIRFLOW_CTX_TRY_NUMBER='1' AIRFLOW_CTX_DAG_RUN_ID='scheduled__2025-06-01T00:00:00+00:00'
[2025-06-05T16:04:21.325+0000] {sql.py:276} INFO - Executing: 
            insert into dag_runs (dt, dag_id) values ('2025-06-01', 'dag_with_postgres_operator_v01')
        
[2025-06-05T16:04:21.369+0000] {base.py:83} INFO - Using connection ID 'postgres_localhost' for task execution.
[2025-06-05T16:04:21.405+0000] {base.py:83} INFO - Using connection ID 'postgres_localhost' for task execution.
[2025-06-05T16:04:21.475+0000] {sql.py:450} INFO - Running statement: 
            insert into dag_runs (dt, dag_id) values ('2025-06-01', 'dag_with_postgres_operator_v01')
        , parameters: None
[2025-06-05T16:04:21.492+0000] {sql.py:459} INFO - Rows affected: 1
[2025-06-05T16:04:21.527+0000] {taskinstance.py:1138} INFO - Marking task as SUCCESS. dag_id=dag_with_postgres_operator_v01, task_id=insert_into_table, execution_date=20250601T000000, start_date=20250605T160420, end_date=20250605T160421
[2025-06-05T16:04:21.582+0000] {local_task_job_runner.py:234} INFO - Task exited with return code 0
[2025-06-05T16:04:21.617+0000] {taskinstance.py:3280} INFO - 0 downstream tasks scheduled from follow-on schedule check
