[2025-06-06T19:19:02.957+0000] {taskinstance.py:1956} INFO - Dependencies all met for dep_context=non-requeueable deps ti=<TaskInstance: parallel_dag.get_users manual__2025-06-06T19:19:01.860540+00:00 [queued]>
[2025-06-06T19:19:02.974+0000] {taskinstance.py:1956} INFO - Dependencies all met for dep_context=requeueable deps ti=<TaskInstance: parallel_dag.get_users manual__2025-06-06T19:19:01.860540+00:00 [queued]>
[2025-06-06T19:19:02.976+0000] {taskinstance.py:2170} INFO - Starting attempt 1 of 1
[2025-06-06T19:19:03.001+0000] {taskinstance.py:2191} INFO - Executing <Task(PythonOperator): get_users> on 2025-06-06 19:19:01.860540+00:00
[2025-06-06T19:19:03.015+0000] {standard_task_runner.py:60} INFO - Started process 15663 to run task
[2025-06-06T19:19:03.024+0000] {standard_task_runner.py:87} INFO - Running: ['***', 'tasks', 'run', 'parallel_dag', 'get_users', 'manual__2025-06-06T19:19:01.860540+00:00', '--job-id', '348', '--raw', '--subdir', 'DAGS_FOLDER/parallel_dag.py', '--cfg-path', '/tmp/tmp53d7oi3w']
[2025-06-06T19:19:03.027+0000] {standard_task_runner.py:88} INFO - Job 348: Subtask get_users
[2025-06-06T19:19:03.155+0000] {task_command.py:423} INFO - Running <TaskInstance: parallel_dag.get_users manual__2025-06-06T19:19:01.860540+00:00 [running]> on host f00d934cb96d
[2025-06-06T19:19:03.345+0000] {taskinstance.py:2480} INFO - Exporting env vars: AIRFLOW_CTX_DAG_OWNER='Pavan Kumar Kodavali' AIRFLOW_CTX_DAG_ID='parallel_dag' AIRFLOW_CTX_TASK_ID='get_users' AIRFLOW_CTX_EXECUTION_DATE='2025-06-06T19:19:01.860540+00:00' AIRFLOW_CTX_TRY_NUMBER='1' AIRFLOW_CTX_DAG_RUN_ID='manual__2025-06-06T19:19:01.860540+00:00'
[2025-06-06T19:19:04.331+0000] {taskinstance.py:2698} ERROR - Task failed with exception
Traceback (most recent call last):
  File "/home/airflow/.local/lib/python3.8/site-packages/airflow/models/taskinstance.py", line 433, in _execute_task
    result = execute_callable(context=context, **execute_callable_kwargs)
  File "/home/airflow/.local/lib/python3.8/site-packages/airflow/operators/python.py", line 199, in execute
    return_value = self.execute_callable()
  File "/home/airflow/.local/lib/python3.8/site-packages/airflow/operators/python.py", line 216, in execute_callable
    return self.python_callable(*self.op_args, **self.op_kwargs)
  File "/opt/airflow/dags/parallel_dag.py", line 20, in get
    with open(f"/opt/airflow/output/{endpoint}_{_now}.json", 'w') as f:
FileNotFoundError: [Errno 2] No such file or directory: '/opt/airflow/output/users_2025--6--6--19--19--3.json'
[2025-06-06T19:19:04.360+0000] {taskinstance.py:1138} INFO - Marking task as FAILED. dag_id=parallel_dag, task_id=get_users, execution_date=20250606T191901, start_date=20250606T191902, end_date=20250606T191904
[2025-06-06T19:19:04.388+0000] {standard_task_runner.py:107} ERROR - Failed to execute job 348 for task get_users ([Errno 2] No such file or directory: '/opt/airflow/output/users_2025--6--6--19--19--3.json'; 15663)
[2025-06-06T19:19:04.444+0000] {local_task_job_runner.py:234} INFO - Task exited with return code 1
[2025-06-06T19:19:04.490+0000] {taskinstance.py:3280} INFO - 0 downstream tasks scheduled from follow-on schedule check
