[2025-06-05T15:40:07.631+0000] {taskinstance.py:1956} INFO - Dependencies all met for dep_context=non-requeueable deps ti=<TaskInstance: etl_pipeline_dag.save_datetime scheduled__2025-06-05T15:30:00+00:00 [queued]>
[2025-06-05T15:40:07.643+0000] {taskinstance.py:1956} INFO - Dependencies all met for dep_context=requeueable deps ti=<TaskInstance: etl_pipeline_dag.save_datetime scheduled__2025-06-05T15:30:00+00:00 [queued]>
[2025-06-05T15:40:07.644+0000] {taskinstance.py:2170} INFO - Starting attempt 1 of 4
[2025-06-05T15:40:07.667+0000] {taskinstance.py:2191} INFO - Executing <Task(PythonOperator): save_datetime> on 2025-06-05 15:30:00+00:00
[2025-06-05T15:40:07.676+0000] {standard_task_runner.py:60} INFO - Started process 29792 to run task
[2025-06-05T15:40:07.683+0000] {standard_task_runner.py:87} INFO - Running: ['***', 'tasks', 'run', 'etl_pipeline_dag', 'save_datetime', 'scheduled__2025-06-05T15:30:00+00:00', '--job-id', '63', '--raw', '--subdir', 'DAGS_FOLDER/etl_dag.py', '--cfg-path', '/tmp/tmpulrqyv6r']
[2025-06-05T15:40:07.689+0000] {standard_task_runner.py:88} INFO - Job 63: Subtask save_datetime
[2025-06-05T15:40:07.803+0000] {task_command.py:423} INFO - Running <TaskInstance: etl_pipeline_dag.save_datetime scheduled__2025-06-05T15:30:00+00:00 [running]> on host 14aa2e8b0b7d
[2025-06-05T15:40:08.249+0000] {taskinstance.py:2480} INFO - Exporting env vars: AIRFLOW_CTX_DAG_OWNER='Pavan Kumar Kodavali' AIRFLOW_CTX_DAG_ID='etl_pipeline_dag' AIRFLOW_CTX_TASK_ID='save_datetime' AIRFLOW_CTX_EXECUTION_DATE='2025-06-05T15:30:00+00:00' AIRFLOW_CTX_TRY_NUMBER='1' AIRFLOW_CTX_DAG_RUN_ID='scheduled__2025-06-05T15:30:00+00:00'
[2025-06-05T15:40:08.266+0000] {taskinstance.py:2698} ERROR - Task failed with exception
Traceback (most recent call last):
  File "/home/airflow/.local/lib/python3.8/site-packages/airflow/models/taskinstance.py", line 433, in _execute_task
    result = execute_callable(context=context, **execute_callable_kwargs)
  File "/home/airflow/.local/lib/python3.8/site-packages/airflow/operators/python.py", line 199, in execute
    return_value = self.execute_callable()
  File "/home/airflow/.local/lib/python3.8/site-packages/airflow/operators/python.py", line 216, in execute_callable
    return self.python_callable(*self.op_args, **self.op_kwargs)
  File "/opt/airflow/dags/etl_dag.py", line 38, in save_datetime
    dag_status = dag_run.get_status() if dag_run else 'unkwon'
AttributeError: 'DagRun' object has no attribute 'get_status'
[2025-06-05T15:40:08.282+0000] {taskinstance.py:1138} INFO - Marking task as UP_FOR_RETRY. dag_id=etl_pipeline_dag, task_id=save_datetime, execution_date=20250605T153000, start_date=20250605T154007, end_date=20250605T154008
[2025-06-05T15:40:08.296+0000] {standard_task_runner.py:107} ERROR - Failed to execute job 63 for task save_datetime ('DagRun' object has no attribute 'get_status'; 29792)
[2025-06-05T15:40:08.342+0000] {local_task_job_runner.py:234} INFO - Task exited with return code 1
[2025-06-05T15:40:08.367+0000] {taskinstance.py:3280} INFO - 0 downstream tasks scheduled from follow-on schedule check
