[2025-06-06T13:51:47.503+0000] {processor.py:161} INFO - Started process (PID=8652) to work on /opt/airflow/dags/bash_operator_dag.py
[2025-06-06T13:51:47.515+0000] {processor.py:830} INFO - Processing file /opt/airflow/dags/bash_operator_dag.py for tasks to queue
[2025-06-06T13:51:47.560+0000] {logging_mixin.py:188} INFO - [2025-06-06T13:51:47.559+0000] {dagbag.py:538} INFO - Filling up the DagBag from /opt/airflow/dags/bash_operator_dag.py
[2025-06-06T13:51:47.663+0000] {processor.py:840} INFO - DAG(s) 'our_first_dag_v2' retrieved from /opt/airflow/dags/bash_operator_dag.py
[2025-06-06T13:51:47.756+0000] {logging_mixin.py:188} INFO - [2025-06-06T13:51:47.755+0000] {dag.py:3036} INFO - Sync 1 DAGs
[2025-06-06T13:51:47.833+0000] {logging_mixin.py:188} INFO - [2025-06-06T13:51:47.831+0000] {dag.py:3823} INFO - Setting next_dagrun for our_first_dag_v2 to 2025-05-16 00:00:00+00:00, run_after=2025-05-17 00:00:00+00:00
[2025-06-06T13:51:47.894+0000] {processor.py:183} INFO - Processing /opt/airflow/dags/bash_operator_dag.py took 0.399 seconds
[2025-06-06T14:26:52.731+0000] {processor.py:161} INFO - Started process (PID=8675) to work on /opt/airflow/dags/bash_operator_dag.py
[2025-06-06T14:26:52.761+0000] {processor.py:830} INFO - Processing file /opt/airflow/dags/bash_operator_dag.py for tasks to queue
[2025-06-06T14:26:52.771+0000] {logging_mixin.py:188} INFO - [2025-06-06T14:26:52.769+0000] {dagbag.py:538} INFO - Filling up the DagBag from /opt/airflow/dags/bash_operator_dag.py
[2025-06-06T14:26:52.887+0000] {processor.py:840} INFO - DAG(s) 'our_first_dag_v2' retrieved from /opt/airflow/dags/bash_operator_dag.py
[2025-06-06T14:26:53.078+0000] {logging_mixin.py:188} INFO - [2025-06-06T14:26:53.077+0000] {dag.py:3036} INFO - Sync 1 DAGs
[2025-06-06T14:26:53.204+0000] {logging_mixin.py:188} INFO - [2025-06-06T14:26:53.203+0000] {dag.py:3823} INFO - Setting next_dagrun for our_first_dag_v2 to 2025-05-16 00:00:00+00:00, run_after=2025-05-17 00:00:00+00:00
[2025-06-06T14:26:53.327+0000] {processor.py:183} INFO - Processing /opt/airflow/dags/bash_operator_dag.py took 0.623 seconds
[2025-06-06T14:27:23.658+0000] {processor.py:161} INFO - Started process (PID=8698) to work on /opt/airflow/dags/bash_operator_dag.py
[2025-06-06T14:27:23.660+0000] {processor.py:830} INFO - Processing file /opt/airflow/dags/bash_operator_dag.py for tasks to queue
[2025-06-06T14:27:23.662+0000] {logging_mixin.py:188} INFO - [2025-06-06T14:27:23.662+0000] {dagbag.py:538} INFO - Filling up the DagBag from /opt/airflow/dags/bash_operator_dag.py
[2025-06-06T14:27:23.694+0000] {processor.py:840} INFO - DAG(s) 'our_first_dag_v2' retrieved from /opt/airflow/dags/bash_operator_dag.py
[2025-06-06T14:27:23.726+0000] {logging_mixin.py:188} INFO - [2025-06-06T14:27:23.726+0000] {dag.py:3036} INFO - Sync 1 DAGs
[2025-06-06T14:27:23.749+0000] {logging_mixin.py:188} INFO - [2025-06-06T14:27:23.749+0000] {dag.py:3823} INFO - Setting next_dagrun for our_first_dag_v2 to 2025-05-16 00:00:00+00:00, run_after=2025-05-17 00:00:00+00:00
[2025-06-06T14:27:23.783+0000] {processor.py:183} INFO - Processing /opt/airflow/dags/bash_operator_dag.py took 0.134 seconds
[2025-06-06T14:27:54.173+0000] {processor.py:161} INFO - Started process (PID=8721) to work on /opt/airflow/dags/bash_operator_dag.py
[2025-06-06T14:27:54.175+0000] {processor.py:830} INFO - Processing file /opt/airflow/dags/bash_operator_dag.py for tasks to queue
[2025-06-06T14:27:54.179+0000] {logging_mixin.py:188} INFO - [2025-06-06T14:27:54.178+0000] {dagbag.py:538} INFO - Filling up the DagBag from /opt/airflow/dags/bash_operator_dag.py
[2025-06-06T14:27:54.233+0000] {processor.py:840} INFO - DAG(s) 'our_first_dag_v2' retrieved from /opt/airflow/dags/bash_operator_dag.py
[2025-06-06T14:27:54.270+0000] {logging_mixin.py:188} INFO - [2025-06-06T14:27:54.270+0000] {dag.py:3036} INFO - Sync 1 DAGs
[2025-06-06T14:27:54.297+0000] {logging_mixin.py:188} INFO - [2025-06-06T14:27:54.297+0000] {dag.py:3823} INFO - Setting next_dagrun for our_first_dag_v2 to 2025-05-16 00:00:00+00:00, run_after=2025-05-17 00:00:00+00:00
[2025-06-06T14:27:54.388+0000] {processor.py:183} INFO - Processing /opt/airflow/dags/bash_operator_dag.py took 0.225 seconds
[2025-06-06T14:28:26.543+0000] {processor.py:161} INFO - Started process (PID=8744) to work on /opt/airflow/dags/bash_operator_dag.py
[2025-06-06T14:28:26.571+0000] {processor.py:830} INFO - Processing file /opt/airflow/dags/bash_operator_dag.py for tasks to queue
[2025-06-06T14:28:26.585+0000] {logging_mixin.py:188} INFO - [2025-06-06T14:28:26.576+0000] {dagbag.py:538} INFO - Filling up the DagBag from /opt/airflow/dags/bash_operator_dag.py
[2025-06-06T14:28:26.698+0000] {processor.py:840} INFO - DAG(s) 'our_first_dag_v2' retrieved from /opt/airflow/dags/bash_operator_dag.py
[2025-06-06T14:28:26.803+0000] {logging_mixin.py:188} INFO - [2025-06-06T14:28:26.802+0000] {dag.py:3036} INFO - Sync 1 DAGs
[2025-06-06T14:28:26.897+0000] {logging_mixin.py:188} INFO - [2025-06-06T14:28:26.896+0000] {dag.py:3823} INFO - Setting next_dagrun for our_first_dag_v2 to 2025-05-16 00:00:00+00:00, run_after=2025-05-17 00:00:00+00:00
[2025-06-06T14:28:27.007+0000] {processor.py:183} INFO - Processing /opt/airflow/dags/bash_operator_dag.py took 0.490 seconds
[2025-06-06T14:29:00.410+0000] {processor.py:161} INFO - Started process (PID=8768) to work on /opt/airflow/dags/bash_operator_dag.py
[2025-06-06T14:29:00.414+0000] {processor.py:830} INFO - Processing file /opt/airflow/dags/bash_operator_dag.py for tasks to queue
[2025-06-06T14:29:00.417+0000] {logging_mixin.py:188} INFO - [2025-06-06T14:29:00.416+0000] {dagbag.py:538} INFO - Filling up the DagBag from /opt/airflow/dags/bash_operator_dag.py
[2025-06-06T14:29:00.502+0000] {processor.py:840} INFO - DAG(s) 'our_first_dag_v2' retrieved from /opt/airflow/dags/bash_operator_dag.py
[2025-06-06T14:29:00.652+0000] {logging_mixin.py:188} INFO - [2025-06-06T14:29:00.651+0000] {dag.py:3036} INFO - Sync 1 DAGs
[2025-06-06T14:29:00.776+0000] {logging_mixin.py:188} INFO - [2025-06-06T14:29:00.775+0000] {dag.py:3823} INFO - Setting next_dagrun for our_first_dag_v2 to 2025-05-16 00:00:00+00:00, run_after=2025-05-17 00:00:00+00:00
[2025-06-06T14:29:00.864+0000] {processor.py:183} INFO - Processing /opt/airflow/dags/bash_operator_dag.py took 0.461 seconds
[2025-06-06T14:29:32.132+0000] {processor.py:161} INFO - Started process (PID=8791) to work on /opt/airflow/dags/bash_operator_dag.py
[2025-06-06T14:29:32.137+0000] {processor.py:830} INFO - Processing file /opt/airflow/dags/bash_operator_dag.py for tasks to queue
[2025-06-06T14:29:32.147+0000] {logging_mixin.py:188} INFO - [2025-06-06T14:29:32.146+0000] {dagbag.py:538} INFO - Filling up the DagBag from /opt/airflow/dags/bash_operator_dag.py
[2025-06-06T14:29:32.264+0000] {processor.py:840} INFO - DAG(s) 'our_first_dag_v2' retrieved from /opt/airflow/dags/bash_operator_dag.py
[2025-06-06T14:29:32.361+0000] {logging_mixin.py:188} INFO - [2025-06-06T14:29:32.360+0000] {dag.py:3036} INFO - Sync 1 DAGs
[2025-06-06T14:29:32.477+0000] {logging_mixin.py:188} INFO - [2025-06-06T14:29:32.476+0000] {dag.py:3823} INFO - Setting next_dagrun for our_first_dag_v2 to 2025-05-16 00:00:00+00:00, run_after=2025-05-17 00:00:00+00:00
[2025-06-06T14:29:32.565+0000] {processor.py:183} INFO - Processing /opt/airflow/dags/bash_operator_dag.py took 0.454 seconds
[2025-06-06T14:30:08.843+0000] {processor.py:161} INFO - Started process (PID=8814) to work on /opt/airflow/dags/bash_operator_dag.py
[2025-06-06T14:30:08.855+0000] {processor.py:830} INFO - Processing file /opt/airflow/dags/bash_operator_dag.py for tasks to queue
[2025-06-06T14:30:08.871+0000] {logging_mixin.py:188} INFO - [2025-06-06T14:30:08.859+0000] {dagbag.py:538} INFO - Filling up the DagBag from /opt/airflow/dags/bash_operator_dag.py
[2025-06-06T14:30:09.062+0000] {processor.py:840} INFO - DAG(s) 'our_first_dag_v2' retrieved from /opt/airflow/dags/bash_operator_dag.py
[2025-06-06T14:30:09.213+0000] {logging_mixin.py:188} INFO - [2025-06-06T14:30:09.212+0000] {dag.py:3036} INFO - Sync 1 DAGs
[2025-06-06T14:30:09.409+0000] {logging_mixin.py:188} INFO - [2025-06-06T14:30:09.407+0000] {dag.py:3823} INFO - Setting next_dagrun for our_first_dag_v2 to 2025-05-16 00:00:00+00:00, run_after=2025-05-17 00:00:00+00:00
[2025-06-06T14:30:09.577+0000] {processor.py:183} INFO - Processing /opt/airflow/dags/bash_operator_dag.py took 0.769 seconds
[2025-06-06T14:30:40.039+0000] {processor.py:161} INFO - Started process (PID=8837) to work on /opt/airflow/dags/bash_operator_dag.py
[2025-06-06T14:30:40.042+0000] {processor.py:830} INFO - Processing file /opt/airflow/dags/bash_operator_dag.py for tasks to queue
[2025-06-06T14:30:40.046+0000] {logging_mixin.py:188} INFO - [2025-06-06T14:30:40.045+0000] {dagbag.py:538} INFO - Filling up the DagBag from /opt/airflow/dags/bash_operator_dag.py
[2025-06-06T14:30:40.121+0000] {processor.py:840} INFO - DAG(s) 'our_first_dag_v2' retrieved from /opt/airflow/dags/bash_operator_dag.py
[2025-06-06T14:30:40.186+0000] {logging_mixin.py:188} INFO - [2025-06-06T14:30:40.185+0000] {dag.py:3036} INFO - Sync 1 DAGs
[2025-06-06T14:30:40.237+0000] {logging_mixin.py:188} INFO - [2025-06-06T14:30:40.236+0000] {dag.py:3823} INFO - Setting next_dagrun for our_first_dag_v2 to 2025-05-16 00:00:00+00:00, run_after=2025-05-17 00:00:00+00:00
[2025-06-06T14:30:40.274+0000] {processor.py:183} INFO - Processing /opt/airflow/dags/bash_operator_dag.py took 0.245 seconds
[2025-06-06T14:31:11.451+0000] {processor.py:161} INFO - Started process (PID=8860) to work on /opt/airflow/dags/bash_operator_dag.py
[2025-06-06T14:31:11.460+0000] {processor.py:830} INFO - Processing file /opt/airflow/dags/bash_operator_dag.py for tasks to queue
[2025-06-06T14:31:11.465+0000] {logging_mixin.py:188} INFO - [2025-06-06T14:31:11.464+0000] {dagbag.py:538} INFO - Filling up the DagBag from /opt/airflow/dags/bash_operator_dag.py
[2025-06-06T14:31:11.541+0000] {processor.py:840} INFO - DAG(s) 'our_first_dag_v2' retrieved from /opt/airflow/dags/bash_operator_dag.py
[2025-06-06T14:31:11.626+0000] {logging_mixin.py:188} INFO - [2025-06-06T14:31:11.626+0000] {dag.py:3036} INFO - Sync 1 DAGs
[2025-06-06T14:31:11.689+0000] {logging_mixin.py:188} INFO - [2025-06-06T14:31:11.688+0000] {dag.py:3823} INFO - Setting next_dagrun for our_first_dag_v2 to 2025-05-16 00:00:00+00:00, run_after=2025-05-17 00:00:00+00:00
[2025-06-06T14:31:11.782+0000] {processor.py:183} INFO - Processing /opt/airflow/dags/bash_operator_dag.py took 0.351 seconds
[2025-06-06T14:31:42.328+0000] {processor.py:161} INFO - Started process (PID=8883) to work on /opt/airflow/dags/bash_operator_dag.py
[2025-06-06T14:31:42.334+0000] {processor.py:830} INFO - Processing file /opt/airflow/dags/bash_operator_dag.py for tasks to queue
[2025-06-06T14:31:42.338+0000] {logging_mixin.py:188} INFO - [2025-06-06T14:31:42.337+0000] {dagbag.py:538} INFO - Filling up the DagBag from /opt/airflow/dags/bash_operator_dag.py
[2025-06-06T14:31:42.450+0000] {processor.py:840} INFO - DAG(s) 'our_first_dag_v2' retrieved from /opt/airflow/dags/bash_operator_dag.py
[2025-06-06T14:31:42.518+0000] {logging_mixin.py:188} INFO - [2025-06-06T14:31:42.518+0000] {dag.py:3036} INFO - Sync 1 DAGs
[2025-06-06T14:31:42.618+0000] {logging_mixin.py:188} INFO - [2025-06-06T14:31:42.617+0000] {dag.py:3823} INFO - Setting next_dagrun for our_first_dag_v2 to 2025-05-16 00:00:00+00:00, run_after=2025-05-17 00:00:00+00:00
[2025-06-06T14:31:42.723+0000] {processor.py:183} INFO - Processing /opt/airflow/dags/bash_operator_dag.py took 0.402 seconds
[2025-06-06T14:32:13.250+0000] {processor.py:161} INFO - Started process (PID=8906) to work on /opt/airflow/dags/bash_operator_dag.py
[2025-06-06T14:32:13.252+0000] {processor.py:830} INFO - Processing file /opt/airflow/dags/bash_operator_dag.py for tasks to queue
[2025-06-06T14:32:13.254+0000] {logging_mixin.py:188} INFO - [2025-06-06T14:32:13.254+0000] {dagbag.py:538} INFO - Filling up the DagBag from /opt/airflow/dags/bash_operator_dag.py
[2025-06-06T14:32:13.322+0000] {processor.py:840} INFO - DAG(s) 'our_first_dag_v2' retrieved from /opt/airflow/dags/bash_operator_dag.py
[2025-06-06T14:32:13.443+0000] {logging_mixin.py:188} INFO - [2025-06-06T14:32:13.442+0000] {dag.py:3036} INFO - Sync 1 DAGs
[2025-06-06T14:32:13.513+0000] {logging_mixin.py:188} INFO - [2025-06-06T14:32:13.512+0000] {dag.py:3823} INFO - Setting next_dagrun for our_first_dag_v2 to 2025-05-16 00:00:00+00:00, run_after=2025-05-17 00:00:00+00:00
[2025-06-06T14:32:13.573+0000] {processor.py:183} INFO - Processing /opt/airflow/dags/bash_operator_dag.py took 0.329 seconds
[2025-06-06T14:32:44.127+0000] {processor.py:161} INFO - Started process (PID=8935) to work on /opt/airflow/dags/bash_operator_dag.py
[2025-06-06T14:32:44.133+0000] {processor.py:830} INFO - Processing file /opt/airflow/dags/bash_operator_dag.py for tasks to queue
[2025-06-06T14:32:44.135+0000] {logging_mixin.py:188} INFO - [2025-06-06T14:32:44.135+0000] {dagbag.py:538} INFO - Filling up the DagBag from /opt/airflow/dags/bash_operator_dag.py
[2025-06-06T14:32:44.267+0000] {processor.py:840} INFO - DAG(s) 'our_first_dag_v2' retrieved from /opt/airflow/dags/bash_operator_dag.py
[2025-06-06T14:32:44.393+0000] {logging_mixin.py:188} INFO - [2025-06-06T14:32:44.392+0000] {dag.py:3036} INFO - Sync 1 DAGs
[2025-06-06T14:32:44.454+0000] {logging_mixin.py:188} INFO - [2025-06-06T14:32:44.453+0000] {dag.py:3823} INFO - Setting next_dagrun for our_first_dag_v2 to 2025-05-16 00:00:00+00:00, run_after=2025-05-17 00:00:00+00:00
[2025-06-06T14:32:44.527+0000] {processor.py:183} INFO - Processing /opt/airflow/dags/bash_operator_dag.py took 0.412 seconds
[2025-06-06T14:33:15.345+0000] {processor.py:161} INFO - Started process (PID=8959) to work on /opt/airflow/dags/bash_operator_dag.py
[2025-06-06T14:33:15.352+0000] {processor.py:830} INFO - Processing file /opt/airflow/dags/bash_operator_dag.py for tasks to queue
[2025-06-06T14:33:15.357+0000] {logging_mixin.py:188} INFO - [2025-06-06T14:33:15.356+0000] {dagbag.py:538} INFO - Filling up the DagBag from /opt/airflow/dags/bash_operator_dag.py
[2025-06-06T14:33:15.438+0000] {processor.py:840} INFO - DAG(s) 'our_first_dag_v2' retrieved from /opt/airflow/dags/bash_operator_dag.py
[2025-06-06T14:33:15.511+0000] {logging_mixin.py:188} INFO - [2025-06-06T14:33:15.510+0000] {dag.py:3036} INFO - Sync 1 DAGs
[2025-06-06T14:33:15.570+0000] {logging_mixin.py:188} INFO - [2025-06-06T14:33:15.569+0000] {dag.py:3823} INFO - Setting next_dagrun for our_first_dag_v2 to 2025-05-16 00:00:00+00:00, run_after=2025-05-17 00:00:00+00:00
[2025-06-06T14:33:15.620+0000] {processor.py:183} INFO - Processing /opt/airflow/dags/bash_operator_dag.py took 0.293 seconds
[2025-06-06T14:33:47.913+0000] {processor.py:161} INFO - Started process (PID=8982) to work on /opt/airflow/dags/bash_operator_dag.py
[2025-06-06T14:33:47.915+0000] {processor.py:830} INFO - Processing file /opt/airflow/dags/bash_operator_dag.py for tasks to queue
[2025-06-06T14:33:47.919+0000] {logging_mixin.py:188} INFO - [2025-06-06T14:33:47.918+0000] {dagbag.py:538} INFO - Filling up the DagBag from /opt/airflow/dags/bash_operator_dag.py
[2025-06-06T14:33:47.979+0000] {processor.py:840} INFO - DAG(s) 'our_first_dag_v2' retrieved from /opt/airflow/dags/bash_operator_dag.py
[2025-06-06T14:33:48.054+0000] {logging_mixin.py:188} INFO - [2025-06-06T14:33:48.053+0000] {dag.py:3036} INFO - Sync 1 DAGs
[2025-06-06T14:33:48.116+0000] {logging_mixin.py:188} INFO - [2025-06-06T14:33:48.116+0000] {dag.py:3823} INFO - Setting next_dagrun for our_first_dag_v2 to 2025-05-16 00:00:00+00:00, run_after=2025-05-17 00:00:00+00:00
[2025-06-06T14:33:48.170+0000] {processor.py:183} INFO - Processing /opt/airflow/dags/bash_operator_dag.py took 0.267 seconds
[2025-06-06T14:34:18.423+0000] {processor.py:161} INFO - Started process (PID=9005) to work on /opt/airflow/dags/bash_operator_dag.py
[2025-06-06T14:34:18.427+0000] {processor.py:830} INFO - Processing file /opt/airflow/dags/bash_operator_dag.py for tasks to queue
[2025-06-06T14:34:18.430+0000] {logging_mixin.py:188} INFO - [2025-06-06T14:34:18.429+0000] {dagbag.py:538} INFO - Filling up the DagBag from /opt/airflow/dags/bash_operator_dag.py
[2025-06-06T14:34:18.481+0000] {processor.py:840} INFO - DAG(s) 'our_first_dag_v2' retrieved from /opt/airflow/dags/bash_operator_dag.py
[2025-06-06T14:34:18.556+0000] {logging_mixin.py:188} INFO - [2025-06-06T14:34:18.556+0000] {dag.py:3036} INFO - Sync 1 DAGs
[2025-06-06T14:34:18.622+0000] {logging_mixin.py:188} INFO - [2025-06-06T14:34:18.621+0000] {dag.py:3823} INFO - Setting next_dagrun for our_first_dag_v2 to 2025-05-16 00:00:00+00:00, run_after=2025-05-17 00:00:00+00:00
[2025-06-06T14:34:18.681+0000] {processor.py:183} INFO - Processing /opt/airflow/dags/bash_operator_dag.py took 0.263 seconds
[2025-06-06T14:34:49.575+0000] {processor.py:161} INFO - Started process (PID=9028) to work on /opt/airflow/dags/bash_operator_dag.py
[2025-06-06T14:34:49.578+0000] {processor.py:830} INFO - Processing file /opt/airflow/dags/bash_operator_dag.py for tasks to queue
[2025-06-06T14:34:49.580+0000] {logging_mixin.py:188} INFO - [2025-06-06T14:34:49.580+0000] {dagbag.py:538} INFO - Filling up the DagBag from /opt/airflow/dags/bash_operator_dag.py
[2025-06-06T14:34:49.630+0000] {processor.py:840} INFO - DAG(s) 'our_first_dag_v2' retrieved from /opt/airflow/dags/bash_operator_dag.py
[2025-06-06T14:34:49.716+0000] {logging_mixin.py:188} INFO - [2025-06-06T14:34:49.715+0000] {dag.py:3036} INFO - Sync 1 DAGs
[2025-06-06T14:34:49.751+0000] {logging_mixin.py:188} INFO - [2025-06-06T14:34:49.749+0000] {dag.py:3823} INFO - Setting next_dagrun for our_first_dag_v2 to 2025-05-16 00:00:00+00:00, run_after=2025-05-17 00:00:00+00:00
[2025-06-06T14:34:49.808+0000] {processor.py:183} INFO - Processing /opt/airflow/dags/bash_operator_dag.py took 0.239 seconds
[2025-06-06T14:35:20.634+0000] {processor.py:161} INFO - Started process (PID=9052) to work on /opt/airflow/dags/bash_operator_dag.py
[2025-06-06T14:35:20.636+0000] {processor.py:830} INFO - Processing file /opt/airflow/dags/bash_operator_dag.py for tasks to queue
[2025-06-06T14:35:20.640+0000] {logging_mixin.py:188} INFO - [2025-06-06T14:35:20.639+0000] {dagbag.py:538} INFO - Filling up the DagBag from /opt/airflow/dags/bash_operator_dag.py
[2025-06-06T14:35:20.702+0000] {processor.py:840} INFO - DAG(s) 'our_first_dag_v2' retrieved from /opt/airflow/dags/bash_operator_dag.py
[2025-06-06T14:35:20.768+0000] {logging_mixin.py:188} INFO - [2025-06-06T14:35:20.768+0000] {dag.py:3036} INFO - Sync 1 DAGs
[2025-06-06T14:35:20.813+0000] {logging_mixin.py:188} INFO - [2025-06-06T14:35:20.812+0000] {dag.py:3823} INFO - Setting next_dagrun for our_first_dag_v2 to 2025-05-16 00:00:00+00:00, run_after=2025-05-17 00:00:00+00:00
[2025-06-06T14:35:20.854+0000] {processor.py:183} INFO - Processing /opt/airflow/dags/bash_operator_dag.py took 0.225 seconds
[2025-06-06T14:35:52.425+0000] {processor.py:161} INFO - Started process (PID=9075) to work on /opt/airflow/dags/bash_operator_dag.py
[2025-06-06T14:35:52.427+0000] {processor.py:830} INFO - Processing file /opt/airflow/dags/bash_operator_dag.py for tasks to queue
[2025-06-06T14:35:52.430+0000] {logging_mixin.py:188} INFO - [2025-06-06T14:35:52.429+0000] {dagbag.py:538} INFO - Filling up the DagBag from /opt/airflow/dags/bash_operator_dag.py
[2025-06-06T14:35:52.471+0000] {processor.py:840} INFO - DAG(s) 'our_first_dag_v2' retrieved from /opt/airflow/dags/bash_operator_dag.py
[2025-06-06T14:35:52.579+0000] {logging_mixin.py:188} INFO - [2025-06-06T14:35:52.579+0000] {dag.py:3036} INFO - Sync 1 DAGs
[2025-06-06T14:35:52.623+0000] {logging_mixin.py:188} INFO - [2025-06-06T14:35:52.622+0000] {dag.py:3823} INFO - Setting next_dagrun for our_first_dag_v2 to 2025-05-16 00:00:00+00:00, run_after=2025-05-17 00:00:00+00:00
[2025-06-06T14:35:52.691+0000] {processor.py:183} INFO - Processing /opt/airflow/dags/bash_operator_dag.py took 0.271 seconds
[2025-06-06T14:36:24.409+0000] {processor.py:161} INFO - Started process (PID=9099) to work on /opt/airflow/dags/bash_operator_dag.py
[2025-06-06T14:36:24.413+0000] {processor.py:830} INFO - Processing file /opt/airflow/dags/bash_operator_dag.py for tasks to queue
[2025-06-06T14:36:24.415+0000] {logging_mixin.py:188} INFO - [2025-06-06T14:36:24.415+0000] {dagbag.py:538} INFO - Filling up the DagBag from /opt/airflow/dags/bash_operator_dag.py
[2025-06-06T14:36:24.504+0000] {processor.py:840} INFO - DAG(s) 'our_first_dag_v2' retrieved from /opt/airflow/dags/bash_operator_dag.py
[2025-06-06T14:36:24.576+0000] {logging_mixin.py:188} INFO - [2025-06-06T14:36:24.576+0000] {dag.py:3036} INFO - Sync 1 DAGs
[2025-06-06T14:36:24.643+0000] {logging_mixin.py:188} INFO - [2025-06-06T14:36:24.643+0000] {dag.py:3823} INFO - Setting next_dagrun for our_first_dag_v2 to 2025-05-16 00:00:00+00:00, run_after=2025-05-17 00:00:00+00:00
[2025-06-06T14:36:24.726+0000] {processor.py:183} INFO - Processing /opt/airflow/dags/bash_operator_dag.py took 0.326 seconds
[2025-06-06T14:36:55.639+0000] {processor.py:161} INFO - Started process (PID=9122) to work on /opt/airflow/dags/bash_operator_dag.py
[2025-06-06T14:36:55.642+0000] {processor.py:830} INFO - Processing file /opt/airflow/dags/bash_operator_dag.py for tasks to queue
[2025-06-06T14:36:55.647+0000] {logging_mixin.py:188} INFO - [2025-06-06T14:36:55.646+0000] {dagbag.py:538} INFO - Filling up the DagBag from /opt/airflow/dags/bash_operator_dag.py
[2025-06-06T14:36:55.797+0000] {processor.py:840} INFO - DAG(s) 'our_first_dag_v2' retrieved from /opt/airflow/dags/bash_operator_dag.py
[2025-06-06T14:36:55.923+0000] {logging_mixin.py:188} INFO - [2025-06-06T14:36:55.921+0000] {dag.py:3036} INFO - Sync 1 DAGs
[2025-06-06T14:36:56.034+0000] {logging_mixin.py:188} INFO - [2025-06-06T14:36:56.033+0000] {dag.py:3823} INFO - Setting next_dagrun for our_first_dag_v2 to 2025-05-16 00:00:00+00:00, run_after=2025-05-17 00:00:00+00:00
[2025-06-06T14:36:56.137+0000] {processor.py:183} INFO - Processing /opt/airflow/dags/bash_operator_dag.py took 0.505 seconds
[2025-06-06T14:37:26.799+0000] {processor.py:161} INFO - Started process (PID=9145) to work on /opt/airflow/dags/bash_operator_dag.py
[2025-06-06T14:37:26.801+0000] {processor.py:830} INFO - Processing file /opt/airflow/dags/bash_operator_dag.py for tasks to queue
[2025-06-06T14:37:26.804+0000] {logging_mixin.py:188} INFO - [2025-06-06T14:37:26.803+0000] {dagbag.py:538} INFO - Filling up the DagBag from /opt/airflow/dags/bash_operator_dag.py
[2025-06-06T14:37:26.845+0000] {processor.py:840} INFO - DAG(s) 'our_first_dag_v2' retrieved from /opt/airflow/dags/bash_operator_dag.py
[2025-06-06T14:37:26.922+0000] {logging_mixin.py:188} INFO - [2025-06-06T14:37:26.921+0000] {dag.py:3036} INFO - Sync 1 DAGs
[2025-06-06T14:37:26.978+0000] {logging_mixin.py:188} INFO - [2025-06-06T14:37:26.978+0000] {dag.py:3823} INFO - Setting next_dagrun for our_first_dag_v2 to 2025-05-16 00:00:00+00:00, run_after=2025-05-17 00:00:00+00:00
[2025-06-06T14:37:27.051+0000] {processor.py:183} INFO - Processing /opt/airflow/dags/bash_operator_dag.py took 0.257 seconds
[2025-06-06T14:37:58.729+0000] {processor.py:161} INFO - Started process (PID=9168) to work on /opt/airflow/dags/bash_operator_dag.py
[2025-06-06T14:37:58.732+0000] {processor.py:830} INFO - Processing file /opt/airflow/dags/bash_operator_dag.py for tasks to queue
[2025-06-06T14:37:58.736+0000] {logging_mixin.py:188} INFO - [2025-06-06T14:37:58.735+0000] {dagbag.py:538} INFO - Filling up the DagBag from /opt/airflow/dags/bash_operator_dag.py
[2025-06-06T14:37:58.837+0000] {processor.py:840} INFO - DAG(s) 'our_first_dag_v2' retrieved from /opt/airflow/dags/bash_operator_dag.py
[2025-06-06T14:37:58.904+0000] {logging_mixin.py:188} INFO - [2025-06-06T14:37:58.904+0000] {dag.py:3036} INFO - Sync 1 DAGs
[2025-06-06T14:37:58.965+0000] {logging_mixin.py:188} INFO - [2025-06-06T14:37:58.965+0000] {dag.py:3823} INFO - Setting next_dagrun for our_first_dag_v2 to 2025-05-16 00:00:00+00:00, run_after=2025-05-17 00:00:00+00:00
[2025-06-06T14:37:59.022+0000] {processor.py:183} INFO - Processing /opt/airflow/dags/bash_operator_dag.py took 0.298 seconds
[2025-06-06T14:38:29.899+0000] {processor.py:161} INFO - Started process (PID=9191) to work on /opt/airflow/dags/bash_operator_dag.py
[2025-06-06T14:38:29.901+0000] {processor.py:830} INFO - Processing file /opt/airflow/dags/bash_operator_dag.py for tasks to queue
[2025-06-06T14:38:29.905+0000] {logging_mixin.py:188} INFO - [2025-06-06T14:38:29.904+0000] {dagbag.py:538} INFO - Filling up the DagBag from /opt/airflow/dags/bash_operator_dag.py
[2025-06-06T14:38:30.038+0000] {processor.py:840} INFO - DAG(s) 'our_first_dag_v2' retrieved from /opt/airflow/dags/bash_operator_dag.py
[2025-06-06T14:38:30.124+0000] {logging_mixin.py:188} INFO - [2025-06-06T14:38:30.123+0000] {dag.py:3036} INFO - Sync 1 DAGs
[2025-06-06T14:38:30.187+0000] {logging_mixin.py:188} INFO - [2025-06-06T14:38:30.187+0000] {dag.py:3823} INFO - Setting next_dagrun for our_first_dag_v2 to 2025-05-16 00:00:00+00:00, run_after=2025-05-17 00:00:00+00:00
[2025-06-06T14:38:30.276+0000] {processor.py:183} INFO - Processing /opt/airflow/dags/bash_operator_dag.py took 0.384 seconds
[2025-06-06T14:39:00.652+0000] {processor.py:161} INFO - Started process (PID=9214) to work on /opt/airflow/dags/bash_operator_dag.py
[2025-06-06T14:39:00.655+0000] {processor.py:830} INFO - Processing file /opt/airflow/dags/bash_operator_dag.py for tasks to queue
[2025-06-06T14:39:00.658+0000] {logging_mixin.py:188} INFO - [2025-06-06T14:39:00.657+0000] {dagbag.py:538} INFO - Filling up the DagBag from /opt/airflow/dags/bash_operator_dag.py
[2025-06-06T14:39:00.722+0000] {processor.py:840} INFO - DAG(s) 'our_first_dag_v2' retrieved from /opt/airflow/dags/bash_operator_dag.py
[2025-06-06T14:39:00.806+0000] {logging_mixin.py:188} INFO - [2025-06-06T14:39:00.805+0000] {dag.py:3036} INFO - Sync 1 DAGs
[2025-06-06T14:39:00.863+0000] {logging_mixin.py:188} INFO - [2025-06-06T14:39:00.862+0000] {dag.py:3823} INFO - Setting next_dagrun for our_first_dag_v2 to 2025-05-16 00:00:00+00:00, run_after=2025-05-17 00:00:00+00:00
[2025-06-06T14:39:00.929+0000] {processor.py:183} INFO - Processing /opt/airflow/dags/bash_operator_dag.py took 0.282 seconds
[2025-06-06T14:39:31.653+0000] {processor.py:161} INFO - Started process (PID=9236) to work on /opt/airflow/dags/bash_operator_dag.py
[2025-06-06T14:39:31.658+0000] {processor.py:830} INFO - Processing file /opt/airflow/dags/bash_operator_dag.py for tasks to queue
[2025-06-06T14:39:31.664+0000] {logging_mixin.py:188} INFO - [2025-06-06T14:39:31.662+0000] {dagbag.py:538} INFO - Filling up the DagBag from /opt/airflow/dags/bash_operator_dag.py
[2025-06-06T14:39:31.772+0000] {processor.py:840} INFO - DAG(s) 'our_first_dag_v2' retrieved from /opt/airflow/dags/bash_operator_dag.py
[2025-06-06T14:39:31.912+0000] {logging_mixin.py:188} INFO - [2025-06-06T14:39:31.912+0000] {dag.py:3036} INFO - Sync 1 DAGs
[2025-06-06T14:39:31.959+0000] {logging_mixin.py:188} INFO - [2025-06-06T14:39:31.959+0000] {dag.py:3823} INFO - Setting next_dagrun for our_first_dag_v2 to 2025-05-16 00:00:00+00:00, run_after=2025-05-17 00:00:00+00:00
[2025-06-06T14:39:32.020+0000] {processor.py:183} INFO - Processing /opt/airflow/dags/bash_operator_dag.py took 0.377 seconds
[2025-06-06T14:40:02.784+0000] {processor.py:161} INFO - Started process (PID=9257) to work on /opt/airflow/dags/bash_operator_dag.py
[2025-06-06T14:40:02.789+0000] {processor.py:830} INFO - Processing file /opt/airflow/dags/bash_operator_dag.py for tasks to queue
[2025-06-06T14:40:02.794+0000] {logging_mixin.py:188} INFO - [2025-06-06T14:40:02.793+0000] {dagbag.py:538} INFO - Filling up the DagBag from /opt/airflow/dags/bash_operator_dag.py
[2025-06-06T14:40:02.921+0000] {processor.py:840} INFO - DAG(s) 'our_first_dag_v2' retrieved from /opt/airflow/dags/bash_operator_dag.py
[2025-06-06T14:40:02.997+0000] {logging_mixin.py:188} INFO - [2025-06-06T14:40:02.996+0000] {dag.py:3036} INFO - Sync 1 DAGs
[2025-06-06T14:40:03.046+0000] {logging_mixin.py:188} INFO - [2025-06-06T14:40:03.045+0000] {dag.py:3823} INFO - Setting next_dagrun for our_first_dag_v2 to 2025-05-16 00:00:00+00:00, run_after=2025-05-17 00:00:00+00:00
[2025-06-06T14:40:03.101+0000] {processor.py:183} INFO - Processing /opt/airflow/dags/bash_operator_dag.py took 0.342 seconds
[2025-06-06T14:40:34.028+0000] {processor.py:161} INFO - Started process (PID=9280) to work on /opt/airflow/dags/bash_operator_dag.py
[2025-06-06T14:40:34.031+0000] {processor.py:830} INFO - Processing file /opt/airflow/dags/bash_operator_dag.py for tasks to queue
[2025-06-06T14:40:34.034+0000] {logging_mixin.py:188} INFO - [2025-06-06T14:40:34.034+0000] {dagbag.py:538} INFO - Filling up the DagBag from /opt/airflow/dags/bash_operator_dag.py
[2025-06-06T14:40:34.085+0000] {processor.py:840} INFO - DAG(s) 'our_first_dag_v2' retrieved from /opt/airflow/dags/bash_operator_dag.py
[2025-06-06T14:40:34.130+0000] {logging_mixin.py:188} INFO - [2025-06-06T14:40:34.130+0000] {dag.py:3036} INFO - Sync 1 DAGs
[2025-06-06T14:40:34.167+0000] {logging_mixin.py:188} INFO - [2025-06-06T14:40:34.167+0000] {dag.py:3823} INFO - Setting next_dagrun for our_first_dag_v2 to 2025-05-16 00:00:00+00:00, run_after=2025-05-17 00:00:00+00:00
[2025-06-06T14:40:34.217+0000] {processor.py:183} INFO - Processing /opt/airflow/dags/bash_operator_dag.py took 0.194 seconds
[2025-06-06T14:41:05.814+0000] {processor.py:161} INFO - Started process (PID=9303) to work on /opt/airflow/dags/bash_operator_dag.py
[2025-06-06T14:41:05.820+0000] {processor.py:830} INFO - Processing file /opt/airflow/dags/bash_operator_dag.py for tasks to queue
[2025-06-06T14:41:05.825+0000] {logging_mixin.py:188} INFO - [2025-06-06T14:41:05.824+0000] {dagbag.py:538} INFO - Filling up the DagBag from /opt/airflow/dags/bash_operator_dag.py
[2025-06-06T14:41:05.941+0000] {processor.py:840} INFO - DAG(s) 'our_first_dag_v2' retrieved from /opt/airflow/dags/bash_operator_dag.py
[2025-06-06T14:41:06.030+0000] {logging_mixin.py:188} INFO - [2025-06-06T14:41:06.030+0000] {dag.py:3036} INFO - Sync 1 DAGs
[2025-06-06T14:41:06.092+0000] {logging_mixin.py:188} INFO - [2025-06-06T14:41:06.092+0000] {dag.py:3823} INFO - Setting next_dagrun for our_first_dag_v2 to 2025-05-16 00:00:00+00:00, run_after=2025-05-17 00:00:00+00:00
[2025-06-06T14:41:06.182+0000] {processor.py:183} INFO - Processing /opt/airflow/dags/bash_operator_dag.py took 0.399 seconds
[2025-06-06T14:41:36.737+0000] {processor.py:161} INFO - Started process (PID=9326) to work on /opt/airflow/dags/bash_operator_dag.py
[2025-06-06T14:41:36.739+0000] {processor.py:830} INFO - Processing file /opt/airflow/dags/bash_operator_dag.py for tasks to queue
[2025-06-06T14:41:36.742+0000] {logging_mixin.py:188} INFO - [2025-06-06T14:41:36.741+0000] {dagbag.py:538} INFO - Filling up the DagBag from /opt/airflow/dags/bash_operator_dag.py
[2025-06-06T14:41:36.798+0000] {processor.py:840} INFO - DAG(s) 'our_first_dag_v2' retrieved from /opt/airflow/dags/bash_operator_dag.py
[2025-06-06T14:41:36.852+0000] {logging_mixin.py:188} INFO - [2025-06-06T14:41:36.851+0000] {dag.py:3036} INFO - Sync 1 DAGs
[2025-06-06T14:41:36.886+0000] {logging_mixin.py:188} INFO - [2025-06-06T14:41:36.886+0000] {dag.py:3823} INFO - Setting next_dagrun for our_first_dag_v2 to 2025-05-16 00:00:00+00:00, run_after=2025-05-17 00:00:00+00:00
[2025-06-06T14:41:36.921+0000] {processor.py:183} INFO - Processing /opt/airflow/dags/bash_operator_dag.py took 0.191 seconds
[2025-06-06T14:42:07.824+0000] {processor.py:161} INFO - Started process (PID=9349) to work on /opt/airflow/dags/bash_operator_dag.py
[2025-06-06T14:42:07.828+0000] {processor.py:830} INFO - Processing file /opt/airflow/dags/bash_operator_dag.py for tasks to queue
[2025-06-06T14:42:07.832+0000] {logging_mixin.py:188} INFO - [2025-06-06T14:42:07.831+0000] {dagbag.py:538} INFO - Filling up the DagBag from /opt/airflow/dags/bash_operator_dag.py
[2025-06-06T14:42:07.896+0000] {processor.py:840} INFO - DAG(s) 'our_first_dag_v2' retrieved from /opt/airflow/dags/bash_operator_dag.py
[2025-06-06T14:42:07.960+0000] {logging_mixin.py:188} INFO - [2025-06-06T14:42:07.959+0000] {dag.py:3036} INFO - Sync 1 DAGs
[2025-06-06T14:42:08.022+0000] {logging_mixin.py:188} INFO - [2025-06-06T14:42:08.019+0000] {dag.py:3823} INFO - Setting next_dagrun for our_first_dag_v2 to 2025-05-16 00:00:00+00:00, run_after=2025-05-17 00:00:00+00:00
[2025-06-06T14:42:08.108+0000] {processor.py:183} INFO - Processing /opt/airflow/dags/bash_operator_dag.py took 0.298 seconds
[2025-06-06T14:42:39.020+0000] {processor.py:161} INFO - Started process (PID=9370) to work on /opt/airflow/dags/bash_operator_dag.py
[2025-06-06T14:42:39.022+0000] {processor.py:830} INFO - Processing file /opt/airflow/dags/bash_operator_dag.py for tasks to queue
[2025-06-06T14:42:39.026+0000] {logging_mixin.py:188} INFO - [2025-06-06T14:42:39.025+0000] {dagbag.py:538} INFO - Filling up the DagBag from /opt/airflow/dags/bash_operator_dag.py
[2025-06-06T14:42:39.098+0000] {processor.py:840} INFO - DAG(s) 'our_first_dag_v2' retrieved from /opt/airflow/dags/bash_operator_dag.py
[2025-06-06T14:42:39.189+0000] {logging_mixin.py:188} INFO - [2025-06-06T14:42:39.188+0000] {dag.py:3036} INFO - Sync 1 DAGs
[2025-06-06T14:42:39.262+0000] {logging_mixin.py:188} INFO - [2025-06-06T14:42:39.261+0000] {dag.py:3823} INFO - Setting next_dagrun for our_first_dag_v2 to 2025-05-16 00:00:00+00:00, run_after=2025-05-17 00:00:00+00:00
[2025-06-06T14:42:39.316+0000] {processor.py:183} INFO - Processing /opt/airflow/dags/bash_operator_dag.py took 0.304 seconds
[2025-06-06T14:43:09.710+0000] {processor.py:161} INFO - Started process (PID=9391) to work on /opt/airflow/dags/bash_operator_dag.py
[2025-06-06T14:43:09.716+0000] {processor.py:830} INFO - Processing file /opt/airflow/dags/bash_operator_dag.py for tasks to queue
[2025-06-06T14:43:09.720+0000] {logging_mixin.py:188} INFO - [2025-06-06T14:43:09.718+0000] {dagbag.py:538} INFO - Filling up the DagBag from /opt/airflow/dags/bash_operator_dag.py
[2025-06-06T14:43:09.826+0000] {processor.py:840} INFO - DAG(s) 'our_first_dag_v2' retrieved from /opt/airflow/dags/bash_operator_dag.py
[2025-06-06T14:43:09.882+0000] {logging_mixin.py:188} INFO - [2025-06-06T14:43:09.881+0000] {dag.py:3036} INFO - Sync 1 DAGs
[2025-06-06T14:43:09.918+0000] {logging_mixin.py:188} INFO - [2025-06-06T14:43:09.918+0000] {dag.py:3823} INFO - Setting next_dagrun for our_first_dag_v2 to 2025-05-16 00:00:00+00:00, run_after=2025-05-17 00:00:00+00:00
[2025-06-06T14:43:09.998+0000] {processor.py:183} INFO - Processing /opt/airflow/dags/bash_operator_dag.py took 0.297 seconds
[2025-06-06T14:43:40.580+0000] {processor.py:161} INFO - Started process (PID=9414) to work on /opt/airflow/dags/bash_operator_dag.py
[2025-06-06T14:43:40.588+0000] {processor.py:830} INFO - Processing file /opt/airflow/dags/bash_operator_dag.py for tasks to queue
[2025-06-06T14:43:40.592+0000] {logging_mixin.py:188} INFO - [2025-06-06T14:43:40.590+0000] {dagbag.py:538} INFO - Filling up the DagBag from /opt/airflow/dags/bash_operator_dag.py
[2025-06-06T14:43:40.646+0000] {processor.py:840} INFO - DAG(s) 'our_first_dag_v2' retrieved from /opt/airflow/dags/bash_operator_dag.py
[2025-06-06T14:43:40.712+0000] {logging_mixin.py:188} INFO - [2025-06-06T14:43:40.711+0000] {dag.py:3036} INFO - Sync 1 DAGs
[2025-06-06T14:43:40.778+0000] {logging_mixin.py:188} INFO - [2025-06-06T14:43:40.777+0000] {dag.py:3823} INFO - Setting next_dagrun for our_first_dag_v2 to 2025-05-16 00:00:00+00:00, run_after=2025-05-17 00:00:00+00:00
[2025-06-06T14:43:40.865+0000] {processor.py:183} INFO - Processing /opt/airflow/dags/bash_operator_dag.py took 0.294 seconds
[2025-06-06T14:44:11.151+0000] {processor.py:161} INFO - Started process (PID=9436) to work on /opt/airflow/dags/bash_operator_dag.py
[2025-06-06T14:44:11.153+0000] {processor.py:830} INFO - Processing file /opt/airflow/dags/bash_operator_dag.py for tasks to queue
[2025-06-06T14:44:11.156+0000] {logging_mixin.py:188} INFO - [2025-06-06T14:44:11.155+0000] {dagbag.py:538} INFO - Filling up the DagBag from /opt/airflow/dags/bash_operator_dag.py
[2025-06-06T14:44:11.217+0000] {processor.py:840} INFO - DAG(s) 'our_first_dag_v2' retrieved from /opt/airflow/dags/bash_operator_dag.py
[2025-06-06T14:44:11.276+0000] {logging_mixin.py:188} INFO - [2025-06-06T14:44:11.276+0000] {dag.py:3036} INFO - Sync 1 DAGs
[2025-06-06T14:44:11.350+0000] {logging_mixin.py:188} INFO - [2025-06-06T14:44:11.349+0000] {dag.py:3823} INFO - Setting next_dagrun for our_first_dag_v2 to 2025-05-16 00:00:00+00:00, run_after=2025-05-17 00:00:00+00:00
[2025-06-06T14:44:11.422+0000] {processor.py:183} INFO - Processing /opt/airflow/dags/bash_operator_dag.py took 0.283 seconds
[2025-06-06T14:44:41.791+0000] {processor.py:161} INFO - Started process (PID=9459) to work on /opt/airflow/dags/bash_operator_dag.py
[2025-06-06T14:44:41.798+0000] {processor.py:830} INFO - Processing file /opt/airflow/dags/bash_operator_dag.py for tasks to queue
[2025-06-06T14:44:41.819+0000] {logging_mixin.py:188} INFO - [2025-06-06T14:44:41.818+0000] {dagbag.py:538} INFO - Filling up the DagBag from /opt/airflow/dags/bash_operator_dag.py
[2025-06-06T14:44:41.949+0000] {processor.py:840} INFO - DAG(s) 'our_first_dag_v2' retrieved from /opt/airflow/dags/bash_operator_dag.py
[2025-06-06T14:44:42.033+0000] {logging_mixin.py:188} INFO - [2025-06-06T14:44:42.032+0000] {dag.py:3036} INFO - Sync 1 DAGs
[2025-06-06T14:44:42.136+0000] {logging_mixin.py:188} INFO - [2025-06-06T14:44:42.135+0000] {dag.py:3823} INFO - Setting next_dagrun for our_first_dag_v2 to 2025-05-16 00:00:00+00:00, run_after=2025-05-17 00:00:00+00:00
[2025-06-06T14:44:42.199+0000] {processor.py:183} INFO - Processing /opt/airflow/dags/bash_operator_dag.py took 0.419 seconds
[2025-06-06T14:45:13.154+0000] {processor.py:161} INFO - Started process (PID=9482) to work on /opt/airflow/dags/bash_operator_dag.py
[2025-06-06T14:45:13.157+0000] {processor.py:830} INFO - Processing file /opt/airflow/dags/bash_operator_dag.py for tasks to queue
[2025-06-06T14:45:13.158+0000] {logging_mixin.py:188} INFO - [2025-06-06T14:45:13.158+0000] {dagbag.py:538} INFO - Filling up the DagBag from /opt/airflow/dags/bash_operator_dag.py
[2025-06-06T14:45:13.209+0000] {processor.py:840} INFO - DAG(s) 'our_first_dag_v2' retrieved from /opt/airflow/dags/bash_operator_dag.py
[2025-06-06T14:45:13.258+0000] {logging_mixin.py:188} INFO - [2025-06-06T14:45:13.258+0000] {dag.py:3036} INFO - Sync 1 DAGs
[2025-06-06T14:45:13.304+0000] {logging_mixin.py:188} INFO - [2025-06-06T14:45:13.304+0000] {dag.py:3823} INFO - Setting next_dagrun for our_first_dag_v2 to 2025-05-16 00:00:00+00:00, run_after=2025-05-17 00:00:00+00:00
[2025-06-06T14:45:13.359+0000] {processor.py:183} INFO - Processing /opt/airflow/dags/bash_operator_dag.py took 0.211 seconds
[2025-06-06T14:45:43.925+0000] {processor.py:161} INFO - Started process (PID=9505) to work on /opt/airflow/dags/bash_operator_dag.py
[2025-06-06T14:45:43.932+0000] {processor.py:830} INFO - Processing file /opt/airflow/dags/bash_operator_dag.py for tasks to queue
[2025-06-06T14:45:43.940+0000] {logging_mixin.py:188} INFO - [2025-06-06T14:45:43.939+0000] {dagbag.py:538} INFO - Filling up the DagBag from /opt/airflow/dags/bash_operator_dag.py
[2025-06-06T14:45:44.088+0000] {processor.py:840} INFO - DAG(s) 'our_first_dag_v2' retrieved from /opt/airflow/dags/bash_operator_dag.py
[2025-06-06T14:45:44.165+0000] {logging_mixin.py:188} INFO - [2025-06-06T14:45:44.164+0000] {dag.py:3036} INFO - Sync 1 DAGs
[2025-06-06T14:45:44.215+0000] {logging_mixin.py:188} INFO - [2025-06-06T14:45:44.214+0000] {dag.py:3823} INFO - Setting next_dagrun for our_first_dag_v2 to 2025-05-16 00:00:00+00:00, run_after=2025-05-17 00:00:00+00:00
[2025-06-06T14:45:44.283+0000] {processor.py:183} INFO - Processing /opt/airflow/dags/bash_operator_dag.py took 0.374 seconds
[2025-06-06T14:46:14.511+0000] {processor.py:161} INFO - Started process (PID=9526) to work on /opt/airflow/dags/bash_operator_dag.py
[2025-06-06T14:46:14.515+0000] {processor.py:830} INFO - Processing file /opt/airflow/dags/bash_operator_dag.py for tasks to queue
[2025-06-06T14:46:14.517+0000] {logging_mixin.py:188} INFO - [2025-06-06T14:46:14.517+0000] {dagbag.py:538} INFO - Filling up the DagBag from /opt/airflow/dags/bash_operator_dag.py
[2025-06-06T14:46:14.648+0000] {processor.py:840} INFO - DAG(s) 'our_first_dag_v2' retrieved from /opt/airflow/dags/bash_operator_dag.py
[2025-06-06T14:46:14.728+0000] {logging_mixin.py:188} INFO - [2025-06-06T14:46:14.727+0000] {dag.py:3036} INFO - Sync 1 DAGs
[2025-06-06T14:46:14.773+0000] {logging_mixin.py:188} INFO - [2025-06-06T14:46:14.773+0000] {dag.py:3823} INFO - Setting next_dagrun for our_first_dag_v2 to 2025-05-16 00:00:00+00:00, run_after=2025-05-17 00:00:00+00:00
[2025-06-06T14:46:14.833+0000] {processor.py:183} INFO - Processing /opt/airflow/dags/bash_operator_dag.py took 0.327 seconds
[2025-06-06T14:46:44.976+0000] {processor.py:161} INFO - Started process (PID=9549) to work on /opt/airflow/dags/bash_operator_dag.py
[2025-06-06T14:46:44.979+0000] {processor.py:830} INFO - Processing file /opt/airflow/dags/bash_operator_dag.py for tasks to queue
[2025-06-06T14:46:44.982+0000] {logging_mixin.py:188} INFO - [2025-06-06T14:46:44.982+0000] {dagbag.py:538} INFO - Filling up the DagBag from /opt/airflow/dags/bash_operator_dag.py
[2025-06-06T14:46:45.054+0000] {processor.py:840} INFO - DAG(s) 'our_first_dag_v2' retrieved from /opt/airflow/dags/bash_operator_dag.py
[2025-06-06T14:46:45.114+0000] {logging_mixin.py:188} INFO - [2025-06-06T14:46:45.114+0000] {dag.py:3036} INFO - Sync 1 DAGs
[2025-06-06T14:46:45.165+0000] {logging_mixin.py:188} INFO - [2025-06-06T14:46:45.165+0000] {dag.py:3823} INFO - Setting next_dagrun for our_first_dag_v2 to 2025-05-16 00:00:00+00:00, run_after=2025-05-17 00:00:00+00:00
[2025-06-06T14:46:45.209+0000] {processor.py:183} INFO - Processing /opt/airflow/dags/bash_operator_dag.py took 0.239 seconds
[2025-06-06T14:47:15.909+0000] {processor.py:161} INFO - Started process (PID=9572) to work on /opt/airflow/dags/bash_operator_dag.py
[2025-06-06T14:47:15.913+0000] {processor.py:830} INFO - Processing file /opt/airflow/dags/bash_operator_dag.py for tasks to queue
[2025-06-06T14:47:15.919+0000] {logging_mixin.py:188} INFO - [2025-06-06T14:47:15.917+0000] {dagbag.py:538} INFO - Filling up the DagBag from /opt/airflow/dags/bash_operator_dag.py
[2025-06-06T14:47:16.034+0000] {processor.py:840} INFO - DAG(s) 'our_first_dag_v2' retrieved from /opt/airflow/dags/bash_operator_dag.py
[2025-06-06T14:47:16.149+0000] {logging_mixin.py:188} INFO - [2025-06-06T14:47:16.149+0000] {dag.py:3036} INFO - Sync 1 DAGs
[2025-06-06T14:47:16.180+0000] {logging_mixin.py:188} INFO - [2025-06-06T14:47:16.180+0000] {dag.py:3823} INFO - Setting next_dagrun for our_first_dag_v2 to 2025-05-16 00:00:00+00:00, run_after=2025-05-17 00:00:00+00:00
[2025-06-06T14:47:16.262+0000] {processor.py:183} INFO - Processing /opt/airflow/dags/bash_operator_dag.py took 0.362 seconds
[2025-06-06T14:47:46.654+0000] {processor.py:161} INFO - Started process (PID=9595) to work on /opt/airflow/dags/bash_operator_dag.py
[2025-06-06T14:47:46.656+0000] {processor.py:830} INFO - Processing file /opt/airflow/dags/bash_operator_dag.py for tasks to queue
[2025-06-06T14:47:46.660+0000] {logging_mixin.py:188} INFO - [2025-06-06T14:47:46.659+0000] {dagbag.py:538} INFO - Filling up the DagBag from /opt/airflow/dags/bash_operator_dag.py
[2025-06-06T14:47:46.719+0000] {processor.py:840} INFO - DAG(s) 'our_first_dag_v2' retrieved from /opt/airflow/dags/bash_operator_dag.py
[2025-06-06T14:47:46.777+0000] {logging_mixin.py:188} INFO - [2025-06-06T14:47:46.777+0000] {dag.py:3036} INFO - Sync 1 DAGs
[2025-06-06T14:47:46.835+0000] {logging_mixin.py:188} INFO - [2025-06-06T14:47:46.835+0000] {dag.py:3823} INFO - Setting next_dagrun for our_first_dag_v2 to 2025-05-16 00:00:00+00:00, run_after=2025-05-17 00:00:00+00:00
[2025-06-06T14:47:46.885+0000] {processor.py:183} INFO - Processing /opt/airflow/dags/bash_operator_dag.py took 0.236 seconds
[2025-06-06T14:48:17.519+0000] {processor.py:161} INFO - Started process (PID=9618) to work on /opt/airflow/dags/bash_operator_dag.py
[2025-06-06T14:48:17.522+0000] {processor.py:830} INFO - Processing file /opt/airflow/dags/bash_operator_dag.py for tasks to queue
[2025-06-06T14:48:17.524+0000] {logging_mixin.py:188} INFO - [2025-06-06T14:48:17.524+0000] {dagbag.py:538} INFO - Filling up the DagBag from /opt/airflow/dags/bash_operator_dag.py
[2025-06-06T14:48:17.598+0000] {processor.py:840} INFO - DAG(s) 'our_first_dag_v2' retrieved from /opt/airflow/dags/bash_operator_dag.py
[2025-06-06T14:48:17.658+0000] {logging_mixin.py:188} INFO - [2025-06-06T14:48:17.657+0000] {dag.py:3036} INFO - Sync 1 DAGs
[2025-06-06T14:48:17.720+0000] {logging_mixin.py:188} INFO - [2025-06-06T14:48:17.720+0000] {dag.py:3823} INFO - Setting next_dagrun for our_first_dag_v2 to 2025-05-16 00:00:00+00:00, run_after=2025-05-17 00:00:00+00:00
[2025-06-06T14:48:17.768+0000] {processor.py:183} INFO - Processing /opt/airflow/dags/bash_operator_dag.py took 0.268 seconds
[2025-06-06T14:48:48.647+0000] {processor.py:161} INFO - Started process (PID=9651) to work on /opt/airflow/dags/bash_operator_dag.py
[2025-06-06T14:48:48.650+0000] {processor.py:830} INFO - Processing file /opt/airflow/dags/bash_operator_dag.py for tasks to queue
[2025-06-06T14:48:48.654+0000] {logging_mixin.py:188} INFO - [2025-06-06T14:48:48.653+0000] {dagbag.py:538} INFO - Filling up the DagBag from /opt/airflow/dags/bash_operator_dag.py
[2025-06-06T14:48:48.724+0000] {processor.py:840} INFO - DAG(s) 'our_first_dag_v2' retrieved from /opt/airflow/dags/bash_operator_dag.py
[2025-06-06T14:48:48.810+0000] {logging_mixin.py:188} INFO - [2025-06-06T14:48:48.809+0000] {dag.py:3036} INFO - Sync 1 DAGs
[2025-06-06T14:48:48.897+0000] {logging_mixin.py:188} INFO - [2025-06-06T14:48:48.897+0000] {dag.py:3823} INFO - Setting next_dagrun for our_first_dag_v2 to 2025-05-16 00:00:00+00:00, run_after=2025-05-17 00:00:00+00:00
[2025-06-06T14:48:48.968+0000] {processor.py:183} INFO - Processing /opt/airflow/dags/bash_operator_dag.py took 0.339 seconds
[2025-06-06T14:49:19.673+0000] {processor.py:161} INFO - Started process (PID=9675) to work on /opt/airflow/dags/bash_operator_dag.py
[2025-06-06T14:49:19.676+0000] {processor.py:830} INFO - Processing file /opt/airflow/dags/bash_operator_dag.py for tasks to queue
[2025-06-06T14:49:19.682+0000] {logging_mixin.py:188} INFO - [2025-06-06T14:49:19.681+0000] {dagbag.py:538} INFO - Filling up the DagBag from /opt/airflow/dags/bash_operator_dag.py
[2025-06-06T14:49:19.782+0000] {processor.py:840} INFO - DAG(s) 'our_first_dag_v2' retrieved from /opt/airflow/dags/bash_operator_dag.py
[2025-06-06T14:49:19.879+0000] {logging_mixin.py:188} INFO - [2025-06-06T14:49:19.878+0000] {dag.py:3036} INFO - Sync 1 DAGs
[2025-06-06T14:49:19.921+0000] {logging_mixin.py:188} INFO - [2025-06-06T14:49:19.921+0000] {dag.py:3823} INFO - Setting next_dagrun for our_first_dag_v2 to 2025-05-16 00:00:00+00:00, run_after=2025-05-17 00:00:00+00:00
[2025-06-06T14:49:19.993+0000] {processor.py:183} INFO - Processing /opt/airflow/dags/bash_operator_dag.py took 0.326 seconds
[2025-06-06T14:49:50.441+0000] {processor.py:161} INFO - Started process (PID=9698) to work on /opt/airflow/dags/bash_operator_dag.py
[2025-06-06T14:49:50.443+0000] {processor.py:830} INFO - Processing file /opt/airflow/dags/bash_operator_dag.py for tasks to queue
[2025-06-06T14:49:50.446+0000] {logging_mixin.py:188} INFO - [2025-06-06T14:49:50.445+0000] {dagbag.py:538} INFO - Filling up the DagBag from /opt/airflow/dags/bash_operator_dag.py
[2025-06-06T14:49:50.510+0000] {processor.py:840} INFO - DAG(s) 'our_first_dag_v2' retrieved from /opt/airflow/dags/bash_operator_dag.py
[2025-06-06T14:49:50.599+0000] {logging_mixin.py:188} INFO - [2025-06-06T14:49:50.597+0000] {dag.py:3036} INFO - Sync 1 DAGs
[2025-06-06T14:49:50.661+0000] {logging_mixin.py:188} INFO - [2025-06-06T14:49:50.660+0000] {dag.py:3823} INFO - Setting next_dagrun for our_first_dag_v2 to 2025-05-16 00:00:00+00:00, run_after=2025-05-17 00:00:00+00:00
[2025-06-06T14:49:50.760+0000] {processor.py:183} INFO - Processing /opt/airflow/dags/bash_operator_dag.py took 0.324 seconds
[2025-06-06T14:50:21.281+0000] {processor.py:161} INFO - Started process (PID=9721) to work on /opt/airflow/dags/bash_operator_dag.py
[2025-06-06T14:50:21.285+0000] {processor.py:830} INFO - Processing file /opt/airflow/dags/bash_operator_dag.py for tasks to queue
[2025-06-06T14:50:21.288+0000] {logging_mixin.py:188} INFO - [2025-06-06T14:50:21.287+0000] {dagbag.py:538} INFO - Filling up the DagBag from /opt/airflow/dags/bash_operator_dag.py
[2025-06-06T14:50:21.377+0000] {processor.py:840} INFO - DAG(s) 'our_first_dag_v2' retrieved from /opt/airflow/dags/bash_operator_dag.py
[2025-06-06T14:50:21.437+0000] {logging_mixin.py:188} INFO - [2025-06-06T14:50:21.436+0000] {dag.py:3036} INFO - Sync 1 DAGs
[2025-06-06T14:50:21.477+0000] {logging_mixin.py:188} INFO - [2025-06-06T14:50:21.477+0000] {dag.py:3823} INFO - Setting next_dagrun for our_first_dag_v2 to 2025-05-16 00:00:00+00:00, run_after=2025-05-17 00:00:00+00:00
[2025-06-06T14:50:21.527+0000] {processor.py:183} INFO - Processing /opt/airflow/dags/bash_operator_dag.py took 0.254 seconds
[2025-06-06T14:50:51.965+0000] {processor.py:161} INFO - Started process (PID=9745) to work on /opt/airflow/dags/bash_operator_dag.py
[2025-06-06T14:50:51.970+0000] {processor.py:830} INFO - Processing file /opt/airflow/dags/bash_operator_dag.py for tasks to queue
[2025-06-06T14:50:51.974+0000] {logging_mixin.py:188} INFO - [2025-06-06T14:50:51.973+0000] {dagbag.py:538} INFO - Filling up the DagBag from /opt/airflow/dags/bash_operator_dag.py
[2025-06-06T14:50:52.074+0000] {processor.py:840} INFO - DAG(s) 'our_first_dag_v2' retrieved from /opt/airflow/dags/bash_operator_dag.py
[2025-06-06T14:50:52.240+0000] {logging_mixin.py:188} INFO - [2025-06-06T14:50:52.240+0000] {dag.py:3036} INFO - Sync 1 DAGs
[2025-06-06T14:50:52.422+0000] {logging_mixin.py:188} INFO - [2025-06-06T14:50:52.421+0000] {dag.py:3823} INFO - Setting next_dagrun for our_first_dag_v2 to 2025-05-16 00:00:00+00:00, run_after=2025-05-17 00:00:00+00:00
[2025-06-06T14:50:52.497+0000] {processor.py:183} INFO - Processing /opt/airflow/dags/bash_operator_dag.py took 0.544 seconds
[2025-06-06T14:51:22.857+0000] {processor.py:161} INFO - Started process (PID=9768) to work on /opt/airflow/dags/bash_operator_dag.py
[2025-06-06T14:51:22.860+0000] {processor.py:830} INFO - Processing file /opt/airflow/dags/bash_operator_dag.py for tasks to queue
[2025-06-06T14:51:22.862+0000] {logging_mixin.py:188} INFO - [2025-06-06T14:51:22.861+0000] {dagbag.py:538} INFO - Filling up the DagBag from /opt/airflow/dags/bash_operator_dag.py
[2025-06-06T14:51:22.956+0000] {processor.py:840} INFO - DAG(s) 'our_first_dag_v2' retrieved from /opt/airflow/dags/bash_operator_dag.py
[2025-06-06T14:51:23.109+0000] {logging_mixin.py:188} INFO - [2025-06-06T14:51:23.109+0000] {dag.py:3036} INFO - Sync 1 DAGs
[2025-06-06T14:51:23.184+0000] {logging_mixin.py:188} INFO - [2025-06-06T14:51:23.183+0000] {dag.py:3823} INFO - Setting next_dagrun for our_first_dag_v2 to 2025-05-16 00:00:00+00:00, run_after=2025-05-17 00:00:00+00:00
[2025-06-06T14:51:23.225+0000] {processor.py:183} INFO - Processing /opt/airflow/dags/bash_operator_dag.py took 0.378 seconds
[2025-06-06T14:51:53.742+0000] {processor.py:161} INFO - Started process (PID=9791) to work on /opt/airflow/dags/bash_operator_dag.py
[2025-06-06T14:51:53.745+0000] {processor.py:830} INFO - Processing file /opt/airflow/dags/bash_operator_dag.py for tasks to queue
[2025-06-06T14:51:53.747+0000] {logging_mixin.py:188} INFO - [2025-06-06T14:51:53.747+0000] {dagbag.py:538} INFO - Filling up the DagBag from /opt/airflow/dags/bash_operator_dag.py
[2025-06-06T14:51:53.828+0000] {processor.py:840} INFO - DAG(s) 'our_first_dag_v2' retrieved from /opt/airflow/dags/bash_operator_dag.py
[2025-06-06T14:51:53.933+0000] {logging_mixin.py:188} INFO - [2025-06-06T14:51:53.932+0000] {dag.py:3036} INFO - Sync 1 DAGs
[2025-06-06T14:51:53.993+0000] {logging_mixin.py:188} INFO - [2025-06-06T14:51:53.992+0000] {dag.py:3823} INFO - Setting next_dagrun for our_first_dag_v2 to 2025-05-16 00:00:00+00:00, run_after=2025-05-17 00:00:00+00:00
[2025-06-06T14:51:54.054+0000] {processor.py:183} INFO - Processing /opt/airflow/dags/bash_operator_dag.py took 0.318 seconds
[2025-06-06T14:52:24.396+0000] {processor.py:161} INFO - Started process (PID=9814) to work on /opt/airflow/dags/bash_operator_dag.py
[2025-06-06T14:52:24.399+0000] {processor.py:830} INFO - Processing file /opt/airflow/dags/bash_operator_dag.py for tasks to queue
[2025-06-06T14:52:24.401+0000] {logging_mixin.py:188} INFO - [2025-06-06T14:52:24.400+0000] {dagbag.py:538} INFO - Filling up the DagBag from /opt/airflow/dags/bash_operator_dag.py
[2025-06-06T14:52:24.471+0000] {processor.py:840} INFO - DAG(s) 'our_first_dag_v2' retrieved from /opt/airflow/dags/bash_operator_dag.py
[2025-06-06T14:52:24.517+0000] {logging_mixin.py:188} INFO - [2025-06-06T14:52:24.516+0000] {dag.py:3036} INFO - Sync 1 DAGs
[2025-06-06T14:52:24.563+0000] {logging_mixin.py:188} INFO - [2025-06-06T14:52:24.563+0000] {dag.py:3823} INFO - Setting next_dagrun for our_first_dag_v2 to 2025-05-16 00:00:00+00:00, run_after=2025-05-17 00:00:00+00:00
[2025-06-06T14:52:24.610+0000] {processor.py:183} INFO - Processing /opt/airflow/dags/bash_operator_dag.py took 0.224 seconds
[2025-06-06T14:52:55.112+0000] {processor.py:161} INFO - Started process (PID=9837) to work on /opt/airflow/dags/bash_operator_dag.py
[2025-06-06T14:52:55.116+0000] {processor.py:830} INFO - Processing file /opt/airflow/dags/bash_operator_dag.py for tasks to queue
[2025-06-06T14:52:55.120+0000] {logging_mixin.py:188} INFO - [2025-06-06T14:52:55.119+0000] {dagbag.py:538} INFO - Filling up the DagBag from /opt/airflow/dags/bash_operator_dag.py
[2025-06-06T14:52:55.184+0000] {processor.py:840} INFO - DAG(s) 'our_first_dag_v2' retrieved from /opt/airflow/dags/bash_operator_dag.py
[2025-06-06T14:52:55.284+0000] {logging_mixin.py:188} INFO - [2025-06-06T14:52:55.283+0000] {dag.py:3036} INFO - Sync 1 DAGs
[2025-06-06T14:52:55.332+0000] {logging_mixin.py:188} INFO - [2025-06-06T14:52:55.332+0000] {dag.py:3823} INFO - Setting next_dagrun for our_first_dag_v2 to 2025-05-16 00:00:00+00:00, run_after=2025-05-17 00:00:00+00:00
[2025-06-06T14:52:55.377+0000] {processor.py:183} INFO - Processing /opt/airflow/dags/bash_operator_dag.py took 0.274 seconds
[2025-06-06T14:53:26.046+0000] {processor.py:161} INFO - Started process (PID=9860) to work on /opt/airflow/dags/bash_operator_dag.py
[2025-06-06T14:53:26.047+0000] {processor.py:830} INFO - Processing file /opt/airflow/dags/bash_operator_dag.py for tasks to queue
[2025-06-06T14:53:26.049+0000] {logging_mixin.py:188} INFO - [2025-06-06T14:53:26.048+0000] {dagbag.py:538} INFO - Filling up the DagBag from /opt/airflow/dags/bash_operator_dag.py
[2025-06-06T14:53:26.090+0000] {processor.py:840} INFO - DAG(s) 'our_first_dag_v2' retrieved from /opt/airflow/dags/bash_operator_dag.py
[2025-06-06T14:53:26.141+0000] {logging_mixin.py:188} INFO - [2025-06-06T14:53:26.141+0000] {dag.py:3036} INFO - Sync 1 DAGs
[2025-06-06T14:53:26.181+0000] {logging_mixin.py:188} INFO - [2025-06-06T14:53:26.180+0000] {dag.py:3823} INFO - Setting next_dagrun for our_first_dag_v2 to 2025-05-16 00:00:00+00:00, run_after=2025-05-17 00:00:00+00:00
[2025-06-06T14:53:26.219+0000] {processor.py:183} INFO - Processing /opt/airflow/dags/bash_operator_dag.py took 0.178 seconds
[2025-06-06T14:53:56.582+0000] {processor.py:161} INFO - Started process (PID=9883) to work on /opt/airflow/dags/bash_operator_dag.py
[2025-06-06T14:53:56.584+0000] {processor.py:830} INFO - Processing file /opt/airflow/dags/bash_operator_dag.py for tasks to queue
[2025-06-06T14:53:56.587+0000] {logging_mixin.py:188} INFO - [2025-06-06T14:53:56.586+0000] {dagbag.py:538} INFO - Filling up the DagBag from /opt/airflow/dags/bash_operator_dag.py
[2025-06-06T14:53:56.650+0000] {processor.py:840} INFO - DAG(s) 'our_first_dag_v2' retrieved from /opt/airflow/dags/bash_operator_dag.py
[2025-06-06T14:53:56.749+0000] {logging_mixin.py:188} INFO - [2025-06-06T14:53:56.748+0000] {dag.py:3036} INFO - Sync 1 DAGs
[2025-06-06T14:53:56.821+0000] {logging_mixin.py:188} INFO - [2025-06-06T14:53:56.820+0000] {dag.py:3823} INFO - Setting next_dagrun for our_first_dag_v2 to 2025-05-16 00:00:00+00:00, run_after=2025-05-17 00:00:00+00:00
[2025-06-06T14:53:56.878+0000] {processor.py:183} INFO - Processing /opt/airflow/dags/bash_operator_dag.py took 0.310 seconds
[2025-06-06T14:54:27.191+0000] {processor.py:161} INFO - Started process (PID=9906) to work on /opt/airflow/dags/bash_operator_dag.py
[2025-06-06T14:54:27.194+0000] {processor.py:830} INFO - Processing file /opt/airflow/dags/bash_operator_dag.py for tasks to queue
[2025-06-06T14:54:27.200+0000] {logging_mixin.py:188} INFO - [2025-06-06T14:54:27.199+0000] {dagbag.py:538} INFO - Filling up the DagBag from /opt/airflow/dags/bash_operator_dag.py
[2025-06-06T14:54:27.294+0000] {processor.py:840} INFO - DAG(s) 'our_first_dag_v2' retrieved from /opt/airflow/dags/bash_operator_dag.py
[2025-06-06T14:54:27.361+0000] {logging_mixin.py:188} INFO - [2025-06-06T14:54:27.361+0000] {dag.py:3036} INFO - Sync 1 DAGs
[2025-06-06T14:54:27.408+0000] {logging_mixin.py:188} INFO - [2025-06-06T14:54:27.408+0000] {dag.py:3823} INFO - Setting next_dagrun for our_first_dag_v2 to 2025-05-16 00:00:00+00:00, run_after=2025-05-17 00:00:00+00:00
[2025-06-06T14:54:27.463+0000] {processor.py:183} INFO - Processing /opt/airflow/dags/bash_operator_dag.py took 0.278 seconds
[2025-06-06T14:54:58.018+0000] {processor.py:161} INFO - Started process (PID=9929) to work on /opt/airflow/dags/bash_operator_dag.py
[2025-06-06T14:54:58.021+0000] {processor.py:830} INFO - Processing file /opt/airflow/dags/bash_operator_dag.py for tasks to queue
[2025-06-06T14:54:58.023+0000] {logging_mixin.py:188} INFO - [2025-06-06T14:54:58.022+0000] {dagbag.py:538} INFO - Filling up the DagBag from /opt/airflow/dags/bash_operator_dag.py
[2025-06-06T14:54:58.070+0000] {processor.py:840} INFO - DAG(s) 'our_first_dag_v2' retrieved from /opt/airflow/dags/bash_operator_dag.py
[2025-06-06T14:54:58.113+0000] {logging_mixin.py:188} INFO - [2025-06-06T14:54:58.113+0000] {dag.py:3036} INFO - Sync 1 DAGs
[2025-06-06T14:54:58.153+0000] {logging_mixin.py:188} INFO - [2025-06-06T14:54:58.153+0000] {dag.py:3823} INFO - Setting next_dagrun for our_first_dag_v2 to 2025-05-16 00:00:00+00:00, run_after=2025-05-17 00:00:00+00:00
[2025-06-06T14:54:58.247+0000] {processor.py:183} INFO - Processing /opt/airflow/dags/bash_operator_dag.py took 0.234 seconds
[2025-06-06T14:55:28.399+0000] {processor.py:161} INFO - Started process (PID=9952) to work on /opt/airflow/dags/bash_operator_dag.py
[2025-06-06T14:55:28.410+0000] {processor.py:830} INFO - Processing file /opt/airflow/dags/bash_operator_dag.py for tasks to queue
[2025-06-06T14:55:28.416+0000] {logging_mixin.py:188} INFO - [2025-06-06T14:55:28.415+0000] {dagbag.py:538} INFO - Filling up the DagBag from /opt/airflow/dags/bash_operator_dag.py
[2025-06-06T14:55:28.526+0000] {processor.py:840} INFO - DAG(s) 'our_first_dag_v2' retrieved from /opt/airflow/dags/bash_operator_dag.py
[2025-06-06T14:55:28.578+0000] {logging_mixin.py:188} INFO - [2025-06-06T14:55:28.578+0000] {dag.py:3036} INFO - Sync 1 DAGs
[2025-06-06T14:55:28.648+0000] {logging_mixin.py:188} INFO - [2025-06-06T14:55:28.647+0000] {dag.py:3823} INFO - Setting next_dagrun for our_first_dag_v2 to 2025-05-16 00:00:00+00:00, run_after=2025-05-17 00:00:00+00:00
[2025-06-06T14:55:28.688+0000] {processor.py:183} INFO - Processing /opt/airflow/dags/bash_operator_dag.py took 0.295 seconds
[2025-06-06T14:55:59.323+0000] {processor.py:161} INFO - Started process (PID=9975) to work on /opt/airflow/dags/bash_operator_dag.py
[2025-06-06T14:55:59.326+0000] {processor.py:830} INFO - Processing file /opt/airflow/dags/bash_operator_dag.py for tasks to queue
[2025-06-06T14:55:59.336+0000] {logging_mixin.py:188} INFO - [2025-06-06T14:55:59.333+0000] {dagbag.py:538} INFO - Filling up the DagBag from /opt/airflow/dags/bash_operator_dag.py
[2025-06-06T14:55:59.425+0000] {processor.py:840} INFO - DAG(s) 'our_first_dag_v2' retrieved from /opt/airflow/dags/bash_operator_dag.py
[2025-06-06T14:55:59.497+0000] {logging_mixin.py:188} INFO - [2025-06-06T14:55:59.496+0000] {dag.py:3036} INFO - Sync 1 DAGs
[2025-06-06T14:55:59.565+0000] {logging_mixin.py:188} INFO - [2025-06-06T14:55:59.565+0000] {dag.py:3823} INFO - Setting next_dagrun for our_first_dag_v2 to 2025-05-16 00:00:00+00:00, run_after=2025-05-17 00:00:00+00:00
[2025-06-06T14:55:59.626+0000] {processor.py:183} INFO - Processing /opt/airflow/dags/bash_operator_dag.py took 0.310 seconds
[2025-06-06T14:56:29.903+0000] {processor.py:161} INFO - Started process (PID=9998) to work on /opt/airflow/dags/bash_operator_dag.py
[2025-06-06T14:56:29.906+0000] {processor.py:830} INFO - Processing file /opt/airflow/dags/bash_operator_dag.py for tasks to queue
[2025-06-06T14:56:29.910+0000] {logging_mixin.py:188} INFO - [2025-06-06T14:56:29.909+0000] {dagbag.py:538} INFO - Filling up the DagBag from /opt/airflow/dags/bash_operator_dag.py
[2025-06-06T14:56:30.024+0000] {processor.py:840} INFO - DAG(s) 'our_first_dag_v2' retrieved from /opt/airflow/dags/bash_operator_dag.py
[2025-06-06T14:56:30.131+0000] {logging_mixin.py:188} INFO - [2025-06-06T14:56:30.130+0000] {dag.py:3036} INFO - Sync 1 DAGs
[2025-06-06T14:56:30.188+0000] {logging_mixin.py:188} INFO - [2025-06-06T14:56:30.188+0000] {dag.py:3823} INFO - Setting next_dagrun for our_first_dag_v2 to 2025-05-16 00:00:00+00:00, run_after=2025-05-17 00:00:00+00:00
[2025-06-06T14:56:30.259+0000] {processor.py:183} INFO - Processing /opt/airflow/dags/bash_operator_dag.py took 0.363 seconds
[2025-06-06T14:57:00.597+0000] {processor.py:161} INFO - Started process (PID=10021) to work on /opt/airflow/dags/bash_operator_dag.py
[2025-06-06T14:57:00.600+0000] {processor.py:830} INFO - Processing file /opt/airflow/dags/bash_operator_dag.py for tasks to queue
[2025-06-06T14:57:00.602+0000] {logging_mixin.py:188} INFO - [2025-06-06T14:57:00.601+0000] {dagbag.py:538} INFO - Filling up the DagBag from /opt/airflow/dags/bash_operator_dag.py
[2025-06-06T14:57:00.670+0000] {processor.py:840} INFO - DAG(s) 'our_first_dag_v2' retrieved from /opt/airflow/dags/bash_operator_dag.py
[2025-06-06T14:57:00.747+0000] {logging_mixin.py:188} INFO - [2025-06-06T14:57:00.746+0000] {dag.py:3036} INFO - Sync 1 DAGs
[2025-06-06T14:57:00.831+0000] {logging_mixin.py:188} INFO - [2025-06-06T14:57:00.830+0000] {dag.py:3823} INFO - Setting next_dagrun for our_first_dag_v2 to 2025-05-16 00:00:00+00:00, run_after=2025-05-17 00:00:00+00:00
[2025-06-06T14:57:00.913+0000] {processor.py:183} INFO - Processing /opt/airflow/dags/bash_operator_dag.py took 0.334 seconds
[2025-06-06T14:57:31.552+0000] {processor.py:161} INFO - Started process (PID=10044) to work on /opt/airflow/dags/bash_operator_dag.py
[2025-06-06T14:57:31.558+0000] {processor.py:830} INFO - Processing file /opt/airflow/dags/bash_operator_dag.py for tasks to queue
[2025-06-06T14:57:31.565+0000] {logging_mixin.py:188} INFO - [2025-06-06T14:57:31.564+0000] {dagbag.py:538} INFO - Filling up the DagBag from /opt/airflow/dags/bash_operator_dag.py
[2025-06-06T14:57:31.639+0000] {processor.py:840} INFO - DAG(s) 'our_first_dag_v2' retrieved from /opt/airflow/dags/bash_operator_dag.py
[2025-06-06T14:57:31.707+0000] {logging_mixin.py:188} INFO - [2025-06-06T14:57:31.706+0000] {dag.py:3036} INFO - Sync 1 DAGs
[2025-06-06T14:57:31.794+0000] {logging_mixin.py:188} INFO - [2025-06-06T14:57:31.793+0000] {dag.py:3823} INFO - Setting next_dagrun for our_first_dag_v2 to 2025-05-16 00:00:00+00:00, run_after=2025-05-17 00:00:00+00:00
[2025-06-06T14:57:31.882+0000] {processor.py:183} INFO - Processing /opt/airflow/dags/bash_operator_dag.py took 0.345 seconds
[2025-06-06T14:58:02.147+0000] {processor.py:161} INFO - Started process (PID=10067) to work on /opt/airflow/dags/bash_operator_dag.py
[2025-06-06T14:58:02.149+0000] {processor.py:830} INFO - Processing file /opt/airflow/dags/bash_operator_dag.py for tasks to queue
[2025-06-06T14:58:02.151+0000] {logging_mixin.py:188} INFO - [2025-06-06T14:58:02.151+0000] {dagbag.py:538} INFO - Filling up the DagBag from /opt/airflow/dags/bash_operator_dag.py
[2025-06-06T14:58:02.223+0000] {processor.py:840} INFO - DAG(s) 'our_first_dag_v2' retrieved from /opt/airflow/dags/bash_operator_dag.py
[2025-06-06T14:58:02.295+0000] {logging_mixin.py:188} INFO - [2025-06-06T14:58:02.295+0000] {dag.py:3036} INFO - Sync 1 DAGs
[2025-06-06T14:58:02.346+0000] {logging_mixin.py:188} INFO - [2025-06-06T14:58:02.345+0000] {dag.py:3823} INFO - Setting next_dagrun for our_first_dag_v2 to 2025-05-16 00:00:00+00:00, run_after=2025-05-17 00:00:00+00:00
[2025-06-06T14:58:02.457+0000] {processor.py:183} INFO - Processing /opt/airflow/dags/bash_operator_dag.py took 0.320 seconds
[2025-06-06T14:58:32.873+0000] {processor.py:161} INFO - Started process (PID=10090) to work on /opt/airflow/dags/bash_operator_dag.py
[2025-06-06T14:58:32.880+0000] {processor.py:830} INFO - Processing file /opt/airflow/dags/bash_operator_dag.py for tasks to queue
[2025-06-06T14:58:32.883+0000] {logging_mixin.py:188} INFO - [2025-06-06T14:58:32.883+0000] {dagbag.py:538} INFO - Filling up the DagBag from /opt/airflow/dags/bash_operator_dag.py
[2025-06-06T14:58:32.970+0000] {processor.py:840} INFO - DAG(s) 'our_first_dag_v2' retrieved from /opt/airflow/dags/bash_operator_dag.py
[2025-06-06T14:58:33.044+0000] {logging_mixin.py:188} INFO - [2025-06-06T14:58:33.043+0000] {dag.py:3036} INFO - Sync 1 DAGs
[2025-06-06T14:58:33.079+0000] {logging_mixin.py:188} INFO - [2025-06-06T14:58:33.078+0000] {dag.py:3823} INFO - Setting next_dagrun for our_first_dag_v2 to 2025-05-16 00:00:00+00:00, run_after=2025-05-17 00:00:00+00:00
[2025-06-06T14:58:33.122+0000] {processor.py:183} INFO - Processing /opt/airflow/dags/bash_operator_dag.py took 0.261 seconds
[2025-06-06T14:59:03.389+0000] {processor.py:161} INFO - Started process (PID=10113) to work on /opt/airflow/dags/bash_operator_dag.py
[2025-06-06T14:59:03.392+0000] {processor.py:830} INFO - Processing file /opt/airflow/dags/bash_operator_dag.py for tasks to queue
[2025-06-06T14:59:03.396+0000] {logging_mixin.py:188} INFO - [2025-06-06T14:59:03.395+0000] {dagbag.py:538} INFO - Filling up the DagBag from /opt/airflow/dags/bash_operator_dag.py
[2025-06-06T14:59:03.486+0000] {processor.py:840} INFO - DAG(s) 'our_first_dag_v2' retrieved from /opt/airflow/dags/bash_operator_dag.py
[2025-06-06T14:59:03.571+0000] {logging_mixin.py:188} INFO - [2025-06-06T14:59:03.571+0000] {dag.py:3036} INFO - Sync 1 DAGs
[2025-06-06T14:59:03.610+0000] {logging_mixin.py:188} INFO - [2025-06-06T14:59:03.609+0000] {dag.py:3823} INFO - Setting next_dagrun for our_first_dag_v2 to 2025-05-16 00:00:00+00:00, run_after=2025-05-17 00:00:00+00:00
[2025-06-06T14:59:03.676+0000] {processor.py:183} INFO - Processing /opt/airflow/dags/bash_operator_dag.py took 0.297 seconds
[2025-06-06T14:59:33.975+0000] {processor.py:161} INFO - Started process (PID=10136) to work on /opt/airflow/dags/bash_operator_dag.py
[2025-06-06T14:59:33.977+0000] {processor.py:830} INFO - Processing file /opt/airflow/dags/bash_operator_dag.py for tasks to queue
[2025-06-06T14:59:33.979+0000] {logging_mixin.py:188} INFO - [2025-06-06T14:59:33.979+0000] {dagbag.py:538} INFO - Filling up the DagBag from /opt/airflow/dags/bash_operator_dag.py
[2025-06-06T14:59:34.143+0000] {processor.py:840} INFO - DAG(s) 'our_first_dag_v2' retrieved from /opt/airflow/dags/bash_operator_dag.py
[2025-06-06T14:59:34.227+0000] {logging_mixin.py:188} INFO - [2025-06-06T14:59:34.227+0000] {dag.py:3036} INFO - Sync 1 DAGs
[2025-06-06T14:59:34.270+0000] {logging_mixin.py:188} INFO - [2025-06-06T14:59:34.270+0000] {dag.py:3823} INFO - Setting next_dagrun for our_first_dag_v2 to 2025-05-16 00:00:00+00:00, run_after=2025-05-17 00:00:00+00:00
[2025-06-06T14:59:34.310+0000] {processor.py:183} INFO - Processing /opt/airflow/dags/bash_operator_dag.py took 0.342 seconds
[2025-06-06T15:00:04.689+0000] {processor.py:161} INFO - Started process (PID=10160) to work on /opt/airflow/dags/bash_operator_dag.py
[2025-06-06T15:00:04.692+0000] {processor.py:830} INFO - Processing file /opt/airflow/dags/bash_operator_dag.py for tasks to queue
[2025-06-06T15:00:04.695+0000] {logging_mixin.py:188} INFO - [2025-06-06T15:00:04.695+0000] {dagbag.py:538} INFO - Filling up the DagBag from /opt/airflow/dags/bash_operator_dag.py
[2025-06-06T15:00:04.749+0000] {processor.py:840} INFO - DAG(s) 'our_first_dag_v2' retrieved from /opt/airflow/dags/bash_operator_dag.py
[2025-06-06T15:00:04.838+0000] {logging_mixin.py:188} INFO - [2025-06-06T15:00:04.838+0000] {dag.py:3036} INFO - Sync 1 DAGs
[2025-06-06T15:00:04.888+0000] {logging_mixin.py:188} INFO - [2025-06-06T15:00:04.888+0000] {dag.py:3823} INFO - Setting next_dagrun for our_first_dag_v2 to 2025-05-16 00:00:00+00:00, run_after=2025-05-17 00:00:00+00:00
[2025-06-06T15:00:04.937+0000] {processor.py:183} INFO - Processing /opt/airflow/dags/bash_operator_dag.py took 0.256 seconds
[2025-06-06T15:00:35.744+0000] {processor.py:161} INFO - Started process (PID=10183) to work on /opt/airflow/dags/bash_operator_dag.py
[2025-06-06T15:00:35.755+0000] {processor.py:830} INFO - Processing file /opt/airflow/dags/bash_operator_dag.py for tasks to queue
[2025-06-06T15:00:35.779+0000] {logging_mixin.py:188} INFO - [2025-06-06T15:00:35.778+0000] {dagbag.py:538} INFO - Filling up the DagBag from /opt/airflow/dags/bash_operator_dag.py
[2025-06-06T15:00:35.973+0000] {processor.py:840} INFO - DAG(s) 'our_first_dag_v2' retrieved from /opt/airflow/dags/bash_operator_dag.py
[2025-06-06T15:00:36.120+0000] {logging_mixin.py:188} INFO - [2025-06-06T15:00:36.113+0000] {dag.py:3036} INFO - Sync 1 DAGs
[2025-06-06T15:00:36.189+0000] {logging_mixin.py:188} INFO - [2025-06-06T15:00:36.188+0000] {dag.py:3823} INFO - Setting next_dagrun for our_first_dag_v2 to 2025-05-16 00:00:00+00:00, run_after=2025-05-17 00:00:00+00:00
[2025-06-06T15:00:36.245+0000] {processor.py:183} INFO - Processing /opt/airflow/dags/bash_operator_dag.py took 0.511 seconds
[2025-06-06T15:01:06.446+0000] {processor.py:161} INFO - Started process (PID=10206) to work on /opt/airflow/dags/bash_operator_dag.py
[2025-06-06T15:01:06.451+0000] {processor.py:830} INFO - Processing file /opt/airflow/dags/bash_operator_dag.py for tasks to queue
[2025-06-06T15:01:06.454+0000] {logging_mixin.py:188} INFO - [2025-06-06T15:01:06.453+0000] {dagbag.py:538} INFO - Filling up the DagBag from /opt/airflow/dags/bash_operator_dag.py
[2025-06-06T15:01:06.512+0000] {processor.py:840} INFO - DAG(s) 'our_first_dag_v2' retrieved from /opt/airflow/dags/bash_operator_dag.py
[2025-06-06T15:01:06.611+0000] {logging_mixin.py:188} INFO - [2025-06-06T15:01:06.611+0000] {dag.py:3036} INFO - Sync 1 DAGs
[2025-06-06T15:01:06.671+0000] {logging_mixin.py:188} INFO - [2025-06-06T15:01:06.670+0000] {dag.py:3823} INFO - Setting next_dagrun for our_first_dag_v2 to 2025-05-16 00:00:00+00:00, run_after=2025-05-17 00:00:00+00:00
[2025-06-06T15:01:06.734+0000] {processor.py:183} INFO - Processing /opt/airflow/dags/bash_operator_dag.py took 0.295 seconds
[2025-06-06T15:01:37.249+0000] {processor.py:161} INFO - Started process (PID=10229) to work on /opt/airflow/dags/bash_operator_dag.py
[2025-06-06T15:01:37.251+0000] {processor.py:830} INFO - Processing file /opt/airflow/dags/bash_operator_dag.py for tasks to queue
[2025-06-06T15:01:37.254+0000] {logging_mixin.py:188} INFO - [2025-06-06T15:01:37.253+0000] {dagbag.py:538} INFO - Filling up the DagBag from /opt/airflow/dags/bash_operator_dag.py
[2025-06-06T15:01:37.388+0000] {processor.py:840} INFO - DAG(s) 'our_first_dag_v2' retrieved from /opt/airflow/dags/bash_operator_dag.py
[2025-06-06T15:01:37.511+0000] {logging_mixin.py:188} INFO - [2025-06-06T15:01:37.510+0000] {dag.py:3036} INFO - Sync 1 DAGs
[2025-06-06T15:01:37.579+0000] {logging_mixin.py:188} INFO - [2025-06-06T15:01:37.578+0000] {dag.py:3823} INFO - Setting next_dagrun for our_first_dag_v2 to 2025-05-16 00:00:00+00:00, run_after=2025-05-17 00:00:00+00:00
[2025-06-06T15:01:37.657+0000] {processor.py:183} INFO - Processing /opt/airflow/dags/bash_operator_dag.py took 0.417 seconds
[2025-06-06T15:02:08.823+0000] {processor.py:161} INFO - Started process (PID=10252) to work on /opt/airflow/dags/bash_operator_dag.py
[2025-06-06T15:02:08.825+0000] {processor.py:830} INFO - Processing file /opt/airflow/dags/bash_operator_dag.py for tasks to queue
[2025-06-06T15:02:08.827+0000] {logging_mixin.py:188} INFO - [2025-06-06T15:02:08.827+0000] {dagbag.py:538} INFO - Filling up the DagBag from /opt/airflow/dags/bash_operator_dag.py
[2025-06-06T15:02:08.975+0000] {processor.py:840} INFO - DAG(s) 'our_first_dag_v2' retrieved from /opt/airflow/dags/bash_operator_dag.py
[2025-06-06T15:02:09.055+0000] {logging_mixin.py:188} INFO - [2025-06-06T15:02:09.055+0000] {dag.py:3036} INFO - Sync 1 DAGs
[2025-06-06T15:02:09.153+0000] {logging_mixin.py:188} INFO - [2025-06-06T15:02:09.152+0000] {dag.py:3823} INFO - Setting next_dagrun for our_first_dag_v2 to 2025-05-16 00:00:00+00:00, run_after=2025-05-17 00:00:00+00:00
[2025-06-06T15:02:09.240+0000] {processor.py:183} INFO - Processing /opt/airflow/dags/bash_operator_dag.py took 0.426 seconds
[2025-06-06T15:02:40.862+0000] {processor.py:161} INFO - Started process (PID=10275) to work on /opt/airflow/dags/bash_operator_dag.py
[2025-06-06T15:02:40.865+0000] {processor.py:830} INFO - Processing file /opt/airflow/dags/bash_operator_dag.py for tasks to queue
[2025-06-06T15:02:40.867+0000] {logging_mixin.py:188} INFO - [2025-06-06T15:02:40.866+0000] {dagbag.py:538} INFO - Filling up the DagBag from /opt/airflow/dags/bash_operator_dag.py
[2025-06-06T15:02:40.906+0000] {processor.py:840} INFO - DAG(s) 'our_first_dag_v2' retrieved from /opt/airflow/dags/bash_operator_dag.py
[2025-06-06T15:02:40.951+0000] {logging_mixin.py:188} INFO - [2025-06-06T15:02:40.950+0000] {dag.py:3036} INFO - Sync 1 DAGs
[2025-06-06T15:02:40.990+0000] {logging_mixin.py:188} INFO - [2025-06-06T15:02:40.989+0000] {dag.py:3823} INFO - Setting next_dagrun for our_first_dag_v2 to 2025-05-16 00:00:00+00:00, run_after=2025-05-17 00:00:00+00:00
[2025-06-06T15:02:41.075+0000] {processor.py:183} INFO - Processing /opt/airflow/dags/bash_operator_dag.py took 0.220 seconds
[2025-06-06T15:03:11.817+0000] {processor.py:161} INFO - Started process (PID=10298) to work on /opt/airflow/dags/bash_operator_dag.py
[2025-06-06T15:03:11.819+0000] {processor.py:830} INFO - Processing file /opt/airflow/dags/bash_operator_dag.py for tasks to queue
[2025-06-06T15:03:11.821+0000] {logging_mixin.py:188} INFO - [2025-06-06T15:03:11.820+0000] {dagbag.py:538} INFO - Filling up the DagBag from /opt/airflow/dags/bash_operator_dag.py
[2025-06-06T15:03:11.871+0000] {processor.py:840} INFO - DAG(s) 'our_first_dag_v2' retrieved from /opt/airflow/dags/bash_operator_dag.py
[2025-06-06T15:03:11.927+0000] {logging_mixin.py:188} INFO - [2025-06-06T15:03:11.927+0000] {dag.py:3036} INFO - Sync 1 DAGs
[2025-06-06T15:03:11.968+0000] {logging_mixin.py:188} INFO - [2025-06-06T15:03:11.968+0000] {dag.py:3823} INFO - Setting next_dagrun for our_first_dag_v2 to 2025-05-16 00:00:00+00:00, run_after=2025-05-17 00:00:00+00:00
[2025-06-06T15:03:12.008+0000] {processor.py:183} INFO - Processing /opt/airflow/dags/bash_operator_dag.py took 0.196 seconds
[2025-06-06T15:03:44.335+0000] {processor.py:161} INFO - Started process (PID=10320) to work on /opt/airflow/dags/bash_operator_dag.py
[2025-06-06T15:03:44.337+0000] {processor.py:830} INFO - Processing file /opt/airflow/dags/bash_operator_dag.py for tasks to queue
[2025-06-06T15:03:44.341+0000] {logging_mixin.py:188} INFO - [2025-06-06T15:03:44.340+0000] {dagbag.py:538} INFO - Filling up the DagBag from /opt/airflow/dags/bash_operator_dag.py
[2025-06-06T15:03:44.448+0000] {processor.py:840} INFO - DAG(s) 'our_first_dag_v2' retrieved from /opt/airflow/dags/bash_operator_dag.py
[2025-06-06T15:03:44.601+0000] {logging_mixin.py:188} INFO - [2025-06-06T15:03:44.600+0000] {dag.py:3036} INFO - Sync 1 DAGs
[2025-06-06T15:03:44.699+0000] {logging_mixin.py:188} INFO - [2025-06-06T15:03:44.699+0000] {dag.py:3823} INFO - Setting next_dagrun for our_first_dag_v2 to 2025-05-16 00:00:00+00:00, run_after=2025-05-17 00:00:00+00:00
[2025-06-06T15:03:44.776+0000] {processor.py:183} INFO - Processing /opt/airflow/dags/bash_operator_dag.py took 0.455 seconds
[2025-06-06T15:04:15.184+0000] {processor.py:161} INFO - Started process (PID=10343) to work on /opt/airflow/dags/bash_operator_dag.py
[2025-06-06T15:04:15.187+0000] {processor.py:830} INFO - Processing file /opt/airflow/dags/bash_operator_dag.py for tasks to queue
[2025-06-06T15:04:15.193+0000] {logging_mixin.py:188} INFO - [2025-06-06T15:04:15.192+0000] {dagbag.py:538} INFO - Filling up the DagBag from /opt/airflow/dags/bash_operator_dag.py
[2025-06-06T15:04:15.281+0000] {processor.py:840} INFO - DAG(s) 'our_first_dag_v2' retrieved from /opt/airflow/dags/bash_operator_dag.py
[2025-06-06T15:04:15.356+0000] {logging_mixin.py:188} INFO - [2025-06-06T15:04:15.356+0000] {dag.py:3036} INFO - Sync 1 DAGs
[2025-06-06T15:04:15.405+0000] {logging_mixin.py:188} INFO - [2025-06-06T15:04:15.404+0000] {dag.py:3823} INFO - Setting next_dagrun for our_first_dag_v2 to 2025-05-16 00:00:00+00:00, run_after=2025-05-17 00:00:00+00:00
[2025-06-06T15:04:15.449+0000] {processor.py:183} INFO - Processing /opt/airflow/dags/bash_operator_dag.py took 0.274 seconds
[2025-06-06T15:04:46.384+0000] {processor.py:161} INFO - Started process (PID=10366) to work on /opt/airflow/dags/bash_operator_dag.py
[2025-06-06T15:04:46.387+0000] {processor.py:830} INFO - Processing file /opt/airflow/dags/bash_operator_dag.py for tasks to queue
[2025-06-06T15:04:46.390+0000] {logging_mixin.py:188} INFO - [2025-06-06T15:04:46.389+0000] {dagbag.py:538} INFO - Filling up the DagBag from /opt/airflow/dags/bash_operator_dag.py
[2025-06-06T15:04:46.444+0000] {processor.py:840} INFO - DAG(s) 'our_first_dag_v2' retrieved from /opt/airflow/dags/bash_operator_dag.py
[2025-06-06T15:04:46.499+0000] {logging_mixin.py:188} INFO - [2025-06-06T15:04:46.499+0000] {dag.py:3036} INFO - Sync 1 DAGs
[2025-06-06T15:04:46.552+0000] {logging_mixin.py:188} INFO - [2025-06-06T15:04:46.552+0000] {dag.py:3823} INFO - Setting next_dagrun for our_first_dag_v2 to 2025-05-16 00:00:00+00:00, run_after=2025-05-17 00:00:00+00:00
[2025-06-06T15:04:46.658+0000] {processor.py:183} INFO - Processing /opt/airflow/dags/bash_operator_dag.py took 0.282 seconds
[2025-06-06T15:05:18.708+0000] {processor.py:161} INFO - Started process (PID=10389) to work on /opt/airflow/dags/bash_operator_dag.py
[2025-06-06T15:05:18.712+0000] {processor.py:830} INFO - Processing file /opt/airflow/dags/bash_operator_dag.py for tasks to queue
[2025-06-06T15:05:18.721+0000] {logging_mixin.py:188} INFO - [2025-06-06T15:05:18.720+0000] {dagbag.py:538} INFO - Filling up the DagBag from /opt/airflow/dags/bash_operator_dag.py
[2025-06-06T15:05:18.840+0000] {processor.py:840} INFO - DAG(s) 'our_first_dag_v2' retrieved from /opt/airflow/dags/bash_operator_dag.py
[2025-06-06T15:05:18.910+0000] {logging_mixin.py:188} INFO - [2025-06-06T15:05:18.910+0000] {dag.py:3036} INFO - Sync 1 DAGs
[2025-06-06T15:05:18.964+0000] {logging_mixin.py:188} INFO - [2025-06-06T15:05:18.963+0000] {dag.py:3823} INFO - Setting next_dagrun for our_first_dag_v2 to 2025-05-16 00:00:00+00:00, run_after=2025-05-17 00:00:00+00:00
[2025-06-06T15:05:19.023+0000] {processor.py:183} INFO - Processing /opt/airflow/dags/bash_operator_dag.py took 0.322 seconds
[2025-06-06T15:05:50.124+0000] {processor.py:161} INFO - Started process (PID=10411) to work on /opt/airflow/dags/bash_operator_dag.py
[2025-06-06T15:05:50.129+0000] {processor.py:830} INFO - Processing file /opt/airflow/dags/bash_operator_dag.py for tasks to queue
[2025-06-06T15:05:50.133+0000] {logging_mixin.py:188} INFO - [2025-06-06T15:05:50.132+0000] {dagbag.py:538} INFO - Filling up the DagBag from /opt/airflow/dags/bash_operator_dag.py
[2025-06-06T15:05:50.212+0000] {processor.py:840} INFO - DAG(s) 'our_first_dag_v2' retrieved from /opt/airflow/dags/bash_operator_dag.py
[2025-06-06T15:05:50.280+0000] {logging_mixin.py:188} INFO - [2025-06-06T15:05:50.279+0000] {dag.py:3036} INFO - Sync 1 DAGs
[2025-06-06T15:05:50.331+0000] {logging_mixin.py:188} INFO - [2025-06-06T15:05:50.330+0000] {dag.py:3823} INFO - Setting next_dagrun for our_first_dag_v2 to 2025-05-16 00:00:00+00:00, run_after=2025-05-17 00:00:00+00:00
[2025-06-06T15:05:50.413+0000] {processor.py:183} INFO - Processing /opt/airflow/dags/bash_operator_dag.py took 0.295 seconds
