[2025-06-06T13:51:45.035+0000] {processor.py:161} INFO - Started process (PID=8646) to work on /opt/airflow/dags/dag_with_python_requirements.py
[2025-06-06T13:51:45.040+0000] {processor.py:830} INFO - Processing file /opt/airflow/dags/dag_with_python_requirements.py for tasks to queue
[2025-06-06T13:51:45.042+0000] {logging_mixin.py:188} INFO - [2025-06-06T13:51:45.042+0000] {dagbag.py:538} INFO - Filling up the DagBag from /opt/airflow/dags/dag_with_python_requirements.py
[2025-06-06T13:51:45.198+0000] {processor.py:840} INFO - DAG(s) 'dag_with_python_requirements' retrieved from /opt/airflow/dags/dag_with_python_requirements.py
[2025-06-06T13:51:45.749+0000] {logging_mixin.py:188} INFO - [2025-06-06T13:51:45.748+0000] {dag.py:3036} INFO - Sync 1 DAGs
[2025-06-06T13:51:45.846+0000] {logging_mixin.py:188} INFO - [2025-06-06T13:51:45.835+0000] {dag.py:3823} INFO - Setting next_dagrun for dag_with_python_requirements to 2025-06-06 00:00:00+00:00, run_after=2025-06-07 00:00:00+00:00
[2025-06-06T13:51:45.976+0000] {processor.py:183} INFO - Processing /opt/airflow/dags/dag_with_python_requirements.py took 0.949 seconds
[2025-06-06T14:26:50.662+0000] {processor.py:161} INFO - Started process (PID=8669) to work on /opt/airflow/dags/dag_with_python_requirements.py
[2025-06-06T14:26:50.667+0000] {processor.py:830} INFO - Processing file /opt/airflow/dags/dag_with_python_requirements.py for tasks to queue
[2025-06-06T14:26:50.676+0000] {logging_mixin.py:188} INFO - [2025-06-06T14:26:50.676+0000] {dagbag.py:538} INFO - Filling up the DagBag from /opt/airflow/dags/dag_with_python_requirements.py
[2025-06-06T14:26:50.765+0000] {processor.py:840} INFO - DAG(s) 'dag_with_python_requirements' retrieved from /opt/airflow/dags/dag_with_python_requirements.py
[2025-06-06T14:26:50.916+0000] {logging_mixin.py:188} INFO - [2025-06-06T14:26:50.916+0000] {dag.py:3036} INFO - Sync 1 DAGs
[2025-06-06T14:26:51.007+0000] {logging_mixin.py:188} INFO - [2025-06-06T14:26:51.006+0000] {dag.py:3823} INFO - Setting next_dagrun for dag_with_python_requirements to 2025-06-06 00:00:00+00:00, run_after=2025-06-07 00:00:00+00:00
[2025-06-06T14:26:51.074+0000] {processor.py:183} INFO - Processing /opt/airflow/dags/dag_with_python_requirements.py took 0.435 seconds
[2025-06-06T14:27:21.788+0000] {processor.py:161} INFO - Started process (PID=8692) to work on /opt/airflow/dags/dag_with_python_requirements.py
[2025-06-06T14:27:21.797+0000] {processor.py:830} INFO - Processing file /opt/airflow/dags/dag_with_python_requirements.py for tasks to queue
[2025-06-06T14:27:21.803+0000] {logging_mixin.py:188} INFO - [2025-06-06T14:27:21.801+0000] {dagbag.py:538} INFO - Filling up the DagBag from /opt/airflow/dags/dag_with_python_requirements.py
[2025-06-06T14:27:21.870+0000] {processor.py:840} INFO - DAG(s) 'dag_with_python_requirements' retrieved from /opt/airflow/dags/dag_with_python_requirements.py
[2025-06-06T14:27:21.917+0000] {logging_mixin.py:188} INFO - [2025-06-06T14:27:21.917+0000] {dag.py:3036} INFO - Sync 1 DAGs
[2025-06-06T14:27:21.960+0000] {logging_mixin.py:188} INFO - [2025-06-06T14:27:21.960+0000] {dag.py:3823} INFO - Setting next_dagrun for dag_with_python_requirements to 2025-06-06 00:00:00+00:00, run_after=2025-06-07 00:00:00+00:00
[2025-06-06T14:27:22.005+0000] {processor.py:183} INFO - Processing /opt/airflow/dags/dag_with_python_requirements.py took 0.232 seconds
[2025-06-06T14:27:53.047+0000] {processor.py:161} INFO - Started process (PID=8715) to work on /opt/airflow/dags/dag_with_python_requirements.py
[2025-06-06T14:27:53.049+0000] {processor.py:830} INFO - Processing file /opt/airflow/dags/dag_with_python_requirements.py for tasks to queue
[2025-06-06T14:27:53.052+0000] {logging_mixin.py:188} INFO - [2025-06-06T14:27:53.051+0000] {dagbag.py:538} INFO - Filling up the DagBag from /opt/airflow/dags/dag_with_python_requirements.py
[2025-06-06T14:27:53.105+0000] {processor.py:840} INFO - DAG(s) 'dag_with_python_requirements' retrieved from /opt/airflow/dags/dag_with_python_requirements.py
[2025-06-06T14:27:53.158+0000] {logging_mixin.py:188} INFO - [2025-06-06T14:27:53.157+0000] {dag.py:3036} INFO - Sync 1 DAGs
[2025-06-06T14:27:53.194+0000] {logging_mixin.py:188} INFO - [2025-06-06T14:27:53.193+0000] {dag.py:3823} INFO - Setting next_dagrun for dag_with_python_requirements to 2025-06-06 00:00:00+00:00, run_after=2025-06-07 00:00:00+00:00
[2025-06-06T14:27:53.507+0000] {processor.py:183} INFO - Processing /opt/airflow/dags/dag_with_python_requirements.py took 0.464 seconds
[2025-06-06T14:28:24.637+0000] {processor.py:161} INFO - Started process (PID=8737) to work on /opt/airflow/dags/dag_with_python_requirements.py
[2025-06-06T14:28:24.642+0000] {processor.py:830} INFO - Processing file /opt/airflow/dags/dag_with_python_requirements.py for tasks to queue
[2025-06-06T14:28:24.648+0000] {logging_mixin.py:188} INFO - [2025-06-06T14:28:24.646+0000] {dagbag.py:538} INFO - Filling up the DagBag from /opt/airflow/dags/dag_with_python_requirements.py
[2025-06-06T14:28:24.742+0000] {processor.py:840} INFO - DAG(s) 'dag_with_python_requirements' retrieved from /opt/airflow/dags/dag_with_python_requirements.py
[2025-06-06T14:28:24.836+0000] {logging_mixin.py:188} INFO - [2025-06-06T14:28:24.835+0000] {dag.py:3036} INFO - Sync 1 DAGs
[2025-06-06T14:28:24.895+0000] {logging_mixin.py:188} INFO - [2025-06-06T14:28:24.894+0000] {dag.py:3823} INFO - Setting next_dagrun for dag_with_python_requirements to 2025-06-06 00:00:00+00:00, run_after=2025-06-07 00:00:00+00:00
[2025-06-06T14:28:24.992+0000] {processor.py:183} INFO - Processing /opt/airflow/dags/dag_with_python_requirements.py took 0.368 seconds
[2025-06-06T14:28:56.886+0000] {processor.py:161} INFO - Started process (PID=8760) to work on /opt/airflow/dags/dag_with_python_requirements.py
[2025-06-06T14:28:56.900+0000] {processor.py:830} INFO - Processing file /opt/airflow/dags/dag_with_python_requirements.py for tasks to queue
[2025-06-06T14:28:56.906+0000] {logging_mixin.py:188} INFO - [2025-06-06T14:28:56.903+0000] {dagbag.py:538} INFO - Filling up the DagBag from /opt/airflow/dags/dag_with_python_requirements.py
[2025-06-06T14:28:57.242+0000] {processor.py:840} INFO - DAG(s) 'dag_with_python_requirements' retrieved from /opt/airflow/dags/dag_with_python_requirements.py
[2025-06-06T14:28:57.359+0000] {logging_mixin.py:188} INFO - [2025-06-06T14:28:57.358+0000] {dag.py:3036} INFO - Sync 1 DAGs
[2025-06-06T14:28:57.446+0000] {logging_mixin.py:188} INFO - [2025-06-06T14:28:57.445+0000] {dag.py:3823} INFO - Setting next_dagrun for dag_with_python_requirements to 2025-06-06 00:00:00+00:00, run_after=2025-06-07 00:00:00+00:00
[2025-06-06T14:28:57.526+0000] {processor.py:183} INFO - Processing /opt/airflow/dags/dag_with_python_requirements.py took 0.657 seconds
[2025-06-06T14:29:28.385+0000] {processor.py:161} INFO - Started process (PID=8782) to work on /opt/airflow/dags/dag_with_python_requirements.py
[2025-06-06T14:29:28.389+0000] {processor.py:830} INFO - Processing file /opt/airflow/dags/dag_with_python_requirements.py for tasks to queue
[2025-06-06T14:29:28.393+0000] {logging_mixin.py:188} INFO - [2025-06-06T14:29:28.392+0000] {dagbag.py:538} INFO - Filling up the DagBag from /opt/airflow/dags/dag_with_python_requirements.py
[2025-06-06T14:29:28.471+0000] {processor.py:840} INFO - DAG(s) 'dag_with_python_requirements' retrieved from /opt/airflow/dags/dag_with_python_requirements.py
[2025-06-06T14:29:28.579+0000] {logging_mixin.py:188} INFO - [2025-06-06T14:29:28.578+0000] {dag.py:3036} INFO - Sync 1 DAGs
[2025-06-06T14:29:28.717+0000] {logging_mixin.py:188} INFO - [2025-06-06T14:29:28.717+0000] {dag.py:3823} INFO - Setting next_dagrun for dag_with_python_requirements to 2025-06-06 00:00:00+00:00, run_after=2025-06-07 00:00:00+00:00
[2025-06-06T14:29:28.838+0000] {processor.py:183} INFO - Processing /opt/airflow/dags/dag_with_python_requirements.py took 0.465 seconds
[2025-06-06T14:30:05.154+0000] {processor.py:161} INFO - Started process (PID=8808) to work on /opt/airflow/dags/dag_with_python_requirements.py
[2025-06-06T14:30:05.158+0000] {processor.py:830} INFO - Processing file /opt/airflow/dags/dag_with_python_requirements.py for tasks to queue
[2025-06-06T14:30:05.167+0000] {logging_mixin.py:188} INFO - [2025-06-06T14:30:05.166+0000] {dagbag.py:538} INFO - Filling up the DagBag from /opt/airflow/dags/dag_with_python_requirements.py
[2025-06-06T14:30:05.403+0000] {processor.py:840} INFO - DAG(s) 'dag_with_python_requirements' retrieved from /opt/airflow/dags/dag_with_python_requirements.py
[2025-06-06T14:30:05.622+0000] {logging_mixin.py:188} INFO - [2025-06-06T14:30:05.621+0000] {dag.py:3036} INFO - Sync 1 DAGs
[2025-06-06T14:30:05.850+0000] {logging_mixin.py:188} INFO - [2025-06-06T14:30:05.849+0000] {dag.py:3823} INFO - Setting next_dagrun for dag_with_python_requirements to 2025-06-06 00:00:00+00:00, run_after=2025-06-07 00:00:00+00:00
[2025-06-06T14:30:06.044+0000] {processor.py:183} INFO - Processing /opt/airflow/dags/dag_with_python_requirements.py took 0.897 seconds
[2025-06-06T14:30:37.524+0000] {processor.py:161} INFO - Started process (PID=8831) to work on /opt/airflow/dags/dag_with_python_requirements.py
[2025-06-06T14:30:37.527+0000] {processor.py:830} INFO - Processing file /opt/airflow/dags/dag_with_python_requirements.py for tasks to queue
[2025-06-06T14:30:37.543+0000] {logging_mixin.py:188} INFO - [2025-06-06T14:30:37.535+0000] {dagbag.py:538} INFO - Filling up the DagBag from /opt/airflow/dags/dag_with_python_requirements.py
[2025-06-06T14:30:37.841+0000] {processor.py:840} INFO - DAG(s) 'dag_with_python_requirements' retrieved from /opt/airflow/dags/dag_with_python_requirements.py
[2025-06-06T14:30:37.981+0000] {logging_mixin.py:188} INFO - [2025-06-06T14:30:37.980+0000] {dag.py:3036} INFO - Sync 1 DAGs
[2025-06-06T14:30:38.070+0000] {logging_mixin.py:188} INFO - [2025-06-06T14:30:38.069+0000] {dag.py:3823} INFO - Setting next_dagrun for dag_with_python_requirements to 2025-06-06 00:00:00+00:00, run_after=2025-06-07 00:00:00+00:00
[2025-06-06T14:30:38.162+0000] {processor.py:183} INFO - Processing /opt/airflow/dags/dag_with_python_requirements.py took 0.646 seconds
[2025-06-06T14:31:09.330+0000] {processor.py:161} INFO - Started process (PID=8854) to work on /opt/airflow/dags/dag_with_python_requirements.py
[2025-06-06T14:31:09.335+0000] {processor.py:830} INFO - Processing file /opt/airflow/dags/dag_with_python_requirements.py for tasks to queue
[2025-06-06T14:31:09.340+0000] {logging_mixin.py:188} INFO - [2025-06-06T14:31:09.338+0000] {dagbag.py:538} INFO - Filling up the DagBag from /opt/airflow/dags/dag_with_python_requirements.py
[2025-06-06T14:31:09.395+0000] {processor.py:840} INFO - DAG(s) 'dag_with_python_requirements' retrieved from /opt/airflow/dags/dag_with_python_requirements.py
[2025-06-06T14:31:09.509+0000] {logging_mixin.py:188} INFO - [2025-06-06T14:31:09.508+0000] {dag.py:3036} INFO - Sync 1 DAGs
[2025-06-06T14:31:09.618+0000] {logging_mixin.py:188} INFO - [2025-06-06T14:31:09.617+0000] {dag.py:3823} INFO - Setting next_dagrun for dag_with_python_requirements to 2025-06-06 00:00:00+00:00, run_after=2025-06-07 00:00:00+00:00
[2025-06-06T14:31:09.713+0000] {processor.py:183} INFO - Processing /opt/airflow/dags/dag_with_python_requirements.py took 0.390 seconds
[2025-06-06T14:31:40.253+0000] {processor.py:161} INFO - Started process (PID=8877) to work on /opt/airflow/dags/dag_with_python_requirements.py
[2025-06-06T14:31:40.257+0000] {processor.py:830} INFO - Processing file /opt/airflow/dags/dag_with_python_requirements.py for tasks to queue
[2025-06-06T14:31:40.261+0000] {logging_mixin.py:188} INFO - [2025-06-06T14:31:40.260+0000] {dagbag.py:538} INFO - Filling up the DagBag from /opt/airflow/dags/dag_with_python_requirements.py
[2025-06-06T14:31:40.360+0000] {processor.py:840} INFO - DAG(s) 'dag_with_python_requirements' retrieved from /opt/airflow/dags/dag_with_python_requirements.py
[2025-06-06T14:31:40.479+0000] {logging_mixin.py:188} INFO - [2025-06-06T14:31:40.477+0000] {dag.py:3036} INFO - Sync 1 DAGs
[2025-06-06T14:31:40.596+0000] {logging_mixin.py:188} INFO - [2025-06-06T14:31:40.595+0000] {dag.py:3823} INFO - Setting next_dagrun for dag_with_python_requirements to 2025-06-06 00:00:00+00:00, run_after=2025-06-07 00:00:00+00:00
[2025-06-06T14:31:40.641+0000] {processor.py:183} INFO - Processing /opt/airflow/dags/dag_with_python_requirements.py took 0.397 seconds
[2025-06-06T14:32:11.700+0000] {processor.py:161} INFO - Started process (PID=8900) to work on /opt/airflow/dags/dag_with_python_requirements.py
[2025-06-06T14:32:11.703+0000] {processor.py:830} INFO - Processing file /opt/airflow/dags/dag_with_python_requirements.py for tasks to queue
[2025-06-06T14:32:11.707+0000] {logging_mixin.py:188} INFO - [2025-06-06T14:32:11.706+0000] {dagbag.py:538} INFO - Filling up the DagBag from /opt/airflow/dags/dag_with_python_requirements.py
[2025-06-06T14:32:11.795+0000] {processor.py:840} INFO - DAG(s) 'dag_with_python_requirements' retrieved from /opt/airflow/dags/dag_with_python_requirements.py
[2025-06-06T14:32:11.879+0000] {logging_mixin.py:188} INFO - [2025-06-06T14:32:11.878+0000] {dag.py:3036} INFO - Sync 1 DAGs
[2025-06-06T14:32:11.932+0000] {logging_mixin.py:188} INFO - [2025-06-06T14:32:11.932+0000] {dag.py:3823} INFO - Setting next_dagrun for dag_with_python_requirements to 2025-06-06 00:00:00+00:00, run_after=2025-06-07 00:00:00+00:00
[2025-06-06T14:32:12.007+0000] {processor.py:183} INFO - Processing /opt/airflow/dags/dag_with_python_requirements.py took 0.314 seconds
[2025-06-06T14:32:42.610+0000] {processor.py:161} INFO - Started process (PID=8922) to work on /opt/airflow/dags/dag_with_python_requirements.py
[2025-06-06T14:32:42.614+0000] {processor.py:830} INFO - Processing file /opt/airflow/dags/dag_with_python_requirements.py for tasks to queue
[2025-06-06T14:32:42.621+0000] {logging_mixin.py:188} INFO - [2025-06-06T14:32:42.619+0000] {dagbag.py:538} INFO - Filling up the DagBag from /opt/airflow/dags/dag_with_python_requirements.py
[2025-06-06T14:32:42.766+0000] {processor.py:840} INFO - DAG(s) 'dag_with_python_requirements' retrieved from /opt/airflow/dags/dag_with_python_requirements.py
[2025-06-06T14:32:42.848+0000] {logging_mixin.py:188} INFO - [2025-06-06T14:32:42.848+0000] {dag.py:3036} INFO - Sync 1 DAGs
[2025-06-06T14:32:42.888+0000] {logging_mixin.py:188} INFO - [2025-06-06T14:32:42.887+0000] {dag.py:3823} INFO - Setting next_dagrun for dag_with_python_requirements to 2025-06-06 00:00:00+00:00, run_after=2025-06-07 00:00:00+00:00
[2025-06-06T14:32:42.944+0000] {processor.py:183} INFO - Processing /opt/airflow/dags/dag_with_python_requirements.py took 0.342 seconds
[2025-06-06T14:33:13.788+0000] {processor.py:161} INFO - Started process (PID=8952) to work on /opt/airflow/dags/dag_with_python_requirements.py
[2025-06-06T14:33:13.790+0000] {processor.py:830} INFO - Processing file /opt/airflow/dags/dag_with_python_requirements.py for tasks to queue
[2025-06-06T14:33:13.793+0000] {logging_mixin.py:188} INFO - [2025-06-06T14:33:13.792+0000] {dagbag.py:538} INFO - Filling up the DagBag from /opt/airflow/dags/dag_with_python_requirements.py
[2025-06-06T14:33:13.846+0000] {processor.py:840} INFO - DAG(s) 'dag_with_python_requirements' retrieved from /opt/airflow/dags/dag_with_python_requirements.py
[2025-06-06T14:33:13.902+0000] {logging_mixin.py:188} INFO - [2025-06-06T14:33:13.901+0000] {dag.py:3036} INFO - Sync 1 DAGs
[2025-06-06T14:33:13.949+0000] {logging_mixin.py:188} INFO - [2025-06-06T14:33:13.948+0000] {dag.py:3823} INFO - Setting next_dagrun for dag_with_python_requirements to 2025-06-06 00:00:00+00:00, run_after=2025-06-07 00:00:00+00:00
[2025-06-06T14:33:14.058+0000] {processor.py:183} INFO - Processing /opt/airflow/dags/dag_with_python_requirements.py took 0.277 seconds
[2025-06-06T14:33:45.316+0000] {processor.py:161} INFO - Started process (PID=8974) to work on /opt/airflow/dags/dag_with_python_requirements.py
[2025-06-06T14:33:45.319+0000] {processor.py:830} INFO - Processing file /opt/airflow/dags/dag_with_python_requirements.py for tasks to queue
[2025-06-06T14:33:45.322+0000] {logging_mixin.py:188} INFO - [2025-06-06T14:33:45.321+0000] {dagbag.py:538} INFO - Filling up the DagBag from /opt/airflow/dags/dag_with_python_requirements.py
[2025-06-06T14:33:45.370+0000] {processor.py:840} INFO - DAG(s) 'dag_with_python_requirements' retrieved from /opt/airflow/dags/dag_with_python_requirements.py
[2025-06-06T14:33:45.422+0000] {logging_mixin.py:188} INFO - [2025-06-06T14:33:45.421+0000] {dag.py:3036} INFO - Sync 1 DAGs
[2025-06-06T14:33:45.467+0000] {logging_mixin.py:188} INFO - [2025-06-06T14:33:45.466+0000] {dag.py:3823} INFO - Setting next_dagrun for dag_with_python_requirements to 2025-06-06 00:00:00+00:00, run_after=2025-06-07 00:00:00+00:00
[2025-06-06T14:33:45.504+0000] {processor.py:183} INFO - Processing /opt/airflow/dags/dag_with_python_requirements.py took 0.199 seconds
[2025-06-06T14:34:16.612+0000] {processor.py:161} INFO - Started process (PID=8997) to work on /opt/airflow/dags/dag_with_python_requirements.py
[2025-06-06T14:34:16.614+0000] {processor.py:830} INFO - Processing file /opt/airflow/dags/dag_with_python_requirements.py for tasks to queue
[2025-06-06T14:34:16.617+0000] {logging_mixin.py:188} INFO - [2025-06-06T14:34:16.617+0000] {dagbag.py:538} INFO - Filling up the DagBag from /opt/airflow/dags/dag_with_python_requirements.py
[2025-06-06T14:34:16.746+0000] {processor.py:840} INFO - DAG(s) 'dag_with_python_requirements' retrieved from /opt/airflow/dags/dag_with_python_requirements.py
[2025-06-06T14:34:16.845+0000] {logging_mixin.py:188} INFO - [2025-06-06T14:34:16.845+0000] {dag.py:3036} INFO - Sync 1 DAGs
[2025-06-06T14:34:16.891+0000] {logging_mixin.py:188} INFO - [2025-06-06T14:34:16.890+0000] {dag.py:3823} INFO - Setting next_dagrun for dag_with_python_requirements to 2025-06-06 00:00:00+00:00, run_after=2025-06-07 00:00:00+00:00
[2025-06-06T14:34:16.940+0000] {processor.py:183} INFO - Processing /opt/airflow/dags/dag_with_python_requirements.py took 0.334 seconds
[2025-06-06T14:34:47.585+0000] {processor.py:161} INFO - Started process (PID=9020) to work on /opt/airflow/dags/dag_with_python_requirements.py
[2025-06-06T14:34:47.589+0000] {processor.py:830} INFO - Processing file /opt/airflow/dags/dag_with_python_requirements.py for tasks to queue
[2025-06-06T14:34:47.591+0000] {logging_mixin.py:188} INFO - [2025-06-06T14:34:47.591+0000] {dagbag.py:538} INFO - Filling up the DagBag from /opt/airflow/dags/dag_with_python_requirements.py
[2025-06-06T14:34:47.631+0000] {processor.py:840} INFO - DAG(s) 'dag_with_python_requirements' retrieved from /opt/airflow/dags/dag_with_python_requirements.py
[2025-06-06T14:34:47.673+0000] {logging_mixin.py:188} INFO - [2025-06-06T14:34:47.673+0000] {dag.py:3036} INFO - Sync 1 DAGs
[2025-06-06T14:34:47.710+0000] {logging_mixin.py:188} INFO - [2025-06-06T14:34:47.710+0000] {dag.py:3823} INFO - Setting next_dagrun for dag_with_python_requirements to 2025-06-06 00:00:00+00:00, run_after=2025-06-07 00:00:00+00:00
[2025-06-06T14:34:47.751+0000] {processor.py:183} INFO - Processing /opt/airflow/dags/dag_with_python_requirements.py took 0.172 seconds
[2025-06-06T14:35:18.867+0000] {processor.py:161} INFO - Started process (PID=9044) to work on /opt/airflow/dags/dag_with_python_requirements.py
[2025-06-06T14:35:18.870+0000] {processor.py:830} INFO - Processing file /opt/airflow/dags/dag_with_python_requirements.py for tasks to queue
[2025-06-06T14:35:18.873+0000] {logging_mixin.py:188} INFO - [2025-06-06T14:35:18.872+0000] {dagbag.py:538} INFO - Filling up the DagBag from /opt/airflow/dags/dag_with_python_requirements.py
[2025-06-06T14:35:18.935+0000] {processor.py:840} INFO - DAG(s) 'dag_with_python_requirements' retrieved from /opt/airflow/dags/dag_with_python_requirements.py
[2025-06-06T14:35:19.039+0000] {logging_mixin.py:188} INFO - [2025-06-06T14:35:19.039+0000] {dag.py:3036} INFO - Sync 1 DAGs
[2025-06-06T14:35:19.110+0000] {logging_mixin.py:188} INFO - [2025-06-06T14:35:19.109+0000] {dag.py:3823} INFO - Setting next_dagrun for dag_with_python_requirements to 2025-06-06 00:00:00+00:00, run_after=2025-06-07 00:00:00+00:00
[2025-06-06T14:35:19.176+0000] {processor.py:183} INFO - Processing /opt/airflow/dags/dag_with_python_requirements.py took 0.321 seconds
[2025-06-06T14:35:50.307+0000] {processor.py:161} INFO - Started process (PID=9067) to work on /opt/airflow/dags/dag_with_python_requirements.py
[2025-06-06T14:35:50.310+0000] {processor.py:830} INFO - Processing file /opt/airflow/dags/dag_with_python_requirements.py for tasks to queue
[2025-06-06T14:35:50.313+0000] {logging_mixin.py:188} INFO - [2025-06-06T14:35:50.312+0000] {dagbag.py:538} INFO - Filling up the DagBag from /opt/airflow/dags/dag_with_python_requirements.py
[2025-06-06T14:35:50.373+0000] {processor.py:840} INFO - DAG(s) 'dag_with_python_requirements' retrieved from /opt/airflow/dags/dag_with_python_requirements.py
[2025-06-06T14:35:50.452+0000] {logging_mixin.py:188} INFO - [2025-06-06T14:35:50.452+0000] {dag.py:3036} INFO - Sync 1 DAGs
[2025-06-06T14:35:50.491+0000] {logging_mixin.py:188} INFO - [2025-06-06T14:35:50.491+0000] {dag.py:3823} INFO - Setting next_dagrun for dag_with_python_requirements to 2025-06-06 00:00:00+00:00, run_after=2025-06-07 00:00:00+00:00
[2025-06-06T14:35:50.547+0000] {processor.py:183} INFO - Processing /opt/airflow/dags/dag_with_python_requirements.py took 0.250 seconds
[2025-06-06T14:36:22.281+0000] {processor.py:161} INFO - Started process (PID=9091) to work on /opt/airflow/dags/dag_with_python_requirements.py
[2025-06-06T14:36:22.283+0000] {processor.py:830} INFO - Processing file /opt/airflow/dags/dag_with_python_requirements.py for tasks to queue
[2025-06-06T14:36:22.288+0000] {logging_mixin.py:188} INFO - [2025-06-06T14:36:22.287+0000] {dagbag.py:538} INFO - Filling up the DagBag from /opt/airflow/dags/dag_with_python_requirements.py
[2025-06-06T14:36:22.386+0000] {processor.py:840} INFO - DAG(s) 'dag_with_python_requirements' retrieved from /opt/airflow/dags/dag_with_python_requirements.py
[2025-06-06T14:36:22.510+0000] {logging_mixin.py:188} INFO - [2025-06-06T14:36:22.509+0000] {dag.py:3036} INFO - Sync 1 DAGs
[2025-06-06T14:36:22.558+0000] {logging_mixin.py:188} INFO - [2025-06-06T14:36:22.557+0000] {dag.py:3823} INFO - Setting next_dagrun for dag_with_python_requirements to 2025-06-06 00:00:00+00:00, run_after=2025-06-07 00:00:00+00:00
[2025-06-06T14:36:22.615+0000] {processor.py:183} INFO - Processing /opt/airflow/dags/dag_with_python_requirements.py took 0.345 seconds
[2025-06-06T14:36:53.374+0000] {processor.py:161} INFO - Started process (PID=9114) to work on /opt/airflow/dags/dag_with_python_requirements.py
[2025-06-06T14:36:53.377+0000] {processor.py:830} INFO - Processing file /opt/airflow/dags/dag_with_python_requirements.py for tasks to queue
[2025-06-06T14:36:53.379+0000] {logging_mixin.py:188} INFO - [2025-06-06T14:36:53.379+0000] {dagbag.py:538} INFO - Filling up the DagBag from /opt/airflow/dags/dag_with_python_requirements.py
[2025-06-06T14:36:53.425+0000] {processor.py:840} INFO - DAG(s) 'dag_with_python_requirements' retrieved from /opt/airflow/dags/dag_with_python_requirements.py
[2025-06-06T14:36:53.478+0000] {logging_mixin.py:188} INFO - [2025-06-06T14:36:53.477+0000] {dag.py:3036} INFO - Sync 1 DAGs
[2025-06-06T14:36:53.524+0000] {logging_mixin.py:188} INFO - [2025-06-06T14:36:53.524+0000] {dag.py:3823} INFO - Setting next_dagrun for dag_with_python_requirements to 2025-06-06 00:00:00+00:00, run_after=2025-06-07 00:00:00+00:00
[2025-06-06T14:36:53.570+0000] {processor.py:183} INFO - Processing /opt/airflow/dags/dag_with_python_requirements.py took 0.202 seconds
[2025-06-06T14:37:25.087+0000] {processor.py:161} INFO - Started process (PID=9137) to work on /opt/airflow/dags/dag_with_python_requirements.py
[2025-06-06T14:37:25.091+0000] {processor.py:830} INFO - Processing file /opt/airflow/dags/dag_with_python_requirements.py for tasks to queue
[2025-06-06T14:37:25.094+0000] {logging_mixin.py:188} INFO - [2025-06-06T14:37:25.093+0000] {dagbag.py:538} INFO - Filling up the DagBag from /opt/airflow/dags/dag_with_python_requirements.py
[2025-06-06T14:37:25.165+0000] {processor.py:840} INFO - DAG(s) 'dag_with_python_requirements' retrieved from /opt/airflow/dags/dag_with_python_requirements.py
[2025-06-06T14:37:25.222+0000] {logging_mixin.py:188} INFO - [2025-06-06T14:37:25.221+0000] {dag.py:3036} INFO - Sync 1 DAGs
[2025-06-06T14:37:25.287+0000] {logging_mixin.py:188} INFO - [2025-06-06T14:37:25.286+0000] {dag.py:3823} INFO - Setting next_dagrun for dag_with_python_requirements to 2025-06-06 00:00:00+00:00, run_after=2025-06-07 00:00:00+00:00
[2025-06-06T14:37:25.343+0000] {processor.py:183} INFO - Processing /opt/airflow/dags/dag_with_python_requirements.py took 0.264 seconds
[2025-06-06T14:37:56.190+0000] {processor.py:161} INFO - Started process (PID=9159) to work on /opt/airflow/dags/dag_with_python_requirements.py
[2025-06-06T14:37:56.194+0000] {processor.py:830} INFO - Processing file /opt/airflow/dags/dag_with_python_requirements.py for tasks to queue
[2025-06-06T14:37:56.199+0000] {logging_mixin.py:188} INFO - [2025-06-06T14:37:56.198+0000] {dagbag.py:538} INFO - Filling up the DagBag from /opt/airflow/dags/dag_with_python_requirements.py
[2025-06-06T14:37:56.255+0000] {processor.py:840} INFO - DAG(s) 'dag_with_python_requirements' retrieved from /opt/airflow/dags/dag_with_python_requirements.py
[2025-06-06T14:37:56.330+0000] {logging_mixin.py:188} INFO - [2025-06-06T14:37:56.330+0000] {dag.py:3036} INFO - Sync 1 DAGs
[2025-06-06T14:37:56.391+0000] {logging_mixin.py:188} INFO - [2025-06-06T14:37:56.391+0000] {dag.py:3823} INFO - Setting next_dagrun for dag_with_python_requirements to 2025-06-06 00:00:00+00:00, run_after=2025-06-07 00:00:00+00:00
[2025-06-06T14:37:56.457+0000] {processor.py:183} INFO - Processing /opt/airflow/dags/dag_with_python_requirements.py took 0.275 seconds
[2025-06-06T14:38:26.716+0000] {processor.py:161} INFO - Started process (PID=9181) to work on /opt/airflow/dags/dag_with_python_requirements.py
[2025-06-06T14:38:26.721+0000] {processor.py:830} INFO - Processing file /opt/airflow/dags/dag_with_python_requirements.py for tasks to queue
[2025-06-06T14:38:26.735+0000] {logging_mixin.py:188} INFO - [2025-06-06T14:38:26.734+0000] {dagbag.py:538} INFO - Filling up the DagBag from /opt/airflow/dags/dag_with_python_requirements.py
[2025-06-06T14:38:26.907+0000] {processor.py:840} INFO - DAG(s) 'dag_with_python_requirements' retrieved from /opt/airflow/dags/dag_with_python_requirements.py
[2025-06-06T14:38:26.993+0000] {logging_mixin.py:188} INFO - [2025-06-06T14:38:26.992+0000] {dag.py:3036} INFO - Sync 1 DAGs
[2025-06-06T14:38:27.055+0000] {logging_mixin.py:188} INFO - [2025-06-06T14:38:27.055+0000] {dag.py:3823} INFO - Setting next_dagrun for dag_with_python_requirements to 2025-06-06 00:00:00+00:00, run_after=2025-06-07 00:00:00+00:00
[2025-06-06T14:38:27.132+0000] {processor.py:183} INFO - Processing /opt/airflow/dags/dag_with_python_requirements.py took 0.422 seconds
[2025-06-06T14:38:57.615+0000] {processor.py:161} INFO - Started process (PID=9203) to work on /opt/airflow/dags/dag_with_python_requirements.py
[2025-06-06T14:38:57.618+0000] {processor.py:830} INFO - Processing file /opt/airflow/dags/dag_with_python_requirements.py for tasks to queue
[2025-06-06T14:38:57.623+0000] {logging_mixin.py:188} INFO - [2025-06-06T14:38:57.622+0000] {dagbag.py:538} INFO - Filling up the DagBag from /opt/airflow/dags/dag_with_python_requirements.py
[2025-06-06T14:38:57.673+0000] {processor.py:840} INFO - DAG(s) 'dag_with_python_requirements' retrieved from /opt/airflow/dags/dag_with_python_requirements.py
[2025-06-06T14:38:57.761+0000] {logging_mixin.py:188} INFO - [2025-06-06T14:38:57.761+0000] {dag.py:3036} INFO - Sync 1 DAGs
[2025-06-06T14:38:57.821+0000] {logging_mixin.py:188} INFO - [2025-06-06T14:38:57.821+0000] {dag.py:3823} INFO - Setting next_dagrun for dag_with_python_requirements to 2025-06-06 00:00:00+00:00, run_after=2025-06-07 00:00:00+00:00
[2025-06-06T14:38:57.895+0000] {processor.py:183} INFO - Processing /opt/airflow/dags/dag_with_python_requirements.py took 0.288 seconds
[2025-06-06T14:39:28.482+0000] {processor.py:161} INFO - Started process (PID=9225) to work on /opt/airflow/dags/dag_with_python_requirements.py
[2025-06-06T14:39:28.487+0000] {processor.py:830} INFO - Processing file /opt/airflow/dags/dag_with_python_requirements.py for tasks to queue
[2025-06-06T14:39:28.491+0000] {logging_mixin.py:188} INFO - [2025-06-06T14:39:28.490+0000] {dagbag.py:538} INFO - Filling up the DagBag from /opt/airflow/dags/dag_with_python_requirements.py
[2025-06-06T14:39:28.565+0000] {processor.py:840} INFO - DAG(s) 'dag_with_python_requirements' retrieved from /opt/airflow/dags/dag_with_python_requirements.py
[2025-06-06T14:39:28.632+0000] {logging_mixin.py:188} INFO - [2025-06-06T14:39:28.630+0000] {dag.py:3036} INFO - Sync 1 DAGs
[2025-06-06T14:39:28.704+0000] {logging_mixin.py:188} INFO - [2025-06-06T14:39:28.703+0000] {dag.py:3823} INFO - Setting next_dagrun for dag_with_python_requirements to 2025-06-06 00:00:00+00:00, run_after=2025-06-07 00:00:00+00:00
[2025-06-06T14:39:28.757+0000] {processor.py:183} INFO - Processing /opt/airflow/dags/dag_with_python_requirements.py took 0.282 seconds
[2025-06-06T14:39:59.029+0000] {processor.py:161} INFO - Started process (PID=9247) to work on /opt/airflow/dags/dag_with_python_requirements.py
[2025-06-06T14:39:59.032+0000] {processor.py:830} INFO - Processing file /opt/airflow/dags/dag_with_python_requirements.py for tasks to queue
[2025-06-06T14:39:59.035+0000] {logging_mixin.py:188} INFO - [2025-06-06T14:39:59.035+0000] {dagbag.py:538} INFO - Filling up the DagBag from /opt/airflow/dags/dag_with_python_requirements.py
[2025-06-06T14:39:59.110+0000] {processor.py:840} INFO - DAG(s) 'dag_with_python_requirements' retrieved from /opt/airflow/dags/dag_with_python_requirements.py
[2025-06-06T14:39:59.220+0000] {logging_mixin.py:188} INFO - [2025-06-06T14:39:59.220+0000] {dag.py:3036} INFO - Sync 1 DAGs
[2025-06-06T14:39:59.297+0000] {logging_mixin.py:188} INFO - [2025-06-06T14:39:59.296+0000] {dag.py:3823} INFO - Setting next_dagrun for dag_with_python_requirements to 2025-06-06 00:00:00+00:00, run_after=2025-06-07 00:00:00+00:00
[2025-06-06T14:39:59.405+0000] {processor.py:183} INFO - Processing /opt/airflow/dags/dag_with_python_requirements.py took 0.383 seconds
[2025-06-06T14:40:29.647+0000] {processor.py:161} INFO - Started process (PID=9268) to work on /opt/airflow/dags/dag_with_python_requirements.py
[2025-06-06T14:40:29.650+0000] {processor.py:830} INFO - Processing file /opt/airflow/dags/dag_with_python_requirements.py for tasks to queue
[2025-06-06T14:40:29.651+0000] {logging_mixin.py:188} INFO - [2025-06-06T14:40:29.651+0000] {dagbag.py:538} INFO - Filling up the DagBag from /opt/airflow/dags/dag_with_python_requirements.py
[2025-06-06T14:40:29.703+0000] {processor.py:840} INFO - DAG(s) 'dag_with_python_requirements' retrieved from /opt/airflow/dags/dag_with_python_requirements.py
[2025-06-06T14:40:29.754+0000] {logging_mixin.py:188} INFO - [2025-06-06T14:40:29.754+0000] {dag.py:3036} INFO - Sync 1 DAGs
[2025-06-06T14:40:29.789+0000] {logging_mixin.py:188} INFO - [2025-06-06T14:40:29.789+0000] {dag.py:3823} INFO - Setting next_dagrun for dag_with_python_requirements to 2025-06-06 00:00:00+00:00, run_after=2025-06-07 00:00:00+00:00
[2025-06-06T14:40:29.850+0000] {processor.py:183} INFO - Processing /opt/airflow/dags/dag_with_python_requirements.py took 0.209 seconds
[2025-06-06T14:41:00.431+0000] {processor.py:161} INFO - Started process (PID=9291) to work on /opt/airflow/dags/dag_with_python_requirements.py
[2025-06-06T14:41:00.436+0000] {processor.py:830} INFO - Processing file /opt/airflow/dags/dag_with_python_requirements.py for tasks to queue
[2025-06-06T14:41:00.441+0000] {logging_mixin.py:188} INFO - [2025-06-06T14:41:00.438+0000] {dagbag.py:538} INFO - Filling up the DagBag from /opt/airflow/dags/dag_with_python_requirements.py
[2025-06-06T14:41:00.503+0000] {processor.py:840} INFO - DAG(s) 'dag_with_python_requirements' retrieved from /opt/airflow/dags/dag_with_python_requirements.py
[2025-06-06T14:41:00.549+0000] {logging_mixin.py:188} INFO - [2025-06-06T14:41:00.548+0000] {dag.py:3036} INFO - Sync 1 DAGs
[2025-06-06T14:41:00.608+0000] {logging_mixin.py:188} INFO - [2025-06-06T14:41:00.608+0000] {dag.py:3823} INFO - Setting next_dagrun for dag_with_python_requirements to 2025-06-06 00:00:00+00:00, run_after=2025-06-07 00:00:00+00:00
[2025-06-06T14:41:00.647+0000] {processor.py:183} INFO - Processing /opt/airflow/dags/dag_with_python_requirements.py took 0.221 seconds
[2025-06-06T14:41:31.469+0000] {processor.py:161} INFO - Started process (PID=9314) to work on /opt/airflow/dags/dag_with_python_requirements.py
[2025-06-06T14:41:31.474+0000] {processor.py:830} INFO - Processing file /opt/airflow/dags/dag_with_python_requirements.py for tasks to queue
[2025-06-06T14:41:31.478+0000] {logging_mixin.py:188} INFO - [2025-06-06T14:41:31.477+0000] {dagbag.py:538} INFO - Filling up the DagBag from /opt/airflow/dags/dag_with_python_requirements.py
[2025-06-06T14:41:31.581+0000] {processor.py:840} INFO - DAG(s) 'dag_with_python_requirements' retrieved from /opt/airflow/dags/dag_with_python_requirements.py
[2025-06-06T14:41:31.678+0000] {logging_mixin.py:188} INFO - [2025-06-06T14:41:31.677+0000] {dag.py:3036} INFO - Sync 1 DAGs
[2025-06-06T14:41:31.739+0000] {logging_mixin.py:188} INFO - [2025-06-06T14:41:31.738+0000] {dag.py:3823} INFO - Setting next_dagrun for dag_with_python_requirements to 2025-06-06 00:00:00+00:00, run_after=2025-06-07 00:00:00+00:00
[2025-06-06T14:41:31.783+0000] {processor.py:183} INFO - Processing /opt/airflow/dags/dag_with_python_requirements.py took 0.325 seconds
[2025-06-06T14:42:02.221+0000] {processor.py:161} INFO - Started process (PID=9337) to work on /opt/airflow/dags/dag_with_python_requirements.py
[2025-06-06T14:42:02.224+0000] {processor.py:830} INFO - Processing file /opt/airflow/dags/dag_with_python_requirements.py for tasks to queue
[2025-06-06T14:42:02.226+0000] {logging_mixin.py:188} INFO - [2025-06-06T14:42:02.225+0000] {dagbag.py:538} INFO - Filling up the DagBag from /opt/airflow/dags/dag_with_python_requirements.py
[2025-06-06T14:42:02.286+0000] {processor.py:840} INFO - DAG(s) 'dag_with_python_requirements' retrieved from /opt/airflow/dags/dag_with_python_requirements.py
[2025-06-06T14:42:02.341+0000] {logging_mixin.py:188} INFO - [2025-06-06T14:42:02.341+0000] {dag.py:3036} INFO - Sync 1 DAGs
[2025-06-06T14:42:02.397+0000] {logging_mixin.py:188} INFO - [2025-06-06T14:42:02.397+0000] {dag.py:3823} INFO - Setting next_dagrun for dag_with_python_requirements to 2025-06-06 00:00:00+00:00, run_after=2025-06-07 00:00:00+00:00
[2025-06-06T14:42:02.431+0000] {processor.py:183} INFO - Processing /opt/airflow/dags/dag_with_python_requirements.py took 0.219 seconds
[2025-06-06T14:42:32.649+0000] {processor.py:161} INFO - Started process (PID=9360) to work on /opt/airflow/dags/dag_with_python_requirements.py
[2025-06-06T14:42:32.652+0000] {processor.py:830} INFO - Processing file /opt/airflow/dags/dag_with_python_requirements.py for tasks to queue
[2025-06-06T14:42:32.655+0000] {logging_mixin.py:188} INFO - [2025-06-06T14:42:32.654+0000] {dagbag.py:538} INFO - Filling up the DagBag from /opt/airflow/dags/dag_with_python_requirements.py
[2025-06-06T14:42:32.705+0000] {processor.py:840} INFO - DAG(s) 'dag_with_python_requirements' retrieved from /opt/airflow/dags/dag_with_python_requirements.py
[2025-06-06T14:42:32.758+0000] {logging_mixin.py:188} INFO - [2025-06-06T14:42:32.758+0000] {dag.py:3036} INFO - Sync 1 DAGs
[2025-06-06T14:42:32.800+0000] {logging_mixin.py:188} INFO - [2025-06-06T14:42:32.799+0000] {dag.py:3823} INFO - Setting next_dagrun for dag_with_python_requirements to 2025-06-06 00:00:00+00:00, run_after=2025-06-07 00:00:00+00:00
[2025-06-06T14:42:32.865+0000] {processor.py:183} INFO - Processing /opt/airflow/dags/dag_with_python_requirements.py took 0.222 seconds
[2025-06-06T14:43:03.696+0000] {processor.py:161} INFO - Started process (PID=9383) to work on /opt/airflow/dags/dag_with_python_requirements.py
[2025-06-06T14:43:03.700+0000] {processor.py:830} INFO - Processing file /opt/airflow/dags/dag_with_python_requirements.py for tasks to queue
[2025-06-06T14:43:03.702+0000] {logging_mixin.py:188} INFO - [2025-06-06T14:43:03.702+0000] {dagbag.py:538} INFO - Filling up the DagBag from /opt/airflow/dags/dag_with_python_requirements.py
[2025-06-06T14:43:03.812+0000] {processor.py:840} INFO - DAG(s) 'dag_with_python_requirements' retrieved from /opt/airflow/dags/dag_with_python_requirements.py
[2025-06-06T14:43:03.913+0000] {logging_mixin.py:188} INFO - [2025-06-06T14:43:03.912+0000] {dag.py:3036} INFO - Sync 1 DAGs
[2025-06-06T14:43:03.986+0000] {logging_mixin.py:188} INFO - [2025-06-06T14:43:03.985+0000] {dag.py:3823} INFO - Setting next_dagrun for dag_with_python_requirements to 2025-06-06 00:00:00+00:00, run_after=2025-06-07 00:00:00+00:00
[2025-06-06T14:43:04.071+0000] {processor.py:183} INFO - Processing /opt/airflow/dags/dag_with_python_requirements.py took 0.380 seconds
[2025-06-06T14:43:34.617+0000] {processor.py:161} INFO - Started process (PID=9406) to work on /opt/airflow/dags/dag_with_python_requirements.py
[2025-06-06T14:43:34.620+0000] {processor.py:830} INFO - Processing file /opt/airflow/dags/dag_with_python_requirements.py for tasks to queue
[2025-06-06T14:43:34.624+0000] {logging_mixin.py:188} INFO - [2025-06-06T14:43:34.623+0000] {dagbag.py:538} INFO - Filling up the DagBag from /opt/airflow/dags/dag_with_python_requirements.py
[2025-06-06T14:43:34.709+0000] {processor.py:840} INFO - DAG(s) 'dag_with_python_requirements' retrieved from /opt/airflow/dags/dag_with_python_requirements.py
[2025-06-06T14:43:34.791+0000] {logging_mixin.py:188} INFO - [2025-06-06T14:43:34.790+0000] {dag.py:3036} INFO - Sync 1 DAGs
[2025-06-06T14:43:34.918+0000] {logging_mixin.py:188} INFO - [2025-06-06T14:43:34.917+0000] {dag.py:3823} INFO - Setting next_dagrun for dag_with_python_requirements to 2025-06-06 00:00:00+00:00, run_after=2025-06-07 00:00:00+00:00
[2025-06-06T14:43:35.032+0000] {processor.py:183} INFO - Processing /opt/airflow/dags/dag_with_python_requirements.py took 0.427 seconds
[2025-06-06T14:44:05.646+0000] {processor.py:161} INFO - Started process (PID=9428) to work on /opt/airflow/dags/dag_with_python_requirements.py
[2025-06-06T14:44:05.652+0000] {processor.py:830} INFO - Processing file /opt/airflow/dags/dag_with_python_requirements.py for tasks to queue
[2025-06-06T14:44:05.656+0000] {logging_mixin.py:188} INFO - [2025-06-06T14:44:05.654+0000] {dagbag.py:538} INFO - Filling up the DagBag from /opt/airflow/dags/dag_with_python_requirements.py
[2025-06-06T14:44:05.720+0000] {processor.py:840} INFO - DAG(s) 'dag_with_python_requirements' retrieved from /opt/airflow/dags/dag_with_python_requirements.py
[2025-06-06T14:44:05.820+0000] {logging_mixin.py:188} INFO - [2025-06-06T14:44:05.820+0000] {dag.py:3036} INFO - Sync 1 DAGs
[2025-06-06T14:44:05.916+0000] {logging_mixin.py:188} INFO - [2025-06-06T14:44:05.916+0000] {dag.py:3823} INFO - Setting next_dagrun for dag_with_python_requirements to 2025-06-06 00:00:00+00:00, run_after=2025-06-07 00:00:00+00:00
[2025-06-06T14:44:05.994+0000] {processor.py:183} INFO - Processing /opt/airflow/dags/dag_with_python_requirements.py took 0.358 seconds
[2025-06-06T14:44:36.723+0000] {processor.py:161} INFO - Started process (PID=9451) to work on /opt/airflow/dags/dag_with_python_requirements.py
[2025-06-06T14:44:36.725+0000] {processor.py:830} INFO - Processing file /opt/airflow/dags/dag_with_python_requirements.py for tasks to queue
[2025-06-06T14:44:36.728+0000] {logging_mixin.py:188} INFO - [2025-06-06T14:44:36.727+0000] {dagbag.py:538} INFO - Filling up the DagBag from /opt/airflow/dags/dag_with_python_requirements.py
[2025-06-06T14:44:36.809+0000] {processor.py:840} INFO - DAG(s) 'dag_with_python_requirements' retrieved from /opt/airflow/dags/dag_with_python_requirements.py
[2025-06-06T14:44:36.882+0000] {logging_mixin.py:188} INFO - [2025-06-06T14:44:36.881+0000] {dag.py:3036} INFO - Sync 1 DAGs
[2025-06-06T14:44:36.921+0000] {logging_mixin.py:188} INFO - [2025-06-06T14:44:36.920+0000] {dag.py:3823} INFO - Setting next_dagrun for dag_with_python_requirements to 2025-06-06 00:00:00+00:00, run_after=2025-06-07 00:00:00+00:00
[2025-06-06T14:44:36.976+0000] {processor.py:183} INFO - Processing /opt/airflow/dags/dag_with_python_requirements.py took 0.260 seconds
[2025-06-06T14:45:07.502+0000] {processor.py:161} INFO - Started process (PID=9474) to work on /opt/airflow/dags/dag_with_python_requirements.py
[2025-06-06T14:45:07.505+0000] {processor.py:830} INFO - Processing file /opt/airflow/dags/dag_with_python_requirements.py for tasks to queue
[2025-06-06T14:45:07.509+0000] {logging_mixin.py:188} INFO - [2025-06-06T14:45:07.508+0000] {dagbag.py:538} INFO - Filling up the DagBag from /opt/airflow/dags/dag_with_python_requirements.py
[2025-06-06T14:45:07.594+0000] {processor.py:840} INFO - DAG(s) 'dag_with_python_requirements' retrieved from /opt/airflow/dags/dag_with_python_requirements.py
[2025-06-06T14:45:07.686+0000] {logging_mixin.py:188} INFO - [2025-06-06T14:45:07.685+0000] {dag.py:3036} INFO - Sync 1 DAGs
[2025-06-06T14:45:07.794+0000] {logging_mixin.py:188} INFO - [2025-06-06T14:45:07.793+0000] {dag.py:3823} INFO - Setting next_dagrun for dag_with_python_requirements to 2025-06-06 00:00:00+00:00, run_after=2025-06-07 00:00:00+00:00
[2025-06-06T14:45:07.892+0000] {processor.py:183} INFO - Processing /opt/airflow/dags/dag_with_python_requirements.py took 0.397 seconds
[2025-06-06T14:45:38.391+0000] {processor.py:161} INFO - Started process (PID=9497) to work on /opt/airflow/dags/dag_with_python_requirements.py
[2025-06-06T14:45:38.395+0000] {processor.py:830} INFO - Processing file /opt/airflow/dags/dag_with_python_requirements.py for tasks to queue
[2025-06-06T14:45:38.398+0000] {logging_mixin.py:188} INFO - [2025-06-06T14:45:38.397+0000] {dagbag.py:538} INFO - Filling up the DagBag from /opt/airflow/dags/dag_with_python_requirements.py
[2025-06-06T14:45:38.466+0000] {processor.py:840} INFO - DAG(s) 'dag_with_python_requirements' retrieved from /opt/airflow/dags/dag_with_python_requirements.py
[2025-06-06T14:45:38.613+0000] {logging_mixin.py:188} INFO - [2025-06-06T14:45:38.610+0000] {dag.py:3036} INFO - Sync 1 DAGs
[2025-06-06T14:45:38.708+0000] {logging_mixin.py:188} INFO - [2025-06-06T14:45:38.707+0000] {dag.py:3823} INFO - Setting next_dagrun for dag_with_python_requirements to 2025-06-06 00:00:00+00:00, run_after=2025-06-07 00:00:00+00:00
[2025-06-06T14:45:38.787+0000] {processor.py:183} INFO - Processing /opt/airflow/dags/dag_with_python_requirements.py took 0.401 seconds
[2025-06-06T14:46:09.058+0000] {processor.py:161} INFO - Started process (PID=9520) to work on /opt/airflow/dags/dag_with_python_requirements.py
[2025-06-06T14:46:09.060+0000] {processor.py:830} INFO - Processing file /opt/airflow/dags/dag_with_python_requirements.py for tasks to queue
[2025-06-06T14:46:09.065+0000] {logging_mixin.py:188} INFO - [2025-06-06T14:46:09.064+0000] {dagbag.py:538} INFO - Filling up the DagBag from /opt/airflow/dags/dag_with_python_requirements.py
[2025-06-06T14:46:09.158+0000] {processor.py:840} INFO - DAG(s) 'dag_with_python_requirements' retrieved from /opt/airflow/dags/dag_with_python_requirements.py
[2025-06-06T14:46:09.232+0000] {logging_mixin.py:188} INFO - [2025-06-06T14:46:09.231+0000] {dag.py:3036} INFO - Sync 1 DAGs
[2025-06-06T14:46:09.303+0000] {logging_mixin.py:188} INFO - [2025-06-06T14:46:09.302+0000] {dag.py:3823} INFO - Setting next_dagrun for dag_with_python_requirements to 2025-06-06 00:00:00+00:00, run_after=2025-06-07 00:00:00+00:00
[2025-06-06T14:46:09.366+0000] {processor.py:183} INFO - Processing /opt/airflow/dags/dag_with_python_requirements.py took 0.322 seconds
[2025-06-06T14:46:40.270+0000] {processor.py:161} INFO - Started process (PID=9543) to work on /opt/airflow/dags/dag_with_python_requirements.py
[2025-06-06T14:46:40.274+0000] {processor.py:830} INFO - Processing file /opt/airflow/dags/dag_with_python_requirements.py for tasks to queue
[2025-06-06T14:46:40.279+0000] {logging_mixin.py:188} INFO - [2025-06-06T14:46:40.277+0000] {dagbag.py:538} INFO - Filling up the DagBag from /opt/airflow/dags/dag_with_python_requirements.py
[2025-06-06T14:46:40.349+0000] {processor.py:840} INFO - DAG(s) 'dag_with_python_requirements' retrieved from /opt/airflow/dags/dag_with_python_requirements.py
[2025-06-06T14:46:40.505+0000] {logging_mixin.py:188} INFO - [2025-06-06T14:46:40.504+0000] {dag.py:3036} INFO - Sync 1 DAGs
[2025-06-06T14:46:40.580+0000] {logging_mixin.py:188} INFO - [2025-06-06T14:46:40.579+0000] {dag.py:3823} INFO - Setting next_dagrun for dag_with_python_requirements to 2025-06-06 00:00:00+00:00, run_after=2025-06-07 00:00:00+00:00
[2025-06-06T14:46:40.657+0000] {processor.py:183} INFO - Processing /opt/airflow/dags/dag_with_python_requirements.py took 0.396 seconds
[2025-06-06T14:47:11.178+0000] {processor.py:161} INFO - Started process (PID=9566) to work on /opt/airflow/dags/dag_with_python_requirements.py
[2025-06-06T14:47:11.183+0000] {processor.py:830} INFO - Processing file /opt/airflow/dags/dag_with_python_requirements.py for tasks to queue
[2025-06-06T14:47:11.189+0000] {logging_mixin.py:188} INFO - [2025-06-06T14:47:11.188+0000] {dagbag.py:538} INFO - Filling up the DagBag from /opt/airflow/dags/dag_with_python_requirements.py
[2025-06-06T14:47:11.262+0000] {processor.py:840} INFO - DAG(s) 'dag_with_python_requirements' retrieved from /opt/airflow/dags/dag_with_python_requirements.py
[2025-06-06T14:47:11.324+0000] {logging_mixin.py:188} INFO - [2025-06-06T14:47:11.323+0000] {dag.py:3036} INFO - Sync 1 DAGs
[2025-06-06T14:47:11.371+0000] {logging_mixin.py:188} INFO - [2025-06-06T14:47:11.371+0000] {dag.py:3823} INFO - Setting next_dagrun for dag_with_python_requirements to 2025-06-06 00:00:00+00:00, run_after=2025-06-07 00:00:00+00:00
[2025-06-06T14:47:11.417+0000] {processor.py:183} INFO - Processing /opt/airflow/dags/dag_with_python_requirements.py took 0.265 seconds
[2025-06-06T14:47:41.993+0000] {processor.py:161} INFO - Started process (PID=9589) to work on /opt/airflow/dags/dag_with_python_requirements.py
[2025-06-06T14:47:41.997+0000] {processor.py:830} INFO - Processing file /opt/airflow/dags/dag_with_python_requirements.py for tasks to queue
[2025-06-06T14:47:41.999+0000] {logging_mixin.py:188} INFO - [2025-06-06T14:47:41.998+0000] {dagbag.py:538} INFO - Filling up the DagBag from /opt/airflow/dags/dag_with_python_requirements.py
[2025-06-06T14:47:42.110+0000] {processor.py:840} INFO - DAG(s) 'dag_with_python_requirements' retrieved from /opt/airflow/dags/dag_with_python_requirements.py
[2025-06-06T14:47:42.229+0000] {logging_mixin.py:188} INFO - [2025-06-06T14:47:42.228+0000] {dag.py:3036} INFO - Sync 1 DAGs
[2025-06-06T14:47:42.285+0000] {logging_mixin.py:188} INFO - [2025-06-06T14:47:42.285+0000] {dag.py:3823} INFO - Setting next_dagrun for dag_with_python_requirements to 2025-06-06 00:00:00+00:00, run_after=2025-06-07 00:00:00+00:00
[2025-06-06T14:47:42.348+0000] {processor.py:183} INFO - Processing /opt/airflow/dags/dag_with_python_requirements.py took 0.359 seconds
[2025-06-06T14:48:12.919+0000] {processor.py:161} INFO - Started process (PID=9612) to work on /opt/airflow/dags/dag_with_python_requirements.py
[2025-06-06T14:48:12.923+0000] {processor.py:830} INFO - Processing file /opt/airflow/dags/dag_with_python_requirements.py for tasks to queue
[2025-06-06T14:48:12.926+0000] {logging_mixin.py:188} INFO - [2025-06-06T14:48:12.925+0000] {dagbag.py:538} INFO - Filling up the DagBag from /opt/airflow/dags/dag_with_python_requirements.py
[2025-06-06T14:48:12.976+0000] {processor.py:840} INFO - DAG(s) 'dag_with_python_requirements' retrieved from /opt/airflow/dags/dag_with_python_requirements.py
[2025-06-06T14:48:13.094+0000] {logging_mixin.py:188} INFO - [2025-06-06T14:48:13.094+0000] {dag.py:3036} INFO - Sync 1 DAGs
[2025-06-06T14:48:13.144+0000] {logging_mixin.py:188} INFO - [2025-06-06T14:48:13.143+0000] {dag.py:3823} INFO - Setting next_dagrun for dag_with_python_requirements to 2025-06-06 00:00:00+00:00, run_after=2025-06-07 00:00:00+00:00
[2025-06-06T14:48:13.211+0000] {processor.py:183} INFO - Processing /opt/airflow/dags/dag_with_python_requirements.py took 0.301 seconds
[2025-06-06T14:48:43.741+0000] {processor.py:161} INFO - Started process (PID=9639) to work on /opt/airflow/dags/dag_with_python_requirements.py
[2025-06-06T14:48:43.744+0000] {processor.py:830} INFO - Processing file /opt/airflow/dags/dag_with_python_requirements.py for tasks to queue
[2025-06-06T14:48:43.745+0000] {logging_mixin.py:188} INFO - [2025-06-06T14:48:43.745+0000] {dagbag.py:538} INFO - Filling up the DagBag from /opt/airflow/dags/dag_with_python_requirements.py
[2025-06-06T14:48:43.865+0000] {processor.py:840} INFO - DAG(s) 'dag_with_python_requirements' retrieved from /opt/airflow/dags/dag_with_python_requirements.py
[2025-06-06T14:48:43.934+0000] {logging_mixin.py:188} INFO - [2025-06-06T14:48:43.933+0000] {dag.py:3036} INFO - Sync 1 DAGs
[2025-06-06T14:48:43.987+0000] {logging_mixin.py:188} INFO - [2025-06-06T14:48:43.987+0000] {dag.py:3823} INFO - Setting next_dagrun for dag_with_python_requirements to 2025-06-06 00:00:00+00:00, run_after=2025-06-07 00:00:00+00:00
[2025-06-06T14:48:44.054+0000] {processor.py:183} INFO - Processing /opt/airflow/dags/dag_with_python_requirements.py took 0.318 seconds
[2025-06-06T14:49:14.442+0000] {processor.py:161} INFO - Started process (PID=9662) to work on /opt/airflow/dags/dag_with_python_requirements.py
[2025-06-06T14:49:14.447+0000] {processor.py:830} INFO - Processing file /opt/airflow/dags/dag_with_python_requirements.py for tasks to queue
[2025-06-06T14:49:14.451+0000] {logging_mixin.py:188} INFO - [2025-06-06T14:49:14.450+0000] {dagbag.py:538} INFO - Filling up the DagBag from /opt/airflow/dags/dag_with_python_requirements.py
[2025-06-06T14:49:14.581+0000] {processor.py:840} INFO - DAG(s) 'dag_with_python_requirements' retrieved from /opt/airflow/dags/dag_with_python_requirements.py
[2025-06-06T14:49:14.685+0000] {logging_mixin.py:188} INFO - [2025-06-06T14:49:14.685+0000] {dag.py:3036} INFO - Sync 1 DAGs
[2025-06-06T14:49:14.779+0000] {logging_mixin.py:188} INFO - [2025-06-06T14:49:14.778+0000] {dag.py:3823} INFO - Setting next_dagrun for dag_with_python_requirements to 2025-06-06 00:00:00+00:00, run_after=2025-06-07 00:00:00+00:00
[2025-06-06T14:49:14.857+0000] {processor.py:183} INFO - Processing /opt/airflow/dags/dag_with_python_requirements.py took 0.422 seconds
[2025-06-06T14:49:45.547+0000] {processor.py:161} INFO - Started process (PID=9686) to work on /opt/airflow/dags/dag_with_python_requirements.py
[2025-06-06T14:49:45.552+0000] {processor.py:830} INFO - Processing file /opt/airflow/dags/dag_with_python_requirements.py for tasks to queue
[2025-06-06T14:49:45.555+0000] {logging_mixin.py:188} INFO - [2025-06-06T14:49:45.554+0000] {dagbag.py:538} INFO - Filling up the DagBag from /opt/airflow/dags/dag_with_python_requirements.py
[2025-06-06T14:49:45.701+0000] {processor.py:840} INFO - DAG(s) 'dag_with_python_requirements' retrieved from /opt/airflow/dags/dag_with_python_requirements.py
[2025-06-06T14:49:45.841+0000] {logging_mixin.py:188} INFO - [2025-06-06T14:49:45.839+0000] {dag.py:3036} INFO - Sync 1 DAGs
[2025-06-06T14:49:45.937+0000] {logging_mixin.py:188} INFO - [2025-06-06T14:49:45.936+0000] {dag.py:3823} INFO - Setting next_dagrun for dag_with_python_requirements to 2025-06-06 00:00:00+00:00, run_after=2025-06-07 00:00:00+00:00
[2025-06-06T14:49:46.040+0000] {processor.py:183} INFO - Processing /opt/airflow/dags/dag_with_python_requirements.py took 0.505 seconds
[2025-06-06T14:50:16.298+0000] {processor.py:161} INFO - Started process (PID=9709) to work on /opt/airflow/dags/dag_with_python_requirements.py
[2025-06-06T14:50:16.301+0000] {processor.py:830} INFO - Processing file /opt/airflow/dags/dag_with_python_requirements.py for tasks to queue
[2025-06-06T14:50:16.304+0000] {logging_mixin.py:188} INFO - [2025-06-06T14:50:16.303+0000] {dagbag.py:538} INFO - Filling up the DagBag from /opt/airflow/dags/dag_with_python_requirements.py
[2025-06-06T14:50:16.405+0000] {processor.py:840} INFO - DAG(s) 'dag_with_python_requirements' retrieved from /opt/airflow/dags/dag_with_python_requirements.py
[2025-06-06T14:50:16.500+0000] {logging_mixin.py:188} INFO - [2025-06-06T14:50:16.499+0000] {dag.py:3036} INFO - Sync 1 DAGs
[2025-06-06T14:50:16.554+0000] {logging_mixin.py:188} INFO - [2025-06-06T14:50:16.553+0000] {dag.py:3823} INFO - Setting next_dagrun for dag_with_python_requirements to 2025-06-06 00:00:00+00:00, run_after=2025-06-07 00:00:00+00:00
[2025-06-06T14:50:16.606+0000] {processor.py:183} INFO - Processing /opt/airflow/dags/dag_with_python_requirements.py took 0.317 seconds
[2025-06-06T14:50:47.664+0000] {processor.py:161} INFO - Started process (PID=9732) to work on /opt/airflow/dags/dag_with_python_requirements.py
[2025-06-06T14:50:47.666+0000] {processor.py:830} INFO - Processing file /opt/airflow/dags/dag_with_python_requirements.py for tasks to queue
[2025-06-06T14:50:47.669+0000] {logging_mixin.py:188} INFO - [2025-06-06T14:50:47.668+0000] {dagbag.py:538} INFO - Filling up the DagBag from /opt/airflow/dags/dag_with_python_requirements.py
[2025-06-06T14:50:47.822+0000] {processor.py:840} INFO - DAG(s) 'dag_with_python_requirements' retrieved from /opt/airflow/dags/dag_with_python_requirements.py
[2025-06-06T14:50:47.883+0000] {logging_mixin.py:188} INFO - [2025-06-06T14:50:47.883+0000] {dag.py:3036} INFO - Sync 1 DAGs
[2025-06-06T14:50:47.922+0000] {logging_mixin.py:188} INFO - [2025-06-06T14:50:47.921+0000] {dag.py:3823} INFO - Setting next_dagrun for dag_with_python_requirements to 2025-06-06 00:00:00+00:00, run_after=2025-06-07 00:00:00+00:00
[2025-06-06T14:50:48.001+0000] {processor.py:183} INFO - Processing /opt/airflow/dags/dag_with_python_requirements.py took 0.347 seconds
[2025-06-06T14:51:18.586+0000] {processor.py:161} INFO - Started process (PID=9757) to work on /opt/airflow/dags/dag_with_python_requirements.py
[2025-06-06T14:51:18.588+0000] {processor.py:830} INFO - Processing file /opt/airflow/dags/dag_with_python_requirements.py for tasks to queue
[2025-06-06T14:51:18.591+0000] {logging_mixin.py:188} INFO - [2025-06-06T14:51:18.590+0000] {dagbag.py:538} INFO - Filling up the DagBag from /opt/airflow/dags/dag_with_python_requirements.py
[2025-06-06T14:51:18.636+0000] {processor.py:840} INFO - DAG(s) 'dag_with_python_requirements' retrieved from /opt/airflow/dags/dag_with_python_requirements.py
[2025-06-06T14:51:18.681+0000] {logging_mixin.py:188} INFO - [2025-06-06T14:51:18.680+0000] {dag.py:3036} INFO - Sync 1 DAGs
[2025-06-06T14:51:18.725+0000] {logging_mixin.py:188} INFO - [2025-06-06T14:51:18.725+0000] {dag.py:3823} INFO - Setting next_dagrun for dag_with_python_requirements to 2025-06-06 00:00:00+00:00, run_after=2025-06-07 00:00:00+00:00
[2025-06-06T14:51:18.784+0000] {processor.py:183} INFO - Processing /opt/airflow/dags/dag_with_python_requirements.py took 0.207 seconds
[2025-06-06T14:51:49.472+0000] {processor.py:161} INFO - Started process (PID=9785) to work on /opt/airflow/dags/dag_with_python_requirements.py
[2025-06-06T14:51:49.475+0000] {processor.py:830} INFO - Processing file /opt/airflow/dags/dag_with_python_requirements.py for tasks to queue
[2025-06-06T14:51:49.479+0000] {logging_mixin.py:188} INFO - [2025-06-06T14:51:49.478+0000] {dagbag.py:538} INFO - Filling up the DagBag from /opt/airflow/dags/dag_with_python_requirements.py
[2025-06-06T14:51:49.573+0000] {processor.py:840} INFO - DAG(s) 'dag_with_python_requirements' retrieved from /opt/airflow/dags/dag_with_python_requirements.py
[2025-06-06T14:51:49.649+0000] {logging_mixin.py:188} INFO - [2025-06-06T14:51:49.648+0000] {dag.py:3036} INFO - Sync 1 DAGs
[2025-06-06T14:51:49.740+0000] {logging_mixin.py:188} INFO - [2025-06-06T14:51:49.739+0000] {dag.py:3823} INFO - Setting next_dagrun for dag_with_python_requirements to 2025-06-06 00:00:00+00:00, run_after=2025-06-07 00:00:00+00:00
[2025-06-06T14:51:49.800+0000] {processor.py:183} INFO - Processing /opt/airflow/dags/dag_with_python_requirements.py took 0.339 seconds
[2025-06-06T14:52:20.465+0000] {processor.py:161} INFO - Started process (PID=9808) to work on /opt/airflow/dags/dag_with_python_requirements.py
[2025-06-06T14:52:20.468+0000] {processor.py:830} INFO - Processing file /opt/airflow/dags/dag_with_python_requirements.py for tasks to queue
[2025-06-06T14:52:20.473+0000] {logging_mixin.py:188} INFO - [2025-06-06T14:52:20.472+0000] {dagbag.py:538} INFO - Filling up the DagBag from /opt/airflow/dags/dag_with_python_requirements.py
[2025-06-06T14:52:20.534+0000] {processor.py:840} INFO - DAG(s) 'dag_with_python_requirements' retrieved from /opt/airflow/dags/dag_with_python_requirements.py
[2025-06-06T14:52:20.643+0000] {logging_mixin.py:188} INFO - [2025-06-06T14:52:20.642+0000] {dag.py:3036} INFO - Sync 1 DAGs
[2025-06-06T14:52:20.698+0000] {logging_mixin.py:188} INFO - [2025-06-06T14:52:20.697+0000] {dag.py:3823} INFO - Setting next_dagrun for dag_with_python_requirements to 2025-06-06 00:00:00+00:00, run_after=2025-06-07 00:00:00+00:00
[2025-06-06T14:52:20.784+0000] {processor.py:183} INFO - Processing /opt/airflow/dags/dag_with_python_requirements.py took 0.330 seconds
[2025-06-06T14:52:51.765+0000] {processor.py:161} INFO - Started process (PID=9831) to work on /opt/airflow/dags/dag_with_python_requirements.py
[2025-06-06T14:52:51.772+0000] {processor.py:830} INFO - Processing file /opt/airflow/dags/dag_with_python_requirements.py for tasks to queue
[2025-06-06T14:52:51.778+0000] {logging_mixin.py:188} INFO - [2025-06-06T14:52:51.778+0000] {dagbag.py:538} INFO - Filling up the DagBag from /opt/airflow/dags/dag_with_python_requirements.py
[2025-06-06T14:52:52.070+0000] {processor.py:840} INFO - DAG(s) 'dag_with_python_requirements' retrieved from /opt/airflow/dags/dag_with_python_requirements.py
[2025-06-06T14:52:52.166+0000] {logging_mixin.py:188} INFO - [2025-06-06T14:52:52.165+0000] {dag.py:3036} INFO - Sync 1 DAGs
[2025-06-06T14:52:52.225+0000] {logging_mixin.py:188} INFO - [2025-06-06T14:52:52.224+0000] {dag.py:3823} INFO - Setting next_dagrun for dag_with_python_requirements to 2025-06-06 00:00:00+00:00, run_after=2025-06-07 00:00:00+00:00
[2025-06-06T14:52:52.309+0000] {processor.py:183} INFO - Processing /opt/airflow/dags/dag_with_python_requirements.py took 0.554 seconds
[2025-06-06T14:53:22.867+0000] {processor.py:161} INFO - Started process (PID=9854) to work on /opt/airflow/dags/dag_with_python_requirements.py
[2025-06-06T14:53:22.871+0000] {processor.py:830} INFO - Processing file /opt/airflow/dags/dag_with_python_requirements.py for tasks to queue
[2025-06-06T14:53:22.873+0000] {logging_mixin.py:188} INFO - [2025-06-06T14:53:22.873+0000] {dagbag.py:538} INFO - Filling up the DagBag from /opt/airflow/dags/dag_with_python_requirements.py
[2025-06-06T14:53:22.957+0000] {processor.py:840} INFO - DAG(s) 'dag_with_python_requirements' retrieved from /opt/airflow/dags/dag_with_python_requirements.py
[2025-06-06T14:53:23.049+0000] {logging_mixin.py:188} INFO - [2025-06-06T14:53:23.049+0000] {dag.py:3036} INFO - Sync 1 DAGs
[2025-06-06T14:53:23.086+0000] {logging_mixin.py:188} INFO - [2025-06-06T14:53:23.086+0000] {dag.py:3823} INFO - Setting next_dagrun for dag_with_python_requirements to 2025-06-06 00:00:00+00:00, run_after=2025-06-07 00:00:00+00:00
[2025-06-06T14:53:23.141+0000] {processor.py:183} INFO - Processing /opt/airflow/dags/dag_with_python_requirements.py took 0.295 seconds
[2025-06-06T14:53:53.622+0000] {processor.py:161} INFO - Started process (PID=9877) to work on /opt/airflow/dags/dag_with_python_requirements.py
[2025-06-06T14:53:53.625+0000] {processor.py:830} INFO - Processing file /opt/airflow/dags/dag_with_python_requirements.py for tasks to queue
[2025-06-06T14:53:53.632+0000] {logging_mixin.py:188} INFO - [2025-06-06T14:53:53.631+0000] {dagbag.py:538} INFO - Filling up the DagBag from /opt/airflow/dags/dag_with_python_requirements.py
[2025-06-06T14:53:53.713+0000] {processor.py:840} INFO - DAG(s) 'dag_with_python_requirements' retrieved from /opt/airflow/dags/dag_with_python_requirements.py
[2025-06-06T14:53:53.835+0000] {logging_mixin.py:188} INFO - [2025-06-06T14:53:53.834+0000] {dag.py:3036} INFO - Sync 1 DAGs
[2025-06-06T14:53:53.920+0000] {logging_mixin.py:188} INFO - [2025-06-06T14:53:53.920+0000] {dag.py:3823} INFO - Setting next_dagrun for dag_with_python_requirements to 2025-06-06 00:00:00+00:00, run_after=2025-06-07 00:00:00+00:00
[2025-06-06T14:53:53.980+0000] {processor.py:183} INFO - Processing /opt/airflow/dags/dag_with_python_requirements.py took 0.364 seconds
[2025-06-06T14:54:24.430+0000] {processor.py:161} INFO - Started process (PID=9901) to work on /opt/airflow/dags/dag_with_python_requirements.py
[2025-06-06T14:54:24.432+0000] {processor.py:830} INFO - Processing file /opt/airflow/dags/dag_with_python_requirements.py for tasks to queue
[2025-06-06T14:54:24.435+0000] {logging_mixin.py:188} INFO - [2025-06-06T14:54:24.434+0000] {dagbag.py:538} INFO - Filling up the DagBag from /opt/airflow/dags/dag_with_python_requirements.py
[2025-06-06T14:54:24.493+0000] {processor.py:840} INFO - DAG(s) 'dag_with_python_requirements' retrieved from /opt/airflow/dags/dag_with_python_requirements.py
[2025-06-06T14:54:24.551+0000] {logging_mixin.py:188} INFO - [2025-06-06T14:54:24.551+0000] {dag.py:3036} INFO - Sync 1 DAGs
[2025-06-06T14:54:24.596+0000] {logging_mixin.py:188} INFO - [2025-06-06T14:54:24.596+0000] {dag.py:3823} INFO - Setting next_dagrun for dag_with_python_requirements to 2025-06-06 00:00:00+00:00, run_after=2025-06-07 00:00:00+00:00
[2025-06-06T14:54:24.654+0000] {processor.py:183} INFO - Processing /opt/airflow/dags/dag_with_python_requirements.py took 0.232 seconds
[2025-06-06T14:54:54.870+0000] {processor.py:161} INFO - Started process (PID=9924) to work on /opt/airflow/dags/dag_with_python_requirements.py
[2025-06-06T14:54:54.875+0000] {processor.py:830} INFO - Processing file /opt/airflow/dags/dag_with_python_requirements.py for tasks to queue
[2025-06-06T14:54:54.883+0000] {logging_mixin.py:188} INFO - [2025-06-06T14:54:54.882+0000] {dagbag.py:538} INFO - Filling up the DagBag from /opt/airflow/dags/dag_with_python_requirements.py
[2025-06-06T14:54:54.994+0000] {processor.py:840} INFO - DAG(s) 'dag_with_python_requirements' retrieved from /opt/airflow/dags/dag_with_python_requirements.py
[2025-06-06T14:54:55.084+0000] {logging_mixin.py:188} INFO - [2025-06-06T14:54:55.083+0000] {dag.py:3036} INFO - Sync 1 DAGs
[2025-06-06T14:54:55.146+0000] {logging_mixin.py:188} INFO - [2025-06-06T14:54:55.146+0000] {dag.py:3823} INFO - Setting next_dagrun for dag_with_python_requirements to 2025-06-06 00:00:00+00:00, run_after=2025-06-07 00:00:00+00:00
[2025-06-06T14:54:55.232+0000] {processor.py:183} INFO - Processing /opt/airflow/dags/dag_with_python_requirements.py took 0.369 seconds
[2025-06-06T14:55:25.708+0000] {processor.py:161} INFO - Started process (PID=9946) to work on /opt/airflow/dags/dag_with_python_requirements.py
[2025-06-06T14:55:25.711+0000] {processor.py:830} INFO - Processing file /opt/airflow/dags/dag_with_python_requirements.py for tasks to queue
[2025-06-06T14:55:25.715+0000] {logging_mixin.py:188} INFO - [2025-06-06T14:55:25.714+0000] {dagbag.py:538} INFO - Filling up the DagBag from /opt/airflow/dags/dag_with_python_requirements.py
[2025-06-06T14:55:25.790+0000] {processor.py:840} INFO - DAG(s) 'dag_with_python_requirements' retrieved from /opt/airflow/dags/dag_with_python_requirements.py
[2025-06-06T14:55:25.847+0000] {logging_mixin.py:188} INFO - [2025-06-06T14:55:25.846+0000] {dag.py:3036} INFO - Sync 1 DAGs
[2025-06-06T14:55:25.898+0000] {logging_mixin.py:188} INFO - [2025-06-06T14:55:25.898+0000] {dag.py:3823} INFO - Setting next_dagrun for dag_with_python_requirements to 2025-06-06 00:00:00+00:00, run_after=2025-06-07 00:00:00+00:00
[2025-06-06T14:55:25.949+0000] {processor.py:183} INFO - Processing /opt/airflow/dags/dag_with_python_requirements.py took 0.252 seconds
[2025-06-06T14:55:56.367+0000] {processor.py:161} INFO - Started process (PID=9969) to work on /opt/airflow/dags/dag_with_python_requirements.py
[2025-06-06T14:55:56.373+0000] {processor.py:830} INFO - Processing file /opt/airflow/dags/dag_with_python_requirements.py for tasks to queue
[2025-06-06T14:55:56.377+0000] {logging_mixin.py:188} INFO - [2025-06-06T14:55:56.376+0000] {dagbag.py:538} INFO - Filling up the DagBag from /opt/airflow/dags/dag_with_python_requirements.py
[2025-06-06T14:55:56.518+0000] {processor.py:840} INFO - DAG(s) 'dag_with_python_requirements' retrieved from /opt/airflow/dags/dag_with_python_requirements.py
[2025-06-06T14:55:56.584+0000] {logging_mixin.py:188} INFO - [2025-06-06T14:55:56.583+0000] {dag.py:3036} INFO - Sync 1 DAGs
[2025-06-06T14:55:56.643+0000] {logging_mixin.py:188} INFO - [2025-06-06T14:55:56.642+0000] {dag.py:3823} INFO - Setting next_dagrun for dag_with_python_requirements to 2025-06-06 00:00:00+00:00, run_after=2025-06-07 00:00:00+00:00
[2025-06-06T14:55:56.688+0000] {processor.py:183} INFO - Processing /opt/airflow/dags/dag_with_python_requirements.py took 0.326 seconds
[2025-06-06T14:56:26.967+0000] {processor.py:161} INFO - Started process (PID=9992) to work on /opt/airflow/dags/dag_with_python_requirements.py
[2025-06-06T14:56:26.970+0000] {processor.py:830} INFO - Processing file /opt/airflow/dags/dag_with_python_requirements.py for tasks to queue
[2025-06-06T14:56:26.972+0000] {logging_mixin.py:188} INFO - [2025-06-06T14:56:26.971+0000] {dagbag.py:538} INFO - Filling up the DagBag from /opt/airflow/dags/dag_with_python_requirements.py
[2025-06-06T14:56:27.022+0000] {processor.py:840} INFO - DAG(s) 'dag_with_python_requirements' retrieved from /opt/airflow/dags/dag_with_python_requirements.py
[2025-06-06T14:56:27.086+0000] {logging_mixin.py:188} INFO - [2025-06-06T14:56:27.086+0000] {dag.py:3036} INFO - Sync 1 DAGs
[2025-06-06T14:56:27.122+0000] {logging_mixin.py:188} INFO - [2025-06-06T14:56:27.122+0000] {dag.py:3823} INFO - Setting next_dagrun for dag_with_python_requirements to 2025-06-06 00:00:00+00:00, run_after=2025-06-07 00:00:00+00:00
[2025-06-06T14:56:27.164+0000] {processor.py:183} INFO - Processing /opt/airflow/dags/dag_with_python_requirements.py took 0.203 seconds
[2025-06-06T14:56:57.386+0000] {processor.py:161} INFO - Started process (PID=10015) to work on /opt/airflow/dags/dag_with_python_requirements.py
[2025-06-06T14:56:57.389+0000] {processor.py:830} INFO - Processing file /opt/airflow/dags/dag_with_python_requirements.py for tasks to queue
[2025-06-06T14:56:57.392+0000] {logging_mixin.py:188} INFO - [2025-06-06T14:56:57.391+0000] {dagbag.py:538} INFO - Filling up the DagBag from /opt/airflow/dags/dag_with_python_requirements.py
[2025-06-06T14:56:57.448+0000] {processor.py:840} INFO - DAG(s) 'dag_with_python_requirements' retrieved from /opt/airflow/dags/dag_with_python_requirements.py
[2025-06-06T14:56:57.503+0000] {logging_mixin.py:188} INFO - [2025-06-06T14:56:57.503+0000] {dag.py:3036} INFO - Sync 1 DAGs
[2025-06-06T14:56:57.547+0000] {logging_mixin.py:188} INFO - [2025-06-06T14:56:57.547+0000] {dag.py:3823} INFO - Setting next_dagrun for dag_with_python_requirements to 2025-06-06 00:00:00+00:00, run_after=2025-06-07 00:00:00+00:00
[2025-06-06T14:56:57.591+0000] {processor.py:183} INFO - Processing /opt/airflow/dags/dag_with_python_requirements.py took 0.218 seconds
[2025-06-06T14:57:27.893+0000] {processor.py:161} INFO - Started process (PID=10038) to work on /opt/airflow/dags/dag_with_python_requirements.py
[2025-06-06T14:57:27.896+0000] {processor.py:830} INFO - Processing file /opt/airflow/dags/dag_with_python_requirements.py for tasks to queue
[2025-06-06T14:57:27.899+0000] {logging_mixin.py:188} INFO - [2025-06-06T14:57:27.898+0000] {dagbag.py:538} INFO - Filling up the DagBag from /opt/airflow/dags/dag_with_python_requirements.py
[2025-06-06T14:57:27.983+0000] {processor.py:840} INFO - DAG(s) 'dag_with_python_requirements' retrieved from /opt/airflow/dags/dag_with_python_requirements.py
[2025-06-06T14:57:28.092+0000] {logging_mixin.py:188} INFO - [2025-06-06T14:57:28.091+0000] {dag.py:3036} INFO - Sync 1 DAGs
[2025-06-06T14:57:28.157+0000] {logging_mixin.py:188} INFO - [2025-06-06T14:57:28.157+0000] {dag.py:3823} INFO - Setting next_dagrun for dag_with_python_requirements to 2025-06-06 00:00:00+00:00, run_after=2025-06-07 00:00:00+00:00
[2025-06-06T14:57:28.280+0000] {processor.py:183} INFO - Processing /opt/airflow/dags/dag_with_python_requirements.py took 0.393 seconds
[2025-06-06T14:57:58.621+0000] {processor.py:161} INFO - Started process (PID=10061) to work on /opt/airflow/dags/dag_with_python_requirements.py
[2025-06-06T14:57:58.624+0000] {processor.py:830} INFO - Processing file /opt/airflow/dags/dag_with_python_requirements.py for tasks to queue
[2025-06-06T14:57:58.627+0000] {logging_mixin.py:188} INFO - [2025-06-06T14:57:58.626+0000] {dagbag.py:538} INFO - Filling up the DagBag from /opt/airflow/dags/dag_with_python_requirements.py
[2025-06-06T14:57:58.712+0000] {processor.py:840} INFO - DAG(s) 'dag_with_python_requirements' retrieved from /opt/airflow/dags/dag_with_python_requirements.py
[2025-06-06T14:57:58.787+0000] {logging_mixin.py:188} INFO - [2025-06-06T14:57:58.787+0000] {dag.py:3036} INFO - Sync 1 DAGs
[2025-06-06T14:57:58.851+0000] {logging_mixin.py:188} INFO - [2025-06-06T14:57:58.851+0000] {dag.py:3823} INFO - Setting next_dagrun for dag_with_python_requirements to 2025-06-06 00:00:00+00:00, run_after=2025-06-07 00:00:00+00:00
[2025-06-06T14:57:58.923+0000] {processor.py:183} INFO - Processing /opt/airflow/dags/dag_with_python_requirements.py took 0.312 seconds
[2025-06-06T14:58:29.407+0000] {processor.py:161} INFO - Started process (PID=10084) to work on /opt/airflow/dags/dag_with_python_requirements.py
[2025-06-06T14:58:29.410+0000] {processor.py:830} INFO - Processing file /opt/airflow/dags/dag_with_python_requirements.py for tasks to queue
[2025-06-06T14:58:29.415+0000] {logging_mixin.py:188} INFO - [2025-06-06T14:58:29.414+0000] {dagbag.py:538} INFO - Filling up the DagBag from /opt/airflow/dags/dag_with_python_requirements.py
[2025-06-06T14:58:29.469+0000] {processor.py:840} INFO - DAG(s) 'dag_with_python_requirements' retrieved from /opt/airflow/dags/dag_with_python_requirements.py
[2025-06-06T14:58:29.515+0000] {logging_mixin.py:188} INFO - [2025-06-06T14:58:29.515+0000] {dag.py:3036} INFO - Sync 1 DAGs
[2025-06-06T14:58:29.558+0000] {logging_mixin.py:188} INFO - [2025-06-06T14:58:29.557+0000] {dag.py:3823} INFO - Setting next_dagrun for dag_with_python_requirements to 2025-06-06 00:00:00+00:00, run_after=2025-06-07 00:00:00+00:00
[2025-06-06T14:58:29.615+0000] {processor.py:183} INFO - Processing /opt/airflow/dags/dag_with_python_requirements.py took 0.214 seconds
[2025-06-06T14:59:00.391+0000] {processor.py:161} INFO - Started process (PID=10107) to work on /opt/airflow/dags/dag_with_python_requirements.py
[2025-06-06T14:59:00.394+0000] {processor.py:830} INFO - Processing file /opt/airflow/dags/dag_with_python_requirements.py for tasks to queue
[2025-06-06T14:59:00.397+0000] {logging_mixin.py:188} INFO - [2025-06-06T14:59:00.397+0000] {dagbag.py:538} INFO - Filling up the DagBag from /opt/airflow/dags/dag_with_python_requirements.py
[2025-06-06T14:59:00.475+0000] {processor.py:840} INFO - DAG(s) 'dag_with_python_requirements' retrieved from /opt/airflow/dags/dag_with_python_requirements.py
[2025-06-06T14:59:00.560+0000] {logging_mixin.py:188} INFO - [2025-06-06T14:59:00.560+0000] {dag.py:3036} INFO - Sync 1 DAGs
[2025-06-06T14:59:00.603+0000] {logging_mixin.py:188} INFO - [2025-06-06T14:59:00.602+0000] {dag.py:3823} INFO - Setting next_dagrun for dag_with_python_requirements to 2025-06-06 00:00:00+00:00, run_after=2025-06-07 00:00:00+00:00
[2025-06-06T14:59:00.649+0000] {processor.py:183} INFO - Processing /opt/airflow/dags/dag_with_python_requirements.py took 0.264 seconds
[2025-06-06T14:59:31.582+0000] {processor.py:161} INFO - Started process (PID=10130) to work on /opt/airflow/dags/dag_with_python_requirements.py
[2025-06-06T14:59:31.592+0000] {processor.py:830} INFO - Processing file /opt/airflow/dags/dag_with_python_requirements.py for tasks to queue
[2025-06-06T14:59:31.595+0000] {logging_mixin.py:188} INFO - [2025-06-06T14:59:31.594+0000] {dagbag.py:538} INFO - Filling up the DagBag from /opt/airflow/dags/dag_with_python_requirements.py
[2025-06-06T14:59:31.714+0000] {processor.py:840} INFO - DAG(s) 'dag_with_python_requirements' retrieved from /opt/airflow/dags/dag_with_python_requirements.py
[2025-06-06T14:59:31.787+0000] {logging_mixin.py:188} INFO - [2025-06-06T14:59:31.787+0000] {dag.py:3036} INFO - Sync 1 DAGs
[2025-06-06T14:59:31.851+0000] {logging_mixin.py:188} INFO - [2025-06-06T14:59:31.847+0000] {dag.py:3823} INFO - Setting next_dagrun for dag_with_python_requirements to 2025-06-06 00:00:00+00:00, run_after=2025-06-07 00:00:00+00:00
[2025-06-06T14:59:31.909+0000] {processor.py:183} INFO - Processing /opt/airflow/dags/dag_with_python_requirements.py took 0.334 seconds
[2025-06-06T15:00:02.456+0000] {processor.py:161} INFO - Started process (PID=10154) to work on /opt/airflow/dags/dag_with_python_requirements.py
[2025-06-06T15:00:02.465+0000] {processor.py:830} INFO - Processing file /opt/airflow/dags/dag_with_python_requirements.py for tasks to queue
[2025-06-06T15:00:02.469+0000] {logging_mixin.py:188} INFO - [2025-06-06T15:00:02.468+0000] {dagbag.py:538} INFO - Filling up the DagBag from /opt/airflow/dags/dag_with_python_requirements.py
[2025-06-06T15:00:02.583+0000] {processor.py:840} INFO - DAG(s) 'dag_with_python_requirements' retrieved from /opt/airflow/dags/dag_with_python_requirements.py
[2025-06-06T15:00:02.714+0000] {logging_mixin.py:188} INFO - [2025-06-06T15:00:02.713+0000] {dag.py:3036} INFO - Sync 1 DAGs
[2025-06-06T15:00:02.850+0000] {logging_mixin.py:188} INFO - [2025-06-06T15:00:02.849+0000] {dag.py:3823} INFO - Setting next_dagrun for dag_with_python_requirements to 2025-06-06 00:00:00+00:00, run_after=2025-06-07 00:00:00+00:00
[2025-06-06T15:00:02.907+0000] {processor.py:183} INFO - Processing /opt/airflow/dags/dag_with_python_requirements.py took 0.460 seconds
[2025-06-06T15:00:33.616+0000] {processor.py:161} INFO - Started process (PID=10177) to work on /opt/airflow/dags/dag_with_python_requirements.py
[2025-06-06T15:00:33.620+0000] {processor.py:830} INFO - Processing file /opt/airflow/dags/dag_with_python_requirements.py for tasks to queue
[2025-06-06T15:00:33.624+0000] {logging_mixin.py:188} INFO - [2025-06-06T15:00:33.622+0000] {dagbag.py:538} INFO - Filling up the DagBag from /opt/airflow/dags/dag_with_python_requirements.py
[2025-06-06T15:00:33.688+0000] {processor.py:840} INFO - DAG(s) 'dag_with_python_requirements' retrieved from /opt/airflow/dags/dag_with_python_requirements.py
[2025-06-06T15:00:33.769+0000] {logging_mixin.py:188} INFO - [2025-06-06T15:00:33.768+0000] {dag.py:3036} INFO - Sync 1 DAGs
[2025-06-06T15:00:33.829+0000] {logging_mixin.py:188} INFO - [2025-06-06T15:00:33.829+0000] {dag.py:3823} INFO - Setting next_dagrun for dag_with_python_requirements to 2025-06-06 00:00:00+00:00, run_after=2025-06-07 00:00:00+00:00
[2025-06-06T15:00:33.914+0000] {processor.py:183} INFO - Processing /opt/airflow/dags/dag_with_python_requirements.py took 0.304 seconds
[2025-06-06T15:01:04.234+0000] {processor.py:161} INFO - Started process (PID=10200) to work on /opt/airflow/dags/dag_with_python_requirements.py
[2025-06-06T15:01:04.236+0000] {processor.py:830} INFO - Processing file /opt/airflow/dags/dag_with_python_requirements.py for tasks to queue
[2025-06-06T15:01:04.239+0000] {logging_mixin.py:188} INFO - [2025-06-06T15:01:04.238+0000] {dagbag.py:538} INFO - Filling up the DagBag from /opt/airflow/dags/dag_with_python_requirements.py
[2025-06-06T15:01:04.355+0000] {processor.py:840} INFO - DAG(s) 'dag_with_python_requirements' retrieved from /opt/airflow/dags/dag_with_python_requirements.py
[2025-06-06T15:01:04.468+0000] {logging_mixin.py:188} INFO - [2025-06-06T15:01:04.467+0000] {dag.py:3036} INFO - Sync 1 DAGs
[2025-06-06T15:01:04.508+0000] {logging_mixin.py:188} INFO - [2025-06-06T15:01:04.508+0000] {dag.py:3823} INFO - Setting next_dagrun for dag_with_python_requirements to 2025-06-06 00:00:00+00:00, run_after=2025-06-07 00:00:00+00:00
[2025-06-06T15:01:04.587+0000] {processor.py:183} INFO - Processing /opt/airflow/dags/dag_with_python_requirements.py took 0.358 seconds
[2025-06-06T15:01:35.659+0000] {processor.py:161} INFO - Started process (PID=10223) to work on /opt/airflow/dags/dag_with_python_requirements.py
[2025-06-06T15:01:35.666+0000] {processor.py:830} INFO - Processing file /opt/airflow/dags/dag_with_python_requirements.py for tasks to queue
[2025-06-06T15:01:35.670+0000] {logging_mixin.py:188} INFO - [2025-06-06T15:01:35.669+0000] {dagbag.py:538} INFO - Filling up the DagBag from /opt/airflow/dags/dag_with_python_requirements.py
[2025-06-06T15:01:35.804+0000] {processor.py:840} INFO - DAG(s) 'dag_with_python_requirements' retrieved from /opt/airflow/dags/dag_with_python_requirements.py
[2025-06-06T15:01:35.950+0000] {logging_mixin.py:188} INFO - [2025-06-06T15:01:35.950+0000] {dag.py:3036} INFO - Sync 1 DAGs
[2025-06-06T15:01:36.036+0000] {logging_mixin.py:188} INFO - [2025-06-06T15:01:36.035+0000] {dag.py:3823} INFO - Setting next_dagrun for dag_with_python_requirements to 2025-06-06 00:00:00+00:00, run_after=2025-06-07 00:00:00+00:00
[2025-06-06T15:01:36.099+0000] {processor.py:183} INFO - Processing /opt/airflow/dags/dag_with_python_requirements.py took 0.456 seconds
[2025-06-06T15:02:07.464+0000] {processor.py:161} INFO - Started process (PID=10246) to work on /opt/airflow/dags/dag_with_python_requirements.py
[2025-06-06T15:02:07.467+0000] {processor.py:830} INFO - Processing file /opt/airflow/dags/dag_with_python_requirements.py for tasks to queue
[2025-06-06T15:02:07.470+0000] {logging_mixin.py:188} INFO - [2025-06-06T15:02:07.469+0000] {dagbag.py:538} INFO - Filling up the DagBag from /opt/airflow/dags/dag_with_python_requirements.py
[2025-06-06T15:02:07.519+0000] {processor.py:840} INFO - DAG(s) 'dag_with_python_requirements' retrieved from /opt/airflow/dags/dag_with_python_requirements.py
[2025-06-06T15:02:07.576+0000] {logging_mixin.py:188} INFO - [2025-06-06T15:02:07.575+0000] {dag.py:3036} INFO - Sync 1 DAGs
[2025-06-06T15:02:07.627+0000] {logging_mixin.py:188} INFO - [2025-06-06T15:02:07.627+0000] {dag.py:3823} INFO - Setting next_dagrun for dag_with_python_requirements to 2025-06-06 00:00:00+00:00, run_after=2025-06-07 00:00:00+00:00
[2025-06-06T15:02:07.719+0000] {processor.py:183} INFO - Processing /opt/airflow/dags/dag_with_python_requirements.py took 0.263 seconds
[2025-06-06T15:02:39.093+0000] {processor.py:161} INFO - Started process (PID=10269) to work on /opt/airflow/dags/dag_with_python_requirements.py
[2025-06-06T15:02:39.097+0000] {processor.py:830} INFO - Processing file /opt/airflow/dags/dag_with_python_requirements.py for tasks to queue
[2025-06-06T15:02:39.099+0000] {logging_mixin.py:188} INFO - [2025-06-06T15:02:39.099+0000] {dagbag.py:538} INFO - Filling up the DagBag from /opt/airflow/dags/dag_with_python_requirements.py
[2025-06-06T15:02:39.174+0000] {processor.py:840} INFO - DAG(s) 'dag_with_python_requirements' retrieved from /opt/airflow/dags/dag_with_python_requirements.py
[2025-06-06T15:02:39.236+0000] {logging_mixin.py:188} INFO - [2025-06-06T15:02:39.235+0000] {dag.py:3036} INFO - Sync 1 DAGs
[2025-06-06T15:02:39.282+0000] {logging_mixin.py:188} INFO - [2025-06-06T15:02:39.281+0000] {dag.py:3823} INFO - Setting next_dagrun for dag_with_python_requirements to 2025-06-06 00:00:00+00:00, run_after=2025-06-07 00:00:00+00:00
[2025-06-06T15:02:39.338+0000] {processor.py:183} INFO - Processing /opt/airflow/dags/dag_with_python_requirements.py took 0.259 seconds
[2025-06-06T15:03:10.401+0000] {processor.py:161} INFO - Started process (PID=10292) to work on /opt/airflow/dags/dag_with_python_requirements.py
[2025-06-06T15:03:10.404+0000] {processor.py:830} INFO - Processing file /opt/airflow/dags/dag_with_python_requirements.py for tasks to queue
[2025-06-06T15:03:10.406+0000] {logging_mixin.py:188} INFO - [2025-06-06T15:03:10.405+0000] {dagbag.py:538} INFO - Filling up the DagBag from /opt/airflow/dags/dag_with_python_requirements.py
[2025-06-06T15:03:10.466+0000] {processor.py:840} INFO - DAG(s) 'dag_with_python_requirements' retrieved from /opt/airflow/dags/dag_with_python_requirements.py
[2025-06-06T15:03:10.520+0000] {logging_mixin.py:188} INFO - [2025-06-06T15:03:10.520+0000] {dag.py:3036} INFO - Sync 1 DAGs
[2025-06-06T15:03:10.562+0000] {logging_mixin.py:188} INFO - [2025-06-06T15:03:10.561+0000] {dag.py:3823} INFO - Setting next_dagrun for dag_with_python_requirements to 2025-06-06 00:00:00+00:00, run_after=2025-06-07 00:00:00+00:00
[2025-06-06T15:03:10.621+0000] {processor.py:183} INFO - Processing /opt/airflow/dags/dag_with_python_requirements.py took 0.225 seconds
[2025-06-06T15:03:42.318+0000] {processor.py:161} INFO - Started process (PID=10314) to work on /opt/airflow/dags/dag_with_python_requirements.py
[2025-06-06T15:03:42.320+0000] {processor.py:830} INFO - Processing file /opt/airflow/dags/dag_with_python_requirements.py for tasks to queue
[2025-06-06T15:03:42.322+0000] {logging_mixin.py:188} INFO - [2025-06-06T15:03:42.321+0000] {dagbag.py:538} INFO - Filling up the DagBag from /opt/airflow/dags/dag_with_python_requirements.py
[2025-06-06T15:03:42.364+0000] {processor.py:840} INFO - DAG(s) 'dag_with_python_requirements' retrieved from /opt/airflow/dags/dag_with_python_requirements.py
[2025-06-06T15:03:42.411+0000] {logging_mixin.py:188} INFO - [2025-06-06T15:03:42.410+0000] {dag.py:3036} INFO - Sync 1 DAGs
[2025-06-06T15:03:42.450+0000] {logging_mixin.py:188} INFO - [2025-06-06T15:03:42.449+0000] {dag.py:3823} INFO - Setting next_dagrun for dag_with_python_requirements to 2025-06-06 00:00:00+00:00, run_after=2025-06-07 00:00:00+00:00
[2025-06-06T15:03:42.505+0000] {processor.py:183} INFO - Processing /opt/airflow/dags/dag_with_python_requirements.py took 0.194 seconds
[2025-06-06T15:04:13.914+0000] {processor.py:161} INFO - Started process (PID=10337) to work on /opt/airflow/dags/dag_with_python_requirements.py
[2025-06-06T15:04:13.916+0000] {processor.py:830} INFO - Processing file /opt/airflow/dags/dag_with_python_requirements.py for tasks to queue
[2025-06-06T15:04:13.918+0000] {logging_mixin.py:188} INFO - [2025-06-06T15:04:13.917+0000] {dagbag.py:538} INFO - Filling up the DagBag from /opt/airflow/dags/dag_with_python_requirements.py
[2025-06-06T15:04:13.959+0000] {processor.py:840} INFO - DAG(s) 'dag_with_python_requirements' retrieved from /opt/airflow/dags/dag_with_python_requirements.py
[2025-06-06T15:04:14.002+0000] {logging_mixin.py:188} INFO - [2025-06-06T15:04:14.002+0000] {dag.py:3036} INFO - Sync 1 DAGs
[2025-06-06T15:04:14.042+0000] {logging_mixin.py:188} INFO - [2025-06-06T15:04:14.042+0000] {dag.py:3823} INFO - Setting next_dagrun for dag_with_python_requirements to 2025-06-06 00:00:00+00:00, run_after=2025-06-07 00:00:00+00:00
[2025-06-06T15:04:14.096+0000] {processor.py:183} INFO - Processing /opt/airflow/dags/dag_with_python_requirements.py took 0.188 seconds
[2025-06-06T15:04:45.240+0000] {processor.py:161} INFO - Started process (PID=10360) to work on /opt/airflow/dags/dag_with_python_requirements.py
[2025-06-06T15:04:45.242+0000] {processor.py:830} INFO - Processing file /opt/airflow/dags/dag_with_python_requirements.py for tasks to queue
[2025-06-06T15:04:45.245+0000] {logging_mixin.py:188} INFO - [2025-06-06T15:04:45.244+0000] {dagbag.py:538} INFO - Filling up the DagBag from /opt/airflow/dags/dag_with_python_requirements.py
[2025-06-06T15:04:45.292+0000] {processor.py:840} INFO - DAG(s) 'dag_with_python_requirements' retrieved from /opt/airflow/dags/dag_with_python_requirements.py
[2025-06-06T15:04:45.344+0000] {logging_mixin.py:188} INFO - [2025-06-06T15:04:45.344+0000] {dag.py:3036} INFO - Sync 1 DAGs
[2025-06-06T15:04:45.402+0000] {logging_mixin.py:188} INFO - [2025-06-06T15:04:45.402+0000] {dag.py:3823} INFO - Setting next_dagrun for dag_with_python_requirements to 2025-06-06 00:00:00+00:00, run_after=2025-06-07 00:00:00+00:00
[2025-06-06T15:04:45.470+0000] {processor.py:183} INFO - Processing /opt/airflow/dags/dag_with_python_requirements.py took 0.236 seconds
[2025-06-06T15:05:17.136+0000] {processor.py:161} INFO - Started process (PID=10383) to work on /opt/airflow/dags/dag_with_python_requirements.py
[2025-06-06T15:05:17.142+0000] {processor.py:830} INFO - Processing file /opt/airflow/dags/dag_with_python_requirements.py for tasks to queue
[2025-06-06T15:05:17.146+0000] {logging_mixin.py:188} INFO - [2025-06-06T15:05:17.145+0000] {dagbag.py:538} INFO - Filling up the DagBag from /opt/airflow/dags/dag_with_python_requirements.py
[2025-06-06T15:05:17.238+0000] {processor.py:840} INFO - DAG(s) 'dag_with_python_requirements' retrieved from /opt/airflow/dags/dag_with_python_requirements.py
[2025-06-06T15:05:17.335+0000] {logging_mixin.py:188} INFO - [2025-06-06T15:05:17.334+0000] {dag.py:3036} INFO - Sync 1 DAGs
[2025-06-06T15:05:17.457+0000] {logging_mixin.py:188} INFO - [2025-06-06T15:05:17.456+0000] {dag.py:3823} INFO - Setting next_dagrun for dag_with_python_requirements to 2025-06-06 00:00:00+00:00, run_after=2025-06-07 00:00:00+00:00
[2025-06-06T15:05:17.539+0000] {processor.py:183} INFO - Processing /opt/airflow/dags/dag_with_python_requirements.py took 0.414 seconds
[2025-06-06T15:05:48.586+0000] {processor.py:161} INFO - Started process (PID=10405) to work on /opt/airflow/dags/dag_with_python_requirements.py
[2025-06-06T15:05:48.589+0000] {processor.py:830} INFO - Processing file /opt/airflow/dags/dag_with_python_requirements.py for tasks to queue
[2025-06-06T15:05:48.596+0000] {logging_mixin.py:188} INFO - [2025-06-06T15:05:48.594+0000] {dagbag.py:538} INFO - Filling up the DagBag from /opt/airflow/dags/dag_with_python_requirements.py
[2025-06-06T15:05:48.721+0000] {processor.py:840} INFO - DAG(s) 'dag_with_python_requirements' retrieved from /opt/airflow/dags/dag_with_python_requirements.py
[2025-06-06T15:05:48.798+0000] {logging_mixin.py:188} INFO - [2025-06-06T15:05:48.798+0000] {dag.py:3036} INFO - Sync 1 DAGs
[2025-06-06T15:05:48.848+0000] {logging_mixin.py:188} INFO - [2025-06-06T15:05:48.848+0000] {dag.py:3823} INFO - Setting next_dagrun for dag_with_python_requirements to 2025-06-06 00:00:00+00:00, run_after=2025-06-07 00:00:00+00:00
[2025-06-06T15:05:48.907+0000] {processor.py:183} INFO - Processing /opt/airflow/dags/dag_with_python_requirements.py took 0.335 seconds
