[2025-06-06T13:51:46.141+0000] {processor.py:161} INFO - Started process (PID=8648) to work on /opt/airflow/dags/dag_with_taskflow_api.py
[2025-06-06T13:51:46.143+0000] {processor.py:830} INFO - Processing file /opt/airflow/dags/dag_with_taskflow_api.py for tasks to queue
[2025-06-06T13:51:46.153+0000] {logging_mixin.py:188} INFO - [2025-06-06T13:51:46.153+0000] {dagbag.py:538} INFO - Filling up the DagBag from /opt/airflow/dags/dag_with_taskflow_api.py
[2025-06-06T13:51:46.351+0000] {processor.py:840} INFO - DAG(s) 'dag_with_taskflow_api' retrieved from /opt/airflow/dags/dag_with_taskflow_api.py
[2025-06-06T13:51:46.521+0000] {logging_mixin.py:188} INFO - [2025-06-06T13:51:46.521+0000] {dag.py:3036} INFO - Sync 1 DAGs
[2025-06-06T13:51:46.625+0000] {logging_mixin.py:188} INFO - [2025-06-06T13:51:46.624+0000] {dag.py:3823} INFO - Setting next_dagrun for dag_with_taskflow_api to 2025-05-18 00:00:00+00:00, run_after=2025-05-19 00:00:00+00:00
[2025-06-06T13:51:46.679+0000] {processor.py:183} INFO - Processing /opt/airflow/dags/dag_with_taskflow_api.py took 0.544 seconds
[2025-06-06T14:26:51.210+0000] {processor.py:161} INFO - Started process (PID=8671) to work on /opt/airflow/dags/dag_with_taskflow_api.py
[2025-06-06T14:26:51.220+0000] {processor.py:830} INFO - Processing file /opt/airflow/dags/dag_with_taskflow_api.py for tasks to queue
[2025-06-06T14:26:51.226+0000] {logging_mixin.py:188} INFO - [2025-06-06T14:26:51.225+0000] {dagbag.py:538} INFO - Filling up the DagBag from /opt/airflow/dags/dag_with_taskflow_api.py
[2025-06-06T14:26:51.459+0000] {processor.py:840} INFO - DAG(s) 'dag_with_taskflow_api' retrieved from /opt/airflow/dags/dag_with_taskflow_api.py
[2025-06-06T14:26:51.548+0000] {logging_mixin.py:188} INFO - [2025-06-06T14:26:51.547+0000] {dag.py:3036} INFO - Sync 1 DAGs
[2025-06-06T14:26:51.636+0000] {logging_mixin.py:188} INFO - [2025-06-06T14:26:51.634+0000] {dag.py:3823} INFO - Setting next_dagrun for dag_with_taskflow_api to 2025-05-18 00:00:00+00:00, run_after=2025-05-19 00:00:00+00:00
[2025-06-06T14:26:51.729+0000] {processor.py:183} INFO - Processing /opt/airflow/dags/dag_with_taskflow_api.py took 0.532 seconds
[2025-06-06T14:27:22.174+0000] {processor.py:161} INFO - Started process (PID=8694) to work on /opt/airflow/dags/dag_with_taskflow_api.py
[2025-06-06T14:27:22.176+0000] {processor.py:830} INFO - Processing file /opt/airflow/dags/dag_with_taskflow_api.py for tasks to queue
[2025-06-06T14:27:22.179+0000] {logging_mixin.py:188} INFO - [2025-06-06T14:27:22.178+0000] {dagbag.py:538} INFO - Filling up the DagBag from /opt/airflow/dags/dag_with_taskflow_api.py
[2025-06-06T14:27:22.222+0000] {processor.py:840} INFO - DAG(s) 'dag_with_taskflow_api' retrieved from /opt/airflow/dags/dag_with_taskflow_api.py
[2025-06-06T14:27:22.270+0000] {logging_mixin.py:188} INFO - [2025-06-06T14:27:22.269+0000] {dag.py:3036} INFO - Sync 1 DAGs
[2025-06-06T14:27:22.313+0000] {logging_mixin.py:188} INFO - [2025-06-06T14:27:22.313+0000] {dag.py:3823} INFO - Setting next_dagrun for dag_with_taskflow_api to 2025-05-18 00:00:00+00:00, run_after=2025-05-19 00:00:00+00:00
[2025-06-06T14:27:22.349+0000] {processor.py:183} INFO - Processing /opt/airflow/dags/dag_with_taskflow_api.py took 0.183 seconds
[2025-06-06T14:27:53.559+0000] {processor.py:161} INFO - Started process (PID=8717) to work on /opt/airflow/dags/dag_with_taskflow_api.py
[2025-06-06T14:27:53.562+0000] {processor.py:830} INFO - Processing file /opt/airflow/dags/dag_with_taskflow_api.py for tasks to queue
[2025-06-06T14:27:53.565+0000] {logging_mixin.py:188} INFO - [2025-06-06T14:27:53.565+0000] {dagbag.py:538} INFO - Filling up the DagBag from /opt/airflow/dags/dag_with_taskflow_api.py
[2025-06-06T14:27:53.613+0000] {processor.py:840} INFO - DAG(s) 'dag_with_taskflow_api' retrieved from /opt/airflow/dags/dag_with_taskflow_api.py
[2025-06-06T14:27:53.648+0000] {logging_mixin.py:188} INFO - [2025-06-06T14:27:53.647+0000] {dag.py:3036} INFO - Sync 1 DAGs
[2025-06-06T14:27:53.678+0000] {logging_mixin.py:188} INFO - [2025-06-06T14:27:53.678+0000] {dag.py:3823} INFO - Setting next_dagrun for dag_with_taskflow_api to 2025-05-18 00:00:00+00:00, run_after=2025-05-19 00:00:00+00:00
[2025-06-06T14:27:53.841+0000] {processor.py:183} INFO - Processing /opt/airflow/dags/dag_with_taskflow_api.py took 0.289 seconds
[2025-06-06T14:28:25.498+0000] {processor.py:161} INFO - Started process (PID=8740) to work on /opt/airflow/dags/dag_with_taskflow_api.py
[2025-06-06T14:28:25.506+0000] {processor.py:830} INFO - Processing file /opt/airflow/dags/dag_with_taskflow_api.py for tasks to queue
[2025-06-06T14:28:25.515+0000] {logging_mixin.py:188} INFO - [2025-06-06T14:28:25.514+0000] {dagbag.py:538} INFO - Filling up the DagBag from /opt/airflow/dags/dag_with_taskflow_api.py
[2025-06-06T14:28:25.632+0000] {processor.py:840} INFO - DAG(s) 'dag_with_taskflow_api' retrieved from /opt/airflow/dags/dag_with_taskflow_api.py
[2025-06-06T14:28:25.704+0000] {logging_mixin.py:188} INFO - [2025-06-06T14:28:25.704+0000] {dag.py:3036} INFO - Sync 1 DAGs
[2025-06-06T14:28:25.803+0000] {logging_mixin.py:188} INFO - [2025-06-06T14:28:25.801+0000] {dag.py:3823} INFO - Setting next_dagrun for dag_with_taskflow_api to 2025-05-18 00:00:00+00:00, run_after=2025-05-19 00:00:00+00:00
[2025-06-06T14:28:25.919+0000] {processor.py:183} INFO - Processing /opt/airflow/dags/dag_with_taskflow_api.py took 0.438 seconds
[2025-06-06T14:28:58.801+0000] {processor.py:161} INFO - Started process (PID=8764) to work on /opt/airflow/dags/dag_with_taskflow_api.py
[2025-06-06T14:28:58.805+0000] {processor.py:830} INFO - Processing file /opt/airflow/dags/dag_with_taskflow_api.py for tasks to queue
[2025-06-06T14:28:58.810+0000] {logging_mixin.py:188} INFO - [2025-06-06T14:28:58.809+0000] {dagbag.py:538} INFO - Filling up the DagBag from /opt/airflow/dags/dag_with_taskflow_api.py
[2025-06-06T14:28:59.099+0000] {processor.py:840} INFO - DAG(s) 'dag_with_taskflow_api' retrieved from /opt/airflow/dags/dag_with_taskflow_api.py
[2025-06-06T14:28:59.225+0000] {logging_mixin.py:188} INFO - [2025-06-06T14:28:59.224+0000] {dag.py:3036} INFO - Sync 1 DAGs
[2025-06-06T14:28:59.278+0000] {logging_mixin.py:188} INFO - [2025-06-06T14:28:59.278+0000] {dag.py:3823} INFO - Setting next_dagrun for dag_with_taskflow_api to 2025-05-18 00:00:00+00:00, run_after=2025-05-19 00:00:00+00:00
[2025-06-06T14:28:59.327+0000] {processor.py:183} INFO - Processing /opt/airflow/dags/dag_with_taskflow_api.py took 0.552 seconds
[2025-06-06T14:29:30.111+0000] {processor.py:161} INFO - Started process (PID=8786) to work on /opt/airflow/dags/dag_with_taskflow_api.py
[2025-06-06T14:29:30.114+0000] {processor.py:830} INFO - Processing file /opt/airflow/dags/dag_with_taskflow_api.py for tasks to queue
[2025-06-06T14:29:30.119+0000] {logging_mixin.py:188} INFO - [2025-06-06T14:29:30.118+0000] {dagbag.py:538} INFO - Filling up the DagBag from /opt/airflow/dags/dag_with_taskflow_api.py
[2025-06-06T14:29:30.190+0000] {processor.py:840} INFO - DAG(s) 'dag_with_taskflow_api' retrieved from /opt/airflow/dags/dag_with_taskflow_api.py
[2025-06-06T14:29:30.271+0000] {logging_mixin.py:188} INFO - [2025-06-06T14:29:30.271+0000] {dag.py:3036} INFO - Sync 1 DAGs
[2025-06-06T14:29:30.354+0000] {logging_mixin.py:188} INFO - [2025-06-06T14:29:30.353+0000] {dag.py:3823} INFO - Setting next_dagrun for dag_with_taskflow_api to 2025-05-18 00:00:00+00:00, run_after=2025-05-19 00:00:00+00:00
[2025-06-06T14:29:30.426+0000] {processor.py:183} INFO - Processing /opt/airflow/dags/dag_with_taskflow_api.py took 0.322 seconds
[2025-06-06T14:30:06.428+0000] {processor.py:161} INFO - Started process (PID=8810) to work on /opt/airflow/dags/dag_with_taskflow_api.py
[2025-06-06T14:30:06.442+0000] {processor.py:830} INFO - Processing file /opt/airflow/dags/dag_with_taskflow_api.py for tasks to queue
[2025-06-06T14:30:06.447+0000] {logging_mixin.py:188} INFO - [2025-06-06T14:30:06.445+0000] {dagbag.py:538} INFO - Filling up the DagBag from /opt/airflow/dags/dag_with_taskflow_api.py
[2025-06-06T14:30:06.721+0000] {processor.py:840} INFO - DAG(s) 'dag_with_taskflow_api' retrieved from /opt/airflow/dags/dag_with_taskflow_api.py
[2025-06-06T14:30:06.899+0000] {logging_mixin.py:188} INFO - [2025-06-06T14:30:06.899+0000] {dag.py:3036} INFO - Sync 1 DAGs
[2025-06-06T14:30:07.126+0000] {logging_mixin.py:188} INFO - [2025-06-06T14:30:07.125+0000] {dag.py:3823} INFO - Setting next_dagrun for dag_with_taskflow_api to 2025-05-18 00:00:00+00:00, run_after=2025-05-19 00:00:00+00:00
[2025-06-06T14:30:07.249+0000] {processor.py:183} INFO - Processing /opt/airflow/dags/dag_with_taskflow_api.py took 0.845 seconds
[2025-06-06T14:30:38.386+0000] {processor.py:161} INFO - Started process (PID=8833) to work on /opt/airflow/dags/dag_with_taskflow_api.py
[2025-06-06T14:30:38.394+0000] {processor.py:830} INFO - Processing file /opt/airflow/dags/dag_with_taskflow_api.py for tasks to queue
[2025-06-06T14:30:38.398+0000] {logging_mixin.py:188} INFO - [2025-06-06T14:30:38.397+0000] {dagbag.py:538} INFO - Filling up the DagBag from /opt/airflow/dags/dag_with_taskflow_api.py
[2025-06-06T14:30:38.522+0000] {processor.py:840} INFO - DAG(s) 'dag_with_taskflow_api' retrieved from /opt/airflow/dags/dag_with_taskflow_api.py
[2025-06-06T14:30:38.635+0000] {logging_mixin.py:188} INFO - [2025-06-06T14:30:38.634+0000] {dag.py:3036} INFO - Sync 1 DAGs
[2025-06-06T14:30:38.725+0000] {logging_mixin.py:188} INFO - [2025-06-06T14:30:38.724+0000] {dag.py:3823} INFO - Setting next_dagrun for dag_with_taskflow_api to 2025-05-18 00:00:00+00:00, run_after=2025-05-19 00:00:00+00:00
[2025-06-06T14:30:38.839+0000] {processor.py:183} INFO - Processing /opt/airflow/dags/dag_with_taskflow_api.py took 0.461 seconds
[2025-06-06T14:31:09.859+0000] {processor.py:161} INFO - Started process (PID=8856) to work on /opt/airflow/dags/dag_with_taskflow_api.py
[2025-06-06T14:31:09.864+0000] {processor.py:830} INFO - Processing file /opt/airflow/dags/dag_with_taskflow_api.py for tasks to queue
[2025-06-06T14:31:09.868+0000] {logging_mixin.py:188} INFO - [2025-06-06T14:31:09.867+0000] {dagbag.py:538} INFO - Filling up the DagBag from /opt/airflow/dags/dag_with_taskflow_api.py
[2025-06-06T14:31:09.945+0000] {processor.py:840} INFO - DAG(s) 'dag_with_taskflow_api' retrieved from /opt/airflow/dags/dag_with_taskflow_api.py
[2025-06-06T14:31:10.027+0000] {logging_mixin.py:188} INFO - [2025-06-06T14:31:10.027+0000] {dag.py:3036} INFO - Sync 1 DAGs
[2025-06-06T14:31:10.097+0000] {logging_mixin.py:188} INFO - [2025-06-06T14:31:10.096+0000] {dag.py:3823} INFO - Setting next_dagrun for dag_with_taskflow_api to 2025-05-18 00:00:00+00:00, run_after=2025-05-19 00:00:00+00:00
[2025-06-06T14:31:10.221+0000] {processor.py:183} INFO - Processing /opt/airflow/dags/dag_with_taskflow_api.py took 0.370 seconds
[2025-06-06T14:31:41.377+0000] {processor.py:161} INFO - Started process (PID=8879) to work on /opt/airflow/dags/dag_with_taskflow_api.py
[2025-06-06T14:31:41.382+0000] {processor.py:830} INFO - Processing file /opt/airflow/dags/dag_with_taskflow_api.py for tasks to queue
[2025-06-06T14:31:41.386+0000] {logging_mixin.py:188} INFO - [2025-06-06T14:31:41.385+0000] {dagbag.py:538} INFO - Filling up the DagBag from /opt/airflow/dags/dag_with_taskflow_api.py
[2025-06-06T14:31:41.479+0000] {processor.py:840} INFO - DAG(s) 'dag_with_taskflow_api' retrieved from /opt/airflow/dags/dag_with_taskflow_api.py
[2025-06-06T14:31:41.595+0000] {logging_mixin.py:188} INFO - [2025-06-06T14:31:41.595+0000] {dag.py:3036} INFO - Sync 1 DAGs
[2025-06-06T14:31:41.681+0000] {logging_mixin.py:188} INFO - [2025-06-06T14:31:41.680+0000] {dag.py:3823} INFO - Setting next_dagrun for dag_with_taskflow_api to 2025-05-18 00:00:00+00:00, run_after=2025-05-19 00:00:00+00:00
[2025-06-06T14:31:41.777+0000] {processor.py:183} INFO - Processing /opt/airflow/dags/dag_with_taskflow_api.py took 0.423 seconds
[2025-06-06T14:32:12.121+0000] {processor.py:161} INFO - Started process (PID=8902) to work on /opt/airflow/dags/dag_with_taskflow_api.py
[2025-06-06T14:32:12.123+0000] {processor.py:830} INFO - Processing file /opt/airflow/dags/dag_with_taskflow_api.py for tasks to queue
[2025-06-06T14:32:12.125+0000] {logging_mixin.py:188} INFO - [2025-06-06T14:32:12.124+0000] {dagbag.py:538} INFO - Filling up the DagBag from /opt/airflow/dags/dag_with_taskflow_api.py
[2025-06-06T14:32:12.167+0000] {processor.py:840} INFO - DAG(s) 'dag_with_taskflow_api' retrieved from /opt/airflow/dags/dag_with_taskflow_api.py
[2025-06-06T14:32:12.229+0000] {logging_mixin.py:188} INFO - [2025-06-06T14:32:12.228+0000] {dag.py:3036} INFO - Sync 1 DAGs
[2025-06-06T14:32:12.294+0000] {logging_mixin.py:188} INFO - [2025-06-06T14:32:12.292+0000] {dag.py:3823} INFO - Setting next_dagrun for dag_with_taskflow_api to 2025-05-18 00:00:00+00:00, run_after=2025-05-19 00:00:00+00:00
[2025-06-06T14:32:12.337+0000] {processor.py:183} INFO - Processing /opt/airflow/dags/dag_with_taskflow_api.py took 0.221 seconds
[2025-06-06T14:32:43.410+0000] {processor.py:161} INFO - Started process (PID=8925) to work on /opt/airflow/dags/dag_with_taskflow_api.py
[2025-06-06T14:32:43.413+0000] {processor.py:830} INFO - Processing file /opt/airflow/dags/dag_with_taskflow_api.py for tasks to queue
[2025-06-06T14:32:43.415+0000] {logging_mixin.py:188} INFO - [2025-06-06T14:32:43.415+0000] {dagbag.py:538} INFO - Filling up the DagBag from /opt/airflow/dags/dag_with_taskflow_api.py
[2025-06-06T14:32:43.504+0000] {processor.py:840} INFO - DAG(s) 'dag_with_taskflow_api' retrieved from /opt/airflow/dags/dag_with_taskflow_api.py
[2025-06-06T14:32:43.602+0000] {logging_mixin.py:188} INFO - [2025-06-06T14:32:43.601+0000] {dag.py:3036} INFO - Sync 1 DAGs
[2025-06-06T14:32:43.652+0000] {logging_mixin.py:188} INFO - [2025-06-06T14:32:43.651+0000] {dag.py:3823} INFO - Setting next_dagrun for dag_with_taskflow_api to 2025-05-18 00:00:00+00:00, run_after=2025-05-19 00:00:00+00:00
[2025-06-06T14:32:43.717+0000] {processor.py:183} INFO - Processing /opt/airflow/dags/dag_with_taskflow_api.py took 0.317 seconds
[2025-06-06T14:33:14.579+0000] {processor.py:161} INFO - Started process (PID=8955) to work on /opt/airflow/dags/dag_with_taskflow_api.py
[2025-06-06T14:33:14.582+0000] {processor.py:830} INFO - Processing file /opt/airflow/dags/dag_with_taskflow_api.py for tasks to queue
[2025-06-06T14:33:14.586+0000] {logging_mixin.py:188} INFO - [2025-06-06T14:33:14.585+0000] {dagbag.py:538} INFO - Filling up the DagBag from /opt/airflow/dags/dag_with_taskflow_api.py
[2025-06-06T14:33:14.652+0000] {processor.py:840} INFO - DAG(s) 'dag_with_taskflow_api' retrieved from /opt/airflow/dags/dag_with_taskflow_api.py
[2025-06-06T14:33:14.742+0000] {logging_mixin.py:188} INFO - [2025-06-06T14:33:14.741+0000] {dag.py:3036} INFO - Sync 1 DAGs
[2025-06-06T14:33:14.821+0000] {logging_mixin.py:188} INFO - [2025-06-06T14:33:14.821+0000] {dag.py:3823} INFO - Setting next_dagrun for dag_with_taskflow_api to 2025-05-18 00:00:00+00:00, run_after=2025-05-19 00:00:00+00:00
[2025-06-06T14:33:14.885+0000] {processor.py:183} INFO - Processing /opt/airflow/dags/dag_with_taskflow_api.py took 0.313 seconds
[2025-06-06T14:33:46.691+0000] {processor.py:161} INFO - Started process (PID=8978) to work on /opt/airflow/dags/dag_with_taskflow_api.py
[2025-06-06T14:33:46.696+0000] {processor.py:830} INFO - Processing file /opt/airflow/dags/dag_with_taskflow_api.py for tasks to queue
[2025-06-06T14:33:46.700+0000] {logging_mixin.py:188} INFO - [2025-06-06T14:33:46.699+0000] {dagbag.py:538} INFO - Filling up the DagBag from /opt/airflow/dags/dag_with_taskflow_api.py
[2025-06-06T14:33:46.772+0000] {processor.py:840} INFO - DAG(s) 'dag_with_taskflow_api' retrieved from /opt/airflow/dags/dag_with_taskflow_api.py
[2025-06-06T14:33:46.872+0000] {logging_mixin.py:188} INFO - [2025-06-06T14:33:46.870+0000] {dag.py:3036} INFO - Sync 1 DAGs
[2025-06-06T14:33:46.939+0000] {logging_mixin.py:188} INFO - [2025-06-06T14:33:46.939+0000] {dag.py:3823} INFO - Setting next_dagrun for dag_with_taskflow_api to 2025-05-18 00:00:00+00:00, run_after=2025-05-19 00:00:00+00:00
[2025-06-06T14:33:46.986+0000] {processor.py:183} INFO - Processing /opt/airflow/dags/dag_with_taskflow_api.py took 0.312 seconds
[2025-06-06T14:34:17.589+0000] {processor.py:161} INFO - Started process (PID=9001) to work on /opt/airflow/dags/dag_with_taskflow_api.py
[2025-06-06T14:34:17.592+0000] {processor.py:830} INFO - Processing file /opt/airflow/dags/dag_with_taskflow_api.py for tasks to queue
[2025-06-06T14:34:17.596+0000] {logging_mixin.py:188} INFO - [2025-06-06T14:34:17.594+0000] {dagbag.py:538} INFO - Filling up the DagBag from /opt/airflow/dags/dag_with_taskflow_api.py
[2025-06-06T14:34:17.672+0000] {processor.py:840} INFO - DAG(s) 'dag_with_taskflow_api' retrieved from /opt/airflow/dags/dag_with_taskflow_api.py
[2025-06-06T14:34:17.743+0000] {logging_mixin.py:188} INFO - [2025-06-06T14:34:17.742+0000] {dag.py:3036} INFO - Sync 1 DAGs
[2025-06-06T14:34:17.808+0000] {logging_mixin.py:188} INFO - [2025-06-06T14:34:17.807+0000] {dag.py:3823} INFO - Setting next_dagrun for dag_with_taskflow_api to 2025-05-18 00:00:00+00:00, run_after=2025-05-19 00:00:00+00:00
[2025-06-06T14:34:17.852+0000] {processor.py:183} INFO - Processing /opt/airflow/dags/dag_with_taskflow_api.py took 0.270 seconds
[2025-06-06T14:34:48.429+0000] {processor.py:161} INFO - Started process (PID=9023) to work on /opt/airflow/dags/dag_with_taskflow_api.py
[2025-06-06T14:34:48.433+0000] {processor.py:830} INFO - Processing file /opt/airflow/dags/dag_with_taskflow_api.py for tasks to queue
[2025-06-06T14:34:48.437+0000] {logging_mixin.py:188} INFO - [2025-06-06T14:34:48.436+0000] {dagbag.py:538} INFO - Filling up the DagBag from /opt/airflow/dags/dag_with_taskflow_api.py
[2025-06-06T14:34:48.502+0000] {processor.py:840} INFO - DAG(s) 'dag_with_taskflow_api' retrieved from /opt/airflow/dags/dag_with_taskflow_api.py
[2025-06-06T14:34:48.561+0000] {logging_mixin.py:188} INFO - [2025-06-06T14:34:48.561+0000] {dag.py:3036} INFO - Sync 1 DAGs
[2025-06-06T14:34:48.598+0000] {logging_mixin.py:188} INFO - [2025-06-06T14:34:48.598+0000] {dag.py:3823} INFO - Setting next_dagrun for dag_with_taskflow_api to 2025-05-18 00:00:00+00:00, run_after=2025-05-19 00:00:00+00:00
[2025-06-06T14:34:48.647+0000] {processor.py:183} INFO - Processing /opt/airflow/dags/dag_with_taskflow_api.py took 0.229 seconds
[2025-06-06T14:35:19.271+0000] {processor.py:161} INFO - Started process (PID=9046) to work on /opt/airflow/dags/dag_with_taskflow_api.py
[2025-06-06T14:35:19.273+0000] {processor.py:830} INFO - Processing file /opt/airflow/dags/dag_with_taskflow_api.py for tasks to queue
[2025-06-06T14:35:19.276+0000] {logging_mixin.py:188} INFO - [2025-06-06T14:35:19.276+0000] {dagbag.py:538} INFO - Filling up the DagBag from /opt/airflow/dags/dag_with_taskflow_api.py
[2025-06-06T14:35:19.367+0000] {processor.py:840} INFO - DAG(s) 'dag_with_taskflow_api' retrieved from /opt/airflow/dags/dag_with_taskflow_api.py
[2025-06-06T14:35:19.447+0000] {logging_mixin.py:188} INFO - [2025-06-06T14:35:19.447+0000] {dag.py:3036} INFO - Sync 1 DAGs
[2025-06-06T14:35:19.495+0000] {logging_mixin.py:188} INFO - [2025-06-06T14:35:19.495+0000] {dag.py:3823} INFO - Setting next_dagrun for dag_with_taskflow_api to 2025-05-18 00:00:00+00:00, run_after=2025-05-19 00:00:00+00:00
[2025-06-06T14:35:19.547+0000] {processor.py:183} INFO - Processing /opt/airflow/dags/dag_with_taskflow_api.py took 0.284 seconds
[2025-06-06T14:35:50.649+0000] {processor.py:161} INFO - Started process (PID=9069) to work on /opt/airflow/dags/dag_with_taskflow_api.py
[2025-06-06T14:35:50.651+0000] {processor.py:830} INFO - Processing file /opt/airflow/dags/dag_with_taskflow_api.py for tasks to queue
[2025-06-06T14:35:50.655+0000] {logging_mixin.py:188} INFO - [2025-06-06T14:35:50.654+0000] {dagbag.py:538} INFO - Filling up the DagBag from /opt/airflow/dags/dag_with_taskflow_api.py
[2025-06-06T14:35:50.725+0000] {processor.py:840} INFO - DAG(s) 'dag_with_taskflow_api' retrieved from /opt/airflow/dags/dag_with_taskflow_api.py
[2025-06-06T14:35:50.782+0000] {logging_mixin.py:188} INFO - [2025-06-06T14:35:50.782+0000] {dag.py:3036} INFO - Sync 1 DAGs
[2025-06-06T14:35:50.833+0000] {logging_mixin.py:188} INFO - [2025-06-06T14:35:50.833+0000] {dag.py:3823} INFO - Setting next_dagrun for dag_with_taskflow_api to 2025-05-18 00:00:00+00:00, run_after=2025-05-19 00:00:00+00:00
[2025-06-06T14:35:50.906+0000] {processor.py:183} INFO - Processing /opt/airflow/dags/dag_with_taskflow_api.py took 0.268 seconds
[2025-06-06T14:36:23.171+0000] {processor.py:161} INFO - Started process (PID=9094) to work on /opt/airflow/dags/dag_with_taskflow_api.py
[2025-06-06T14:36:23.201+0000] {processor.py:830} INFO - Processing file /opt/airflow/dags/dag_with_taskflow_api.py for tasks to queue
[2025-06-06T14:36:23.206+0000] {logging_mixin.py:188} INFO - [2025-06-06T14:36:23.205+0000] {dagbag.py:538} INFO - Filling up the DagBag from /opt/airflow/dags/dag_with_taskflow_api.py
[2025-06-06T14:36:23.293+0000] {processor.py:840} INFO - DAG(s) 'dag_with_taskflow_api' retrieved from /opt/airflow/dags/dag_with_taskflow_api.py
[2025-06-06T14:36:23.374+0000] {logging_mixin.py:188} INFO - [2025-06-06T14:36:23.372+0000] {dag.py:3036} INFO - Sync 1 DAGs
[2025-06-06T14:36:23.430+0000] {logging_mixin.py:188} INFO - [2025-06-06T14:36:23.430+0000] {dag.py:3823} INFO - Setting next_dagrun for dag_with_taskflow_api to 2025-05-18 00:00:00+00:00, run_after=2025-05-19 00:00:00+00:00
[2025-06-06T14:36:23.490+0000] {processor.py:183} INFO - Processing /opt/airflow/dags/dag_with_taskflow_api.py took 0.340 seconds
[2025-06-06T14:36:53.669+0000] {processor.py:161} INFO - Started process (PID=9116) to work on /opt/airflow/dags/dag_with_taskflow_api.py
[2025-06-06T14:36:53.671+0000] {processor.py:830} INFO - Processing file /opt/airflow/dags/dag_with_taskflow_api.py for tasks to queue
[2025-06-06T14:36:53.674+0000] {logging_mixin.py:188} INFO - [2025-06-06T14:36:53.673+0000] {dagbag.py:538} INFO - Filling up the DagBag from /opt/airflow/dags/dag_with_taskflow_api.py
[2025-06-06T14:36:53.736+0000] {processor.py:840} INFO - DAG(s) 'dag_with_taskflow_api' retrieved from /opt/airflow/dags/dag_with_taskflow_api.py
[2025-06-06T14:36:53.817+0000] {logging_mixin.py:188} INFO - [2025-06-06T14:36:53.817+0000] {dag.py:3036} INFO - Sync 1 DAGs
[2025-06-06T14:36:53.864+0000] {logging_mixin.py:188} INFO - [2025-06-06T14:36:53.864+0000] {dag.py:3823} INFO - Setting next_dagrun for dag_with_taskflow_api to 2025-05-18 00:00:00+00:00, run_after=2025-05-19 00:00:00+00:00
[2025-06-06T14:36:53.914+0000] {processor.py:183} INFO - Processing /opt/airflow/dags/dag_with_taskflow_api.py took 0.255 seconds
[2025-06-06T14:37:25.867+0000] {processor.py:161} INFO - Started process (PID=9140) to work on /opt/airflow/dags/dag_with_taskflow_api.py
[2025-06-06T14:37:25.869+0000] {processor.py:830} INFO - Processing file /opt/airflow/dags/dag_with_taskflow_api.py for tasks to queue
[2025-06-06T14:37:25.872+0000] {logging_mixin.py:188} INFO - [2025-06-06T14:37:25.871+0000] {dagbag.py:538} INFO - Filling up the DagBag from /opt/airflow/dags/dag_with_taskflow_api.py
[2025-06-06T14:37:25.917+0000] {processor.py:840} INFO - DAG(s) 'dag_with_taskflow_api' retrieved from /opt/airflow/dags/dag_with_taskflow_api.py
[2025-06-06T14:37:25.964+0000] {logging_mixin.py:188} INFO - [2025-06-06T14:37:25.964+0000] {dag.py:3036} INFO - Sync 1 DAGs
[2025-06-06T14:37:25.999+0000] {logging_mixin.py:188} INFO - [2025-06-06T14:37:25.999+0000] {dag.py:3823} INFO - Setting next_dagrun for dag_with_taskflow_api to 2025-05-18 00:00:00+00:00, run_after=2025-05-19 00:00:00+00:00
[2025-06-06T14:37:26.045+0000] {processor.py:183} INFO - Processing /opt/airflow/dags/dag_with_taskflow_api.py took 0.183 seconds
[2025-06-06T14:37:57.626+0000] {processor.py:161} INFO - Started process (PID=9164) to work on /opt/airflow/dags/dag_with_taskflow_api.py
[2025-06-06T14:37:57.629+0000] {processor.py:830} INFO - Processing file /opt/airflow/dags/dag_with_taskflow_api.py for tasks to queue
[2025-06-06T14:37:57.633+0000] {logging_mixin.py:188} INFO - [2025-06-06T14:37:57.632+0000] {dagbag.py:538} INFO - Filling up the DagBag from /opt/airflow/dags/dag_with_taskflow_api.py
[2025-06-06T14:37:57.697+0000] {processor.py:840} INFO - DAG(s) 'dag_with_taskflow_api' retrieved from /opt/airflow/dags/dag_with_taskflow_api.py
[2025-06-06T14:37:57.787+0000] {logging_mixin.py:188} INFO - [2025-06-06T14:37:57.786+0000] {dag.py:3036} INFO - Sync 1 DAGs
[2025-06-06T14:37:57.849+0000] {logging_mixin.py:188} INFO - [2025-06-06T14:37:57.849+0000] {dag.py:3823} INFO - Setting next_dagrun for dag_with_taskflow_api to 2025-05-18 00:00:00+00:00, run_after=2025-05-19 00:00:00+00:00
[2025-06-06T14:37:57.929+0000] {processor.py:183} INFO - Processing /opt/airflow/dags/dag_with_taskflow_api.py took 0.316 seconds
[2025-06-06T14:38:28.323+0000] {processor.py:161} INFO - Started process (PID=9185) to work on /opt/airflow/dags/dag_with_taskflow_api.py
[2025-06-06T14:38:28.326+0000] {processor.py:830} INFO - Processing file /opt/airflow/dags/dag_with_taskflow_api.py for tasks to queue
[2025-06-06T14:38:28.334+0000] {logging_mixin.py:188} INFO - [2025-06-06T14:38:28.333+0000] {dagbag.py:538} INFO - Filling up the DagBag from /opt/airflow/dags/dag_with_taskflow_api.py
[2025-06-06T14:38:28.401+0000] {processor.py:840} INFO - DAG(s) 'dag_with_taskflow_api' retrieved from /opt/airflow/dags/dag_with_taskflow_api.py
[2025-06-06T14:38:28.476+0000] {logging_mixin.py:188} INFO - [2025-06-06T14:38:28.475+0000] {dag.py:3036} INFO - Sync 1 DAGs
[2025-06-06T14:38:28.546+0000] {logging_mixin.py:188} INFO - [2025-06-06T14:38:28.546+0000] {dag.py:3823} INFO - Setting next_dagrun for dag_with_taskflow_api to 2025-05-18 00:00:00+00:00, run_after=2025-05-19 00:00:00+00:00
[2025-06-06T14:38:28.598+0000] {processor.py:183} INFO - Processing /opt/airflow/dags/dag_with_taskflow_api.py took 0.288 seconds
[2025-06-06T14:38:58.953+0000] {processor.py:161} INFO - Started process (PID=9208) to work on /opt/airflow/dags/dag_with_taskflow_api.py
[2025-06-06T14:38:58.957+0000] {processor.py:830} INFO - Processing file /opt/airflow/dags/dag_with_taskflow_api.py for tasks to queue
[2025-06-06T14:38:58.960+0000] {logging_mixin.py:188} INFO - [2025-06-06T14:38:58.960+0000] {dagbag.py:538} INFO - Filling up the DagBag from /opt/airflow/dags/dag_with_taskflow_api.py
[2025-06-06T14:38:59.029+0000] {processor.py:840} INFO - DAG(s) 'dag_with_taskflow_api' retrieved from /opt/airflow/dags/dag_with_taskflow_api.py
[2025-06-06T14:38:59.096+0000] {logging_mixin.py:188} INFO - [2025-06-06T14:38:59.096+0000] {dag.py:3036} INFO - Sync 1 DAGs
[2025-06-06T14:38:59.170+0000] {logging_mixin.py:188} INFO - [2025-06-06T14:38:59.169+0000] {dag.py:3823} INFO - Setting next_dagrun for dag_with_taskflow_api to 2025-05-18 00:00:00+00:00, run_after=2025-05-19 00:00:00+00:00
[2025-06-06T14:38:59.233+0000] {processor.py:183} INFO - Processing /opt/airflow/dags/dag_with_taskflow_api.py took 0.290 seconds
[2025-06-06T14:39:30.161+0000] {processor.py:161} INFO - Started process (PID=9230) to work on /opt/airflow/dags/dag_with_taskflow_api.py
[2025-06-06T14:39:30.163+0000] {processor.py:830} INFO - Processing file /opt/airflow/dags/dag_with_taskflow_api.py for tasks to queue
[2025-06-06T14:39:30.166+0000] {logging_mixin.py:188} INFO - [2025-06-06T14:39:30.165+0000] {dagbag.py:538} INFO - Filling up the DagBag from /opt/airflow/dags/dag_with_taskflow_api.py
[2025-06-06T14:39:30.226+0000] {processor.py:840} INFO - DAG(s) 'dag_with_taskflow_api' retrieved from /opt/airflow/dags/dag_with_taskflow_api.py
[2025-06-06T14:39:30.302+0000] {logging_mixin.py:188} INFO - [2025-06-06T14:39:30.302+0000] {dag.py:3036} INFO - Sync 1 DAGs
[2025-06-06T14:39:30.358+0000] {logging_mixin.py:188} INFO - [2025-06-06T14:39:30.358+0000] {dag.py:3823} INFO - Setting next_dagrun for dag_with_taskflow_api to 2025-05-18 00:00:00+00:00, run_after=2025-05-19 00:00:00+00:00
[2025-06-06T14:39:30.441+0000] {processor.py:183} INFO - Processing /opt/airflow/dags/dag_with_taskflow_api.py took 0.290 seconds
[2025-06-06T14:40:00.772+0000] {processor.py:161} INFO - Started process (PID=9250) to work on /opt/airflow/dags/dag_with_taskflow_api.py
[2025-06-06T14:40:00.782+0000] {processor.py:830} INFO - Processing file /opt/airflow/dags/dag_with_taskflow_api.py for tasks to queue
[2025-06-06T14:40:00.789+0000] {logging_mixin.py:188} INFO - [2025-06-06T14:40:00.788+0000] {dagbag.py:538} INFO - Filling up the DagBag from /opt/airflow/dags/dag_with_taskflow_api.py
[2025-06-06T14:40:00.889+0000] {processor.py:840} INFO - DAG(s) 'dag_with_taskflow_api' retrieved from /opt/airflow/dags/dag_with_taskflow_api.py
[2025-06-06T14:40:01.025+0000] {logging_mixin.py:188} INFO - [2025-06-06T14:40:01.024+0000] {dag.py:3036} INFO - Sync 1 DAGs
[2025-06-06T14:40:01.085+0000] {logging_mixin.py:188} INFO - [2025-06-06T14:40:01.085+0000] {dag.py:3823} INFO - Setting next_dagrun for dag_with_taskflow_api to 2025-05-18 00:00:00+00:00, run_after=2025-05-19 00:00:00+00:00
[2025-06-06T14:40:01.138+0000] {processor.py:183} INFO - Processing /opt/airflow/dags/dag_with_taskflow_api.py took 0.381 seconds
[2025-06-06T14:40:32.152+0000] {processor.py:161} INFO - Started process (PID=9273) to work on /opt/airflow/dags/dag_with_taskflow_api.py
[2025-06-06T14:40:32.156+0000] {processor.py:830} INFO - Processing file /opt/airflow/dags/dag_with_taskflow_api.py for tasks to queue
[2025-06-06T14:40:32.159+0000] {logging_mixin.py:188} INFO - [2025-06-06T14:40:32.158+0000] {dagbag.py:538} INFO - Filling up the DagBag from /opt/airflow/dags/dag_with_taskflow_api.py
[2025-06-06T14:40:32.240+0000] {processor.py:840} INFO - DAG(s) 'dag_with_taskflow_api' retrieved from /opt/airflow/dags/dag_with_taskflow_api.py
[2025-06-06T14:40:32.304+0000] {logging_mixin.py:188} INFO - [2025-06-06T14:40:32.303+0000] {dag.py:3036} INFO - Sync 1 DAGs
[2025-06-06T14:40:32.385+0000] {logging_mixin.py:188} INFO - [2025-06-06T14:40:32.384+0000] {dag.py:3823} INFO - Setting next_dagrun for dag_with_taskflow_api to 2025-05-18 00:00:00+00:00, run_after=2025-05-19 00:00:00+00:00
[2025-06-06T14:40:32.444+0000] {processor.py:183} INFO - Processing /opt/airflow/dags/dag_with_taskflow_api.py took 0.303 seconds
[2025-06-06T14:41:02.757+0000] {processor.py:161} INFO - Started process (PID=9295) to work on /opt/airflow/dags/dag_with_taskflow_api.py
[2025-06-06T14:41:02.761+0000] {processor.py:830} INFO - Processing file /opt/airflow/dags/dag_with_taskflow_api.py for tasks to queue
[2025-06-06T14:41:02.767+0000] {logging_mixin.py:188} INFO - [2025-06-06T14:41:02.766+0000] {dagbag.py:538} INFO - Filling up the DagBag from /opt/airflow/dags/dag_with_taskflow_api.py
[2025-06-06T14:41:02.847+0000] {processor.py:840} INFO - DAG(s) 'dag_with_taskflow_api' retrieved from /opt/airflow/dags/dag_with_taskflow_api.py
[2025-06-06T14:41:02.968+0000] {logging_mixin.py:188} INFO - [2025-06-06T14:41:02.965+0000] {dag.py:3036} INFO - Sync 1 DAGs
[2025-06-06T14:41:03.029+0000] {logging_mixin.py:188} INFO - [2025-06-06T14:41:03.029+0000] {dag.py:3823} INFO - Setting next_dagrun for dag_with_taskflow_api to 2025-05-18 00:00:00+00:00, run_after=2025-05-19 00:00:00+00:00
[2025-06-06T14:41:03.120+0000] {processor.py:183} INFO - Processing /opt/airflow/dags/dag_with_taskflow_api.py took 0.378 seconds
[2025-06-06T14:41:33.927+0000] {processor.py:161} INFO - Started process (PID=9318) to work on /opt/airflow/dags/dag_with_taskflow_api.py
[2025-06-06T14:41:33.931+0000] {processor.py:830} INFO - Processing file /opt/airflow/dags/dag_with_taskflow_api.py for tasks to queue
[2025-06-06T14:41:33.938+0000] {logging_mixin.py:188} INFO - [2025-06-06T14:41:33.937+0000] {dagbag.py:538} INFO - Filling up the DagBag from /opt/airflow/dags/dag_with_taskflow_api.py
[2025-06-06T14:41:34.023+0000] {processor.py:840} INFO - DAG(s) 'dag_with_taskflow_api' retrieved from /opt/airflow/dags/dag_with_taskflow_api.py
[2025-06-06T14:41:34.080+0000] {logging_mixin.py:188} INFO - [2025-06-06T14:41:34.080+0000] {dag.py:3036} INFO - Sync 1 DAGs
[2025-06-06T14:41:34.124+0000] {logging_mixin.py:188} INFO - [2025-06-06T14:41:34.123+0000] {dag.py:3823} INFO - Setting next_dagrun for dag_with_taskflow_api to 2025-05-18 00:00:00+00:00, run_after=2025-05-19 00:00:00+00:00
[2025-06-06T14:41:34.180+0000] {processor.py:183} INFO - Processing /opt/airflow/dags/dag_with_taskflow_api.py took 0.263 seconds
[2025-06-06T14:42:04.728+0000] {processor.py:161} INFO - Started process (PID=9341) to work on /opt/airflow/dags/dag_with_taskflow_api.py
[2025-06-06T14:42:04.732+0000] {processor.py:830} INFO - Processing file /opt/airflow/dags/dag_with_taskflow_api.py for tasks to queue
[2025-06-06T14:42:04.742+0000] {logging_mixin.py:188} INFO - [2025-06-06T14:42:04.740+0000] {dagbag.py:538} INFO - Filling up the DagBag from /opt/airflow/dags/dag_with_taskflow_api.py
[2025-06-06T14:42:04.836+0000] {processor.py:840} INFO - DAG(s) 'dag_with_taskflow_api' retrieved from /opt/airflow/dags/dag_with_taskflow_api.py
[2025-06-06T14:42:04.913+0000] {logging_mixin.py:188} INFO - [2025-06-06T14:42:04.912+0000] {dag.py:3036} INFO - Sync 1 DAGs
[2025-06-06T14:42:04.967+0000] {logging_mixin.py:188} INFO - [2025-06-06T14:42:04.966+0000] {dag.py:3823} INFO - Setting next_dagrun for dag_with_taskflow_api to 2025-05-18 00:00:00+00:00, run_after=2025-05-19 00:00:00+00:00
[2025-06-06T14:42:05.030+0000] {processor.py:183} INFO - Processing /opt/airflow/dags/dag_with_taskflow_api.py took 0.314 seconds
[2025-06-06T14:42:35.222+0000] {processor.py:161} INFO - Started process (PID=9363) to work on /opt/airflow/dags/dag_with_taskflow_api.py
[2025-06-06T14:42:35.227+0000] {processor.py:830} INFO - Processing file /opt/airflow/dags/dag_with_taskflow_api.py for tasks to queue
[2025-06-06T14:42:35.230+0000] {logging_mixin.py:188} INFO - [2025-06-06T14:42:35.229+0000] {dagbag.py:538} INFO - Filling up the DagBag from /opt/airflow/dags/dag_with_taskflow_api.py
[2025-06-06T14:42:35.302+0000] {processor.py:840} INFO - DAG(s) 'dag_with_taskflow_api' retrieved from /opt/airflow/dags/dag_with_taskflow_api.py
[2025-06-06T14:42:35.393+0000] {logging_mixin.py:188} INFO - [2025-06-06T14:42:35.393+0000] {dag.py:3036} INFO - Sync 1 DAGs
[2025-06-06T14:42:35.450+0000] {logging_mixin.py:188} INFO - [2025-06-06T14:42:35.450+0000] {dag.py:3823} INFO - Setting next_dagrun for dag_with_taskflow_api to 2025-05-18 00:00:00+00:00, run_after=2025-05-19 00:00:00+00:00
[2025-06-06T14:42:35.514+0000] {processor.py:183} INFO - Processing /opt/airflow/dags/dag_with_taskflow_api.py took 0.304 seconds
[2025-06-06T14:43:06.271+0000] {processor.py:161} INFO - Started process (PID=9386) to work on /opt/airflow/dags/dag_with_taskflow_api.py
[2025-06-06T14:43:06.273+0000] {processor.py:830} INFO - Processing file /opt/airflow/dags/dag_with_taskflow_api.py for tasks to queue
[2025-06-06T14:43:06.275+0000] {logging_mixin.py:188} INFO - [2025-06-06T14:43:06.275+0000] {dagbag.py:538} INFO - Filling up the DagBag from /opt/airflow/dags/dag_with_taskflow_api.py
[2025-06-06T14:43:06.385+0000] {processor.py:840} INFO - DAG(s) 'dag_with_taskflow_api' retrieved from /opt/airflow/dags/dag_with_taskflow_api.py
[2025-06-06T14:43:06.464+0000] {logging_mixin.py:188} INFO - [2025-06-06T14:43:06.463+0000] {dag.py:3036} INFO - Sync 1 DAGs
[2025-06-06T14:43:06.547+0000] {logging_mixin.py:188} INFO - [2025-06-06T14:43:06.546+0000] {dag.py:3823} INFO - Setting next_dagrun for dag_with_taskflow_api to 2025-05-18 00:00:00+00:00, run_after=2025-05-19 00:00:00+00:00
[2025-06-06T14:43:06.619+0000] {processor.py:183} INFO - Processing /opt/airflow/dags/dag_with_taskflow_api.py took 0.355 seconds
[2025-06-06T14:43:36.838+0000] {processor.py:161} INFO - Started process (PID=9408) to work on /opt/airflow/dags/dag_with_taskflow_api.py
[2025-06-06T14:43:36.841+0000] {processor.py:830} INFO - Processing file /opt/airflow/dags/dag_with_taskflow_api.py for tasks to queue
[2025-06-06T14:43:36.843+0000] {logging_mixin.py:188} INFO - [2025-06-06T14:43:36.842+0000] {dagbag.py:538} INFO - Filling up the DagBag from /opt/airflow/dags/dag_with_taskflow_api.py
[2025-06-06T14:43:36.951+0000] {processor.py:840} INFO - DAG(s) 'dag_with_taskflow_api' retrieved from /opt/airflow/dags/dag_with_taskflow_api.py
[2025-06-06T14:43:37.091+0000] {logging_mixin.py:188} INFO - [2025-06-06T14:43:37.090+0000] {dag.py:3036} INFO - Sync 1 DAGs
[2025-06-06T14:43:37.188+0000] {logging_mixin.py:188} INFO - [2025-06-06T14:43:37.187+0000] {dag.py:3823} INFO - Setting next_dagrun for dag_with_taskflow_api to 2025-05-18 00:00:00+00:00, run_after=2025-05-19 00:00:00+00:00
[2025-06-06T14:43:37.295+0000] {processor.py:183} INFO - Processing /opt/airflow/dags/dag_with_taskflow_api.py took 0.468 seconds
[2025-06-06T14:44:07.805+0000] {processor.py:161} INFO - Started process (PID=9430) to work on /opt/airflow/dags/dag_with_taskflow_api.py
[2025-06-06T14:44:07.815+0000] {processor.py:830} INFO - Processing file /opt/airflow/dags/dag_with_taskflow_api.py for tasks to queue
[2025-06-06T14:44:07.821+0000] {logging_mixin.py:188} INFO - [2025-06-06T14:44:07.819+0000] {dagbag.py:538} INFO - Filling up the DagBag from /opt/airflow/dags/dag_with_taskflow_api.py
[2025-06-06T14:44:07.903+0000] {processor.py:840} INFO - DAG(s) 'dag_with_taskflow_api' retrieved from /opt/airflow/dags/dag_with_taskflow_api.py
[2025-06-06T14:44:08.017+0000] {logging_mixin.py:188} INFO - [2025-06-06T14:44:08.016+0000] {dag.py:3036} INFO - Sync 1 DAGs
[2025-06-06T14:44:08.080+0000] {logging_mixin.py:188} INFO - [2025-06-06T14:44:08.079+0000] {dag.py:3823} INFO - Setting next_dagrun for dag_with_taskflow_api to 2025-05-18 00:00:00+00:00, run_after=2025-05-19 00:00:00+00:00
[2025-06-06T14:44:08.191+0000] {processor.py:183} INFO - Processing /opt/airflow/dags/dag_with_taskflow_api.py took 0.407 seconds
[2025-06-06T14:44:38.481+0000] {processor.py:161} INFO - Started process (PID=9453) to work on /opt/airflow/dags/dag_with_taskflow_api.py
[2025-06-06T14:44:38.486+0000] {processor.py:830} INFO - Processing file /opt/airflow/dags/dag_with_taskflow_api.py for tasks to queue
[2025-06-06T14:44:38.497+0000] {logging_mixin.py:188} INFO - [2025-06-06T14:44:38.495+0000] {dagbag.py:538} INFO - Filling up the DagBag from /opt/airflow/dags/dag_with_taskflow_api.py
[2025-06-06T14:44:38.568+0000] {processor.py:840} INFO - DAG(s) 'dag_with_taskflow_api' retrieved from /opt/airflow/dags/dag_with_taskflow_api.py
[2025-06-06T14:44:38.664+0000] {logging_mixin.py:188} INFO - [2025-06-06T14:44:38.663+0000] {dag.py:3036} INFO - Sync 1 DAGs
[2025-06-06T14:44:38.731+0000] {logging_mixin.py:188} INFO - [2025-06-06T14:44:38.730+0000] {dag.py:3823} INFO - Setting next_dagrun for dag_with_taskflow_api to 2025-05-18 00:00:00+00:00, run_after=2025-05-19 00:00:00+00:00
[2025-06-06T14:44:38.788+0000] {processor.py:183} INFO - Processing /opt/airflow/dags/dag_with_taskflow_api.py took 0.327 seconds
[2025-06-06T14:45:09.088+0000] {processor.py:161} INFO - Started process (PID=9476) to work on /opt/airflow/dags/dag_with_taskflow_api.py
[2025-06-06T14:45:09.092+0000] {processor.py:830} INFO - Processing file /opt/airflow/dags/dag_with_taskflow_api.py for tasks to queue
[2025-06-06T14:45:09.096+0000] {logging_mixin.py:188} INFO - [2025-06-06T14:45:09.096+0000] {dagbag.py:538} INFO - Filling up the DagBag from /opt/airflow/dags/dag_with_taskflow_api.py
[2025-06-06T14:45:09.215+0000] {processor.py:840} INFO - DAG(s) 'dag_with_taskflow_api' retrieved from /opt/airflow/dags/dag_with_taskflow_api.py
[2025-06-06T14:45:09.328+0000] {logging_mixin.py:188} INFO - [2025-06-06T14:45:09.327+0000] {dag.py:3036} INFO - Sync 1 DAGs
[2025-06-06T14:45:09.396+0000] {logging_mixin.py:188} INFO - [2025-06-06T14:45:09.392+0000] {dag.py:3823} INFO - Setting next_dagrun for dag_with_taskflow_api to 2025-05-18 00:00:00+00:00, run_after=2025-05-19 00:00:00+00:00
[2025-06-06T14:45:09.477+0000] {processor.py:183} INFO - Processing /opt/airflow/dags/dag_with_taskflow_api.py took 0.400 seconds
[2025-06-06T14:45:39.956+0000] {processor.py:161} INFO - Started process (PID=9499) to work on /opt/airflow/dags/dag_with_taskflow_api.py
[2025-06-06T14:45:39.959+0000] {processor.py:830} INFO - Processing file /opt/airflow/dags/dag_with_taskflow_api.py for tasks to queue
[2025-06-06T14:45:39.961+0000] {logging_mixin.py:188} INFO - [2025-06-06T14:45:39.960+0000] {dagbag.py:538} INFO - Filling up the DagBag from /opt/airflow/dags/dag_with_taskflow_api.py
[2025-06-06T14:45:40.011+0000] {processor.py:840} INFO - DAG(s) 'dag_with_taskflow_api' retrieved from /opt/airflow/dags/dag_with_taskflow_api.py
[2025-06-06T14:45:40.059+0000] {logging_mixin.py:188} INFO - [2025-06-06T14:45:40.059+0000] {dag.py:3036} INFO - Sync 1 DAGs
[2025-06-06T14:45:40.098+0000] {logging_mixin.py:188} INFO - [2025-06-06T14:45:40.098+0000] {dag.py:3823} INFO - Setting next_dagrun for dag_with_taskflow_api to 2025-05-18 00:00:00+00:00, run_after=2025-05-19 00:00:00+00:00
[2025-06-06T14:45:40.149+0000] {processor.py:183} INFO - Processing /opt/airflow/dags/dag_with_taskflow_api.py took 0.198 seconds
[2025-06-06T14:46:10.545+0000] {processor.py:161} INFO - Started process (PID=9522) to work on /opt/airflow/dags/dag_with_taskflow_api.py
[2025-06-06T14:46:10.547+0000] {processor.py:830} INFO - Processing file /opt/airflow/dags/dag_with_taskflow_api.py for tasks to queue
[2025-06-06T14:46:10.551+0000] {logging_mixin.py:188} INFO - [2025-06-06T14:46:10.550+0000] {dagbag.py:538} INFO - Filling up the DagBag from /opt/airflow/dags/dag_with_taskflow_api.py
[2025-06-06T14:46:10.613+0000] {processor.py:840} INFO - DAG(s) 'dag_with_taskflow_api' retrieved from /opt/airflow/dags/dag_with_taskflow_api.py
[2025-06-06T14:46:10.706+0000] {logging_mixin.py:188} INFO - [2025-06-06T14:46:10.705+0000] {dag.py:3036} INFO - Sync 1 DAGs
[2025-06-06T14:46:10.755+0000] {logging_mixin.py:188} INFO - [2025-06-06T14:46:10.754+0000] {dag.py:3823} INFO - Setting next_dagrun for dag_with_taskflow_api to 2025-05-18 00:00:00+00:00, run_after=2025-05-19 00:00:00+00:00
[2025-06-06T14:46:10.811+0000] {processor.py:183} INFO - Processing /opt/airflow/dags/dag_with_taskflow_api.py took 0.272 seconds
[2025-06-06T14:46:41.919+0000] {processor.py:161} INFO - Started process (PID=9545) to work on /opt/airflow/dags/dag_with_taskflow_api.py
[2025-06-06T14:46:41.924+0000] {processor.py:830} INFO - Processing file /opt/airflow/dags/dag_with_taskflow_api.py for tasks to queue
[2025-06-06T14:46:41.932+0000] {logging_mixin.py:188} INFO - [2025-06-06T14:46:41.928+0000] {dagbag.py:538} INFO - Filling up the DagBag from /opt/airflow/dags/dag_with_taskflow_api.py
[2025-06-06T14:46:42.027+0000] {processor.py:840} INFO - DAG(s) 'dag_with_taskflow_api' retrieved from /opt/airflow/dags/dag_with_taskflow_api.py
[2025-06-06T14:46:42.119+0000] {logging_mixin.py:188} INFO - [2025-06-06T14:46:42.118+0000] {dag.py:3036} INFO - Sync 1 DAGs
[2025-06-06T14:46:42.174+0000] {logging_mixin.py:188} INFO - [2025-06-06T14:46:42.174+0000] {dag.py:3823} INFO - Setting next_dagrun for dag_with_taskflow_api to 2025-05-18 00:00:00+00:00, run_after=2025-05-19 00:00:00+00:00
[2025-06-06T14:46:42.303+0000] {processor.py:183} INFO - Processing /opt/airflow/dags/dag_with_taskflow_api.py took 0.402 seconds
[2025-06-06T14:47:12.599+0000] {processor.py:161} INFO - Started process (PID=9568) to work on /opt/airflow/dags/dag_with_taskflow_api.py
[2025-06-06T14:47:12.601+0000] {processor.py:830} INFO - Processing file /opt/airflow/dags/dag_with_taskflow_api.py for tasks to queue
[2025-06-06T14:47:12.605+0000] {logging_mixin.py:188} INFO - [2025-06-06T14:47:12.604+0000] {dagbag.py:538} INFO - Filling up the DagBag from /opt/airflow/dags/dag_with_taskflow_api.py
[2025-06-06T14:47:12.689+0000] {processor.py:840} INFO - DAG(s) 'dag_with_taskflow_api' retrieved from /opt/airflow/dags/dag_with_taskflow_api.py
[2025-06-06T14:47:12.777+0000] {logging_mixin.py:188} INFO - [2025-06-06T14:47:12.776+0000] {dag.py:3036} INFO - Sync 1 DAGs
[2025-06-06T14:47:12.887+0000] {logging_mixin.py:188} INFO - [2025-06-06T14:47:12.886+0000] {dag.py:3823} INFO - Setting next_dagrun for dag_with_taskflow_api to 2025-05-18 00:00:00+00:00, run_after=2025-05-19 00:00:00+00:00
[2025-06-06T14:47:12.963+0000] {processor.py:183} INFO - Processing /opt/airflow/dags/dag_with_taskflow_api.py took 0.372 seconds
[2025-06-06T14:47:43.079+0000] {processor.py:161} INFO - Started process (PID=9591) to work on /opt/airflow/dags/dag_with_taskflow_api.py
[2025-06-06T14:47:43.081+0000] {processor.py:830} INFO - Processing file /opt/airflow/dags/dag_with_taskflow_api.py for tasks to queue
[2025-06-06T14:47:43.083+0000] {logging_mixin.py:188} INFO - [2025-06-06T14:47:43.083+0000] {dagbag.py:538} INFO - Filling up the DagBag from /opt/airflow/dags/dag_with_taskflow_api.py
[2025-06-06T14:47:43.127+0000] {processor.py:840} INFO - DAG(s) 'dag_with_taskflow_api' retrieved from /opt/airflow/dags/dag_with_taskflow_api.py
[2025-06-06T14:47:43.167+0000] {logging_mixin.py:188} INFO - [2025-06-06T14:47:43.166+0000] {dag.py:3036} INFO - Sync 1 DAGs
[2025-06-06T14:47:43.203+0000] {logging_mixin.py:188} INFO - [2025-06-06T14:47:43.202+0000] {dag.py:3823} INFO - Setting next_dagrun for dag_with_taskflow_api to 2025-05-18 00:00:00+00:00, run_after=2025-05-19 00:00:00+00:00
[2025-06-06T14:47:43.240+0000] {processor.py:183} INFO - Processing /opt/airflow/dags/dag_with_taskflow_api.py took 0.166 seconds
[2025-06-06T14:48:13.944+0000] {processor.py:161} INFO - Started process (PID=9614) to work on /opt/airflow/dags/dag_with_taskflow_api.py
[2025-06-06T14:48:13.951+0000] {processor.py:830} INFO - Processing file /opt/airflow/dags/dag_with_taskflow_api.py for tasks to queue
[2025-06-06T14:48:13.954+0000] {logging_mixin.py:188} INFO - [2025-06-06T14:48:13.953+0000] {dagbag.py:538} INFO - Filling up the DagBag from /opt/airflow/dags/dag_with_taskflow_api.py
[2025-06-06T14:48:14.003+0000] {processor.py:840} INFO - DAG(s) 'dag_with_taskflow_api' retrieved from /opt/airflow/dags/dag_with_taskflow_api.py
[2025-06-06T14:48:14.052+0000] {logging_mixin.py:188} INFO - [2025-06-06T14:48:14.052+0000] {dag.py:3036} INFO - Sync 1 DAGs
[2025-06-06T14:48:14.084+0000] {logging_mixin.py:188} INFO - [2025-06-06T14:48:14.084+0000] {dag.py:3823} INFO - Setting next_dagrun for dag_with_taskflow_api to 2025-05-18 00:00:00+00:00, run_after=2025-05-19 00:00:00+00:00
[2025-06-06T14:48:14.115+0000] {processor.py:183} INFO - Processing /opt/airflow/dags/dag_with_taskflow_api.py took 0.180 seconds
[2025-06-06T14:48:44.890+0000] {processor.py:161} INFO - Started process (PID=9641) to work on /opt/airflow/dags/dag_with_taskflow_api.py
[2025-06-06T14:48:44.893+0000] {processor.py:830} INFO - Processing file /opt/airflow/dags/dag_with_taskflow_api.py for tasks to queue
[2025-06-06T14:48:44.897+0000] {logging_mixin.py:188} INFO - [2025-06-06T14:48:44.896+0000] {dagbag.py:538} INFO - Filling up the DagBag from /opt/airflow/dags/dag_with_taskflow_api.py
[2025-06-06T14:48:45.001+0000] {processor.py:840} INFO - DAG(s) 'dag_with_taskflow_api' retrieved from /opt/airflow/dags/dag_with_taskflow_api.py
[2025-06-06T14:48:45.063+0000] {logging_mixin.py:188} INFO - [2025-06-06T14:48:45.062+0000] {dag.py:3036} INFO - Sync 1 DAGs
[2025-06-06T14:48:45.119+0000] {logging_mixin.py:188} INFO - [2025-06-06T14:48:45.119+0000] {dag.py:3823} INFO - Setting next_dagrun for dag_with_taskflow_api to 2025-05-18 00:00:00+00:00, run_after=2025-05-19 00:00:00+00:00
[2025-06-06T14:48:45.174+0000] {processor.py:183} INFO - Processing /opt/airflow/dags/dag_with_taskflow_api.py took 0.290 seconds
[2025-06-06T14:49:15.787+0000] {processor.py:161} INFO - Started process (PID=9664) to work on /opt/airflow/dags/dag_with_taskflow_api.py
[2025-06-06T14:49:15.792+0000] {processor.py:830} INFO - Processing file /opt/airflow/dags/dag_with_taskflow_api.py for tasks to queue
[2025-06-06T14:49:15.798+0000] {logging_mixin.py:188} INFO - [2025-06-06T14:49:15.795+0000] {dagbag.py:538} INFO - Filling up the DagBag from /opt/airflow/dags/dag_with_taskflow_api.py
[2025-06-06T14:49:15.902+0000] {processor.py:840} INFO - DAG(s) 'dag_with_taskflow_api' retrieved from /opt/airflow/dags/dag_with_taskflow_api.py
[2025-06-06T14:49:15.982+0000] {logging_mixin.py:188} INFO - [2025-06-06T14:49:15.982+0000] {dag.py:3036} INFO - Sync 1 DAGs
[2025-06-06T14:49:16.059+0000] {logging_mixin.py:188} INFO - [2025-06-06T14:49:16.058+0000] {dag.py:3823} INFO - Setting next_dagrun for dag_with_taskflow_api to 2025-05-18 00:00:00+00:00, run_after=2025-05-19 00:00:00+00:00
[2025-06-06T14:49:16.107+0000] {processor.py:183} INFO - Processing /opt/airflow/dags/dag_with_taskflow_api.py took 0.340 seconds
[2025-06-06T14:49:46.881+0000] {processor.py:161} INFO - Started process (PID=9688) to work on /opt/airflow/dags/dag_with_taskflow_api.py
[2025-06-06T14:49:46.884+0000] {processor.py:830} INFO - Processing file /opt/airflow/dags/dag_with_taskflow_api.py for tasks to queue
[2025-06-06T14:49:46.887+0000] {logging_mixin.py:188} INFO - [2025-06-06T14:49:46.887+0000] {dagbag.py:538} INFO - Filling up the DagBag from /opt/airflow/dags/dag_with_taskflow_api.py
[2025-06-06T14:49:46.968+0000] {processor.py:840} INFO - DAG(s) 'dag_with_taskflow_api' retrieved from /opt/airflow/dags/dag_with_taskflow_api.py
[2025-06-06T14:49:47.017+0000] {logging_mixin.py:188} INFO - [2025-06-06T14:49:47.016+0000] {dag.py:3036} INFO - Sync 1 DAGs
[2025-06-06T14:49:47.072+0000] {logging_mixin.py:188} INFO - [2025-06-06T14:49:47.072+0000] {dag.py:3823} INFO - Setting next_dagrun for dag_with_taskflow_api to 2025-05-18 00:00:00+00:00, run_after=2025-05-19 00:00:00+00:00
[2025-06-06T14:49:47.136+0000] {processor.py:183} INFO - Processing /opt/airflow/dags/dag_with_taskflow_api.py took 0.268 seconds
[2025-06-06T14:50:17.407+0000] {processor.py:161} INFO - Started process (PID=9711) to work on /opt/airflow/dags/dag_with_taskflow_api.py
[2025-06-06T14:50:17.414+0000] {processor.py:830} INFO - Processing file /opt/airflow/dags/dag_with_taskflow_api.py for tasks to queue
[2025-06-06T14:50:17.418+0000] {logging_mixin.py:188} INFO - [2025-06-06T14:50:17.417+0000] {dagbag.py:538} INFO - Filling up the DagBag from /opt/airflow/dags/dag_with_taskflow_api.py
[2025-06-06T14:50:17.497+0000] {processor.py:840} INFO - DAG(s) 'dag_with_taskflow_api' retrieved from /opt/airflow/dags/dag_with_taskflow_api.py
[2025-06-06T14:50:17.604+0000] {logging_mixin.py:188} INFO - [2025-06-06T14:50:17.603+0000] {dag.py:3036} INFO - Sync 1 DAGs
[2025-06-06T14:50:17.674+0000] {logging_mixin.py:188} INFO - [2025-06-06T14:50:17.673+0000] {dag.py:3823} INFO - Setting next_dagrun for dag_with_taskflow_api to 2025-05-18 00:00:00+00:00, run_after=2025-05-19 00:00:00+00:00
[2025-06-06T14:50:17.728+0000] {processor.py:183} INFO - Processing /opt/airflow/dags/dag_with_taskflow_api.py took 0.330 seconds
[2025-06-06T14:50:48.202+0000] {processor.py:161} INFO - Started process (PID=9734) to work on /opt/airflow/dags/dag_with_taskflow_api.py
[2025-06-06T14:50:48.205+0000] {processor.py:830} INFO - Processing file /opt/airflow/dags/dag_with_taskflow_api.py for tasks to queue
[2025-06-06T14:50:48.210+0000] {logging_mixin.py:188} INFO - [2025-06-06T14:50:48.209+0000] {dagbag.py:538} INFO - Filling up the DagBag from /opt/airflow/dags/dag_with_taskflow_api.py
[2025-06-06T14:50:48.319+0000] {processor.py:840} INFO - DAG(s) 'dag_with_taskflow_api' retrieved from /opt/airflow/dags/dag_with_taskflow_api.py
[2025-06-06T14:50:48.380+0000] {logging_mixin.py:188} INFO - [2025-06-06T14:50:48.380+0000] {dag.py:3036} INFO - Sync 1 DAGs
[2025-06-06T14:50:48.421+0000] {logging_mixin.py:188} INFO - [2025-06-06T14:50:48.420+0000] {dag.py:3823} INFO - Setting next_dagrun for dag_with_taskflow_api to 2025-05-18 00:00:00+00:00, run_after=2025-05-19 00:00:00+00:00
[2025-06-06T14:50:48.515+0000] {processor.py:183} INFO - Processing /opt/airflow/dags/dag_with_taskflow_api.py took 0.324 seconds
[2025-06-06T14:51:18.947+0000] {processor.py:161} INFO - Started process (PID=9758) to work on /opt/airflow/dags/dag_with_taskflow_api.py
[2025-06-06T14:51:18.950+0000] {processor.py:830} INFO - Processing file /opt/airflow/dags/dag_with_taskflow_api.py for tasks to queue
[2025-06-06T14:51:18.957+0000] {logging_mixin.py:188} INFO - [2025-06-06T14:51:18.954+0000] {dagbag.py:538} INFO - Filling up the DagBag from /opt/airflow/dags/dag_with_taskflow_api.py
[2025-06-06T14:51:19.024+0000] {processor.py:840} INFO - DAG(s) 'dag_with_taskflow_api' retrieved from /opt/airflow/dags/dag_with_taskflow_api.py
[2025-06-06T14:51:19.119+0000] {logging_mixin.py:188} INFO - [2025-06-06T14:51:19.118+0000] {dag.py:3036} INFO - Sync 1 DAGs
[2025-06-06T14:51:19.174+0000] {logging_mixin.py:188} INFO - [2025-06-06T14:51:19.174+0000] {dag.py:3823} INFO - Setting next_dagrun for dag_with_taskflow_api to 2025-05-18 00:00:00+00:00, run_after=2025-05-19 00:00:00+00:00
[2025-06-06T14:51:19.272+0000] {processor.py:183} INFO - Processing /opt/airflow/dags/dag_with_taskflow_api.py took 0.335 seconds
[2025-06-06T14:51:49.964+0000] {processor.py:161} INFO - Started process (PID=9787) to work on /opt/airflow/dags/dag_with_taskflow_api.py
[2025-06-06T14:51:49.967+0000] {processor.py:830} INFO - Processing file /opt/airflow/dags/dag_with_taskflow_api.py for tasks to queue
[2025-06-06T14:51:49.971+0000] {logging_mixin.py:188} INFO - [2025-06-06T14:51:49.970+0000] {dagbag.py:538} INFO - Filling up the DagBag from /opt/airflow/dags/dag_with_taskflow_api.py
[2025-06-06T14:51:50.080+0000] {processor.py:840} INFO - DAG(s) 'dag_with_taskflow_api' retrieved from /opt/airflow/dags/dag_with_taskflow_api.py
[2025-06-06T14:51:50.207+0000] {logging_mixin.py:188} INFO - [2025-06-06T14:51:50.206+0000] {dag.py:3036} INFO - Sync 1 DAGs
[2025-06-06T14:51:50.296+0000] {logging_mixin.py:188} INFO - [2025-06-06T14:51:50.296+0000] {dag.py:3823} INFO - Setting next_dagrun for dag_with_taskflow_api to 2025-05-18 00:00:00+00:00, run_after=2025-05-19 00:00:00+00:00
[2025-06-06T14:51:50.358+0000] {processor.py:183} INFO - Processing /opt/airflow/dags/dag_with_taskflow_api.py took 0.408 seconds
[2025-06-06T14:52:20.900+0000] {processor.py:161} INFO - Started process (PID=9810) to work on /opt/airflow/dags/dag_with_taskflow_api.py
[2025-06-06T14:52:20.904+0000] {processor.py:830} INFO - Processing file /opt/airflow/dags/dag_with_taskflow_api.py for tasks to queue
[2025-06-06T14:52:20.909+0000] {logging_mixin.py:188} INFO - [2025-06-06T14:52:20.908+0000] {dagbag.py:538} INFO - Filling up the DagBag from /opt/airflow/dags/dag_with_taskflow_api.py
[2025-06-06T14:52:21.012+0000] {processor.py:840} INFO - DAG(s) 'dag_with_taskflow_api' retrieved from /opt/airflow/dags/dag_with_taskflow_api.py
[2025-06-06T14:52:21.060+0000] {logging_mixin.py:188} INFO - [2025-06-06T14:52:21.060+0000] {dag.py:3036} INFO - Sync 1 DAGs
[2025-06-06T14:52:21.096+0000] {logging_mixin.py:188} INFO - [2025-06-06T14:52:21.096+0000] {dag.py:3823} INFO - Setting next_dagrun for dag_with_taskflow_api to 2025-05-18 00:00:00+00:00, run_after=2025-05-19 00:00:00+00:00
[2025-06-06T14:52:21.140+0000] {processor.py:183} INFO - Processing /opt/airflow/dags/dag_with_taskflow_api.py took 0.252 seconds
[2025-06-06T14:52:52.383+0000] {processor.py:161} INFO - Started process (PID=9833) to work on /opt/airflow/dags/dag_with_taskflow_api.py
[2025-06-06T14:52:52.388+0000] {processor.py:830} INFO - Processing file /opt/airflow/dags/dag_with_taskflow_api.py for tasks to queue
[2025-06-06T14:52:52.396+0000] {logging_mixin.py:188} INFO - [2025-06-06T14:52:52.394+0000] {dagbag.py:538} INFO - Filling up the DagBag from /opt/airflow/dags/dag_with_taskflow_api.py
[2025-06-06T14:52:52.519+0000] {processor.py:840} INFO - DAG(s) 'dag_with_taskflow_api' retrieved from /opt/airflow/dags/dag_with_taskflow_api.py
[2025-06-06T14:52:52.624+0000] {logging_mixin.py:188} INFO - [2025-06-06T14:52:52.623+0000] {dag.py:3036} INFO - Sync 1 DAGs
[2025-06-06T14:52:52.660+0000] {logging_mixin.py:188} INFO - [2025-06-06T14:52:52.659+0000] {dag.py:3823} INFO - Setting next_dagrun for dag_with_taskflow_api to 2025-05-18 00:00:00+00:00, run_after=2025-05-19 00:00:00+00:00
[2025-06-06T14:52:52.725+0000] {processor.py:183} INFO - Processing /opt/airflow/dags/dag_with_taskflow_api.py took 0.350 seconds
[2025-06-06T14:53:23.335+0000] {processor.py:161} INFO - Started process (PID=9856) to work on /opt/airflow/dags/dag_with_taskflow_api.py
[2025-06-06T14:53:23.339+0000] {processor.py:830} INFO - Processing file /opt/airflow/dags/dag_with_taskflow_api.py for tasks to queue
[2025-06-06T14:53:23.344+0000] {logging_mixin.py:188} INFO - [2025-06-06T14:53:23.343+0000] {dagbag.py:538} INFO - Filling up the DagBag from /opt/airflow/dags/dag_with_taskflow_api.py
[2025-06-06T14:53:23.467+0000] {processor.py:840} INFO - DAG(s) 'dag_with_taskflow_api' retrieved from /opt/airflow/dags/dag_with_taskflow_api.py
[2025-06-06T14:53:23.604+0000] {logging_mixin.py:188} INFO - [2025-06-06T14:53:23.603+0000] {dag.py:3036} INFO - Sync 1 DAGs
[2025-06-06T14:53:23.649+0000] {logging_mixin.py:188} INFO - [2025-06-06T14:53:23.649+0000] {dag.py:3823} INFO - Setting next_dagrun for dag_with_taskflow_api to 2025-05-18 00:00:00+00:00, run_after=2025-05-19 00:00:00+00:00
[2025-06-06T14:53:23.763+0000] {processor.py:183} INFO - Processing /opt/airflow/dags/dag_with_taskflow_api.py took 0.440 seconds
[2025-06-06T14:53:54.093+0000] {processor.py:161} INFO - Started process (PID=9879) to work on /opt/airflow/dags/dag_with_taskflow_api.py
[2025-06-06T14:53:54.097+0000] {processor.py:830} INFO - Processing file /opt/airflow/dags/dag_with_taskflow_api.py for tasks to queue
[2025-06-06T14:53:54.100+0000] {logging_mixin.py:188} INFO - [2025-06-06T14:53:54.099+0000] {dagbag.py:538} INFO - Filling up the DagBag from /opt/airflow/dags/dag_with_taskflow_api.py
[2025-06-06T14:53:54.164+0000] {processor.py:840} INFO - DAG(s) 'dag_with_taskflow_api' retrieved from /opt/airflow/dags/dag_with_taskflow_api.py
[2025-06-06T14:53:54.240+0000] {logging_mixin.py:188} INFO - [2025-06-06T14:53:54.238+0000] {dag.py:3036} INFO - Sync 1 DAGs
[2025-06-06T14:53:54.311+0000] {logging_mixin.py:188} INFO - [2025-06-06T14:53:54.311+0000] {dag.py:3823} INFO - Setting next_dagrun for dag_with_taskflow_api to 2025-05-18 00:00:00+00:00, run_after=2025-05-19 00:00:00+00:00
[2025-06-06T14:53:54.363+0000] {processor.py:183} INFO - Processing /opt/airflow/dags/dag_with_taskflow_api.py took 0.286 seconds
[2025-06-06T14:54:24.797+0000] {processor.py:161} INFO - Started process (PID=9902) to work on /opt/airflow/dags/dag_with_taskflow_api.py
[2025-06-06T14:54:24.800+0000] {processor.py:830} INFO - Processing file /opt/airflow/dags/dag_with_taskflow_api.py for tasks to queue
[2025-06-06T14:54:24.803+0000] {logging_mixin.py:188} INFO - [2025-06-06T14:54:24.802+0000] {dagbag.py:538} INFO - Filling up the DagBag from /opt/airflow/dags/dag_with_taskflow_api.py
[2025-06-06T14:54:24.869+0000] {processor.py:840} INFO - DAG(s) 'dag_with_taskflow_api' retrieved from /opt/airflow/dags/dag_with_taskflow_api.py
[2025-06-06T14:54:24.937+0000] {logging_mixin.py:188} INFO - [2025-06-06T14:54:24.936+0000] {dag.py:3036} INFO - Sync 1 DAGs
[2025-06-06T14:54:24.975+0000] {logging_mixin.py:188} INFO - [2025-06-06T14:54:24.974+0000] {dag.py:3823} INFO - Setting next_dagrun for dag_with_taskflow_api to 2025-05-18 00:00:00+00:00, run_after=2025-05-19 00:00:00+00:00
[2025-06-06T14:54:25.034+0000] {processor.py:183} INFO - Processing /opt/airflow/dags/dag_with_taskflow_api.py took 0.241 seconds
[2025-06-06T14:54:55.356+0000] {processor.py:161} INFO - Started process (PID=9925) to work on /opt/airflow/dags/dag_with_taskflow_api.py
[2025-06-06T14:54:55.359+0000] {processor.py:830} INFO - Processing file /opt/airflow/dags/dag_with_taskflow_api.py for tasks to queue
[2025-06-06T14:54:55.361+0000] {logging_mixin.py:188} INFO - [2025-06-06T14:54:55.360+0000] {dagbag.py:538} INFO - Filling up the DagBag from /opt/airflow/dags/dag_with_taskflow_api.py
[2025-06-06T14:54:55.423+0000] {processor.py:840} INFO - DAG(s) 'dag_with_taskflow_api' retrieved from /opt/airflow/dags/dag_with_taskflow_api.py
[2025-06-06T14:54:55.501+0000] {logging_mixin.py:188} INFO - [2025-06-06T14:54:55.501+0000] {dag.py:3036} INFO - Sync 1 DAGs
[2025-06-06T14:54:55.569+0000] {logging_mixin.py:188} INFO - [2025-06-06T14:54:55.568+0000] {dag.py:3823} INFO - Setting next_dagrun for dag_with_taskflow_api to 2025-05-18 00:00:00+00:00, run_after=2025-05-19 00:00:00+00:00
[2025-06-06T14:54:55.615+0000] {processor.py:183} INFO - Processing /opt/airflow/dags/dag_with_taskflow_api.py took 0.281 seconds
[2025-06-06T14:55:26.076+0000] {processor.py:161} INFO - Started process (PID=9948) to work on /opt/airflow/dags/dag_with_taskflow_api.py
[2025-06-06T14:55:26.078+0000] {processor.py:830} INFO - Processing file /opt/airflow/dags/dag_with_taskflow_api.py for tasks to queue
[2025-06-06T14:55:26.081+0000] {logging_mixin.py:188} INFO - [2025-06-06T14:55:26.081+0000] {dagbag.py:538} INFO - Filling up the DagBag from /opt/airflow/dags/dag_with_taskflow_api.py
[2025-06-06T14:55:26.178+0000] {processor.py:840} INFO - DAG(s) 'dag_with_taskflow_api' retrieved from /opt/airflow/dags/dag_with_taskflow_api.py
[2025-06-06T14:55:26.327+0000] {logging_mixin.py:188} INFO - [2025-06-06T14:55:26.326+0000] {dag.py:3036} INFO - Sync 1 DAGs
[2025-06-06T14:55:26.447+0000] {logging_mixin.py:188} INFO - [2025-06-06T14:55:26.446+0000] {dag.py:3823} INFO - Setting next_dagrun for dag_with_taskflow_api to 2025-05-18 00:00:00+00:00, run_after=2025-05-19 00:00:00+00:00
[2025-06-06T14:55:26.549+0000] {processor.py:183} INFO - Processing /opt/airflow/dags/dag_with_taskflow_api.py took 0.484 seconds
[2025-06-06T14:55:56.755+0000] {processor.py:161} INFO - Started process (PID=9971) to work on /opt/airflow/dags/dag_with_taskflow_api.py
[2025-06-06T14:55:56.759+0000] {processor.py:830} INFO - Processing file /opt/airflow/dags/dag_with_taskflow_api.py for tasks to queue
[2025-06-06T14:55:56.765+0000] {logging_mixin.py:188} INFO - [2025-06-06T14:55:56.764+0000] {dagbag.py:538} INFO - Filling up the DagBag from /opt/airflow/dags/dag_with_taskflow_api.py
[2025-06-06T14:55:56.809+0000] {processor.py:840} INFO - DAG(s) 'dag_with_taskflow_api' retrieved from /opt/airflow/dags/dag_with_taskflow_api.py
[2025-06-06T14:55:56.859+0000] {logging_mixin.py:188} INFO - [2025-06-06T14:55:56.859+0000] {dag.py:3036} INFO - Sync 1 DAGs
[2025-06-06T14:55:56.892+0000] {logging_mixin.py:188} INFO - [2025-06-06T14:55:56.892+0000] {dag.py:3823} INFO - Setting next_dagrun for dag_with_taskflow_api to 2025-05-18 00:00:00+00:00, run_after=2025-05-19 00:00:00+00:00
[2025-06-06T14:55:56.949+0000] {processor.py:183} INFO - Processing /opt/airflow/dags/dag_with_taskflow_api.py took 0.200 seconds
[2025-06-06T14:56:27.298+0000] {processor.py:161} INFO - Started process (PID=9994) to work on /opt/airflow/dags/dag_with_taskflow_api.py
[2025-06-06T14:56:27.303+0000] {processor.py:830} INFO - Processing file /opt/airflow/dags/dag_with_taskflow_api.py for tasks to queue
[2025-06-06T14:56:27.307+0000] {logging_mixin.py:188} INFO - [2025-06-06T14:56:27.305+0000] {dagbag.py:538} INFO - Filling up the DagBag from /opt/airflow/dags/dag_with_taskflow_api.py
[2025-06-06T14:56:27.385+0000] {processor.py:840} INFO - DAG(s) 'dag_with_taskflow_api' retrieved from /opt/airflow/dags/dag_with_taskflow_api.py
[2025-06-06T14:56:27.464+0000] {logging_mixin.py:188} INFO - [2025-06-06T14:56:27.464+0000] {dag.py:3036} INFO - Sync 1 DAGs
[2025-06-06T14:56:27.516+0000] {logging_mixin.py:188} INFO - [2025-06-06T14:56:27.515+0000] {dag.py:3823} INFO - Setting next_dagrun for dag_with_taskflow_api to 2025-05-18 00:00:00+00:00, run_after=2025-05-19 00:00:00+00:00
[2025-06-06T14:56:27.568+0000] {processor.py:183} INFO - Processing /opt/airflow/dags/dag_with_taskflow_api.py took 0.280 seconds
[2025-06-06T14:56:57.805+0000] {processor.py:161} INFO - Started process (PID=10017) to work on /opt/airflow/dags/dag_with_taskflow_api.py
[2025-06-06T14:56:57.816+0000] {processor.py:830} INFO - Processing file /opt/airflow/dags/dag_with_taskflow_api.py for tasks to queue
[2025-06-06T14:56:57.821+0000] {logging_mixin.py:188} INFO - [2025-06-06T14:56:57.820+0000] {dagbag.py:538} INFO - Filling up the DagBag from /opt/airflow/dags/dag_with_taskflow_api.py
[2025-06-06T14:56:57.914+0000] {processor.py:840} INFO - DAG(s) 'dag_with_taskflow_api' retrieved from /opt/airflow/dags/dag_with_taskflow_api.py
[2025-06-06T14:56:58.023+0000] {logging_mixin.py:188} INFO - [2025-06-06T14:56:58.021+0000] {dag.py:3036} INFO - Sync 1 DAGs
[2025-06-06T14:56:58.087+0000] {logging_mixin.py:188} INFO - [2025-06-06T14:56:58.087+0000] {dag.py:3823} INFO - Setting next_dagrun for dag_with_taskflow_api to 2025-05-18 00:00:00+00:00, run_after=2025-05-19 00:00:00+00:00
[2025-06-06T14:56:58.133+0000] {processor.py:183} INFO - Processing /opt/airflow/dags/dag_with_taskflow_api.py took 0.354 seconds
[2025-06-06T14:57:28.425+0000] {processor.py:161} INFO - Started process (PID=10040) to work on /opt/airflow/dags/dag_with_taskflow_api.py
[2025-06-06T14:57:28.428+0000] {processor.py:830} INFO - Processing file /opt/airflow/dags/dag_with_taskflow_api.py for tasks to queue
[2025-06-06T14:57:28.432+0000] {logging_mixin.py:188} INFO - [2025-06-06T14:57:28.431+0000] {dagbag.py:538} INFO - Filling up the DagBag from /opt/airflow/dags/dag_with_taskflow_api.py
[2025-06-06T14:57:28.494+0000] {processor.py:840} INFO - DAG(s) 'dag_with_taskflow_api' retrieved from /opt/airflow/dags/dag_with_taskflow_api.py
[2025-06-06T14:57:28.560+0000] {logging_mixin.py:188} INFO - [2025-06-06T14:57:28.559+0000] {dag.py:3036} INFO - Sync 1 DAGs
[2025-06-06T14:57:28.697+0000] {logging_mixin.py:188} INFO - [2025-06-06T14:57:28.697+0000] {dag.py:3823} INFO - Setting next_dagrun for dag_with_taskflow_api to 2025-05-18 00:00:00+00:00, run_after=2025-05-19 00:00:00+00:00
[2025-06-06T14:57:28.770+0000] {processor.py:183} INFO - Processing /opt/airflow/dags/dag_with_taskflow_api.py took 0.355 seconds
[2025-06-06T14:57:59.124+0000] {processor.py:161} INFO - Started process (PID=10063) to work on /opt/airflow/dags/dag_with_taskflow_api.py
[2025-06-06T14:57:59.127+0000] {processor.py:830} INFO - Processing file /opt/airflow/dags/dag_with_taskflow_api.py for tasks to queue
[2025-06-06T14:57:59.130+0000] {logging_mixin.py:188} INFO - [2025-06-06T14:57:59.129+0000] {dagbag.py:538} INFO - Filling up the DagBag from /opt/airflow/dags/dag_with_taskflow_api.py
[2025-06-06T14:57:59.190+0000] {processor.py:840} INFO - DAG(s) 'dag_with_taskflow_api' retrieved from /opt/airflow/dags/dag_with_taskflow_api.py
[2025-06-06T14:57:59.265+0000] {logging_mixin.py:188} INFO - [2025-06-06T14:57:59.265+0000] {dag.py:3036} INFO - Sync 1 DAGs
[2025-06-06T14:57:59.323+0000] {logging_mixin.py:188} INFO - [2025-06-06T14:57:59.322+0000] {dag.py:3823} INFO - Setting next_dagrun for dag_with_taskflow_api to 2025-05-18 00:00:00+00:00, run_after=2025-05-19 00:00:00+00:00
[2025-06-06T14:57:59.379+0000] {processor.py:183} INFO - Processing /opt/airflow/dags/dag_with_taskflow_api.py took 0.270 seconds
[2025-06-06T14:58:29.723+0000] {processor.py:161} INFO - Started process (PID=10086) to work on /opt/airflow/dags/dag_with_taskflow_api.py
[2025-06-06T14:58:29.726+0000] {processor.py:830} INFO - Processing file /opt/airflow/dags/dag_with_taskflow_api.py for tasks to queue
[2025-06-06T14:58:29.729+0000] {logging_mixin.py:188} INFO - [2025-06-06T14:58:29.728+0000] {dagbag.py:538} INFO - Filling up the DagBag from /opt/airflow/dags/dag_with_taskflow_api.py
[2025-06-06T14:58:29.789+0000] {processor.py:840} INFO - DAG(s) 'dag_with_taskflow_api' retrieved from /opt/airflow/dags/dag_with_taskflow_api.py
[2025-06-06T14:58:29.841+0000] {logging_mixin.py:188} INFO - [2025-06-06T14:58:29.841+0000] {dag.py:3036} INFO - Sync 1 DAGs
[2025-06-06T14:58:29.913+0000] {logging_mixin.py:188} INFO - [2025-06-06T14:58:29.912+0000] {dag.py:3823} INFO - Setting next_dagrun for dag_with_taskflow_api to 2025-05-18 00:00:00+00:00, run_after=2025-05-19 00:00:00+00:00
[2025-06-06T14:58:29.997+0000] {processor.py:183} INFO - Processing /opt/airflow/dags/dag_with_taskflow_api.py took 0.279 seconds
[2025-06-06T14:59:00.781+0000] {processor.py:161} INFO - Started process (PID=10109) to work on /opt/airflow/dags/dag_with_taskflow_api.py
[2025-06-06T14:59:00.785+0000] {processor.py:830} INFO - Processing file /opt/airflow/dags/dag_with_taskflow_api.py for tasks to queue
[2025-06-06T14:59:00.791+0000] {logging_mixin.py:188} INFO - [2025-06-06T14:59:00.789+0000] {dagbag.py:538} INFO - Filling up the DagBag from /opt/airflow/dags/dag_with_taskflow_api.py
[2025-06-06T14:59:00.883+0000] {processor.py:840} INFO - DAG(s) 'dag_with_taskflow_api' retrieved from /opt/airflow/dags/dag_with_taskflow_api.py
[2025-06-06T14:59:01.021+0000] {logging_mixin.py:188} INFO - [2025-06-06T14:59:01.021+0000] {dag.py:3036} INFO - Sync 1 DAGs
[2025-06-06T14:59:01.118+0000] {logging_mixin.py:188} INFO - [2025-06-06T14:59:01.116+0000] {dag.py:3823} INFO - Setting next_dagrun for dag_with_taskflow_api to 2025-05-18 00:00:00+00:00, run_after=2025-05-19 00:00:00+00:00
[2025-06-06T14:59:01.202+0000] {processor.py:183} INFO - Processing /opt/airflow/dags/dag_with_taskflow_api.py took 0.432 seconds
[2025-06-06T14:59:31.993+0000] {processor.py:161} INFO - Started process (PID=10132) to work on /opt/airflow/dags/dag_with_taskflow_api.py
[2025-06-06T14:59:31.996+0000] {processor.py:830} INFO - Processing file /opt/airflow/dags/dag_with_taskflow_api.py for tasks to queue
[2025-06-06T14:59:32.001+0000] {logging_mixin.py:188} INFO - [2025-06-06T14:59:32.000+0000] {dagbag.py:538} INFO - Filling up the DagBag from /opt/airflow/dags/dag_with_taskflow_api.py
[2025-06-06T14:59:32.091+0000] {processor.py:840} INFO - DAG(s) 'dag_with_taskflow_api' retrieved from /opt/airflow/dags/dag_with_taskflow_api.py
[2025-06-06T14:59:32.183+0000] {logging_mixin.py:188} INFO - [2025-06-06T14:59:32.182+0000] {dag.py:3036} INFO - Sync 1 DAGs
[2025-06-06T14:59:32.240+0000] {logging_mixin.py:188} INFO - [2025-06-06T14:59:32.240+0000] {dag.py:3823} INFO - Setting next_dagrun for dag_with_taskflow_api to 2025-05-18 00:00:00+00:00, run_after=2025-05-19 00:00:00+00:00
[2025-06-06T14:59:32.311+0000] {processor.py:183} INFO - Processing /opt/airflow/dags/dag_with_taskflow_api.py took 0.327 seconds
[2025-06-06T15:00:03.046+0000] {processor.py:161} INFO - Started process (PID=10156) to work on /opt/airflow/dags/dag_with_taskflow_api.py
[2025-06-06T15:00:03.052+0000] {processor.py:830} INFO - Processing file /opt/airflow/dags/dag_with_taskflow_api.py for tasks to queue
[2025-06-06T15:00:03.058+0000] {logging_mixin.py:188} INFO - [2025-06-06T15:00:03.056+0000] {dagbag.py:538} INFO - Filling up the DagBag from /opt/airflow/dags/dag_with_taskflow_api.py
[2025-06-06T15:00:03.145+0000] {processor.py:840} INFO - DAG(s) 'dag_with_taskflow_api' retrieved from /opt/airflow/dags/dag_with_taskflow_api.py
[2025-06-06T15:00:03.224+0000] {logging_mixin.py:188} INFO - [2025-06-06T15:00:03.224+0000] {dag.py:3036} INFO - Sync 1 DAGs
[2025-06-06T15:00:03.256+0000] {logging_mixin.py:188} INFO - [2025-06-06T15:00:03.255+0000] {dag.py:3823} INFO - Setting next_dagrun for dag_with_taskflow_api to 2025-05-18 00:00:00+00:00, run_after=2025-05-19 00:00:00+00:00
[2025-06-06T15:00:03.305+0000] {processor.py:183} INFO - Processing /opt/airflow/dags/dag_with_taskflow_api.py took 0.276 seconds
[2025-06-06T15:00:34.014+0000] {processor.py:161} INFO - Started process (PID=10179) to work on /opt/airflow/dags/dag_with_taskflow_api.py
[2025-06-06T15:00:34.017+0000] {processor.py:830} INFO - Processing file /opt/airflow/dags/dag_with_taskflow_api.py for tasks to queue
[2025-06-06T15:00:34.021+0000] {logging_mixin.py:188} INFO - [2025-06-06T15:00:34.020+0000] {dagbag.py:538} INFO - Filling up the DagBag from /opt/airflow/dags/dag_with_taskflow_api.py
[2025-06-06T15:00:34.085+0000] {processor.py:840} INFO - DAG(s) 'dag_with_taskflow_api' retrieved from /opt/airflow/dags/dag_with_taskflow_api.py
[2025-06-06T15:00:34.148+0000] {logging_mixin.py:188} INFO - [2025-06-06T15:00:34.147+0000] {dag.py:3036} INFO - Sync 1 DAGs
[2025-06-06T15:00:34.205+0000] {logging_mixin.py:188} INFO - [2025-06-06T15:00:34.204+0000] {dag.py:3823} INFO - Setting next_dagrun for dag_with_taskflow_api to 2025-05-18 00:00:00+00:00, run_after=2025-05-19 00:00:00+00:00
[2025-06-06T15:00:34.278+0000] {processor.py:183} INFO - Processing /opt/airflow/dags/dag_with_taskflow_api.py took 0.272 seconds
[2025-06-06T15:01:04.784+0000] {processor.py:161} INFO - Started process (PID=10202) to work on /opt/airflow/dags/dag_with_taskflow_api.py
[2025-06-06T15:01:04.790+0000] {processor.py:830} INFO - Processing file /opt/airflow/dags/dag_with_taskflow_api.py for tasks to queue
[2025-06-06T15:01:04.796+0000] {logging_mixin.py:188} INFO - [2025-06-06T15:01:04.794+0000] {dagbag.py:538} INFO - Filling up the DagBag from /opt/airflow/dags/dag_with_taskflow_api.py
[2025-06-06T15:01:04.942+0000] {processor.py:840} INFO - DAG(s) 'dag_with_taskflow_api' retrieved from /opt/airflow/dags/dag_with_taskflow_api.py
[2025-06-06T15:01:05.079+0000] {logging_mixin.py:188} INFO - [2025-06-06T15:01:05.079+0000] {dag.py:3036} INFO - Sync 1 DAGs
[2025-06-06T15:01:05.181+0000] {logging_mixin.py:188} INFO - [2025-06-06T15:01:05.180+0000] {dag.py:3823} INFO - Setting next_dagrun for dag_with_taskflow_api to 2025-05-18 00:00:00+00:00, run_after=2025-05-19 00:00:00+00:00
[2025-06-06T15:01:05.251+0000] {processor.py:183} INFO - Processing /opt/airflow/dags/dag_with_taskflow_api.py took 0.483 seconds
[2025-06-06T15:01:36.182+0000] {processor.py:161} INFO - Started process (PID=10225) to work on /opt/airflow/dags/dag_with_taskflow_api.py
[2025-06-06T15:01:36.186+0000] {processor.py:830} INFO - Processing file /opt/airflow/dags/dag_with_taskflow_api.py for tasks to queue
[2025-06-06T15:01:36.192+0000] {logging_mixin.py:188} INFO - [2025-06-06T15:01:36.190+0000] {dagbag.py:538} INFO - Filling up the DagBag from /opt/airflow/dags/dag_with_taskflow_api.py
[2025-06-06T15:01:36.266+0000] {processor.py:840} INFO - DAG(s) 'dag_with_taskflow_api' retrieved from /opt/airflow/dags/dag_with_taskflow_api.py
[2025-06-06T15:01:36.331+0000] {logging_mixin.py:188} INFO - [2025-06-06T15:01:36.330+0000] {dag.py:3036} INFO - Sync 1 DAGs
[2025-06-06T15:01:36.416+0000] {logging_mixin.py:188} INFO - [2025-06-06T15:01:36.415+0000] {dag.py:3823} INFO - Setting next_dagrun for dag_with_taskflow_api to 2025-05-18 00:00:00+00:00, run_after=2025-05-19 00:00:00+00:00
[2025-06-06T15:01:36.490+0000] {processor.py:183} INFO - Processing /opt/airflow/dags/dag_with_taskflow_api.py took 0.318 seconds
[2025-06-06T15:02:07.876+0000] {processor.py:161} INFO - Started process (PID=10248) to work on /opt/airflow/dags/dag_with_taskflow_api.py
[2025-06-06T15:02:07.880+0000] {processor.py:830} INFO - Processing file /opt/airflow/dags/dag_with_taskflow_api.py for tasks to queue
[2025-06-06T15:02:07.884+0000] {logging_mixin.py:188} INFO - [2025-06-06T15:02:07.882+0000] {dagbag.py:538} INFO - Filling up the DagBag from /opt/airflow/dags/dag_with_taskflow_api.py
[2025-06-06T15:02:08.064+0000] {processor.py:840} INFO - DAG(s) 'dag_with_taskflow_api' retrieved from /opt/airflow/dags/dag_with_taskflow_api.py
[2025-06-06T15:02:08.166+0000] {logging_mixin.py:188} INFO - [2025-06-06T15:02:08.166+0000] {dag.py:3036} INFO - Sync 1 DAGs
[2025-06-06T15:02:08.238+0000] {logging_mixin.py:188} INFO - [2025-06-06T15:02:08.237+0000] {dag.py:3823} INFO - Setting next_dagrun for dag_with_taskflow_api to 2025-05-18 00:00:00+00:00, run_after=2025-05-19 00:00:00+00:00
[2025-06-06T15:02:08.348+0000] {processor.py:183} INFO - Processing /opt/airflow/dags/dag_with_taskflow_api.py took 0.479 seconds
[2025-06-06T15:02:39.899+0000] {processor.py:161} INFO - Started process (PID=10271) to work on /opt/airflow/dags/dag_with_taskflow_api.py
[2025-06-06T15:02:39.907+0000] {processor.py:830} INFO - Processing file /opt/airflow/dags/dag_with_taskflow_api.py for tasks to queue
[2025-06-06T15:02:39.915+0000] {logging_mixin.py:188} INFO - [2025-06-06T15:02:39.914+0000] {dagbag.py:538} INFO - Filling up the DagBag from /opt/airflow/dags/dag_with_taskflow_api.py
[2025-06-06T15:02:40.004+0000] {processor.py:840} INFO - DAG(s) 'dag_with_taskflow_api' retrieved from /opt/airflow/dags/dag_with_taskflow_api.py
[2025-06-06T15:02:40.072+0000] {logging_mixin.py:188} INFO - [2025-06-06T15:02:40.071+0000] {dag.py:3036} INFO - Sync 1 DAGs
[2025-06-06T15:02:40.126+0000] {logging_mixin.py:188} INFO - [2025-06-06T15:02:40.125+0000] {dag.py:3823} INFO - Setting next_dagrun for dag_with_taskflow_api to 2025-05-18 00:00:00+00:00, run_after=2025-05-19 00:00:00+00:00
[2025-06-06T15:02:40.190+0000] {processor.py:183} INFO - Processing /opt/airflow/dags/dag_with_taskflow_api.py took 0.302 seconds
[2025-06-06T15:03:11.101+0000] {processor.py:161} INFO - Started process (PID=10294) to work on /opt/airflow/dags/dag_with_taskflow_api.py
[2025-06-06T15:03:11.104+0000] {processor.py:830} INFO - Processing file /opt/airflow/dags/dag_with_taskflow_api.py for tasks to queue
[2025-06-06T15:03:11.107+0000] {logging_mixin.py:188} INFO - [2025-06-06T15:03:11.107+0000] {dagbag.py:538} INFO - Filling up the DagBag from /opt/airflow/dags/dag_with_taskflow_api.py
[2025-06-06T15:03:11.158+0000] {processor.py:840} INFO - DAG(s) 'dag_with_taskflow_api' retrieved from /opt/airflow/dags/dag_with_taskflow_api.py
[2025-06-06T15:03:11.250+0000] {logging_mixin.py:188} INFO - [2025-06-06T15:03:11.249+0000] {dag.py:3036} INFO - Sync 1 DAGs
[2025-06-06T15:03:11.326+0000] {logging_mixin.py:188} INFO - [2025-06-06T15:03:11.326+0000] {dag.py:3823} INFO - Setting next_dagrun for dag_with_taskflow_api to 2025-05-18 00:00:00+00:00, run_after=2025-05-19 00:00:00+00:00
[2025-06-06T15:03:11.391+0000] {processor.py:183} INFO - Processing /opt/airflow/dags/dag_with_taskflow_api.py took 0.296 seconds
[2025-06-06T15:03:42.734+0000] {processor.py:161} INFO - Started process (PID=10316) to work on /opt/airflow/dags/dag_with_taskflow_api.py
[2025-06-06T15:03:42.738+0000] {processor.py:830} INFO - Processing file /opt/airflow/dags/dag_with_taskflow_api.py for tasks to queue
[2025-06-06T15:03:42.742+0000] {logging_mixin.py:188} INFO - [2025-06-06T15:03:42.741+0000] {dagbag.py:538} INFO - Filling up the DagBag from /opt/airflow/dags/dag_with_taskflow_api.py
[2025-06-06T15:03:42.888+0000] {processor.py:840} INFO - DAG(s) 'dag_with_taskflow_api' retrieved from /opt/airflow/dags/dag_with_taskflow_api.py
[2025-06-06T15:03:43.019+0000] {logging_mixin.py:188} INFO - [2025-06-06T15:03:43.018+0000] {dag.py:3036} INFO - Sync 1 DAGs
[2025-06-06T15:03:43.101+0000] {logging_mixin.py:188} INFO - [2025-06-06T15:03:43.101+0000] {dag.py:3823} INFO - Setting next_dagrun for dag_with_taskflow_api to 2025-05-18 00:00:00+00:00, run_after=2025-05-19 00:00:00+00:00
[2025-06-06T15:03:43.191+0000] {processor.py:183} INFO - Processing /opt/airflow/dags/dag_with_taskflow_api.py took 0.464 seconds
[2025-06-06T15:04:14.200+0000] {processor.py:161} INFO - Started process (PID=10339) to work on /opt/airflow/dags/dag_with_taskflow_api.py
[2025-06-06T15:04:14.205+0000] {processor.py:830} INFO - Processing file /opt/airflow/dags/dag_with_taskflow_api.py for tasks to queue
[2025-06-06T15:04:14.208+0000] {logging_mixin.py:188} INFO - [2025-06-06T15:04:14.207+0000] {dagbag.py:538} INFO - Filling up the DagBag from /opt/airflow/dags/dag_with_taskflow_api.py
[2025-06-06T15:04:14.273+0000] {processor.py:840} INFO - DAG(s) 'dag_with_taskflow_api' retrieved from /opt/airflow/dags/dag_with_taskflow_api.py
[2025-06-06T15:04:14.349+0000] {logging_mixin.py:188} INFO - [2025-06-06T15:04:14.348+0000] {dag.py:3036} INFO - Sync 1 DAGs
[2025-06-06T15:04:14.396+0000] {logging_mixin.py:188} INFO - [2025-06-06T15:04:14.395+0000] {dag.py:3823} INFO - Setting next_dagrun for dag_with_taskflow_api to 2025-05-18 00:00:00+00:00, run_after=2025-05-19 00:00:00+00:00
[2025-06-06T15:04:14.462+0000] {processor.py:183} INFO - Processing /opt/airflow/dags/dag_with_taskflow_api.py took 0.274 seconds
[2025-06-06T15:04:45.577+0000] {processor.py:161} INFO - Started process (PID=10362) to work on /opt/airflow/dags/dag_with_taskflow_api.py
[2025-06-06T15:04:45.581+0000] {processor.py:830} INFO - Processing file /opt/airflow/dags/dag_with_taskflow_api.py for tasks to queue
[2025-06-06T15:04:45.588+0000] {logging_mixin.py:188} INFO - [2025-06-06T15:04:45.588+0000] {dagbag.py:538} INFO - Filling up the DagBag from /opt/airflow/dags/dag_with_taskflow_api.py
[2025-06-06T15:04:45.672+0000] {processor.py:840} INFO - DAG(s) 'dag_with_taskflow_api' retrieved from /opt/airflow/dags/dag_with_taskflow_api.py
[2025-06-06T15:04:45.738+0000] {logging_mixin.py:188} INFO - [2025-06-06T15:04:45.737+0000] {dag.py:3036} INFO - Sync 1 DAGs
[2025-06-06T15:04:45.810+0000] {logging_mixin.py:188} INFO - [2025-06-06T15:04:45.810+0000] {dag.py:3823} INFO - Setting next_dagrun for dag_with_taskflow_api to 2025-05-18 00:00:00+00:00, run_after=2025-05-19 00:00:00+00:00
[2025-06-06T15:04:45.895+0000] {processor.py:183} INFO - Processing /opt/airflow/dags/dag_with_taskflow_api.py took 0.329 seconds
[2025-06-06T15:05:17.710+0000] {processor.py:161} INFO - Started process (PID=10385) to work on /opt/airflow/dags/dag_with_taskflow_api.py
[2025-06-06T15:05:17.713+0000] {processor.py:830} INFO - Processing file /opt/airflow/dags/dag_with_taskflow_api.py for tasks to queue
[2025-06-06T15:05:17.716+0000] {logging_mixin.py:188} INFO - [2025-06-06T15:05:17.715+0000] {dagbag.py:538} INFO - Filling up the DagBag from /opt/airflow/dags/dag_with_taskflow_api.py
[2025-06-06T15:05:17.812+0000] {processor.py:840} INFO - DAG(s) 'dag_with_taskflow_api' retrieved from /opt/airflow/dags/dag_with_taskflow_api.py
[2025-06-06T15:05:17.959+0000] {logging_mixin.py:188} INFO - [2025-06-06T15:05:17.958+0000] {dag.py:3036} INFO - Sync 1 DAGs
[2025-06-06T15:05:18.036+0000] {logging_mixin.py:188} INFO - [2025-06-06T15:05:18.035+0000] {dag.py:3823} INFO - Setting next_dagrun for dag_with_taskflow_api to 2025-05-18 00:00:00+00:00, run_after=2025-05-19 00:00:00+00:00
[2025-06-06T15:05:18.104+0000] {processor.py:183} INFO - Processing /opt/airflow/dags/dag_with_taskflow_api.py took 0.400 seconds
[2025-06-06T15:05:49.053+0000] {processor.py:161} INFO - Started process (PID=10407) to work on /opt/airflow/dags/dag_with_taskflow_api.py
[2025-06-06T15:05:49.056+0000] {processor.py:830} INFO - Processing file /opt/airflow/dags/dag_with_taskflow_api.py for tasks to queue
[2025-06-06T15:05:49.058+0000] {logging_mixin.py:188} INFO - [2025-06-06T15:05:49.058+0000] {dagbag.py:538} INFO - Filling up the DagBag from /opt/airflow/dags/dag_with_taskflow_api.py
[2025-06-06T15:05:49.108+0000] {processor.py:840} INFO - DAG(s) 'dag_with_taskflow_api' retrieved from /opt/airflow/dags/dag_with_taskflow_api.py
[2025-06-06T15:05:49.166+0000] {logging_mixin.py:188} INFO - [2025-06-06T15:05:49.166+0000] {dag.py:3036} INFO - Sync 1 DAGs
[2025-06-06T15:05:49.217+0000] {logging_mixin.py:188} INFO - [2025-06-06T15:05:49.217+0000] {dag.py:3823} INFO - Setting next_dagrun for dag_with_taskflow_api to 2025-05-18 00:00:00+00:00, run_after=2025-05-19 00:00:00+00:00
[2025-06-06T15:05:49.276+0000] {processor.py:183} INFO - Processing /opt/airflow/dags/dag_with_taskflow_api.py took 0.238 seconds
