[2025-06-06T13:51:46.650+0000] {processor.py:161} INFO - Started process (PID=8649) to work on /opt/airflow/dags/first_dag.py
[2025-06-06T13:51:46.656+0000] {processor.py:830} INFO - Processing file /opt/airflow/dags/first_dag.py for tasks to queue
[2025-06-06T13:51:46.661+0000] {logging_mixin.py:188} INFO - [2025-06-06T13:51:46.660+0000] {dagbag.py:538} INFO - Filling up the DagBag from /opt/airflow/dags/first_dag.py
[2025-06-06T13:51:46.752+0000] {processor.py:840} INFO - DAG(s) 'test_docker_dag' retrieved from /opt/airflow/dags/first_dag.py
[2025-06-06T13:51:46.810+0000] {logging_mixin.py:188} INFO - [2025-06-06T13:51:46.809+0000] {dag.py:3036} INFO - Sync 1 DAGs
[2025-06-06T13:51:46.855+0000] {logging_mixin.py:188} INFO - [2025-06-06T13:51:46.855+0000] {dag.py:3823} INFO - Setting next_dagrun for test_docker_dag to 2025-05-31 00:00:00+00:00, run_after=2025-06-01 00:00:00+00:00
[2025-06-06T13:51:46.906+0000] {processor.py:183} INFO - Processing /opt/airflow/dags/first_dag.py took 0.262 seconds
[2025-06-06T14:26:51.445+0000] {processor.py:161} INFO - Started process (PID=8672) to work on /opt/airflow/dags/first_dag.py
[2025-06-06T14:26:51.459+0000] {processor.py:830} INFO - Processing file /opt/airflow/dags/first_dag.py for tasks to queue
[2025-06-06T14:26:51.465+0000] {logging_mixin.py:188} INFO - [2025-06-06T14:26:51.464+0000] {dagbag.py:538} INFO - Filling up the DagBag from /opt/airflow/dags/first_dag.py
[2025-06-06T14:26:51.656+0000] {processor.py:840} INFO - DAG(s) 'test_docker_dag' retrieved from /opt/airflow/dags/first_dag.py
[2025-06-06T14:26:51.765+0000] {logging_mixin.py:188} INFO - [2025-06-06T14:26:51.765+0000] {dag.py:3036} INFO - Sync 1 DAGs
[2025-06-06T14:26:51.864+0000] {logging_mixin.py:188} INFO - [2025-06-06T14:26:51.854+0000] {dag.py:3823} INFO - Setting next_dagrun for test_docker_dag to 2025-05-31 00:00:00+00:00, run_after=2025-06-01 00:00:00+00:00
[2025-06-06T14:26:51.957+0000] {processor.py:183} INFO - Processing /opt/airflow/dags/first_dag.py took 0.531 seconds
[2025-06-06T14:27:22.288+0000] {processor.py:161} INFO - Started process (PID=8695) to work on /opt/airflow/dags/first_dag.py
[2025-06-06T14:27:22.291+0000] {processor.py:830} INFO - Processing file /opt/airflow/dags/first_dag.py for tasks to queue
[2025-06-06T14:27:22.298+0000] {logging_mixin.py:188} INFO - [2025-06-06T14:27:22.297+0000] {dagbag.py:538} INFO - Filling up the DagBag from /opt/airflow/dags/first_dag.py
[2025-06-06T14:27:22.338+0000] {processor.py:840} INFO - DAG(s) 'test_docker_dag' retrieved from /opt/airflow/dags/first_dag.py
[2025-06-06T14:27:22.389+0000] {logging_mixin.py:188} INFO - [2025-06-06T14:27:22.389+0000] {dag.py:3036} INFO - Sync 1 DAGs
[2025-06-06T14:27:22.442+0000] {logging_mixin.py:188} INFO - [2025-06-06T14:27:22.442+0000] {dag.py:3823} INFO - Setting next_dagrun for test_docker_dag to 2025-05-31 00:00:00+00:00, run_after=2025-06-01 00:00:00+00:00
[2025-06-06T14:27:22.505+0000] {processor.py:183} INFO - Processing /opt/airflow/dags/first_dag.py took 0.228 seconds
[2025-06-06T14:27:53.635+0000] {processor.py:161} INFO - Started process (PID=8718) to work on /opt/airflow/dags/first_dag.py
[2025-06-06T14:27:53.637+0000] {processor.py:830} INFO - Processing file /opt/airflow/dags/first_dag.py for tasks to queue
[2025-06-06T14:27:53.639+0000] {logging_mixin.py:188} INFO - [2025-06-06T14:27:53.639+0000] {dagbag.py:538} INFO - Filling up the DagBag from /opt/airflow/dags/first_dag.py
[2025-06-06T14:27:53.674+0000] {processor.py:840} INFO - DAG(s) 'test_docker_dag' retrieved from /opt/airflow/dags/first_dag.py
[2025-06-06T14:27:53.703+0000] {logging_mixin.py:188} INFO - [2025-06-06T14:27:53.702+0000] {dag.py:3036} INFO - Sync 1 DAGs
[2025-06-06T14:27:53.725+0000] {logging_mixin.py:188} INFO - [2025-06-06T14:27:53.725+0000] {dag.py:3823} INFO - Setting next_dagrun for test_docker_dag to 2025-05-31 00:00:00+00:00, run_after=2025-06-01 00:00:00+00:00
[2025-06-06T14:27:53.966+0000] {processor.py:183} INFO - Processing /opt/airflow/dags/first_dag.py took 0.339 seconds
[2025-06-06T14:28:25.796+0000] {processor.py:161} INFO - Started process (PID=8741) to work on /opt/airflow/dags/first_dag.py
[2025-06-06T14:28:25.804+0000] {processor.py:830} INFO - Processing file /opt/airflow/dags/first_dag.py for tasks to queue
[2025-06-06T14:28:25.814+0000] {logging_mixin.py:188} INFO - [2025-06-06T14:28:25.812+0000] {dagbag.py:538} INFO - Filling up the DagBag from /opt/airflow/dags/first_dag.py
[2025-06-06T14:28:25.922+0000] {processor.py:840} INFO - DAG(s) 'test_docker_dag' retrieved from /opt/airflow/dags/first_dag.py
[2025-06-06T14:28:26.053+0000] {logging_mixin.py:188} INFO - [2025-06-06T14:28:26.053+0000] {dag.py:3036} INFO - Sync 1 DAGs
[2025-06-06T14:28:26.214+0000] {logging_mixin.py:188} INFO - [2025-06-06T14:28:26.213+0000] {dag.py:3823} INFO - Setting next_dagrun for test_docker_dag to 2025-05-31 00:00:00+00:00, run_after=2025-06-01 00:00:00+00:00
[2025-06-06T14:28:26.309+0000] {processor.py:183} INFO - Processing /opt/airflow/dags/first_dag.py took 0.531 seconds
[2025-06-06T14:28:59.391+0000] {processor.py:161} INFO - Started process (PID=8765) to work on /opt/airflow/dags/first_dag.py
[2025-06-06T14:28:59.394+0000] {processor.py:830} INFO - Processing file /opt/airflow/dags/first_dag.py for tasks to queue
[2025-06-06T14:28:59.398+0000] {logging_mixin.py:188} INFO - [2025-06-06T14:28:59.396+0000] {dagbag.py:538} INFO - Filling up the DagBag from /opt/airflow/dags/first_dag.py
[2025-06-06T14:28:59.465+0000] {processor.py:840} INFO - DAG(s) 'test_docker_dag' retrieved from /opt/airflow/dags/first_dag.py
[2025-06-06T14:28:59.564+0000] {logging_mixin.py:188} INFO - [2025-06-06T14:28:59.563+0000] {dag.py:3036} INFO - Sync 1 DAGs
[2025-06-06T14:28:59.632+0000] {logging_mixin.py:188} INFO - [2025-06-06T14:28:59.632+0000] {dag.py:3823} INFO - Setting next_dagrun for test_docker_dag to 2025-05-31 00:00:00+00:00, run_after=2025-06-01 00:00:00+00:00
[2025-06-06T14:28:59.692+0000] {processor.py:183} INFO - Processing /opt/airflow/dags/first_dag.py took 0.311 seconds
[2025-06-06T14:29:30.685+0000] {processor.py:161} INFO - Started process (PID=8788) to work on /opt/airflow/dags/first_dag.py
[2025-06-06T14:29:30.688+0000] {processor.py:830} INFO - Processing file /opt/airflow/dags/first_dag.py for tasks to queue
[2025-06-06T14:29:30.693+0000] {logging_mixin.py:188} INFO - [2025-06-06T14:29:30.692+0000] {dagbag.py:538} INFO - Filling up the DagBag from /opt/airflow/dags/first_dag.py
[2025-06-06T14:29:30.907+0000] {processor.py:840} INFO - DAG(s) 'test_docker_dag' retrieved from /opt/airflow/dags/first_dag.py
[2025-06-06T14:29:31.020+0000] {logging_mixin.py:188} INFO - [2025-06-06T14:29:31.019+0000] {dag.py:3036} INFO - Sync 1 DAGs
[2025-06-06T14:29:31.135+0000] {logging_mixin.py:188} INFO - [2025-06-06T14:29:31.134+0000] {dag.py:3823} INFO - Setting next_dagrun for test_docker_dag to 2025-05-31 00:00:00+00:00, run_after=2025-06-01 00:00:00+00:00
[2025-06-06T14:29:31.227+0000] {processor.py:183} INFO - Processing /opt/airflow/dags/first_dag.py took 0.562 seconds
[2025-06-06T14:30:06.750+0000] {processor.py:161} INFO - Started process (PID=8811) to work on /opt/airflow/dags/first_dag.py
[2025-06-06T14:30:06.760+0000] {processor.py:830} INFO - Processing file /opt/airflow/dags/first_dag.py for tasks to queue
[2025-06-06T14:30:06.772+0000] {logging_mixin.py:188} INFO - [2025-06-06T14:30:06.771+0000] {dagbag.py:538} INFO - Filling up the DagBag from /opt/airflow/dags/first_dag.py
[2025-06-06T14:30:07.114+0000] {processor.py:840} INFO - DAG(s) 'test_docker_dag' retrieved from /opt/airflow/dags/first_dag.py
[2025-06-06T14:30:07.303+0000] {logging_mixin.py:188} INFO - [2025-06-06T14:30:07.303+0000] {dag.py:3036} INFO - Sync 1 DAGs
[2025-06-06T14:30:07.416+0000] {logging_mixin.py:188} INFO - [2025-06-06T14:30:07.415+0000] {dag.py:3823} INFO - Setting next_dagrun for test_docker_dag to 2025-05-31 00:00:00+00:00, run_after=2025-06-01 00:00:00+00:00
[2025-06-06T14:30:07.518+0000] {processor.py:183} INFO - Processing /opt/airflow/dags/first_dag.py took 0.786 seconds
[2025-06-06T14:30:38.586+0000] {processor.py:161} INFO - Started process (PID=8834) to work on /opt/airflow/dags/first_dag.py
[2025-06-06T14:30:38.593+0000] {processor.py:830} INFO - Processing file /opt/airflow/dags/first_dag.py for tasks to queue
[2025-06-06T14:30:38.596+0000] {logging_mixin.py:188} INFO - [2025-06-06T14:30:38.595+0000] {dagbag.py:538} INFO - Filling up the DagBag from /opt/airflow/dags/first_dag.py
[2025-06-06T14:30:38.691+0000] {processor.py:840} INFO - DAG(s) 'test_docker_dag' retrieved from /opt/airflow/dags/first_dag.py
[2025-06-06T14:30:38.835+0000] {logging_mixin.py:188} INFO - [2025-06-06T14:30:38.834+0000] {dag.py:3036} INFO - Sync 1 DAGs
[2025-06-06T14:30:38.919+0000] {logging_mixin.py:188} INFO - [2025-06-06T14:30:38.919+0000] {dag.py:3823} INFO - Setting next_dagrun for test_docker_dag to 2025-05-31 00:00:00+00:00, run_after=2025-06-01 00:00:00+00:00
[2025-06-06T14:30:38.971+0000] {processor.py:183} INFO - Processing /opt/airflow/dags/first_dag.py took 0.394 seconds
[2025-06-06T14:31:10.353+0000] {processor.py:161} INFO - Started process (PID=8857) to work on /opt/airflow/dags/first_dag.py
[2025-06-06T14:31:10.356+0000] {processor.py:830} INFO - Processing file /opt/airflow/dags/first_dag.py for tasks to queue
[2025-06-06T14:31:10.360+0000] {logging_mixin.py:188} INFO - [2025-06-06T14:31:10.359+0000] {dagbag.py:538} INFO - Filling up the DagBag from /opt/airflow/dags/first_dag.py
[2025-06-06T14:31:10.437+0000] {processor.py:840} INFO - DAG(s) 'test_docker_dag' retrieved from /opt/airflow/dags/first_dag.py
[2025-06-06T14:31:10.506+0000] {logging_mixin.py:188} INFO - [2025-06-06T14:31:10.505+0000] {dag.py:3036} INFO - Sync 1 DAGs
[2025-06-06T14:31:10.580+0000] {logging_mixin.py:188} INFO - [2025-06-06T14:31:10.579+0000] {dag.py:3823} INFO - Setting next_dagrun for test_docker_dag to 2025-05-31 00:00:00+00:00, run_after=2025-06-01 00:00:00+00:00
[2025-06-06T14:31:10.682+0000] {processor.py:183} INFO - Processing /opt/airflow/dags/first_dag.py took 0.343 seconds
[2025-06-06T14:31:41.398+0000] {processor.py:161} INFO - Started process (PID=8880) to work on /opt/airflow/dags/first_dag.py
[2025-06-06T14:31:41.402+0000] {processor.py:830} INFO - Processing file /opt/airflow/dags/first_dag.py for tasks to queue
[2025-06-06T14:31:41.404+0000] {logging_mixin.py:188} INFO - [2025-06-06T14:31:41.403+0000] {dagbag.py:538} INFO - Filling up the DagBag from /opt/airflow/dags/first_dag.py
[2025-06-06T14:31:41.508+0000] {processor.py:840} INFO - DAG(s) 'test_docker_dag' retrieved from /opt/airflow/dags/first_dag.py
[2025-06-06T14:31:41.607+0000] {logging_mixin.py:188} INFO - [2025-06-06T14:31:41.606+0000] {dag.py:3036} INFO - Sync 1 DAGs
[2025-06-06T14:31:41.705+0000] {logging_mixin.py:188} INFO - [2025-06-06T14:31:41.704+0000] {dag.py:3823} INFO - Setting next_dagrun for test_docker_dag to 2025-05-31 00:00:00+00:00, run_after=2025-06-01 00:00:00+00:00
[2025-06-06T14:31:41.778+0000] {processor.py:183} INFO - Processing /opt/airflow/dags/first_dag.py took 0.390 seconds
[2025-06-06T14:32:12.415+0000] {processor.py:161} INFO - Started process (PID=8903) to work on /opt/airflow/dags/first_dag.py
[2025-06-06T14:32:12.423+0000] {processor.py:830} INFO - Processing file /opt/airflow/dags/first_dag.py for tasks to queue
[2025-06-06T14:32:12.428+0000] {logging_mixin.py:188} INFO - [2025-06-06T14:32:12.427+0000] {dagbag.py:538} INFO - Filling up the DagBag from /opt/airflow/dags/first_dag.py
[2025-06-06T14:32:12.499+0000] {processor.py:840} INFO - DAG(s) 'test_docker_dag' retrieved from /opt/airflow/dags/first_dag.py
[2025-06-06T14:32:12.574+0000] {logging_mixin.py:188} INFO - [2025-06-06T14:32:12.573+0000] {dag.py:3036} INFO - Sync 1 DAGs
[2025-06-06T14:32:12.636+0000] {logging_mixin.py:188} INFO - [2025-06-06T14:32:12.635+0000] {dag.py:3823} INFO - Setting next_dagrun for test_docker_dag to 2025-05-31 00:00:00+00:00, run_after=2025-06-01 00:00:00+00:00
[2025-06-06T14:32:12.682+0000] {processor.py:183} INFO - Processing /opt/airflow/dags/first_dag.py took 0.274 seconds
[2025-06-06T14:32:43.462+0000] {processor.py:161} INFO - Started process (PID=8926) to work on /opt/airflow/dags/first_dag.py
[2025-06-06T14:32:43.474+0000] {processor.py:830} INFO - Processing file /opt/airflow/dags/first_dag.py for tasks to queue
[2025-06-06T14:32:43.480+0000] {logging_mixin.py:188} INFO - [2025-06-06T14:32:43.479+0000] {dagbag.py:538} INFO - Filling up the DagBag from /opt/airflow/dags/first_dag.py
[2025-06-06T14:32:43.620+0000] {processor.py:840} INFO - DAG(s) 'test_docker_dag' retrieved from /opt/airflow/dags/first_dag.py
[2025-06-06T14:32:43.708+0000] {logging_mixin.py:188} INFO - [2025-06-06T14:32:43.707+0000] {dag.py:3036} INFO - Sync 1 DAGs
[2025-06-06T14:32:43.750+0000] {logging_mixin.py:188} INFO - [2025-06-06T14:32:43.749+0000] {dag.py:3823} INFO - Setting next_dagrun for test_docker_dag to 2025-05-31 00:00:00+00:00, run_after=2025-06-01 00:00:00+00:00
[2025-06-06T14:32:43.802+0000] {processor.py:183} INFO - Processing /opt/airflow/dags/first_dag.py took 0.350 seconds
[2025-06-06T14:33:14.764+0000] {processor.py:161} INFO - Started process (PID=8956) to work on /opt/airflow/dags/first_dag.py
[2025-06-06T14:33:14.768+0000] {processor.py:830} INFO - Processing file /opt/airflow/dags/first_dag.py for tasks to queue
[2025-06-06T14:33:14.772+0000] {logging_mixin.py:188} INFO - [2025-06-06T14:33:14.771+0000] {dagbag.py:538} INFO - Filling up the DagBag from /opt/airflow/dags/first_dag.py
[2025-06-06T14:33:14.829+0000] {processor.py:840} INFO - DAG(s) 'test_docker_dag' retrieved from /opt/airflow/dags/first_dag.py
[2025-06-06T14:33:14.891+0000] {logging_mixin.py:188} INFO - [2025-06-06T14:33:14.890+0000] {dag.py:3036} INFO - Sync 1 DAGs
[2025-06-06T14:33:14.932+0000] {logging_mixin.py:188} INFO - [2025-06-06T14:33:14.932+0000] {dag.py:3823} INFO - Setting next_dagrun for test_docker_dag to 2025-05-31 00:00:00+00:00, run_after=2025-06-01 00:00:00+00:00
[2025-06-06T14:33:14.983+0000] {processor.py:183} INFO - Processing /opt/airflow/dags/first_dag.py took 0.236 seconds
[2025-06-06T14:33:47.068+0000] {processor.py:161} INFO - Started process (PID=8979) to work on /opt/airflow/dags/first_dag.py
[2025-06-06T14:33:47.070+0000] {processor.py:830} INFO - Processing file /opt/airflow/dags/first_dag.py for tasks to queue
[2025-06-06T14:33:47.072+0000] {logging_mixin.py:188} INFO - [2025-06-06T14:33:47.071+0000] {dagbag.py:538} INFO - Filling up the DagBag from /opt/airflow/dags/first_dag.py
[2025-06-06T14:33:47.140+0000] {processor.py:840} INFO - DAG(s) 'test_docker_dag' retrieved from /opt/airflow/dags/first_dag.py
[2025-06-06T14:33:47.225+0000] {logging_mixin.py:188} INFO - [2025-06-06T14:33:47.224+0000] {dag.py:3036} INFO - Sync 1 DAGs
[2025-06-06T14:33:47.278+0000] {logging_mixin.py:188} INFO - [2025-06-06T14:33:47.277+0000] {dag.py:3823} INFO - Setting next_dagrun for test_docker_dag to 2025-05-31 00:00:00+00:00, run_after=2025-06-01 00:00:00+00:00
[2025-06-06T14:33:47.335+0000] {processor.py:183} INFO - Processing /opt/airflow/dags/first_dag.py took 0.272 seconds
[2025-06-06T14:34:17.955+0000] {processor.py:161} INFO - Started process (PID=9002) to work on /opt/airflow/dags/first_dag.py
[2025-06-06T14:34:17.968+0000] {processor.py:830} INFO - Processing file /opt/airflow/dags/first_dag.py for tasks to queue
[2025-06-06T14:34:17.973+0000] {logging_mixin.py:188} INFO - [2025-06-06T14:34:17.972+0000] {dagbag.py:538} INFO - Filling up the DagBag from /opt/airflow/dags/first_dag.py
[2025-06-06T14:34:18.053+0000] {processor.py:840} INFO - DAG(s) 'test_docker_dag' retrieved from /opt/airflow/dags/first_dag.py
[2025-06-06T14:34:18.132+0000] {logging_mixin.py:188} INFO - [2025-06-06T14:34:18.131+0000] {dag.py:3036} INFO - Sync 1 DAGs
[2025-06-06T14:34:18.207+0000] {logging_mixin.py:188} INFO - [2025-06-06T14:34:18.207+0000] {dag.py:3823} INFO - Setting next_dagrun for test_docker_dag to 2025-05-31 00:00:00+00:00, run_after=2025-06-01 00:00:00+00:00
[2025-06-06T14:34:18.257+0000] {processor.py:183} INFO - Processing /opt/airflow/dags/first_dag.py took 0.325 seconds
[2025-06-06T14:34:48.778+0000] {processor.py:161} INFO - Started process (PID=9025) to work on /opt/airflow/dags/first_dag.py
[2025-06-06T14:34:48.781+0000] {processor.py:830} INFO - Processing file /opt/airflow/dags/first_dag.py for tasks to queue
[2025-06-06T14:34:48.785+0000] {logging_mixin.py:188} INFO - [2025-06-06T14:34:48.784+0000] {dagbag.py:538} INFO - Filling up the DagBag from /opt/airflow/dags/first_dag.py
[2025-06-06T14:34:48.847+0000] {processor.py:840} INFO - DAG(s) 'test_docker_dag' retrieved from /opt/airflow/dags/first_dag.py
[2025-06-06T14:34:48.929+0000] {logging_mixin.py:188} INFO - [2025-06-06T14:34:48.928+0000] {dag.py:3036} INFO - Sync 1 DAGs
[2025-06-06T14:34:49.007+0000] {logging_mixin.py:188} INFO - [2025-06-06T14:34:49.006+0000] {dag.py:3823} INFO - Setting next_dagrun for test_docker_dag to 2025-05-31 00:00:00+00:00, run_after=2025-06-01 00:00:00+00:00
[2025-06-06T14:34:49.094+0000] {processor.py:183} INFO - Processing /opt/airflow/dags/first_dag.py took 0.326 seconds
[2025-06-06T14:35:19.634+0000] {processor.py:161} INFO - Started process (PID=9048) to work on /opt/airflow/dags/first_dag.py
[2025-06-06T14:35:19.638+0000] {processor.py:830} INFO - Processing file /opt/airflow/dags/first_dag.py for tasks to queue
[2025-06-06T14:35:19.642+0000] {logging_mixin.py:188} INFO - [2025-06-06T14:35:19.641+0000] {dagbag.py:538} INFO - Filling up the DagBag from /opt/airflow/dags/first_dag.py
[2025-06-06T14:35:19.731+0000] {processor.py:840} INFO - DAG(s) 'test_docker_dag' retrieved from /opt/airflow/dags/first_dag.py
[2025-06-06T14:35:19.852+0000] {logging_mixin.py:188} INFO - [2025-06-06T14:35:19.851+0000] {dag.py:3036} INFO - Sync 1 DAGs
[2025-06-06T14:35:19.930+0000] {logging_mixin.py:188} INFO - [2025-06-06T14:35:19.930+0000] {dag.py:3823} INFO - Setting next_dagrun for test_docker_dag to 2025-05-31 00:00:00+00:00, run_after=2025-06-01 00:00:00+00:00
[2025-06-06T14:35:19.988+0000] {processor.py:183} INFO - Processing /opt/airflow/dags/first_dag.py took 0.363 seconds
[2025-06-06T14:35:51.083+0000] {processor.py:161} INFO - Started process (PID=9072) to work on /opt/airflow/dags/first_dag.py
[2025-06-06T14:35:51.086+0000] {processor.py:830} INFO - Processing file /opt/airflow/dags/first_dag.py for tasks to queue
[2025-06-06T14:35:51.090+0000] {logging_mixin.py:188} INFO - [2025-06-06T14:35:51.089+0000] {dagbag.py:538} INFO - Filling up the DagBag from /opt/airflow/dags/first_dag.py
[2025-06-06T14:35:51.189+0000] {processor.py:840} INFO - DAG(s) 'test_docker_dag' retrieved from /opt/airflow/dags/first_dag.py
[2025-06-06T14:35:51.322+0000] {logging_mixin.py:188} INFO - [2025-06-06T14:35:51.321+0000] {dag.py:3036} INFO - Sync 1 DAGs
[2025-06-06T14:35:51.399+0000] {logging_mixin.py:188} INFO - [2025-06-06T14:35:51.397+0000] {dag.py:3823} INFO - Setting next_dagrun for test_docker_dag to 2025-05-31 00:00:00+00:00, run_after=2025-06-01 00:00:00+00:00
[2025-06-06T14:35:51.464+0000] {processor.py:183} INFO - Processing /opt/airflow/dags/first_dag.py took 0.389 seconds
[2025-06-06T14:36:23.562+0000] {processor.py:161} INFO - Started process (PID=9096) to work on /opt/airflow/dags/first_dag.py
[2025-06-06T14:36:23.565+0000] {processor.py:830} INFO - Processing file /opt/airflow/dags/first_dag.py for tasks to queue
[2025-06-06T14:36:23.567+0000] {logging_mixin.py:188} INFO - [2025-06-06T14:36:23.566+0000] {dagbag.py:538} INFO - Filling up the DagBag from /opt/airflow/dags/first_dag.py
[2025-06-06T14:36:23.616+0000] {processor.py:840} INFO - DAG(s) 'test_docker_dag' retrieved from /opt/airflow/dags/first_dag.py
[2025-06-06T14:36:23.658+0000] {logging_mixin.py:188} INFO - [2025-06-06T14:36:23.658+0000] {dag.py:3036} INFO - Sync 1 DAGs
[2025-06-06T14:36:23.733+0000] {logging_mixin.py:188} INFO - [2025-06-06T14:36:23.732+0000] {dag.py:3823} INFO - Setting next_dagrun for test_docker_dag to 2025-05-31 00:00:00+00:00, run_after=2025-06-01 00:00:00+00:00
[2025-06-06T14:36:23.811+0000] {processor.py:183} INFO - Processing /opt/airflow/dags/first_dag.py took 0.254 seconds
[2025-06-06T14:36:54.087+0000] {processor.py:161} INFO - Started process (PID=9117) to work on /opt/airflow/dags/first_dag.py
[2025-06-06T14:36:54.092+0000] {processor.py:830} INFO - Processing file /opt/airflow/dags/first_dag.py for tasks to queue
[2025-06-06T14:36:54.098+0000] {logging_mixin.py:188} INFO - [2025-06-06T14:36:54.098+0000] {dagbag.py:538} INFO - Filling up the DagBag from /opt/airflow/dags/first_dag.py
[2025-06-06T14:36:54.158+0000] {processor.py:840} INFO - DAG(s) 'test_docker_dag' retrieved from /opt/airflow/dags/first_dag.py
[2025-06-06T14:36:54.208+0000] {logging_mixin.py:188} INFO - [2025-06-06T14:36:54.207+0000] {dag.py:3036} INFO - Sync 1 DAGs
[2025-06-06T14:36:54.242+0000] {logging_mixin.py:188} INFO - [2025-06-06T14:36:54.242+0000] {dag.py:3823} INFO - Setting next_dagrun for test_docker_dag to 2025-05-31 00:00:00+00:00, run_after=2025-06-01 00:00:00+00:00
[2025-06-06T14:36:54.283+0000] {processor.py:183} INFO - Processing /opt/airflow/dags/first_dag.py took 0.204 seconds
[2025-06-06T14:37:26.108+0000] {processor.py:161} INFO - Started process (PID=9142) to work on /opt/airflow/dags/first_dag.py
[2025-06-06T14:37:26.110+0000] {processor.py:830} INFO - Processing file /opt/airflow/dags/first_dag.py for tasks to queue
[2025-06-06T14:37:26.114+0000] {logging_mixin.py:188} INFO - [2025-06-06T14:37:26.113+0000] {dagbag.py:538} INFO - Filling up the DagBag from /opt/airflow/dags/first_dag.py
[2025-06-06T14:37:26.203+0000] {processor.py:840} INFO - DAG(s) 'test_docker_dag' retrieved from /opt/airflow/dags/first_dag.py
[2025-06-06T14:37:26.276+0000] {logging_mixin.py:188} INFO - [2025-06-06T14:37:26.275+0000] {dag.py:3036} INFO - Sync 1 DAGs
[2025-06-06T14:37:26.331+0000] {logging_mixin.py:188} INFO - [2025-06-06T14:37:26.330+0000] {dag.py:3823} INFO - Setting next_dagrun for test_docker_dag to 2025-05-31 00:00:00+00:00, run_after=2025-06-01 00:00:00+00:00
[2025-06-06T14:37:26.393+0000] {processor.py:183} INFO - Processing /opt/airflow/dags/first_dag.py took 0.291 seconds
[2025-06-06T14:37:58.027+0000] {processor.py:161} INFO - Started process (PID=9165) to work on /opt/airflow/dags/first_dag.py
[2025-06-06T14:37:58.029+0000] {processor.py:830} INFO - Processing file /opt/airflow/dags/first_dag.py for tasks to queue
[2025-06-06T14:37:58.031+0000] {logging_mixin.py:188} INFO - [2025-06-06T14:37:58.031+0000] {dagbag.py:538} INFO - Filling up the DagBag from /opt/airflow/dags/first_dag.py
[2025-06-06T14:37:58.092+0000] {processor.py:840} INFO - DAG(s) 'test_docker_dag' retrieved from /opt/airflow/dags/first_dag.py
[2025-06-06T14:37:58.154+0000] {logging_mixin.py:188} INFO - [2025-06-06T14:37:58.153+0000] {dag.py:3036} INFO - Sync 1 DAGs
[2025-06-06T14:37:58.209+0000] {logging_mixin.py:188} INFO - [2025-06-06T14:37:58.209+0000] {dag.py:3823} INFO - Setting next_dagrun for test_docker_dag to 2025-05-31 00:00:00+00:00, run_after=2025-06-01 00:00:00+00:00
[2025-06-06T14:37:58.271+0000] {processor.py:183} INFO - Processing /opt/airflow/dags/first_dag.py took 0.249 seconds
[2025-06-06T14:38:28.797+0000] {processor.py:161} INFO - Started process (PID=9187) to work on /opt/airflow/dags/first_dag.py
[2025-06-06T14:38:28.799+0000] {processor.py:830} INFO - Processing file /opt/airflow/dags/first_dag.py for tasks to queue
[2025-06-06T14:38:28.802+0000] {logging_mixin.py:188} INFO - [2025-06-06T14:38:28.801+0000] {dagbag.py:538} INFO - Filling up the DagBag from /opt/airflow/dags/first_dag.py
[2025-06-06T14:38:28.873+0000] {processor.py:840} INFO - DAG(s) 'test_docker_dag' retrieved from /opt/airflow/dags/first_dag.py
[2025-06-06T14:38:28.936+0000] {logging_mixin.py:188} INFO - [2025-06-06T14:38:28.935+0000] {dag.py:3036} INFO - Sync 1 DAGs
[2025-06-06T14:38:29.031+0000] {logging_mixin.py:188} INFO - [2025-06-06T14:38:29.030+0000] {dag.py:3823} INFO - Setting next_dagrun for test_docker_dag to 2025-05-31 00:00:00+00:00, run_after=2025-06-01 00:00:00+00:00
[2025-06-06T14:38:29.100+0000] {processor.py:183} INFO - Processing /opt/airflow/dags/first_dag.py took 0.314 seconds
[2025-06-06T14:38:59.361+0000] {processor.py:161} INFO - Started process (PID=9209) to work on /opt/airflow/dags/first_dag.py
[2025-06-06T14:38:59.364+0000] {processor.py:830} INFO - Processing file /opt/airflow/dags/first_dag.py for tasks to queue
[2025-06-06T14:38:59.369+0000] {logging_mixin.py:188} INFO - [2025-06-06T14:38:59.368+0000] {dagbag.py:538} INFO - Filling up the DagBag from /opt/airflow/dags/first_dag.py
[2025-06-06T14:38:59.429+0000] {processor.py:840} INFO - DAG(s) 'test_docker_dag' retrieved from /opt/airflow/dags/first_dag.py
[2025-06-06T14:38:59.566+0000] {logging_mixin.py:188} INFO - [2025-06-06T14:38:59.565+0000] {dag.py:3036} INFO - Sync 1 DAGs
[2025-06-06T14:38:59.652+0000] {logging_mixin.py:188} INFO - [2025-06-06T14:38:59.651+0000] {dag.py:3823} INFO - Setting next_dagrun for test_docker_dag to 2025-05-31 00:00:00+00:00, run_after=2025-06-01 00:00:00+00:00
[2025-06-06T14:38:59.710+0000] {processor.py:183} INFO - Processing /opt/airflow/dags/first_dag.py took 0.354 seconds
[2025-06-06T14:39:30.554+0000] {processor.py:161} INFO - Started process (PID=9232) to work on /opt/airflow/dags/first_dag.py
[2025-06-06T14:39:30.558+0000] {processor.py:830} INFO - Processing file /opt/airflow/dags/first_dag.py for tasks to queue
[2025-06-06T14:39:30.565+0000] {logging_mixin.py:188} INFO - [2025-06-06T14:39:30.564+0000] {dagbag.py:538} INFO - Filling up the DagBag from /opt/airflow/dags/first_dag.py
[2025-06-06T14:39:30.645+0000] {processor.py:840} INFO - DAG(s) 'test_docker_dag' retrieved from /opt/airflow/dags/first_dag.py
[2025-06-06T14:39:30.736+0000] {logging_mixin.py:188} INFO - [2025-06-06T14:39:30.735+0000] {dag.py:3036} INFO - Sync 1 DAGs
[2025-06-06T14:39:30.781+0000] {logging_mixin.py:188} INFO - [2025-06-06T14:39:30.781+0000] {dag.py:3823} INFO - Setting next_dagrun for test_docker_dag to 2025-05-31 00:00:00+00:00, run_after=2025-06-01 00:00:00+00:00
[2025-06-06T14:39:30.844+0000] {processor.py:183} INFO - Processing /opt/airflow/dags/first_dag.py took 0.297 seconds
[2025-06-06T14:40:01.230+0000] {processor.py:161} INFO - Started process (PID=9252) to work on /opt/airflow/dags/first_dag.py
[2025-06-06T14:40:01.236+0000] {processor.py:830} INFO - Processing file /opt/airflow/dags/first_dag.py for tasks to queue
[2025-06-06T14:40:01.241+0000] {logging_mixin.py:188} INFO - [2025-06-06T14:40:01.240+0000] {dagbag.py:538} INFO - Filling up the DagBag from /opt/airflow/dags/first_dag.py
[2025-06-06T14:40:01.317+0000] {processor.py:840} INFO - DAG(s) 'test_docker_dag' retrieved from /opt/airflow/dags/first_dag.py
[2025-06-06T14:40:01.379+0000] {logging_mixin.py:188} INFO - [2025-06-06T14:40:01.379+0000] {dag.py:3036} INFO - Sync 1 DAGs
[2025-06-06T14:40:01.445+0000] {logging_mixin.py:188} INFO - [2025-06-06T14:40:01.445+0000] {dag.py:3823} INFO - Setting next_dagrun for test_docker_dag to 2025-05-31 00:00:00+00:00, run_after=2025-06-01 00:00:00+00:00
[2025-06-06T14:40:01.506+0000] {processor.py:183} INFO - Processing /opt/airflow/dags/first_dag.py took 0.285 seconds
[2025-06-06T14:40:32.564+0000] {processor.py:161} INFO - Started process (PID=9275) to work on /opt/airflow/dags/first_dag.py
[2025-06-06T14:40:32.568+0000] {processor.py:830} INFO - Processing file /opt/airflow/dags/first_dag.py for tasks to queue
[2025-06-06T14:40:32.570+0000] {logging_mixin.py:188} INFO - [2025-06-06T14:40:32.570+0000] {dagbag.py:538} INFO - Filling up the DagBag from /opt/airflow/dags/first_dag.py
[2025-06-06T14:40:32.646+0000] {processor.py:840} INFO - DAG(s) 'test_docker_dag' retrieved from /opt/airflow/dags/first_dag.py
[2025-06-06T14:40:32.706+0000] {logging_mixin.py:188} INFO - [2025-06-06T14:40:32.705+0000] {dag.py:3036} INFO - Sync 1 DAGs
[2025-06-06T14:40:32.806+0000] {logging_mixin.py:188} INFO - [2025-06-06T14:40:32.805+0000] {dag.py:3823} INFO - Setting next_dagrun for test_docker_dag to 2025-05-31 00:00:00+00:00, run_after=2025-06-01 00:00:00+00:00
[2025-06-06T14:40:32.858+0000] {processor.py:183} INFO - Processing /opt/airflow/dags/first_dag.py took 0.315 seconds
[2025-06-06T14:41:03.247+0000] {processor.py:161} INFO - Started process (PID=9296) to work on /opt/airflow/dags/first_dag.py
[2025-06-06T14:41:03.250+0000] {processor.py:830} INFO - Processing file /opt/airflow/dags/first_dag.py for tasks to queue
[2025-06-06T14:41:03.253+0000] {logging_mixin.py:188} INFO - [2025-06-06T14:41:03.252+0000] {dagbag.py:538} INFO - Filling up the DagBag from /opt/airflow/dags/first_dag.py
[2025-06-06T14:41:03.310+0000] {processor.py:840} INFO - DAG(s) 'test_docker_dag' retrieved from /opt/airflow/dags/first_dag.py
[2025-06-06T14:41:03.402+0000] {logging_mixin.py:188} INFO - [2025-06-06T14:41:03.400+0000] {dag.py:3036} INFO - Sync 1 DAGs
[2025-06-06T14:41:03.517+0000] {logging_mixin.py:188} INFO - [2025-06-06T14:41:03.517+0000] {dag.py:3823} INFO - Setting next_dagrun for test_docker_dag to 2025-05-31 00:00:00+00:00, run_after=2025-06-01 00:00:00+00:00
[2025-06-06T14:41:03.584+0000] {processor.py:183} INFO - Processing /opt/airflow/dags/first_dag.py took 0.345 seconds
[2025-06-06T14:41:33.962+0000] {processor.py:161} INFO - Started process (PID=9319) to work on /opt/airflow/dags/first_dag.py
[2025-06-06T14:41:33.966+0000] {processor.py:830} INFO - Processing file /opt/airflow/dags/first_dag.py for tasks to queue
[2025-06-06T14:41:33.971+0000] {logging_mixin.py:188} INFO - [2025-06-06T14:41:33.970+0000] {dagbag.py:538} INFO - Filling up the DagBag from /opt/airflow/dags/first_dag.py
[2025-06-06T14:41:34.049+0000] {processor.py:840} INFO - DAG(s) 'test_docker_dag' retrieved from /opt/airflow/dags/first_dag.py
[2025-06-06T14:41:34.094+0000] {logging_mixin.py:188} INFO - [2025-06-06T14:41:34.093+0000] {dag.py:3036} INFO - Sync 1 DAGs
[2025-06-06T14:41:34.129+0000] {logging_mixin.py:188} INFO - [2025-06-06T14:41:34.128+0000] {dag.py:3823} INFO - Setting next_dagrun for test_docker_dag to 2025-05-31 00:00:00+00:00, run_after=2025-06-01 00:00:00+00:00
[2025-06-06T14:41:34.182+0000] {processor.py:183} INFO - Processing /opt/airflow/dags/first_dag.py took 0.236 seconds
[2025-06-06T14:42:04.945+0000] {processor.py:161} INFO - Started process (PID=9342) to work on /opt/airflow/dags/first_dag.py
[2025-06-06T14:42:04.949+0000] {processor.py:830} INFO - Processing file /opt/airflow/dags/first_dag.py for tasks to queue
[2025-06-06T14:42:04.952+0000] {logging_mixin.py:188} INFO - [2025-06-06T14:42:04.952+0000] {dagbag.py:538} INFO - Filling up the DagBag from /opt/airflow/dags/first_dag.py
[2025-06-06T14:42:05.039+0000] {processor.py:840} INFO - DAG(s) 'test_docker_dag' retrieved from /opt/airflow/dags/first_dag.py
[2025-06-06T14:42:05.106+0000] {logging_mixin.py:188} INFO - [2025-06-06T14:42:05.105+0000] {dag.py:3036} INFO - Sync 1 DAGs
[2025-06-06T14:42:05.168+0000] {logging_mixin.py:188} INFO - [2025-06-06T14:42:05.167+0000] {dag.py:3823} INFO - Setting next_dagrun for test_docker_dag to 2025-05-31 00:00:00+00:00, run_after=2025-06-01 00:00:00+00:00
[2025-06-06T14:42:05.239+0000] {processor.py:183} INFO - Processing /opt/airflow/dags/first_dag.py took 0.301 seconds
[2025-06-06T14:42:35.612+0000] {processor.py:161} INFO - Started process (PID=9365) to work on /opt/airflow/dags/first_dag.py
[2025-06-06T14:42:35.615+0000] {processor.py:830} INFO - Processing file /opt/airflow/dags/first_dag.py for tasks to queue
[2025-06-06T14:42:35.619+0000] {logging_mixin.py:188} INFO - [2025-06-06T14:42:35.618+0000] {dagbag.py:538} INFO - Filling up the DagBag from /opt/airflow/dags/first_dag.py
[2025-06-06T14:42:35.682+0000] {processor.py:840} INFO - DAG(s) 'test_docker_dag' retrieved from /opt/airflow/dags/first_dag.py
[2025-06-06T14:42:35.748+0000] {logging_mixin.py:188} INFO - [2025-06-06T14:42:35.747+0000] {dag.py:3036} INFO - Sync 1 DAGs
[2025-06-06T14:42:35.815+0000] {logging_mixin.py:188} INFO - [2025-06-06T14:42:35.814+0000] {dag.py:3823} INFO - Setting next_dagrun for test_docker_dag to 2025-05-31 00:00:00+00:00, run_after=2025-06-01 00:00:00+00:00
[2025-06-06T14:42:35.889+0000] {processor.py:183} INFO - Processing /opt/airflow/dags/first_dag.py took 0.281 seconds
[2025-06-06T14:43:06.755+0000] {processor.py:161} INFO - Started process (PID=9388) to work on /opt/airflow/dags/first_dag.py
[2025-06-06T14:43:06.758+0000] {processor.py:830} INFO - Processing file /opt/airflow/dags/first_dag.py for tasks to queue
[2025-06-06T14:43:06.762+0000] {logging_mixin.py:188} INFO - [2025-06-06T14:43:06.761+0000] {dagbag.py:538} INFO - Filling up the DagBag from /opt/airflow/dags/first_dag.py
[2025-06-06T14:43:06.824+0000] {processor.py:840} INFO - DAG(s) 'test_docker_dag' retrieved from /opt/airflow/dags/first_dag.py
[2025-06-06T14:43:06.879+0000] {logging_mixin.py:188} INFO - [2025-06-06T14:43:06.879+0000] {dag.py:3036} INFO - Sync 1 DAGs
[2025-06-06T14:43:06.936+0000] {logging_mixin.py:188} INFO - [2025-06-06T14:43:06.936+0000] {dag.py:3823} INFO - Setting next_dagrun for test_docker_dag to 2025-05-31 00:00:00+00:00, run_after=2025-06-01 00:00:00+00:00
[2025-06-06T14:43:06.989+0000] {processor.py:183} INFO - Processing /opt/airflow/dags/first_dag.py took 0.243 seconds
[2025-06-06T14:43:37.863+0000] {processor.py:161} INFO - Started process (PID=9410) to work on /opt/airflow/dags/first_dag.py
[2025-06-06T14:43:37.866+0000] {processor.py:830} INFO - Processing file /opt/airflow/dags/first_dag.py for tasks to queue
[2025-06-06T14:43:37.869+0000] {logging_mixin.py:188} INFO - [2025-06-06T14:43:37.868+0000] {dagbag.py:538} INFO - Filling up the DagBag from /opt/airflow/dags/first_dag.py
[2025-06-06T14:43:37.932+0000] {processor.py:840} INFO - DAG(s) 'test_docker_dag' retrieved from /opt/airflow/dags/first_dag.py
[2025-06-06T14:43:38.025+0000] {logging_mixin.py:188} INFO - [2025-06-06T14:43:38.024+0000] {dag.py:3036} INFO - Sync 1 DAGs
[2025-06-06T14:43:38.101+0000] {logging_mixin.py:188} INFO - [2025-06-06T14:43:38.100+0000] {dag.py:3823} INFO - Setting next_dagrun for test_docker_dag to 2025-05-31 00:00:00+00:00, run_after=2025-06-01 00:00:00+00:00
[2025-06-06T14:43:38.158+0000] {processor.py:183} INFO - Processing /opt/airflow/dags/first_dag.py took 0.304 seconds
[2025-06-06T14:44:08.388+0000] {processor.py:161} INFO - Started process (PID=9431) to work on /opt/airflow/dags/first_dag.py
[2025-06-06T14:44:08.393+0000] {processor.py:830} INFO - Processing file /opt/airflow/dags/first_dag.py for tasks to queue
[2025-06-06T14:44:08.400+0000] {logging_mixin.py:188} INFO - [2025-06-06T14:44:08.398+0000] {dagbag.py:538} INFO - Filling up the DagBag from /opt/airflow/dags/first_dag.py
[2025-06-06T14:44:08.478+0000] {processor.py:840} INFO - DAG(s) 'test_docker_dag' retrieved from /opt/airflow/dags/first_dag.py
[2025-06-06T14:44:08.584+0000] {logging_mixin.py:188} INFO - [2025-06-06T14:44:08.583+0000] {dag.py:3036} INFO - Sync 1 DAGs
[2025-06-06T14:44:08.700+0000] {logging_mixin.py:188} INFO - [2025-06-06T14:44:08.698+0000] {dag.py:3823} INFO - Setting next_dagrun for test_docker_dag to 2025-05-31 00:00:00+00:00, run_after=2025-06-01 00:00:00+00:00
[2025-06-06T14:44:08.777+0000] {processor.py:183} INFO - Processing /opt/airflow/dags/first_dag.py took 0.408 seconds
[2025-06-06T14:44:39.562+0000] {processor.py:161} INFO - Started process (PID=9454) to work on /opt/airflow/dags/first_dag.py
[2025-06-06T14:44:39.566+0000] {processor.py:830} INFO - Processing file /opt/airflow/dags/first_dag.py for tasks to queue
[2025-06-06T14:44:39.570+0000] {logging_mixin.py:188} INFO - [2025-06-06T14:44:39.569+0000] {dagbag.py:538} INFO - Filling up the DagBag from /opt/airflow/dags/first_dag.py
[2025-06-06T14:44:39.650+0000] {processor.py:840} INFO - DAG(s) 'test_docker_dag' retrieved from /opt/airflow/dags/first_dag.py
[2025-06-06T14:44:39.762+0000] {logging_mixin.py:188} INFO - [2025-06-06T14:44:39.761+0000] {dag.py:3036} INFO - Sync 1 DAGs
[2025-06-06T14:44:39.887+0000] {logging_mixin.py:188} INFO - [2025-06-06T14:44:39.885+0000] {dag.py:3823} INFO - Setting next_dagrun for test_docker_dag to 2025-05-31 00:00:00+00:00, run_after=2025-06-01 00:00:00+00:00
[2025-06-06T14:44:39.987+0000] {processor.py:183} INFO - Processing /opt/airflow/dags/first_dag.py took 0.447 seconds
[2025-06-06T14:45:10.589+0000] {processor.py:161} INFO - Started process (PID=9477) to work on /opt/airflow/dags/first_dag.py
[2025-06-06T14:45:10.592+0000] {processor.py:830} INFO - Processing file /opt/airflow/dags/first_dag.py for tasks to queue
[2025-06-06T14:45:10.594+0000] {logging_mixin.py:188} INFO - [2025-06-06T14:45:10.593+0000] {dagbag.py:538} INFO - Filling up the DagBag from /opt/airflow/dags/first_dag.py
[2025-06-06T14:45:10.671+0000] {processor.py:840} INFO - DAG(s) 'test_docker_dag' retrieved from /opt/airflow/dags/first_dag.py
[2025-06-06T14:45:10.767+0000] {logging_mixin.py:188} INFO - [2025-06-06T14:45:10.766+0000] {dag.py:3036} INFO - Sync 1 DAGs
[2025-06-06T14:45:10.851+0000] {logging_mixin.py:188} INFO - [2025-06-06T14:45:10.851+0000] {dag.py:3823} INFO - Setting next_dagrun for test_docker_dag to 2025-05-31 00:00:00+00:00, run_after=2025-06-01 00:00:00+00:00
[2025-06-06T14:45:10.908+0000] {processor.py:183} INFO - Processing /opt/airflow/dags/first_dag.py took 0.324 seconds
[2025-06-06T14:45:41.175+0000] {processor.py:161} INFO - Started process (PID=9500) to work on /opt/airflow/dags/first_dag.py
[2025-06-06T14:45:41.178+0000] {processor.py:830} INFO - Processing file /opt/airflow/dags/first_dag.py for tasks to queue
[2025-06-06T14:45:41.184+0000] {logging_mixin.py:188} INFO - [2025-06-06T14:45:41.183+0000] {dagbag.py:538} INFO - Filling up the DagBag from /opt/airflow/dags/first_dag.py
[2025-06-06T14:45:41.266+0000] {processor.py:840} INFO - DAG(s) 'test_docker_dag' retrieved from /opt/airflow/dags/first_dag.py
[2025-06-06T14:45:41.383+0000] {logging_mixin.py:188} INFO - [2025-06-06T14:45:41.383+0000] {dag.py:3036} INFO - Sync 1 DAGs
[2025-06-06T14:45:41.444+0000] {logging_mixin.py:188} INFO - [2025-06-06T14:45:41.444+0000] {dag.py:3823} INFO - Setting next_dagrun for test_docker_dag to 2025-05-31 00:00:00+00:00, run_after=2025-06-01 00:00:00+00:00
[2025-06-06T14:45:41.574+0000] {processor.py:183} INFO - Processing /opt/airflow/dags/first_dag.py took 0.409 seconds
[2025-06-06T14:46:12.042+0000] {processor.py:161} INFO - Started process (PID=9523) to work on /opt/airflow/dags/first_dag.py
[2025-06-06T14:46:12.047+0000] {processor.py:830} INFO - Processing file /opt/airflow/dags/first_dag.py for tasks to queue
[2025-06-06T14:46:12.053+0000] {logging_mixin.py:188} INFO - [2025-06-06T14:46:12.051+0000] {dagbag.py:538} INFO - Filling up the DagBag from /opt/airflow/dags/first_dag.py
[2025-06-06T14:46:12.159+0000] {processor.py:840} INFO - DAG(s) 'test_docker_dag' retrieved from /opt/airflow/dags/first_dag.py
[2025-06-06T14:46:12.257+0000] {logging_mixin.py:188} INFO - [2025-06-06T14:46:12.257+0000] {dag.py:3036} INFO - Sync 1 DAGs
[2025-06-06T14:46:12.318+0000] {logging_mixin.py:188} INFO - [2025-06-06T14:46:12.317+0000] {dag.py:3823} INFO - Setting next_dagrun for test_docker_dag to 2025-05-31 00:00:00+00:00, run_after=2025-06-01 00:00:00+00:00
[2025-06-06T14:46:12.367+0000] {processor.py:183} INFO - Processing /opt/airflow/dags/first_dag.py took 0.339 seconds
[2025-06-06T14:46:43.086+0000] {processor.py:161} INFO - Started process (PID=9546) to work on /opt/airflow/dags/first_dag.py
[2025-06-06T14:46:43.089+0000] {processor.py:830} INFO - Processing file /opt/airflow/dags/first_dag.py for tasks to queue
[2025-06-06T14:46:43.096+0000] {logging_mixin.py:188} INFO - [2025-06-06T14:46:43.094+0000] {dagbag.py:538} INFO - Filling up the DagBag from /opt/airflow/dags/first_dag.py
[2025-06-06T14:46:43.202+0000] {processor.py:840} INFO - DAG(s) 'test_docker_dag' retrieved from /opt/airflow/dags/first_dag.py
[2025-06-06T14:46:43.269+0000] {logging_mixin.py:188} INFO - [2025-06-06T14:46:43.268+0000] {dag.py:3036} INFO - Sync 1 DAGs
[2025-06-06T14:46:43.318+0000] {logging_mixin.py:188} INFO - [2025-06-06T14:46:43.317+0000] {dag.py:3823} INFO - Setting next_dagrun for test_docker_dag to 2025-05-31 00:00:00+00:00, run_after=2025-06-01 00:00:00+00:00
[2025-06-06T14:46:43.374+0000] {processor.py:183} INFO - Processing /opt/airflow/dags/first_dag.py took 0.298 seconds
[2025-06-06T14:47:13.743+0000] {processor.py:161} INFO - Started process (PID=9569) to work on /opt/airflow/dags/first_dag.py
[2025-06-06T14:47:13.756+0000] {processor.py:830} INFO - Processing file /opt/airflow/dags/first_dag.py for tasks to queue
[2025-06-06T14:47:13.762+0000] {logging_mixin.py:188} INFO - [2025-06-06T14:47:13.761+0000] {dagbag.py:538} INFO - Filling up the DagBag from /opt/airflow/dags/first_dag.py
[2025-06-06T14:47:13.842+0000] {processor.py:840} INFO - DAG(s) 'test_docker_dag' retrieved from /opt/airflow/dags/first_dag.py
[2025-06-06T14:47:13.904+0000] {logging_mixin.py:188} INFO - [2025-06-06T14:47:13.903+0000] {dag.py:3036} INFO - Sync 1 DAGs
[2025-06-06T14:47:13.956+0000] {logging_mixin.py:188} INFO - [2025-06-06T14:47:13.955+0000] {dag.py:3823} INFO - Setting next_dagrun for test_docker_dag to 2025-05-31 00:00:00+00:00, run_after=2025-06-01 00:00:00+00:00
[2025-06-06T14:47:14.005+0000] {processor.py:183} INFO - Processing /opt/airflow/dags/first_dag.py took 0.272 seconds
[2025-06-06T14:47:44.156+0000] {processor.py:161} INFO - Started process (PID=9592) to work on /opt/airflow/dags/first_dag.py
[2025-06-06T14:47:44.160+0000] {processor.py:830} INFO - Processing file /opt/airflow/dags/first_dag.py for tasks to queue
[2025-06-06T14:47:44.163+0000] {logging_mixin.py:188} INFO - [2025-06-06T14:47:44.162+0000] {dagbag.py:538} INFO - Filling up the DagBag from /opt/airflow/dags/first_dag.py
[2025-06-06T14:47:44.208+0000] {processor.py:840} INFO - DAG(s) 'test_docker_dag' retrieved from /opt/airflow/dags/first_dag.py
[2025-06-06T14:47:44.265+0000] {logging_mixin.py:188} INFO - [2025-06-06T14:47:44.264+0000] {dag.py:3036} INFO - Sync 1 DAGs
[2025-06-06T14:47:44.337+0000] {logging_mixin.py:188} INFO - [2025-06-06T14:47:44.335+0000] {dag.py:3823} INFO - Setting next_dagrun for test_docker_dag to 2025-05-31 00:00:00+00:00, run_after=2025-06-01 00:00:00+00:00
[2025-06-06T14:47:44.393+0000] {processor.py:183} INFO - Processing /opt/airflow/dags/first_dag.py took 0.244 seconds
[2025-06-06T14:48:15.052+0000] {processor.py:161} INFO - Started process (PID=9615) to work on /opt/airflow/dags/first_dag.py
[2025-06-06T14:48:15.058+0000] {processor.py:830} INFO - Processing file /opt/airflow/dags/first_dag.py for tasks to queue
[2025-06-06T14:48:15.066+0000] {logging_mixin.py:188} INFO - [2025-06-06T14:48:15.065+0000] {dagbag.py:538} INFO - Filling up the DagBag from /opt/airflow/dags/first_dag.py
[2025-06-06T14:48:15.190+0000] {processor.py:840} INFO - DAG(s) 'test_docker_dag' retrieved from /opt/airflow/dags/first_dag.py
[2025-06-06T14:48:15.265+0000] {logging_mixin.py:188} INFO - [2025-06-06T14:48:15.265+0000] {dag.py:3036} INFO - Sync 1 DAGs
[2025-06-06T14:48:15.322+0000] {logging_mixin.py:188} INFO - [2025-06-06T14:48:15.321+0000] {dag.py:3823} INFO - Setting next_dagrun for test_docker_dag to 2025-05-31 00:00:00+00:00, run_after=2025-06-01 00:00:00+00:00
[2025-06-06T14:48:15.399+0000] {processor.py:183} INFO - Processing /opt/airflow/dags/first_dag.py took 0.357 seconds
[2025-06-06T14:48:45.991+0000] {processor.py:161} INFO - Started process (PID=9642) to work on /opt/airflow/dags/first_dag.py
[2025-06-06T14:48:45.998+0000] {processor.py:830} INFO - Processing file /opt/airflow/dags/first_dag.py for tasks to queue
[2025-06-06T14:48:46.005+0000] {logging_mixin.py:188} INFO - [2025-06-06T14:48:46.002+0000] {dagbag.py:538} INFO - Filling up the DagBag from /opt/airflow/dags/first_dag.py
[2025-06-06T14:48:46.128+0000] {processor.py:840} INFO - DAG(s) 'test_docker_dag' retrieved from /opt/airflow/dags/first_dag.py
[2025-06-06T14:48:46.183+0000] {logging_mixin.py:188} INFO - [2025-06-06T14:48:46.183+0000] {dag.py:3036} INFO - Sync 1 DAGs
[2025-06-06T14:48:46.238+0000] {logging_mixin.py:188} INFO - [2025-06-06T14:48:46.238+0000] {dag.py:3823} INFO - Setting next_dagrun for test_docker_dag to 2025-05-31 00:00:00+00:00, run_after=2025-06-01 00:00:00+00:00
[2025-06-06T14:48:46.355+0000] {processor.py:183} INFO - Processing /opt/airflow/dags/first_dag.py took 0.387 seconds
[2025-06-06T14:49:17.228+0000] {processor.py:161} INFO - Started process (PID=9665) to work on /opt/airflow/dags/first_dag.py
[2025-06-06T14:49:17.236+0000] {processor.py:830} INFO - Processing file /opt/airflow/dags/first_dag.py for tasks to queue
[2025-06-06T14:49:17.246+0000] {logging_mixin.py:188} INFO - [2025-06-06T14:49:17.244+0000] {dagbag.py:538} INFO - Filling up the DagBag from /opt/airflow/dags/first_dag.py
[2025-06-06T14:49:17.334+0000] {processor.py:840} INFO - DAG(s) 'test_docker_dag' retrieved from /opt/airflow/dags/first_dag.py
[2025-06-06T14:49:17.423+0000] {logging_mixin.py:188} INFO - [2025-06-06T14:49:17.422+0000] {dag.py:3036} INFO - Sync 1 DAGs
[2025-06-06T14:49:17.494+0000] {logging_mixin.py:188} INFO - [2025-06-06T14:49:17.494+0000] {dag.py:3823} INFO - Setting next_dagrun for test_docker_dag to 2025-05-31 00:00:00+00:00, run_after=2025-06-01 00:00:00+00:00
[2025-06-06T14:49:17.541+0000] {processor.py:183} INFO - Processing /opt/airflow/dags/first_dag.py took 0.346 seconds
[2025-06-06T14:49:47.992+0000] {processor.py:161} INFO - Started process (PID=9689) to work on /opt/airflow/dags/first_dag.py
[2025-06-06T14:49:47.996+0000] {processor.py:830} INFO - Processing file /opt/airflow/dags/first_dag.py for tasks to queue
[2025-06-06T14:49:48.001+0000] {logging_mixin.py:188} INFO - [2025-06-06T14:49:47.999+0000] {dagbag.py:538} INFO - Filling up the DagBag from /opt/airflow/dags/first_dag.py
[2025-06-06T14:49:48.073+0000] {processor.py:840} INFO - DAG(s) 'test_docker_dag' retrieved from /opt/airflow/dags/first_dag.py
[2025-06-06T14:49:48.124+0000] {logging_mixin.py:188} INFO - [2025-06-06T14:49:48.123+0000] {dag.py:3036} INFO - Sync 1 DAGs
[2025-06-06T14:49:48.164+0000] {logging_mixin.py:188} INFO - [2025-06-06T14:49:48.163+0000] {dag.py:3823} INFO - Setting next_dagrun for test_docker_dag to 2025-05-31 00:00:00+00:00, run_after=2025-06-01 00:00:00+00:00
[2025-06-06T14:49:48.208+0000] {processor.py:183} INFO - Processing /opt/airflow/dags/first_dag.py took 0.228 seconds
[2025-06-06T14:50:18.879+0000] {processor.py:161} INFO - Started process (PID=9718) to work on /opt/airflow/dags/first_dag.py
[2025-06-06T14:50:18.883+0000] {processor.py:830} INFO - Processing file /opt/airflow/dags/first_dag.py for tasks to queue
[2025-06-06T14:50:18.889+0000] {logging_mixin.py:188} INFO - [2025-06-06T14:50:18.887+0000] {dagbag.py:538} INFO - Filling up the DagBag from /opt/airflow/dags/first_dag.py
[2025-06-06T14:50:18.977+0000] {processor.py:840} INFO - DAG(s) 'test_docker_dag' retrieved from /opt/airflow/dags/first_dag.py
[2025-06-06T14:50:19.084+0000] {logging_mixin.py:188} INFO - [2025-06-06T14:50:19.083+0000] {dag.py:3036} INFO - Sync 1 DAGs
[2025-06-06T14:50:19.170+0000] {logging_mixin.py:188} INFO - [2025-06-06T14:50:19.169+0000] {dag.py:3823} INFO - Setting next_dagrun for test_docker_dag to 2025-05-31 00:00:00+00:00, run_after=2025-06-01 00:00:00+00:00
[2025-06-06T14:50:19.234+0000] {processor.py:183} INFO - Processing /opt/airflow/dags/first_dag.py took 0.374 seconds
[2025-06-06T14:50:49.805+0000] {processor.py:161} INFO - Started process (PID=9742) to work on /opt/airflow/dags/first_dag.py
[2025-06-06T14:50:49.809+0000] {processor.py:830} INFO - Processing file /opt/airflow/dags/first_dag.py for tasks to queue
[2025-06-06T14:50:49.816+0000] {logging_mixin.py:188} INFO - [2025-06-06T14:50:49.814+0000] {dagbag.py:538} INFO - Filling up the DagBag from /opt/airflow/dags/first_dag.py
[2025-06-06T14:50:49.912+0000] {processor.py:840} INFO - DAG(s) 'test_docker_dag' retrieved from /opt/airflow/dags/first_dag.py
[2025-06-06T14:50:49.978+0000] {logging_mixin.py:188} INFO - [2025-06-06T14:50:49.977+0000] {dag.py:3036} INFO - Sync 1 DAGs
[2025-06-06T14:50:50.033+0000] {logging_mixin.py:188} INFO - [2025-06-06T14:50:50.033+0000] {dag.py:3823} INFO - Setting next_dagrun for test_docker_dag to 2025-05-31 00:00:00+00:00, run_after=2025-06-01 00:00:00+00:00
[2025-06-06T14:50:50.119+0000] {processor.py:183} INFO - Processing /opt/airflow/dags/first_dag.py took 0.321 seconds
[2025-06-06T14:51:20.413+0000] {processor.py:161} INFO - Started process (PID=9765) to work on /opt/airflow/dags/first_dag.py
[2025-06-06T14:51:20.415+0000] {processor.py:830} INFO - Processing file /opt/airflow/dags/first_dag.py for tasks to queue
[2025-06-06T14:51:20.418+0000] {logging_mixin.py:188} INFO - [2025-06-06T14:51:20.417+0000] {dagbag.py:538} INFO - Filling up the DagBag from /opt/airflow/dags/first_dag.py
[2025-06-06T14:51:20.463+0000] {processor.py:840} INFO - DAG(s) 'test_docker_dag' retrieved from /opt/airflow/dags/first_dag.py
[2025-06-06T14:51:20.506+0000] {logging_mixin.py:188} INFO - [2025-06-06T14:51:20.506+0000] {dag.py:3036} INFO - Sync 1 DAGs
[2025-06-06T14:51:20.550+0000] {logging_mixin.py:188} INFO - [2025-06-06T14:51:20.550+0000] {dag.py:3823} INFO - Setting next_dagrun for test_docker_dag to 2025-05-31 00:00:00+00:00, run_after=2025-06-01 00:00:00+00:00
[2025-06-06T14:51:20.638+0000] {processor.py:183} INFO - Processing /opt/airflow/dags/first_dag.py took 0.232 seconds
[2025-06-06T14:51:51.097+0000] {processor.py:161} INFO - Started process (PID=9788) to work on /opt/airflow/dags/first_dag.py
[2025-06-06T14:51:51.100+0000] {processor.py:830} INFO - Processing file /opt/airflow/dags/first_dag.py for tasks to queue
[2025-06-06T14:51:51.107+0000] {logging_mixin.py:188} INFO - [2025-06-06T14:51:51.105+0000] {dagbag.py:538} INFO - Filling up the DagBag from /opt/airflow/dags/first_dag.py
[2025-06-06T14:51:51.194+0000] {processor.py:840} INFO - DAG(s) 'test_docker_dag' retrieved from /opt/airflow/dags/first_dag.py
[2025-06-06T14:51:51.300+0000] {logging_mixin.py:188} INFO - [2025-06-06T14:51:51.299+0000] {dag.py:3036} INFO - Sync 1 DAGs
[2025-06-06T14:51:51.368+0000] {logging_mixin.py:188} INFO - [2025-06-06T14:51:51.367+0000] {dag.py:3823} INFO - Setting next_dagrun for test_docker_dag to 2025-05-31 00:00:00+00:00, run_after=2025-06-01 00:00:00+00:00
[2025-06-06T14:51:51.452+0000] {processor.py:183} INFO - Processing /opt/airflow/dags/first_dag.py took 0.371 seconds
[2025-06-06T14:52:21.946+0000] {processor.py:161} INFO - Started process (PID=9811) to work on /opt/airflow/dags/first_dag.py
[2025-06-06T14:52:21.949+0000] {processor.py:830} INFO - Processing file /opt/airflow/dags/first_dag.py for tasks to queue
[2025-06-06T14:52:21.952+0000] {logging_mixin.py:188} INFO - [2025-06-06T14:52:21.951+0000] {dagbag.py:538} INFO - Filling up the DagBag from /opt/airflow/dags/first_dag.py
[2025-06-06T14:52:22.092+0000] {processor.py:840} INFO - DAG(s) 'test_docker_dag' retrieved from /opt/airflow/dags/first_dag.py
[2025-06-06T14:52:22.193+0000] {logging_mixin.py:188} INFO - [2025-06-06T14:52:22.192+0000] {dag.py:3036} INFO - Sync 1 DAGs
[2025-06-06T14:52:22.259+0000] {logging_mixin.py:188} INFO - [2025-06-06T14:52:22.258+0000] {dag.py:3823} INFO - Setting next_dagrun for test_docker_dag to 2025-05-31 00:00:00+00:00, run_after=2025-06-01 00:00:00+00:00
[2025-06-06T14:52:22.305+0000] {processor.py:183} INFO - Processing /opt/airflow/dags/first_dag.py took 0.372 seconds
[2025-06-06T14:52:52.547+0000] {processor.py:161} INFO - Started process (PID=9834) to work on /opt/airflow/dags/first_dag.py
[2025-06-06T14:52:52.552+0000] {processor.py:830} INFO - Processing file /opt/airflow/dags/first_dag.py for tasks to queue
[2025-06-06T14:52:52.560+0000] {logging_mixin.py:188} INFO - [2025-06-06T14:52:52.557+0000] {dagbag.py:538} INFO - Filling up the DagBag from /opt/airflow/dags/first_dag.py
[2025-06-06T14:52:52.632+0000] {processor.py:840} INFO - DAG(s) 'test_docker_dag' retrieved from /opt/airflow/dags/first_dag.py
[2025-06-06T14:52:52.698+0000] {logging_mixin.py:188} INFO - [2025-06-06T14:52:52.696+0000] {dag.py:3036} INFO - Sync 1 DAGs
[2025-06-06T14:52:52.747+0000] {logging_mixin.py:188} INFO - [2025-06-06T14:52:52.747+0000] {dag.py:3823} INFO - Setting next_dagrun for test_docker_dag to 2025-05-31 00:00:00+00:00, run_after=2025-06-01 00:00:00+00:00
[2025-06-06T14:52:52.786+0000] {processor.py:183} INFO - Processing /opt/airflow/dags/first_dag.py took 0.252 seconds
[2025-06-06T14:53:23.418+0000] {processor.py:161} INFO - Started process (PID=9857) to work on /opt/airflow/dags/first_dag.py
[2025-06-06T14:53:23.424+0000] {processor.py:830} INFO - Processing file /opt/airflow/dags/first_dag.py for tasks to queue
[2025-06-06T14:53:23.432+0000] {logging_mixin.py:188} INFO - [2025-06-06T14:53:23.430+0000] {dagbag.py:538} INFO - Filling up the DagBag from /opt/airflow/dags/first_dag.py
[2025-06-06T14:53:23.565+0000] {processor.py:840} INFO - DAG(s) 'test_docker_dag' retrieved from /opt/airflow/dags/first_dag.py
[2025-06-06T14:53:23.631+0000] {logging_mixin.py:188} INFO - [2025-06-06T14:53:23.631+0000] {dag.py:3036} INFO - Sync 1 DAGs
[2025-06-06T14:53:23.728+0000] {logging_mixin.py:188} INFO - [2025-06-06T14:53:23.726+0000] {dag.py:3823} INFO - Setting next_dagrun for test_docker_dag to 2025-05-31 00:00:00+00:00, run_after=2025-06-01 00:00:00+00:00
[2025-06-06T14:53:23.812+0000] {processor.py:183} INFO - Processing /opt/airflow/dags/first_dag.py took 0.410 seconds
[2025-06-06T14:53:54.484+0000] {processor.py:161} INFO - Started process (PID=9880) to work on /opt/airflow/dags/first_dag.py
[2025-06-06T14:53:54.488+0000] {processor.py:830} INFO - Processing file /opt/airflow/dags/first_dag.py for tasks to queue
[2025-06-06T14:53:54.493+0000] {logging_mixin.py:188} INFO - [2025-06-06T14:53:54.491+0000] {dagbag.py:538} INFO - Filling up the DagBag from /opt/airflow/dags/first_dag.py
[2025-06-06T14:53:54.560+0000] {processor.py:840} INFO - DAG(s) 'test_docker_dag' retrieved from /opt/airflow/dags/first_dag.py
[2025-06-06T14:53:54.660+0000] {logging_mixin.py:188} INFO - [2025-06-06T14:53:54.660+0000] {dag.py:3036} INFO - Sync 1 DAGs
[2025-06-06T14:53:54.712+0000] {logging_mixin.py:188} INFO - [2025-06-06T14:53:54.712+0000] {dag.py:3823} INFO - Setting next_dagrun for test_docker_dag to 2025-05-31 00:00:00+00:00, run_after=2025-06-01 00:00:00+00:00
[2025-06-06T14:53:54.789+0000] {processor.py:183} INFO - Processing /opt/airflow/dags/first_dag.py took 0.318 seconds
[2025-06-06T14:54:25.127+0000] {processor.py:161} INFO - Started process (PID=9903) to work on /opt/airflow/dags/first_dag.py
[2025-06-06T14:54:25.131+0000] {processor.py:830} INFO - Processing file /opt/airflow/dags/first_dag.py for tasks to queue
[2025-06-06T14:54:25.135+0000] {logging_mixin.py:188} INFO - [2025-06-06T14:54:25.133+0000] {dagbag.py:538} INFO - Filling up the DagBag from /opt/airflow/dags/first_dag.py
[2025-06-06T14:54:25.199+0000] {processor.py:840} INFO - DAG(s) 'test_docker_dag' retrieved from /opt/airflow/dags/first_dag.py
[2025-06-06T14:54:25.288+0000] {logging_mixin.py:188} INFO - [2025-06-06T14:54:25.287+0000] {dag.py:3036} INFO - Sync 1 DAGs
[2025-06-06T14:54:25.363+0000] {logging_mixin.py:188} INFO - [2025-06-06T14:54:25.362+0000] {dag.py:3823} INFO - Setting next_dagrun for test_docker_dag to 2025-05-31 00:00:00+00:00, run_after=2025-06-01 00:00:00+00:00
[2025-06-06T14:54:25.437+0000] {processor.py:183} INFO - Processing /opt/airflow/dags/first_dag.py took 0.316 seconds
[2025-06-06T14:54:55.757+0000] {processor.py:161} INFO - Started process (PID=9926) to work on /opt/airflow/dags/first_dag.py
[2025-06-06T14:54:55.759+0000] {processor.py:830} INFO - Processing file /opt/airflow/dags/first_dag.py for tasks to queue
[2025-06-06T14:54:55.762+0000] {logging_mixin.py:188} INFO - [2025-06-06T14:54:55.761+0000] {dagbag.py:538} INFO - Filling up the DagBag from /opt/airflow/dags/first_dag.py
[2025-06-06T14:54:55.820+0000] {processor.py:840} INFO - DAG(s) 'test_docker_dag' retrieved from /opt/airflow/dags/first_dag.py
[2025-06-06T14:54:55.879+0000] {logging_mixin.py:188} INFO - [2025-06-06T14:54:55.879+0000] {dag.py:3036} INFO - Sync 1 DAGs
[2025-06-06T14:54:55.935+0000] {logging_mixin.py:188} INFO - [2025-06-06T14:54:55.935+0000] {dag.py:3823} INFO - Setting next_dagrun for test_docker_dag to 2025-05-31 00:00:00+00:00, run_after=2025-06-01 00:00:00+00:00
[2025-06-06T14:54:56.028+0000] {processor.py:183} INFO - Processing /opt/airflow/dags/first_dag.py took 0.279 seconds
[2025-06-06T14:55:26.758+0000] {processor.py:161} INFO - Started process (PID=9949) to work on /opt/airflow/dags/first_dag.py
[2025-06-06T14:55:26.763+0000] {processor.py:830} INFO - Processing file /opt/airflow/dags/first_dag.py for tasks to queue
[2025-06-06T14:55:26.767+0000] {logging_mixin.py:188} INFO - [2025-06-06T14:55:26.765+0000] {dagbag.py:538} INFO - Filling up the DagBag from /opt/airflow/dags/first_dag.py
[2025-06-06T14:55:26.897+0000] {processor.py:840} INFO - DAG(s) 'test_docker_dag' retrieved from /opt/airflow/dags/first_dag.py
[2025-06-06T14:55:27.048+0000] {logging_mixin.py:188} INFO - [2025-06-06T14:55:27.046+0000] {dag.py:3036} INFO - Sync 1 DAGs
[2025-06-06T14:55:27.130+0000] {logging_mixin.py:188} INFO - [2025-06-06T14:55:27.128+0000] {dag.py:3823} INFO - Setting next_dagrun for test_docker_dag to 2025-05-31 00:00:00+00:00, run_after=2025-06-01 00:00:00+00:00
[2025-06-06T14:55:27.205+0000] {processor.py:183} INFO - Processing /opt/airflow/dags/first_dag.py took 0.462 seconds
[2025-06-06T14:55:58.067+0000] {processor.py:161} INFO - Started process (PID=9972) to work on /opt/airflow/dags/first_dag.py
[2025-06-06T14:55:58.070+0000] {processor.py:830} INFO - Processing file /opt/airflow/dags/first_dag.py for tasks to queue
[2025-06-06T14:55:58.073+0000] {logging_mixin.py:188} INFO - [2025-06-06T14:55:58.072+0000] {dagbag.py:538} INFO - Filling up the DagBag from /opt/airflow/dags/first_dag.py
[2025-06-06T14:55:58.150+0000] {processor.py:840} INFO - DAG(s) 'test_docker_dag' retrieved from /opt/airflow/dags/first_dag.py
[2025-06-06T14:55:58.253+0000] {logging_mixin.py:188} INFO - [2025-06-06T14:55:58.252+0000] {dag.py:3036} INFO - Sync 1 DAGs
[2025-06-06T14:55:58.349+0000] {logging_mixin.py:188} INFO - [2025-06-06T14:55:58.348+0000] {dag.py:3823} INFO - Setting next_dagrun for test_docker_dag to 2025-05-31 00:00:00+00:00, run_after=2025-06-01 00:00:00+00:00
[2025-06-06T14:55:58.435+0000] {processor.py:183} INFO - Processing /opt/airflow/dags/first_dag.py took 0.380 seconds
[2025-06-06T14:56:28.784+0000] {processor.py:161} INFO - Started process (PID=9995) to work on /opt/airflow/dags/first_dag.py
[2025-06-06T14:56:28.786+0000] {processor.py:830} INFO - Processing file /opt/airflow/dags/first_dag.py for tasks to queue
[2025-06-06T14:56:28.788+0000] {logging_mixin.py:188} INFO - [2025-06-06T14:56:28.788+0000] {dagbag.py:538} INFO - Filling up the DagBag from /opt/airflow/dags/first_dag.py
[2025-06-06T14:56:28.837+0000] {processor.py:840} INFO - DAG(s) 'test_docker_dag' retrieved from /opt/airflow/dags/first_dag.py
[2025-06-06T14:56:28.898+0000] {logging_mixin.py:188} INFO - [2025-06-06T14:56:28.897+0000] {dag.py:3036} INFO - Sync 1 DAGs
[2025-06-06T14:56:28.966+0000] {logging_mixin.py:188} INFO - [2025-06-06T14:56:28.965+0000] {dag.py:3823} INFO - Setting next_dagrun for test_docker_dag to 2025-05-31 00:00:00+00:00, run_after=2025-06-01 00:00:00+00:00
[2025-06-06T14:56:29.021+0000] {processor.py:183} INFO - Processing /opt/airflow/dags/first_dag.py took 0.243 seconds
[2025-06-06T14:56:59.405+0000] {processor.py:161} INFO - Started process (PID=10018) to work on /opt/airflow/dags/first_dag.py
[2025-06-06T14:56:59.407+0000] {processor.py:830} INFO - Processing file /opt/airflow/dags/first_dag.py for tasks to queue
[2025-06-06T14:56:59.411+0000] {logging_mixin.py:188} INFO - [2025-06-06T14:56:59.410+0000] {dagbag.py:538} INFO - Filling up the DagBag from /opt/airflow/dags/first_dag.py
[2025-06-06T14:56:59.495+0000] {processor.py:840} INFO - DAG(s) 'test_docker_dag' retrieved from /opt/airflow/dags/first_dag.py
[2025-06-06T14:56:59.603+0000] {logging_mixin.py:188} INFO - [2025-06-06T14:56:59.602+0000] {dag.py:3036} INFO - Sync 1 DAGs
[2025-06-06T14:56:59.662+0000] {logging_mixin.py:188} INFO - [2025-06-06T14:56:59.661+0000] {dag.py:3823} INFO - Setting next_dagrun for test_docker_dag to 2025-05-31 00:00:00+00:00, run_after=2025-06-01 00:00:00+00:00
[2025-06-06T14:56:59.714+0000] {processor.py:183} INFO - Processing /opt/airflow/dags/first_dag.py took 0.337 seconds
[2025-06-06T14:57:29.961+0000] {processor.py:161} INFO - Started process (PID=10041) to work on /opt/airflow/dags/first_dag.py
[2025-06-06T14:57:29.966+0000] {processor.py:830} INFO - Processing file /opt/airflow/dags/first_dag.py for tasks to queue
[2025-06-06T14:57:29.970+0000] {logging_mixin.py:188} INFO - [2025-06-06T14:57:29.969+0000] {dagbag.py:538} INFO - Filling up the DagBag from /opt/airflow/dags/first_dag.py
[2025-06-06T14:57:30.078+0000] {processor.py:840} INFO - DAG(s) 'test_docker_dag' retrieved from /opt/airflow/dags/first_dag.py
[2025-06-06T14:57:30.178+0000] {logging_mixin.py:188} INFO - [2025-06-06T14:57:30.177+0000] {dag.py:3036} INFO - Sync 1 DAGs
[2025-06-06T14:57:30.260+0000] {logging_mixin.py:188} INFO - [2025-06-06T14:57:30.259+0000] {dag.py:3823} INFO - Setting next_dagrun for test_docker_dag to 2025-05-31 00:00:00+00:00, run_after=2025-06-01 00:00:00+00:00
[2025-06-06T14:57:30.348+0000] {processor.py:183} INFO - Processing /opt/airflow/dags/first_dag.py took 0.396 seconds
[2025-06-06T14:58:00.762+0000] {processor.py:161} INFO - Started process (PID=10064) to work on /opt/airflow/dags/first_dag.py
[2025-06-06T14:58:00.766+0000] {processor.py:830} INFO - Processing file /opt/airflow/dags/first_dag.py for tasks to queue
[2025-06-06T14:58:00.770+0000] {logging_mixin.py:188} INFO - [2025-06-06T14:58:00.769+0000] {dagbag.py:538} INFO - Filling up the DagBag from /opt/airflow/dags/first_dag.py
[2025-06-06T14:58:00.840+0000] {processor.py:840} INFO - DAG(s) 'test_docker_dag' retrieved from /opt/airflow/dags/first_dag.py
[2025-06-06T14:58:00.897+0000] {logging_mixin.py:188} INFO - [2025-06-06T14:58:00.897+0000] {dag.py:3036} INFO - Sync 1 DAGs
[2025-06-06T14:58:00.951+0000] {logging_mixin.py:188} INFO - [2025-06-06T14:58:00.950+0000] {dag.py:3823} INFO - Setting next_dagrun for test_docker_dag to 2025-05-31 00:00:00+00:00, run_after=2025-06-01 00:00:00+00:00
[2025-06-06T14:58:01.014+0000] {processor.py:183} INFO - Processing /opt/airflow/dags/first_dag.py took 0.267 seconds
[2025-06-06T14:58:31.183+0000] {processor.py:161} INFO - Started process (PID=10087) to work on /opt/airflow/dags/first_dag.py
[2025-06-06T14:58:31.185+0000] {processor.py:830} INFO - Processing file /opt/airflow/dags/first_dag.py for tasks to queue
[2025-06-06T14:58:31.186+0000] {logging_mixin.py:188} INFO - [2025-06-06T14:58:31.186+0000] {dagbag.py:538} INFO - Filling up the DagBag from /opt/airflow/dags/first_dag.py
[2025-06-06T14:58:31.218+0000] {processor.py:840} INFO - DAG(s) 'test_docker_dag' retrieved from /opt/airflow/dags/first_dag.py
[2025-06-06T14:58:31.280+0000] {logging_mixin.py:188} INFO - [2025-06-06T14:58:31.280+0000] {dag.py:3036} INFO - Sync 1 DAGs
[2025-06-06T14:58:31.330+0000] {logging_mixin.py:188} INFO - [2025-06-06T14:58:31.330+0000] {dag.py:3823} INFO - Setting next_dagrun for test_docker_dag to 2025-05-31 00:00:00+00:00, run_after=2025-06-01 00:00:00+00:00
[2025-06-06T14:58:31.368+0000] {processor.py:183} INFO - Processing /opt/airflow/dags/first_dag.py took 0.189 seconds
[2025-06-06T14:59:01.904+0000] {processor.py:161} INFO - Started process (PID=10110) to work on /opt/airflow/dags/first_dag.py
[2025-06-06T14:59:01.907+0000] {processor.py:830} INFO - Processing file /opt/airflow/dags/first_dag.py for tasks to queue
[2025-06-06T14:59:01.911+0000] {logging_mixin.py:188} INFO - [2025-06-06T14:59:01.910+0000] {dagbag.py:538} INFO - Filling up the DagBag from /opt/airflow/dags/first_dag.py
[2025-06-06T14:59:01.984+0000] {processor.py:840} INFO - DAG(s) 'test_docker_dag' retrieved from /opt/airflow/dags/first_dag.py
[2025-06-06T14:59:02.061+0000] {logging_mixin.py:188} INFO - [2025-06-06T14:59:02.060+0000] {dag.py:3036} INFO - Sync 1 DAGs
[2025-06-06T14:59:02.106+0000] {logging_mixin.py:188} INFO - [2025-06-06T14:59:02.105+0000] {dag.py:3823} INFO - Setting next_dagrun for test_docker_dag to 2025-05-31 00:00:00+00:00, run_after=2025-06-01 00:00:00+00:00
[2025-06-06T14:59:02.149+0000] {processor.py:183} INFO - Processing /opt/airflow/dags/first_dag.py took 0.258 seconds
[2025-06-06T14:59:32.448+0000] {processor.py:161} INFO - Started process (PID=10133) to work on /opt/airflow/dags/first_dag.py
[2025-06-06T14:59:32.451+0000] {processor.py:830} INFO - Processing file /opt/airflow/dags/first_dag.py for tasks to queue
[2025-06-06T14:59:32.453+0000] {logging_mixin.py:188} INFO - [2025-06-06T14:59:32.453+0000] {dagbag.py:538} INFO - Filling up the DagBag from /opt/airflow/dags/first_dag.py
[2025-06-06T14:59:32.541+0000] {processor.py:840} INFO - DAG(s) 'test_docker_dag' retrieved from /opt/airflow/dags/first_dag.py
[2025-06-06T14:59:32.656+0000] {logging_mixin.py:188} INFO - [2025-06-06T14:59:32.655+0000] {dag.py:3036} INFO - Sync 1 DAGs
[2025-06-06T14:59:32.740+0000] {logging_mixin.py:188} INFO - [2025-06-06T14:59:32.739+0000] {dag.py:3823} INFO - Setting next_dagrun for test_docker_dag to 2025-05-31 00:00:00+00:00, run_after=2025-06-01 00:00:00+00:00
[2025-06-06T14:59:32.811+0000] {processor.py:183} INFO - Processing /opt/airflow/dags/first_dag.py took 0.368 seconds
[2025-06-06T15:00:03.528+0000] {processor.py:161} INFO - Started process (PID=10157) to work on /opt/airflow/dags/first_dag.py
[2025-06-06T15:00:03.532+0000] {processor.py:830} INFO - Processing file /opt/airflow/dags/first_dag.py for tasks to queue
[2025-06-06T15:00:03.537+0000] {logging_mixin.py:188} INFO - [2025-06-06T15:00:03.536+0000] {dagbag.py:538} INFO - Filling up the DagBag from /opt/airflow/dags/first_dag.py
[2025-06-06T15:00:03.593+0000] {processor.py:840} INFO - DAG(s) 'test_docker_dag' retrieved from /opt/airflow/dags/first_dag.py
[2025-06-06T15:00:03.659+0000] {logging_mixin.py:188} INFO - [2025-06-06T15:00:03.658+0000] {dag.py:3036} INFO - Sync 1 DAGs
[2025-06-06T15:00:03.707+0000] {logging_mixin.py:188} INFO - [2025-06-06T15:00:03.706+0000] {dag.py:3823} INFO - Setting next_dagrun for test_docker_dag to 2025-05-31 00:00:00+00:00, run_after=2025-06-01 00:00:00+00:00
[2025-06-06T15:00:03.779+0000] {processor.py:183} INFO - Processing /opt/airflow/dags/first_dag.py took 0.258 seconds
[2025-06-06T15:00:34.111+0000] {processor.py:161} INFO - Started process (PID=10180) to work on /opt/airflow/dags/first_dag.py
[2025-06-06T15:00:34.114+0000] {processor.py:830} INFO - Processing file /opt/airflow/dags/first_dag.py for tasks to queue
[2025-06-06T15:00:34.117+0000] {logging_mixin.py:188} INFO - [2025-06-06T15:00:34.116+0000] {dagbag.py:538} INFO - Filling up the DagBag from /opt/airflow/dags/first_dag.py
[2025-06-06T15:00:34.176+0000] {processor.py:840} INFO - DAG(s) 'test_docker_dag' retrieved from /opt/airflow/dags/first_dag.py
[2025-06-06T15:00:34.235+0000] {logging_mixin.py:188} INFO - [2025-06-06T15:00:34.234+0000] {dag.py:3036} INFO - Sync 1 DAGs
[2025-06-06T15:00:34.289+0000] {logging_mixin.py:188} INFO - [2025-06-06T15:00:34.288+0000] {dag.py:3823} INFO - Setting next_dagrun for test_docker_dag to 2025-05-31 00:00:00+00:00, run_after=2025-06-01 00:00:00+00:00
[2025-06-06T15:00:34.333+0000] {processor.py:183} INFO - Processing /opt/airflow/dags/first_dag.py took 0.227 seconds
[2025-06-06T15:01:05.388+0000] {processor.py:161} INFO - Started process (PID=10203) to work on /opt/airflow/dags/first_dag.py
[2025-06-06T15:01:05.390+0000] {processor.py:830} INFO - Processing file /opt/airflow/dags/first_dag.py for tasks to queue
[2025-06-06T15:01:05.392+0000] {logging_mixin.py:188} INFO - [2025-06-06T15:01:05.391+0000] {dagbag.py:538} INFO - Filling up the DagBag from /opt/airflow/dags/first_dag.py
[2025-06-06T15:01:05.460+0000] {processor.py:840} INFO - DAG(s) 'test_docker_dag' retrieved from /opt/airflow/dags/first_dag.py
[2025-06-06T15:01:05.580+0000] {logging_mixin.py:188} INFO - [2025-06-06T15:01:05.579+0000] {dag.py:3036} INFO - Sync 1 DAGs
[2025-06-06T15:01:05.650+0000] {logging_mixin.py:188} INFO - [2025-06-06T15:01:05.650+0000] {dag.py:3823} INFO - Setting next_dagrun for test_docker_dag to 2025-05-31 00:00:00+00:00, run_after=2025-06-01 00:00:00+00:00
[2025-06-06T15:01:05.742+0000] {processor.py:183} INFO - Processing /opt/airflow/dags/first_dag.py took 0.362 seconds
[2025-06-06T15:01:36.326+0000] {processor.py:161} INFO - Started process (PID=10226) to work on /opt/airflow/dags/first_dag.py
[2025-06-06T15:01:36.329+0000] {processor.py:830} INFO - Processing file /opt/airflow/dags/first_dag.py for tasks to queue
[2025-06-06T15:01:36.333+0000] {logging_mixin.py:188} INFO - [2025-06-06T15:01:36.332+0000] {dagbag.py:538} INFO - Filling up the DagBag from /opt/airflow/dags/first_dag.py
[2025-06-06T15:01:36.427+0000] {processor.py:840} INFO - DAG(s) 'test_docker_dag' retrieved from /opt/airflow/dags/first_dag.py
[2025-06-06T15:01:36.522+0000] {logging_mixin.py:188} INFO - [2025-06-06T15:01:36.521+0000] {dag.py:3036} INFO - Sync 1 DAGs
[2025-06-06T15:01:36.611+0000] {logging_mixin.py:188} INFO - [2025-06-06T15:01:36.610+0000] {dag.py:3823} INFO - Setting next_dagrun for test_docker_dag to 2025-05-31 00:00:00+00:00, run_after=2025-06-01 00:00:00+00:00
[2025-06-06T15:01:36.678+0000] {processor.py:183} INFO - Processing /opt/airflow/dags/first_dag.py took 0.361 seconds
[2025-06-06T15:02:08.127+0000] {processor.py:161} INFO - Started process (PID=10249) to work on /opt/airflow/dags/first_dag.py
[2025-06-06T15:02:08.136+0000] {processor.py:830} INFO - Processing file /opt/airflow/dags/first_dag.py for tasks to queue
[2025-06-06T15:02:08.145+0000] {logging_mixin.py:188} INFO - [2025-06-06T15:02:08.141+0000] {dagbag.py:538} INFO - Filling up the DagBag from /opt/airflow/dags/first_dag.py
[2025-06-06T15:02:08.236+0000] {processor.py:840} INFO - DAG(s) 'test_docker_dag' retrieved from /opt/airflow/dags/first_dag.py
[2025-06-06T15:02:08.347+0000] {logging_mixin.py:188} INFO - [2025-06-06T15:02:08.346+0000] {dag.py:3036} INFO - Sync 1 DAGs
[2025-06-06T15:02:08.409+0000] {logging_mixin.py:188} INFO - [2025-06-06T15:02:08.408+0000] {dag.py:3823} INFO - Setting next_dagrun for test_docker_dag to 2025-05-31 00:00:00+00:00, run_after=2025-06-01 00:00:00+00:00
[2025-06-06T15:02:08.456+0000] {processor.py:183} INFO - Processing /opt/airflow/dags/first_dag.py took 0.347 seconds
[2025-06-06T15:02:39.934+0000] {processor.py:161} INFO - Started process (PID=10272) to work on /opt/airflow/dags/first_dag.py
[2025-06-06T15:02:39.940+0000] {processor.py:830} INFO - Processing file /opt/airflow/dags/first_dag.py for tasks to queue
[2025-06-06T15:02:39.948+0000] {logging_mixin.py:188} INFO - [2025-06-06T15:02:39.946+0000] {dagbag.py:538} INFO - Filling up the DagBag from /opt/airflow/dags/first_dag.py
[2025-06-06T15:02:40.019+0000] {processor.py:840} INFO - DAG(s) 'test_docker_dag' retrieved from /opt/airflow/dags/first_dag.py
[2025-06-06T15:02:40.098+0000] {logging_mixin.py:188} INFO - [2025-06-06T15:02:40.097+0000] {dag.py:3036} INFO - Sync 1 DAGs
[2025-06-06T15:02:40.153+0000] {logging_mixin.py:188} INFO - [2025-06-06T15:02:40.153+0000] {dag.py:3823} INFO - Setting next_dagrun for test_docker_dag to 2025-05-31 00:00:00+00:00, run_after=2025-06-01 00:00:00+00:00
[2025-06-06T15:02:40.224+0000] {processor.py:183} INFO - Processing /opt/airflow/dags/first_dag.py took 0.304 seconds
[2025-06-06T15:03:11.120+0000] {processor.py:161} INFO - Started process (PID=10295) to work on /opt/airflow/dags/first_dag.py
[2025-06-06T15:03:11.124+0000] {processor.py:830} INFO - Processing file /opt/airflow/dags/first_dag.py for tasks to queue
[2025-06-06T15:03:11.127+0000] {logging_mixin.py:188} INFO - [2025-06-06T15:03:11.126+0000] {dagbag.py:538} INFO - Filling up the DagBag from /opt/airflow/dags/first_dag.py
[2025-06-06T15:03:11.181+0000] {processor.py:840} INFO - DAG(s) 'test_docker_dag' retrieved from /opt/airflow/dags/first_dag.py
[2025-06-06T15:03:11.283+0000] {logging_mixin.py:188} INFO - [2025-06-06T15:03:11.283+0000] {dag.py:3036} INFO - Sync 1 DAGs
[2025-06-06T15:03:11.335+0000] {logging_mixin.py:188} INFO - [2025-06-06T15:03:11.334+0000] {dag.py:3823} INFO - Setting next_dagrun for test_docker_dag to 2025-05-31 00:00:00+00:00, run_after=2025-06-01 00:00:00+00:00
[2025-06-06T15:03:11.385+0000] {processor.py:183} INFO - Processing /opt/airflow/dags/first_dag.py took 0.272 seconds
[2025-06-06T15:03:43.268+0000] {processor.py:161} INFO - Started process (PID=10317) to work on /opt/airflow/dags/first_dag.py
[2025-06-06T15:03:43.272+0000] {processor.py:830} INFO - Processing file /opt/airflow/dags/first_dag.py for tasks to queue
[2025-06-06T15:03:43.274+0000] {logging_mixin.py:188} INFO - [2025-06-06T15:03:43.274+0000] {dagbag.py:538} INFO - Filling up the DagBag from /opt/airflow/dags/first_dag.py
[2025-06-06T15:03:43.390+0000] {processor.py:840} INFO - DAG(s) 'test_docker_dag' retrieved from /opt/airflow/dags/first_dag.py
[2025-06-06T15:03:43.534+0000] {logging_mixin.py:188} INFO - [2025-06-06T15:03:43.534+0000] {dag.py:3036} INFO - Sync 1 DAGs
[2025-06-06T15:03:43.587+0000] {logging_mixin.py:188} INFO - [2025-06-06T15:03:43.587+0000] {dag.py:3823} INFO - Setting next_dagrun for test_docker_dag to 2025-05-31 00:00:00+00:00, run_after=2025-06-01 00:00:00+00:00
[2025-06-06T15:03:43.644+0000] {processor.py:183} INFO - Processing /opt/airflow/dags/first_dag.py took 0.386 seconds
[2025-06-06T15:04:14.509+0000] {processor.py:161} INFO - Started process (PID=10340) to work on /opt/airflow/dags/first_dag.py
[2025-06-06T15:04:14.512+0000] {processor.py:830} INFO - Processing file /opt/airflow/dags/first_dag.py for tasks to queue
[2025-06-06T15:04:14.514+0000] {logging_mixin.py:188} INFO - [2025-06-06T15:04:14.514+0000] {dagbag.py:538} INFO - Filling up the DagBag from /opt/airflow/dags/first_dag.py
[2025-06-06T15:04:14.580+0000] {processor.py:840} INFO - DAG(s) 'test_docker_dag' retrieved from /opt/airflow/dags/first_dag.py
[2025-06-06T15:04:14.623+0000] {logging_mixin.py:188} INFO - [2025-06-06T15:04:14.623+0000] {dag.py:3036} INFO - Sync 1 DAGs
[2025-06-06T15:04:14.679+0000] {logging_mixin.py:188} INFO - [2025-06-06T15:04:14.678+0000] {dag.py:3823} INFO - Setting next_dagrun for test_docker_dag to 2025-05-31 00:00:00+00:00, run_after=2025-06-01 00:00:00+00:00
[2025-06-06T15:04:14.724+0000] {processor.py:183} INFO - Processing /opt/airflow/dags/first_dag.py took 0.229 seconds
[2025-06-06T15:04:45.681+0000] {processor.py:161} INFO - Started process (PID=10363) to work on /opt/airflow/dags/first_dag.py
[2025-06-06T15:04:45.691+0000] {processor.py:830} INFO - Processing file /opt/airflow/dags/first_dag.py for tasks to queue
[2025-06-06T15:04:45.700+0000] {logging_mixin.py:188} INFO - [2025-06-06T15:04:45.698+0000] {dagbag.py:538} INFO - Filling up the DagBag from /opt/airflow/dags/first_dag.py
[2025-06-06T15:04:45.769+0000] {processor.py:840} INFO - DAG(s) 'test_docker_dag' retrieved from /opt/airflow/dags/first_dag.py
[2025-06-06T15:04:45.897+0000] {logging_mixin.py:188} INFO - [2025-06-06T15:04:45.896+0000] {dag.py:3036} INFO - Sync 1 DAGs
[2025-06-06T15:04:45.967+0000] {logging_mixin.py:188} INFO - [2025-06-06T15:04:45.966+0000] {dag.py:3823} INFO - Setting next_dagrun for test_docker_dag to 2025-05-31 00:00:00+00:00, run_after=2025-06-01 00:00:00+00:00
[2025-06-06T15:04:46.030+0000] {processor.py:183} INFO - Processing /opt/airflow/dags/first_dag.py took 0.365 seconds
[2025-06-06T15:05:18.322+0000] {processor.py:161} INFO - Started process (PID=10386) to work on /opt/airflow/dags/first_dag.py
[2025-06-06T15:05:18.325+0000] {processor.py:830} INFO - Processing file /opt/airflow/dags/first_dag.py for tasks to queue
[2025-06-06T15:05:18.327+0000] {logging_mixin.py:188} INFO - [2025-06-06T15:05:18.327+0000] {dagbag.py:538} INFO - Filling up the DagBag from /opt/airflow/dags/first_dag.py
[2025-06-06T15:05:18.382+0000] {processor.py:840} INFO - DAG(s) 'test_docker_dag' retrieved from /opt/airflow/dags/first_dag.py
[2025-06-06T15:05:18.450+0000] {logging_mixin.py:188} INFO - [2025-06-06T15:05:18.449+0000] {dag.py:3036} INFO - Sync 1 DAGs
[2025-06-06T15:05:18.508+0000] {logging_mixin.py:188} INFO - [2025-06-06T15:05:18.507+0000] {dag.py:3823} INFO - Setting next_dagrun for test_docker_dag to 2025-05-31 00:00:00+00:00, run_after=2025-06-01 00:00:00+00:00
[2025-06-06T15:05:18.569+0000] {processor.py:183} INFO - Processing /opt/airflow/dags/first_dag.py took 0.259 seconds
[2025-06-06T15:05:49.359+0000] {processor.py:161} INFO - Started process (PID=10408) to work on /opt/airflow/dags/first_dag.py
[2025-06-06T15:05:49.361+0000] {processor.py:830} INFO - Processing file /opt/airflow/dags/first_dag.py for tasks to queue
[2025-06-06T15:05:49.364+0000] {logging_mixin.py:188} INFO - [2025-06-06T15:05:49.363+0000] {dagbag.py:538} INFO - Filling up the DagBag from /opt/airflow/dags/first_dag.py
[2025-06-06T15:05:49.414+0000] {processor.py:840} INFO - DAG(s) 'test_docker_dag' retrieved from /opt/airflow/dags/first_dag.py
[2025-06-06T15:05:49.532+0000] {logging_mixin.py:188} INFO - [2025-06-06T15:05:49.531+0000] {dag.py:3036} INFO - Sync 1 DAGs
[2025-06-06T15:05:49.601+0000] {logging_mixin.py:188} INFO - [2025-06-06T15:05:49.601+0000] {dag.py:3823} INFO - Setting next_dagrun for test_docker_dag to 2025-05-31 00:00:00+00:00, run_after=2025-06-01 00:00:00+00:00
[2025-06-06T15:05:49.654+0000] {processor.py:183} INFO - Processing /opt/airflow/dags/first_dag.py took 0.300 seconds
