[2025-06-06T13:51:42.793+0000] {processor.py:161} INFO - Started process (PID=8641) to work on /opt/airflow/dags/postgresql_data_insertion.py
[2025-06-06T13:51:42.797+0000] {processor.py:830} INFO - Processing file /opt/airflow/dags/postgresql_data_insertion.py for tasks to queue
[2025-06-06T13:51:42.801+0000] {logging_mixin.py:188} INFO - [2025-06-06T13:51:42.800+0000] {dagbag.py:538} INFO - Filling up the DagBag from /opt/airflow/dags/postgresql_data_insertion.py
[2025-06-06T13:51:44.301+0000] {processor.py:840} INFO - DAG(s) 'data_insertion' retrieved from /opt/airflow/dags/postgresql_data_insertion.py
[2025-06-06T13:51:44.592+0000] {logging_mixin.py:188} INFO - [2025-06-06T13:51:44.591+0000] {dag.py:3036} INFO - Sync 1 DAGs
[2025-06-06T13:51:44.642+0000] {logging_mixin.py:188} INFO - [2025-06-06T13:51:44.641+0000] {dag.py:3823} INFO - Setting next_dagrun for data_insertion to 2025-06-05 00:00:00+00:00, run_after=2025-06-06 00:00:00+00:00
[2025-06-06T13:51:44.722+0000] {processor.py:183} INFO - Processing /opt/airflow/dags/postgresql_data_insertion.py took 1.980 seconds
[2025-06-06T14:26:48.571+0000] {processor.py:161} INFO - Started process (PID=8664) to work on /opt/airflow/dags/postgresql_data_insertion.py
[2025-06-06T14:26:48.586+0000] {processor.py:830} INFO - Processing file /opt/airflow/dags/postgresql_data_insertion.py for tasks to queue
[2025-06-06T14:26:48.592+0000] {logging_mixin.py:188} INFO - [2025-06-06T14:26:48.591+0000] {dagbag.py:538} INFO - Filling up the DagBag from /opt/airflow/dags/postgresql_data_insertion.py
[2025-06-06T14:26:49.939+0000] {processor.py:840} INFO - DAG(s) 'data_insertion' retrieved from /opt/airflow/dags/postgresql_data_insertion.py
[2025-06-06T14:26:50.004+0000] {logging_mixin.py:188} INFO - [2025-06-06T14:26:50.003+0000] {dag.py:3036} INFO - Sync 1 DAGs
[2025-06-06T14:26:50.078+0000] {logging_mixin.py:188} INFO - [2025-06-06T14:26:50.078+0000] {dag.py:3823} INFO - Setting next_dagrun for data_insertion to 2025-06-05 00:00:00+00:00, run_after=2025-06-06 00:00:00+00:00
[2025-06-06T14:26:50.138+0000] {processor.py:183} INFO - Processing /opt/airflow/dags/postgresql_data_insertion.py took 1.587 seconds
[2025-06-06T14:27:20.572+0000] {processor.py:161} INFO - Started process (PID=8687) to work on /opt/airflow/dags/postgresql_data_insertion.py
[2025-06-06T14:27:20.575+0000] {processor.py:830} INFO - Processing file /opt/airflow/dags/postgresql_data_insertion.py for tasks to queue
[2025-06-06T14:27:20.579+0000] {logging_mixin.py:188} INFO - [2025-06-06T14:27:20.577+0000] {dagbag.py:538} INFO - Filling up the DagBag from /opt/airflow/dags/postgresql_data_insertion.py
[2025-06-06T14:27:21.265+0000] {processor.py:840} INFO - DAG(s) 'data_insertion' retrieved from /opt/airflow/dags/postgresql_data_insertion.py
[2025-06-06T14:27:21.310+0000] {logging_mixin.py:188} INFO - [2025-06-06T14:27:21.309+0000] {dag.py:3036} INFO - Sync 1 DAGs
[2025-06-06T14:27:21.352+0000] {logging_mixin.py:188} INFO - [2025-06-06T14:27:21.351+0000] {dag.py:3823} INFO - Setting next_dagrun for data_insertion to 2025-06-05 00:00:00+00:00, run_after=2025-06-06 00:00:00+00:00
[2025-06-06T14:27:21.396+0000] {processor.py:183} INFO - Processing /opt/airflow/dags/postgresql_data_insertion.py took 0.844 seconds
[2025-06-06T14:27:51.665+0000] {processor.py:161} INFO - Started process (PID=8710) to work on /opt/airflow/dags/postgresql_data_insertion.py
[2025-06-06T14:27:51.668+0000] {processor.py:830} INFO - Processing file /opt/airflow/dags/postgresql_data_insertion.py for tasks to queue
[2025-06-06T14:27:51.670+0000] {logging_mixin.py:188} INFO - [2025-06-06T14:27:51.670+0000] {dagbag.py:538} INFO - Filling up the DagBag from /opt/airflow/dags/postgresql_data_insertion.py
[2025-06-06T14:27:52.110+0000] {processor.py:840} INFO - DAG(s) 'data_insertion' retrieved from /opt/airflow/dags/postgresql_data_insertion.py
[2025-06-06T14:27:52.150+0000] {logging_mixin.py:188} INFO - [2025-06-06T14:27:52.149+0000] {dag.py:3036} INFO - Sync 1 DAGs
[2025-06-06T14:27:52.186+0000] {logging_mixin.py:188} INFO - [2025-06-06T14:27:52.186+0000] {dag.py:3823} INFO - Setting next_dagrun for data_insertion to 2025-06-05 00:00:00+00:00, run_after=2025-06-06 00:00:00+00:00
[2025-06-06T14:27:52.222+0000] {processor.py:183} INFO - Processing /opt/airflow/dags/postgresql_data_insertion.py took 0.562 seconds
[2025-06-06T14:28:23.151+0000] {processor.py:161} INFO - Started process (PID=8733) to work on /opt/airflow/dags/postgresql_data_insertion.py
[2025-06-06T14:28:23.154+0000] {processor.py:830} INFO - Processing file /opt/airflow/dags/postgresql_data_insertion.py for tasks to queue
[2025-06-06T14:28:23.157+0000] {logging_mixin.py:188} INFO - [2025-06-06T14:28:23.156+0000] {dagbag.py:538} INFO - Filling up the DagBag from /opt/airflow/dags/postgresql_data_insertion.py
[2025-06-06T14:28:24.168+0000] {processor.py:840} INFO - DAG(s) 'data_insertion' retrieved from /opt/airflow/dags/postgresql_data_insertion.py
[2025-06-06T14:28:24.299+0000] {logging_mixin.py:188} INFO - [2025-06-06T14:28:24.290+0000] {dag.py:3036} INFO - Sync 1 DAGs
[2025-06-06T14:28:24.422+0000] {logging_mixin.py:188} INFO - [2025-06-06T14:28:24.421+0000] {dag.py:3823} INFO - Setting next_dagrun for data_insertion to 2025-06-05 00:00:00+00:00, run_after=2025-06-06 00:00:00+00:00
[2025-06-06T14:28:24.502+0000] {processor.py:183} INFO - Processing /opt/airflow/dags/postgresql_data_insertion.py took 1.367 seconds
[2025-06-06T14:28:55.342+0000] {processor.py:161} INFO - Started process (PID=8757) to work on /opt/airflow/dags/postgresql_data_insertion.py
[2025-06-06T14:28:55.347+0000] {processor.py:830} INFO - Processing file /opt/airflow/dags/postgresql_data_insertion.py for tasks to queue
[2025-06-06T14:28:55.351+0000] {logging_mixin.py:188} INFO - [2025-06-06T14:28:55.349+0000] {dagbag.py:538} INFO - Filling up the DagBag from /opt/airflow/dags/postgresql_data_insertion.py
[2025-06-06T14:28:56.726+0000] {processor.py:840} INFO - DAG(s) 'data_insertion' retrieved from /opt/airflow/dags/postgresql_data_insertion.py
[2025-06-06T14:28:56.853+0000] {logging_mixin.py:188} INFO - [2025-06-06T14:28:56.852+0000] {dag.py:3036} INFO - Sync 1 DAGs
[2025-06-06T14:28:56.982+0000] {logging_mixin.py:188} INFO - [2025-06-06T14:28:56.981+0000] {dag.py:3823} INFO - Setting next_dagrun for data_insertion to 2025-06-05 00:00:00+00:00, run_after=2025-06-06 00:00:00+00:00
[2025-06-06T14:28:57.101+0000] {processor.py:183} INFO - Processing /opt/airflow/dags/postgresql_data_insertion.py took 1.772 seconds
[2025-06-06T14:29:28.111+0000] {processor.py:161} INFO - Started process (PID=8781) to work on /opt/airflow/dags/postgresql_data_insertion.py
[2025-06-06T14:29:28.120+0000] {processor.py:830} INFO - Processing file /opt/airflow/dags/postgresql_data_insertion.py for tasks to queue
[2025-06-06T14:29:28.128+0000] {logging_mixin.py:188} INFO - [2025-06-06T14:29:28.127+0000] {dagbag.py:538} INFO - Filling up the DagBag from /opt/airflow/dags/postgresql_data_insertion.py
[2025-06-06T14:29:29.398+0000] {processor.py:840} INFO - DAG(s) 'data_insertion' retrieved from /opt/airflow/dags/postgresql_data_insertion.py
[2025-06-06T14:29:29.484+0000] {logging_mixin.py:188} INFO - [2025-06-06T14:29:29.483+0000] {dag.py:3036} INFO - Sync 1 DAGs
[2025-06-06T14:29:29.571+0000] {logging_mixin.py:188} INFO - [2025-06-06T14:29:29.570+0000] {dag.py:3823} INFO - Setting next_dagrun for data_insertion to 2025-06-05 00:00:00+00:00, run_after=2025-06-06 00:00:00+00:00
[2025-06-06T14:29:29.683+0000] {processor.py:183} INFO - Processing /opt/airflow/dags/postgresql_data_insertion.py took 1.595 seconds
[2025-06-06T14:30:02.286+0000] {processor.py:161} INFO - Started process (PID=8804) to work on /opt/airflow/dags/postgresql_data_insertion.py
[2025-06-06T14:30:02.291+0000] {processor.py:830} INFO - Processing file /opt/airflow/dags/postgresql_data_insertion.py for tasks to queue
[2025-06-06T14:30:02.295+0000] {logging_mixin.py:188} INFO - [2025-06-06T14:30:02.294+0000] {dagbag.py:538} INFO - Filling up the DagBag from /opt/airflow/dags/postgresql_data_insertion.py
[2025-06-06T14:30:04.331+0000] {processor.py:840} INFO - DAG(s) 'data_insertion' retrieved from /opt/airflow/dags/postgresql_data_insertion.py
[2025-06-06T14:30:04.575+0000] {logging_mixin.py:188} INFO - [2025-06-06T14:30:04.574+0000] {dag.py:3036} INFO - Sync 1 DAGs
[2025-06-06T14:30:04.846+0000] {logging_mixin.py:188} INFO - [2025-06-06T14:30:04.835+0000] {dag.py:3823} INFO - Setting next_dagrun for data_insertion to 2025-06-05 00:00:00+00:00, run_after=2025-06-06 00:00:00+00:00
[2025-06-06T14:30:04.990+0000] {processor.py:183} INFO - Processing /opt/airflow/dags/postgresql_data_insertion.py took 2.712 seconds
[2025-06-06T14:30:35.634+0000] {processor.py:161} INFO - Started process (PID=8827) to work on /opt/airflow/dags/postgresql_data_insertion.py
[2025-06-06T14:30:35.637+0000] {processor.py:830} INFO - Processing file /opt/airflow/dags/postgresql_data_insertion.py for tasks to queue
[2025-06-06T14:30:35.640+0000] {logging_mixin.py:188} INFO - [2025-06-06T14:30:35.639+0000] {dagbag.py:538} INFO - Filling up the DagBag from /opt/airflow/dags/postgresql_data_insertion.py
[2025-06-06T14:30:36.967+0000] {processor.py:840} INFO - DAG(s) 'data_insertion' retrieved from /opt/airflow/dags/postgresql_data_insertion.py
[2025-06-06T14:30:37.068+0000] {logging_mixin.py:188} INFO - [2025-06-06T14:30:37.067+0000] {dag.py:3036} INFO - Sync 1 DAGs
[2025-06-06T14:30:37.144+0000] {logging_mixin.py:188} INFO - [2025-06-06T14:30:37.142+0000] {dag.py:3823} INFO - Setting next_dagrun for data_insertion to 2025-06-05 00:00:00+00:00, run_after=2025-06-06 00:00:00+00:00
[2025-06-06T14:30:37.259+0000] {processor.py:183} INFO - Processing /opt/airflow/dags/postgresql_data_insertion.py took 1.638 seconds
[2025-06-06T14:31:07.821+0000] {processor.py:161} INFO - Started process (PID=8850) to work on /opt/airflow/dags/postgresql_data_insertion.py
[2025-06-06T14:31:07.824+0000] {processor.py:830} INFO - Processing file /opt/airflow/dags/postgresql_data_insertion.py for tasks to queue
[2025-06-06T14:31:07.827+0000] {logging_mixin.py:188} INFO - [2025-06-06T14:31:07.826+0000] {dagbag.py:538} INFO - Filling up the DagBag from /opt/airflow/dags/postgresql_data_insertion.py
[2025-06-06T14:31:08.537+0000] {processor.py:840} INFO - DAG(s) 'data_insertion' retrieved from /opt/airflow/dags/postgresql_data_insertion.py
[2025-06-06T14:31:08.638+0000] {logging_mixin.py:188} INFO - [2025-06-06T14:31:08.637+0000] {dag.py:3036} INFO - Sync 1 DAGs
[2025-06-06T14:31:08.710+0000] {logging_mixin.py:188} INFO - [2025-06-06T14:31:08.709+0000] {dag.py:3823} INFO - Setting next_dagrun for data_insertion to 2025-06-05 00:00:00+00:00, run_after=2025-06-06 00:00:00+00:00
[2025-06-06T14:31:08.798+0000] {processor.py:183} INFO - Processing /opt/airflow/dags/postgresql_data_insertion.py took 0.987 seconds
[2025-06-06T14:31:39.097+0000] {processor.py:161} INFO - Started process (PID=8873) to work on /opt/airflow/dags/postgresql_data_insertion.py
[2025-06-06T14:31:39.103+0000] {processor.py:830} INFO - Processing file /opt/airflow/dags/postgresql_data_insertion.py for tasks to queue
[2025-06-06T14:31:39.106+0000] {logging_mixin.py:188} INFO - [2025-06-06T14:31:39.105+0000] {dagbag.py:538} INFO - Filling up the DagBag from /opt/airflow/dags/postgresql_data_insertion.py
[2025-06-06T14:31:39.869+0000] {processor.py:840} INFO - DAG(s) 'data_insertion' retrieved from /opt/airflow/dags/postgresql_data_insertion.py
[2025-06-06T14:31:39.925+0000] {logging_mixin.py:188} INFO - [2025-06-06T14:31:39.924+0000] {dag.py:3036} INFO - Sync 1 DAGs
[2025-06-06T14:31:39.973+0000] {logging_mixin.py:188} INFO - [2025-06-06T14:31:39.972+0000] {dag.py:3823} INFO - Setting next_dagrun for data_insertion to 2025-06-05 00:00:00+00:00, run_after=2025-06-06 00:00:00+00:00
[2025-06-06T14:31:40.025+0000] {processor.py:183} INFO - Processing /opt/airflow/dags/postgresql_data_insertion.py took 0.943 seconds
[2025-06-06T14:32:10.200+0000] {processor.py:161} INFO - Started process (PID=8896) to work on /opt/airflow/dags/postgresql_data_insertion.py
[2025-06-06T14:32:10.202+0000] {processor.py:830} INFO - Processing file /opt/airflow/dags/postgresql_data_insertion.py for tasks to queue
[2025-06-06T14:32:10.205+0000] {logging_mixin.py:188} INFO - [2025-06-06T14:32:10.204+0000] {dagbag.py:538} INFO - Filling up the DagBag from /opt/airflow/dags/postgresql_data_insertion.py
[2025-06-06T14:32:10.961+0000] {processor.py:840} INFO - DAG(s) 'data_insertion' retrieved from /opt/airflow/dags/postgresql_data_insertion.py
[2025-06-06T14:32:11.025+0000] {logging_mixin.py:188} INFO - [2025-06-06T14:32:11.024+0000] {dag.py:3036} INFO - Sync 1 DAGs
[2025-06-06T14:32:11.099+0000] {logging_mixin.py:188} INFO - [2025-06-06T14:32:11.098+0000] {dag.py:3823} INFO - Setting next_dagrun for data_insertion to 2025-06-05 00:00:00+00:00, run_after=2025-06-06 00:00:00+00:00
[2025-06-06T14:32:11.161+0000] {processor.py:183} INFO - Processing /opt/airflow/dags/postgresql_data_insertion.py took 0.969 seconds
[2025-06-06T14:32:41.443+0000] {processor.py:161} INFO - Started process (PID=8918) to work on /opt/airflow/dags/postgresql_data_insertion.py
[2025-06-06T14:32:41.445+0000] {processor.py:830} INFO - Processing file /opt/airflow/dags/postgresql_data_insertion.py for tasks to queue
[2025-06-06T14:32:41.448+0000] {logging_mixin.py:188} INFO - [2025-06-06T14:32:41.448+0000] {dagbag.py:538} INFO - Filling up the DagBag from /opt/airflow/dags/postgresql_data_insertion.py
[2025-06-06T14:32:42.161+0000] {processor.py:840} INFO - DAG(s) 'data_insertion' retrieved from /opt/airflow/dags/postgresql_data_insertion.py
[2025-06-06T14:32:42.213+0000] {logging_mixin.py:188} INFO - [2025-06-06T14:32:42.212+0000] {dag.py:3036} INFO - Sync 1 DAGs
[2025-06-06T14:32:42.242+0000] {logging_mixin.py:188} INFO - [2025-06-06T14:32:42.242+0000] {dag.py:3823} INFO - Setting next_dagrun for data_insertion to 2025-06-05 00:00:00+00:00, run_after=2025-06-06 00:00:00+00:00
[2025-06-06T14:32:42.282+0000] {processor.py:183} INFO - Processing /opt/airflow/dags/postgresql_data_insertion.py took 0.846 seconds
[2025-06-06T14:33:12.612+0000] {processor.py:161} INFO - Started process (PID=8941) to work on /opt/airflow/dags/postgresql_data_insertion.py
[2025-06-06T14:33:12.615+0000] {processor.py:830} INFO - Processing file /opt/airflow/dags/postgresql_data_insertion.py for tasks to queue
[2025-06-06T14:33:12.618+0000] {logging_mixin.py:188} INFO - [2025-06-06T14:33:12.617+0000] {dagbag.py:538} INFO - Filling up the DagBag from /opt/airflow/dags/postgresql_data_insertion.py
[2025-06-06T14:33:13.483+0000] {processor.py:840} INFO - DAG(s) 'data_insertion' retrieved from /opt/airflow/dags/postgresql_data_insertion.py
[2025-06-06T14:33:13.564+0000] {logging_mixin.py:188} INFO - [2025-06-06T14:33:13.564+0000] {dag.py:3036} INFO - Sync 1 DAGs
[2025-06-06T14:33:13.613+0000] {logging_mixin.py:188} INFO - [2025-06-06T14:33:13.613+0000] {dag.py:3823} INFO - Setting next_dagrun for data_insertion to 2025-06-05 00:00:00+00:00, run_after=2025-06-06 00:00:00+00:00
[2025-06-06T14:33:13.663+0000] {processor.py:183} INFO - Processing /opt/airflow/dags/postgresql_data_insertion.py took 1.058 seconds
[2025-06-06T14:33:44.341+0000] {processor.py:161} INFO - Started process (PID=8971) to work on /opt/airflow/dags/postgresql_data_insertion.py
[2025-06-06T14:33:44.348+0000] {processor.py:830} INFO - Processing file /opt/airflow/dags/postgresql_data_insertion.py for tasks to queue
[2025-06-06T14:33:44.353+0000] {logging_mixin.py:188} INFO - [2025-06-06T14:33:44.352+0000] {dagbag.py:538} INFO - Filling up the DagBag from /opt/airflow/dags/postgresql_data_insertion.py
[2025-06-06T14:33:45.043+0000] {processor.py:840} INFO - DAG(s) 'data_insertion' retrieved from /opt/airflow/dags/postgresql_data_insertion.py
[2025-06-06T14:33:45.103+0000] {logging_mixin.py:188} INFO - [2025-06-06T14:33:45.102+0000] {dag.py:3036} INFO - Sync 1 DAGs
[2025-06-06T14:33:45.175+0000] {logging_mixin.py:188} INFO - [2025-06-06T14:33:45.174+0000] {dag.py:3823} INFO - Setting next_dagrun for data_insertion to 2025-06-05 00:00:00+00:00, run_after=2025-06-06 00:00:00+00:00
[2025-06-06T14:33:45.226+0000] {processor.py:183} INFO - Processing /opt/airflow/dags/postgresql_data_insertion.py took 0.894 seconds
[2025-06-06T14:34:15.459+0000] {processor.py:161} INFO - Started process (PID=8994) to work on /opt/airflow/dags/postgresql_data_insertion.py
[2025-06-06T14:34:15.465+0000] {processor.py:830} INFO - Processing file /opt/airflow/dags/postgresql_data_insertion.py for tasks to queue
[2025-06-06T14:34:15.470+0000] {logging_mixin.py:188} INFO - [2025-06-06T14:34:15.469+0000] {dagbag.py:538} INFO - Filling up the DagBag from /opt/airflow/dags/postgresql_data_insertion.py
[2025-06-06T14:34:16.312+0000] {processor.py:840} INFO - DAG(s) 'data_insertion' retrieved from /opt/airflow/dags/postgresql_data_insertion.py
[2025-06-06T14:34:16.389+0000] {logging_mixin.py:188} INFO - [2025-06-06T14:34:16.388+0000] {dag.py:3036} INFO - Sync 1 DAGs
[2025-06-06T14:34:16.455+0000] {logging_mixin.py:188} INFO - [2025-06-06T14:34:16.455+0000] {dag.py:3823} INFO - Setting next_dagrun for data_insertion to 2025-06-05 00:00:00+00:00, run_after=2025-06-06 00:00:00+00:00
[2025-06-06T14:34:16.524+0000] {processor.py:183} INFO - Processing /opt/airflow/dags/postgresql_data_insertion.py took 1.081 seconds
[2025-06-06T14:34:46.718+0000] {processor.py:161} INFO - Started process (PID=9017) to work on /opt/airflow/dags/postgresql_data_insertion.py
[2025-06-06T14:34:46.721+0000] {processor.py:830} INFO - Processing file /opt/airflow/dags/postgresql_data_insertion.py for tasks to queue
[2025-06-06T14:34:46.723+0000] {logging_mixin.py:188} INFO - [2025-06-06T14:34:46.723+0000] {dagbag.py:538} INFO - Filling up the DagBag from /opt/airflow/dags/postgresql_data_insertion.py
[2025-06-06T14:34:47.338+0000] {processor.py:840} INFO - DAG(s) 'data_insertion' retrieved from /opt/airflow/dags/postgresql_data_insertion.py
[2025-06-06T14:34:47.401+0000] {logging_mixin.py:188} INFO - [2025-06-06T14:34:47.400+0000] {dag.py:3036} INFO - Sync 1 DAGs
[2025-06-06T14:34:47.450+0000] {logging_mixin.py:188} INFO - [2025-06-06T14:34:47.450+0000] {dag.py:3823} INFO - Setting next_dagrun for data_insertion to 2025-06-05 00:00:00+00:00, run_after=2025-06-06 00:00:00+00:00
[2025-06-06T14:34:47.489+0000] {processor.py:183} INFO - Processing /opt/airflow/dags/postgresql_data_insertion.py took 0.777 seconds
[2025-06-06T14:35:17.719+0000] {processor.py:161} INFO - Started process (PID=9040) to work on /opt/airflow/dags/postgresql_data_insertion.py
[2025-06-06T14:35:17.724+0000] {processor.py:830} INFO - Processing file /opt/airflow/dags/postgresql_data_insertion.py for tasks to queue
[2025-06-06T14:35:17.728+0000] {logging_mixin.py:188} INFO - [2025-06-06T14:35:17.727+0000] {dagbag.py:538} INFO - Filling up the DagBag from /opt/airflow/dags/postgresql_data_insertion.py
[2025-06-06T14:35:18.527+0000] {processor.py:840} INFO - DAG(s) 'data_insertion' retrieved from /opt/airflow/dags/postgresql_data_insertion.py
[2025-06-06T14:35:18.601+0000] {logging_mixin.py:188} INFO - [2025-06-06T14:35:18.600+0000] {dag.py:3036} INFO - Sync 1 DAGs
[2025-06-06T14:35:18.658+0000] {logging_mixin.py:188} INFO - [2025-06-06T14:35:18.657+0000] {dag.py:3823} INFO - Setting next_dagrun for data_insertion to 2025-06-05 00:00:00+00:00, run_after=2025-06-06 00:00:00+00:00
[2025-06-06T14:35:18.731+0000] {processor.py:183} INFO - Processing /opt/airflow/dags/postgresql_data_insertion.py took 1.021 seconds
[2025-06-06T14:35:49.390+0000] {processor.py:161} INFO - Started process (PID=9064) to work on /opt/airflow/dags/postgresql_data_insertion.py
[2025-06-06T14:35:49.393+0000] {processor.py:830} INFO - Processing file /opt/airflow/dags/postgresql_data_insertion.py for tasks to queue
[2025-06-06T14:35:49.394+0000] {logging_mixin.py:188} INFO - [2025-06-06T14:35:49.394+0000] {dagbag.py:538} INFO - Filling up the DagBag from /opt/airflow/dags/postgresql_data_insertion.py
[2025-06-06T14:35:50.045+0000] {processor.py:840} INFO - DAG(s) 'data_insertion' retrieved from /opt/airflow/dags/postgresql_data_insertion.py
[2025-06-06T14:35:50.109+0000] {logging_mixin.py:188} INFO - [2025-06-06T14:35:50.106+0000] {dag.py:3036} INFO - Sync 1 DAGs
[2025-06-06T14:35:50.183+0000] {logging_mixin.py:188} INFO - [2025-06-06T14:35:50.182+0000] {dag.py:3823} INFO - Setting next_dagrun for data_insertion to 2025-06-05 00:00:00+00:00, run_after=2025-06-06 00:00:00+00:00
[2025-06-06T14:35:50.285+0000] {processor.py:183} INFO - Processing /opt/airflow/dags/postgresql_data_insertion.py took 0.900 seconds
[2025-06-06T14:36:21.033+0000] {processor.py:161} INFO - Started process (PID=9088) to work on /opt/airflow/dags/postgresql_data_insertion.py
[2025-06-06T14:36:21.035+0000] {processor.py:830} INFO - Processing file /opt/airflow/dags/postgresql_data_insertion.py for tasks to queue
[2025-06-06T14:36:21.039+0000] {logging_mixin.py:188} INFO - [2025-06-06T14:36:21.038+0000] {dagbag.py:538} INFO - Filling up the DagBag from /opt/airflow/dags/postgresql_data_insertion.py
[2025-06-06T14:36:21.931+0000] {processor.py:840} INFO - DAG(s) 'data_insertion' retrieved from /opt/airflow/dags/postgresql_data_insertion.py
[2025-06-06T14:36:21.995+0000] {logging_mixin.py:188} INFO - [2025-06-06T14:36:21.994+0000] {dag.py:3036} INFO - Sync 1 DAGs
[2025-06-06T14:36:22.077+0000] {logging_mixin.py:188} INFO - [2025-06-06T14:36:22.076+0000] {dag.py:3823} INFO - Setting next_dagrun for data_insertion to 2025-06-05 00:00:00+00:00, run_after=2025-06-06 00:00:00+00:00
[2025-06-06T14:36:22.135+0000] {processor.py:183} INFO - Processing /opt/airflow/dags/postgresql_data_insertion.py took 1.108 seconds
[2025-06-06T14:36:52.469+0000] {processor.py:161} INFO - Started process (PID=9111) to work on /opt/airflow/dags/postgresql_data_insertion.py
[2025-06-06T14:36:52.476+0000] {processor.py:830} INFO - Processing file /opt/airflow/dags/postgresql_data_insertion.py for tasks to queue
[2025-06-06T14:36:52.481+0000] {logging_mixin.py:188} INFO - [2025-06-06T14:36:52.480+0000] {dagbag.py:538} INFO - Filling up the DagBag from /opt/airflow/dags/postgresql_data_insertion.py
[2025-06-06T14:36:53.036+0000] {processor.py:840} INFO - DAG(s) 'data_insertion' retrieved from /opt/airflow/dags/postgresql_data_insertion.py
[2025-06-06T14:36:53.100+0000] {logging_mixin.py:188} INFO - [2025-06-06T14:36:53.099+0000] {dag.py:3036} INFO - Sync 1 DAGs
[2025-06-06T14:36:53.154+0000] {logging_mixin.py:188} INFO - [2025-06-06T14:36:53.154+0000] {dag.py:3823} INFO - Setting next_dagrun for data_insertion to 2025-06-05 00:00:00+00:00, run_after=2025-06-06 00:00:00+00:00
[2025-06-06T14:36:53.205+0000] {processor.py:183} INFO - Processing /opt/airflow/dags/postgresql_data_insertion.py took 0.752 seconds
[2025-06-06T14:37:23.962+0000] {processor.py:161} INFO - Started process (PID=9134) to work on /opt/airflow/dags/postgresql_data_insertion.py
[2025-06-06T14:37:23.965+0000] {processor.py:830} INFO - Processing file /opt/airflow/dags/postgresql_data_insertion.py for tasks to queue
[2025-06-06T14:37:23.968+0000] {logging_mixin.py:188} INFO - [2025-06-06T14:37:23.967+0000] {dagbag.py:538} INFO - Filling up the DagBag from /opt/airflow/dags/postgresql_data_insertion.py
[2025-06-06T14:37:24.818+0000] {processor.py:840} INFO - DAG(s) 'data_insertion' retrieved from /opt/airflow/dags/postgresql_data_insertion.py
[2025-06-06T14:37:24.888+0000] {logging_mixin.py:188} INFO - [2025-06-06T14:37:24.887+0000] {dag.py:3036} INFO - Sync 1 DAGs
[2025-06-06T14:37:24.944+0000] {logging_mixin.py:188} INFO - [2025-06-06T14:37:24.944+0000] {dag.py:3823} INFO - Setting next_dagrun for data_insertion to 2025-06-05 00:00:00+00:00, run_after=2025-06-06 00:00:00+00:00
[2025-06-06T14:37:24.993+0000] {processor.py:183} INFO - Processing /opt/airflow/dags/postgresql_data_insertion.py took 1.036 seconds
[2025-06-06T14:37:55.919+0000] {processor.py:161} INFO - Started process (PID=9158) to work on /opt/airflow/dags/postgresql_data_insertion.py
[2025-06-06T14:37:55.921+0000] {processor.py:830} INFO - Processing file /opt/airflow/dags/postgresql_data_insertion.py for tasks to queue
[2025-06-06T14:37:55.925+0000] {logging_mixin.py:188} INFO - [2025-06-06T14:37:55.924+0000] {dagbag.py:538} INFO - Filling up the DagBag from /opt/airflow/dags/postgresql_data_insertion.py
[2025-06-06T14:37:56.806+0000] {processor.py:840} INFO - DAG(s) 'data_insertion' retrieved from /opt/airflow/dags/postgresql_data_insertion.py
[2025-06-06T14:37:56.901+0000] {logging_mixin.py:188} INFO - [2025-06-06T14:37:56.900+0000] {dag.py:3036} INFO - Sync 1 DAGs
[2025-06-06T14:37:56.946+0000] {logging_mixin.py:188} INFO - [2025-06-06T14:37:56.946+0000] {dag.py:3823} INFO - Setting next_dagrun for data_insertion to 2025-06-05 00:00:00+00:00, run_after=2025-06-06 00:00:00+00:00
[2025-06-06T14:37:57.002+0000] {processor.py:183} INFO - Processing /opt/airflow/dags/postgresql_data_insertion.py took 1.089 seconds
[2025-06-06T14:38:27.274+0000] {processor.py:161} INFO - Started process (PID=9182) to work on /opt/airflow/dags/postgresql_data_insertion.py
[2025-06-06T14:38:27.278+0000] {processor.py:830} INFO - Processing file /opt/airflow/dags/postgresql_data_insertion.py for tasks to queue
[2025-06-06T14:38:27.281+0000] {logging_mixin.py:188} INFO - [2025-06-06T14:38:27.280+0000] {dagbag.py:538} INFO - Filling up the DagBag from /opt/airflow/dags/postgresql_data_insertion.py
[2025-06-06T14:38:27.940+0000] {processor.py:840} INFO - DAG(s) 'data_insertion' retrieved from /opt/airflow/dags/postgresql_data_insertion.py
[2025-06-06T14:38:27.996+0000] {logging_mixin.py:188} INFO - [2025-06-06T14:38:27.995+0000] {dag.py:3036} INFO - Sync 1 DAGs
[2025-06-06T14:38:28.064+0000] {logging_mixin.py:188} INFO - [2025-06-06T14:38:28.063+0000] {dag.py:3823} INFO - Setting next_dagrun for data_insertion to 2025-06-05 00:00:00+00:00, run_after=2025-06-06 00:00:00+00:00
[2025-06-06T14:38:28.142+0000] {processor.py:183} INFO - Processing /opt/airflow/dags/postgresql_data_insertion.py took 0.880 seconds
[2025-06-06T14:38:58.478+0000] {processor.py:161} INFO - Started process (PID=9206) to work on /opt/airflow/dags/postgresql_data_insertion.py
[2025-06-06T14:38:58.488+0000] {processor.py:830} INFO - Processing file /opt/airflow/dags/postgresql_data_insertion.py for tasks to queue
[2025-06-06T14:38:58.494+0000] {logging_mixin.py:188} INFO - [2025-06-06T14:38:58.493+0000] {dagbag.py:538} INFO - Filling up the DagBag from /opt/airflow/dags/postgresql_data_insertion.py
[2025-06-06T14:38:59.327+0000] {processor.py:840} INFO - DAG(s) 'data_insertion' retrieved from /opt/airflow/dags/postgresql_data_insertion.py
[2025-06-06T14:38:59.384+0000] {logging_mixin.py:188} INFO - [2025-06-06T14:38:59.383+0000] {dag.py:3036} INFO - Sync 1 DAGs
[2025-06-06T14:38:59.452+0000] {logging_mixin.py:188} INFO - [2025-06-06T14:38:59.452+0000] {dag.py:3823} INFO - Setting next_dagrun for data_insertion to 2025-06-05 00:00:00+00:00, run_after=2025-06-06 00:00:00+00:00
[2025-06-06T14:38:59.530+0000] {processor.py:183} INFO - Processing /opt/airflow/dags/postgresql_data_insertion.py took 1.061 seconds
[2025-06-06T14:39:29.992+0000] {processor.py:161} INFO - Started process (PID=9229) to work on /opt/airflow/dags/postgresql_data_insertion.py
[2025-06-06T14:39:29.995+0000] {processor.py:830} INFO - Processing file /opt/airflow/dags/postgresql_data_insertion.py for tasks to queue
[2025-06-06T14:39:29.999+0000] {logging_mixin.py:188} INFO - [2025-06-06T14:39:29.998+0000] {dagbag.py:538} INFO - Filling up the DagBag from /opt/airflow/dags/postgresql_data_insertion.py
[2025-06-06T14:39:30.797+0000] {processor.py:840} INFO - DAG(s) 'data_insertion' retrieved from /opt/airflow/dags/postgresql_data_insertion.py
[2025-06-06T14:39:30.856+0000] {logging_mixin.py:188} INFO - [2025-06-06T14:39:30.855+0000] {dag.py:3036} INFO - Sync 1 DAGs
[2025-06-06T14:39:30.909+0000] {logging_mixin.py:188} INFO - [2025-06-06T14:39:30.908+0000] {dag.py:3823} INFO - Setting next_dagrun for data_insertion to 2025-06-05 00:00:00+00:00, run_after=2025-06-06 00:00:00+00:00
[2025-06-06T14:39:30.995+0000] {processor.py:183} INFO - Processing /opt/airflow/dags/postgresql_data_insertion.py took 1.012 seconds
[2025-06-06T14:40:01.644+0000] {processor.py:161} INFO - Started process (PID=9253) to work on /opt/airflow/dags/postgresql_data_insertion.py
[2025-06-06T14:40:01.647+0000] {processor.py:830} INFO - Processing file /opt/airflow/dags/postgresql_data_insertion.py for tasks to queue
[2025-06-06T14:40:01.652+0000] {logging_mixin.py:188} INFO - [2025-06-06T14:40:01.652+0000] {dagbag.py:538} INFO - Filling up the DagBag from /opt/airflow/dags/postgresql_data_insertion.py
[2025-06-06T14:40:02.349+0000] {processor.py:840} INFO - DAG(s) 'data_insertion' retrieved from /opt/airflow/dags/postgresql_data_insertion.py
[2025-06-06T14:40:02.433+0000] {logging_mixin.py:188} INFO - [2025-06-06T14:40:02.431+0000] {dag.py:3036} INFO - Sync 1 DAGs
[2025-06-06T14:40:02.488+0000] {logging_mixin.py:188} INFO - [2025-06-06T14:40:02.488+0000] {dag.py:3823} INFO - Setting next_dagrun for data_insertion to 2025-06-05 00:00:00+00:00, run_after=2025-06-06 00:00:00+00:00
[2025-06-06T14:40:02.554+0000] {processor.py:183} INFO - Processing /opt/airflow/dags/postgresql_data_insertion.py took 0.921 seconds
[2025-06-06T14:40:33.037+0000] {processor.py:161} INFO - Started process (PID=9276) to work on /opt/airflow/dags/postgresql_data_insertion.py
[2025-06-06T14:40:33.042+0000] {processor.py:830} INFO - Processing file /opt/airflow/dags/postgresql_data_insertion.py for tasks to queue
[2025-06-06T14:40:33.046+0000] {logging_mixin.py:188} INFO - [2025-06-06T14:40:33.045+0000] {dagbag.py:538} INFO - Filling up the DagBag from /opt/airflow/dags/postgresql_data_insertion.py
[2025-06-06T14:40:33.703+0000] {processor.py:840} INFO - DAG(s) 'data_insertion' retrieved from /opt/airflow/dags/postgresql_data_insertion.py
[2025-06-06T14:40:33.755+0000] {logging_mixin.py:188} INFO - [2025-06-06T14:40:33.754+0000] {dag.py:3036} INFO - Sync 1 DAGs
[2025-06-06T14:40:33.814+0000] {logging_mixin.py:188} INFO - [2025-06-06T14:40:33.812+0000] {dag.py:3823} INFO - Setting next_dagrun for data_insertion to 2025-06-05 00:00:00+00:00, run_after=2025-06-06 00:00:00+00:00
[2025-06-06T14:40:33.892+0000] {processor.py:183} INFO - Processing /opt/airflow/dags/postgresql_data_insertion.py took 0.861 seconds
[2025-06-06T14:41:04.367+0000] {processor.py:161} INFO - Started process (PID=9300) to work on /opt/airflow/dags/postgresql_data_insertion.py
[2025-06-06T14:41:04.370+0000] {processor.py:830} INFO - Processing file /opt/airflow/dags/postgresql_data_insertion.py for tasks to queue
[2025-06-06T14:41:04.374+0000] {logging_mixin.py:188} INFO - [2025-06-06T14:41:04.373+0000] {dagbag.py:538} INFO - Filling up the DagBag from /opt/airflow/dags/postgresql_data_insertion.py
[2025-06-06T14:41:05.313+0000] {processor.py:840} INFO - DAG(s) 'data_insertion' retrieved from /opt/airflow/dags/postgresql_data_insertion.py
[2025-06-06T14:41:05.438+0000] {logging_mixin.py:188} INFO - [2025-06-06T14:41:05.436+0000] {dag.py:3036} INFO - Sync 1 DAGs
[2025-06-06T14:41:05.501+0000] {logging_mixin.py:188} INFO - [2025-06-06T14:41:05.500+0000] {dag.py:3823} INFO - Setting next_dagrun for data_insertion to 2025-06-05 00:00:00+00:00, run_after=2025-06-06 00:00:00+00:00
[2025-06-06T14:41:05.563+0000] {processor.py:183} INFO - Processing /opt/airflow/dags/postgresql_data_insertion.py took 1.203 seconds
[2025-06-06T14:41:35.789+0000] {processor.py:161} INFO - Started process (PID=9323) to work on /opt/airflow/dags/postgresql_data_insertion.py
[2025-06-06T14:41:35.792+0000] {processor.py:830} INFO - Processing file /opt/airflow/dags/postgresql_data_insertion.py for tasks to queue
[2025-06-06T14:41:35.796+0000] {logging_mixin.py:188} INFO - [2025-06-06T14:41:35.795+0000] {dagbag.py:538} INFO - Filling up the DagBag from /opt/airflow/dags/postgresql_data_insertion.py
[2025-06-06T14:41:36.441+0000] {processor.py:840} INFO - DAG(s) 'data_insertion' retrieved from /opt/airflow/dags/postgresql_data_insertion.py
[2025-06-06T14:41:36.540+0000] {logging_mixin.py:188} INFO - [2025-06-06T14:41:36.540+0000] {dag.py:3036} INFO - Sync 1 DAGs
[2025-06-06T14:41:36.603+0000] {logging_mixin.py:188} INFO - [2025-06-06T14:41:36.602+0000] {dag.py:3823} INFO - Setting next_dagrun for data_insertion to 2025-06-05 00:00:00+00:00, run_after=2025-06-06 00:00:00+00:00
[2025-06-06T14:41:36.662+0000] {processor.py:183} INFO - Processing /opt/airflow/dags/postgresql_data_insertion.py took 0.881 seconds
[2025-06-06T14:42:07.454+0000] {processor.py:161} INFO - Started process (PID=9346) to work on /opt/airflow/dags/postgresql_data_insertion.py
[2025-06-06T14:42:07.456+0000] {processor.py:830} INFO - Processing file /opt/airflow/dags/postgresql_data_insertion.py for tasks to queue
[2025-06-06T14:42:07.458+0000] {logging_mixin.py:188} INFO - [2025-06-06T14:42:07.457+0000] {dagbag.py:538} INFO - Filling up the DagBag from /opt/airflow/dags/postgresql_data_insertion.py
[2025-06-06T14:42:08.098+0000] {processor.py:840} INFO - DAG(s) 'data_insertion' retrieved from /opt/airflow/dags/postgresql_data_insertion.py
[2025-06-06T14:42:08.156+0000] {logging_mixin.py:188} INFO - [2025-06-06T14:42:08.155+0000] {dag.py:3036} INFO - Sync 1 DAGs
[2025-06-06T14:42:08.205+0000] {logging_mixin.py:188} INFO - [2025-06-06T14:42:08.204+0000] {dag.py:3823} INFO - Setting next_dagrun for data_insertion to 2025-06-05 00:00:00+00:00, run_after=2025-06-06 00:00:00+00:00
[2025-06-06T14:42:08.302+0000] {processor.py:183} INFO - Processing /opt/airflow/dags/postgresql_data_insertion.py took 0.854 seconds
[2025-06-06T14:42:39.500+0000] {processor.py:161} INFO - Started process (PID=9371) to work on /opt/airflow/dags/postgresql_data_insertion.py
[2025-06-06T14:42:39.504+0000] {processor.py:830} INFO - Processing file /opt/airflow/dags/postgresql_data_insertion.py for tasks to queue
[2025-06-06T14:42:39.509+0000] {logging_mixin.py:188} INFO - [2025-06-06T14:42:39.508+0000] {dagbag.py:538} INFO - Filling up the DagBag from /opt/airflow/dags/postgresql_data_insertion.py
[2025-06-06T14:42:40.113+0000] {processor.py:840} INFO - DAG(s) 'data_insertion' retrieved from /opt/airflow/dags/postgresql_data_insertion.py
[2025-06-06T14:42:40.168+0000] {logging_mixin.py:188} INFO - [2025-06-06T14:42:40.167+0000] {dag.py:3036} INFO - Sync 1 DAGs
[2025-06-06T14:42:40.228+0000] {logging_mixin.py:188} INFO - [2025-06-06T14:42:40.227+0000] {dag.py:3823} INFO - Setting next_dagrun for data_insertion to 2025-06-05 00:00:00+00:00, run_after=2025-06-06 00:00:00+00:00
[2025-06-06T14:42:40.293+0000] {processor.py:183} INFO - Processing /opt/airflow/dags/postgresql_data_insertion.py took 0.812 seconds
[2025-06-06T14:43:10.454+0000] {processor.py:161} INFO - Started process (PID=9395) to work on /opt/airflow/dags/postgresql_data_insertion.py
[2025-06-06T14:43:10.456+0000] {processor.py:830} INFO - Processing file /opt/airflow/dags/postgresql_data_insertion.py for tasks to queue
[2025-06-06T14:43:10.460+0000] {logging_mixin.py:188} INFO - [2025-06-06T14:43:10.458+0000] {dagbag.py:538} INFO - Filling up the DagBag from /opt/airflow/dags/postgresql_data_insertion.py
[2025-06-06T14:43:11.006+0000] {processor.py:840} INFO - DAG(s) 'data_insertion' retrieved from /opt/airflow/dags/postgresql_data_insertion.py
[2025-06-06T14:43:11.046+0000] {logging_mixin.py:188} INFO - [2025-06-06T14:43:11.045+0000] {dag.py:3036} INFO - Sync 1 DAGs
[2025-06-06T14:43:11.104+0000] {logging_mixin.py:188} INFO - [2025-06-06T14:43:11.103+0000] {dag.py:3823} INFO - Setting next_dagrun for data_insertion to 2025-06-05 00:00:00+00:00, run_after=2025-06-06 00:00:00+00:00
[2025-06-06T14:43:11.155+0000] {processor.py:183} INFO - Processing /opt/airflow/dags/postgresql_data_insertion.py took 0.707 seconds
[2025-06-06T14:43:41.761+0000] {processor.py:161} INFO - Started process (PID=9418) to work on /opt/airflow/dags/postgresql_data_insertion.py
[2025-06-06T14:43:41.765+0000] {processor.py:830} INFO - Processing file /opt/airflow/dags/postgresql_data_insertion.py for tasks to queue
[2025-06-06T14:43:41.771+0000] {logging_mixin.py:188} INFO - [2025-06-06T14:43:41.770+0000] {dagbag.py:538} INFO - Filling up the DagBag from /opt/airflow/dags/postgresql_data_insertion.py
[2025-06-06T14:43:42.637+0000] {processor.py:840} INFO - DAG(s) 'data_insertion' retrieved from /opt/airflow/dags/postgresql_data_insertion.py
[2025-06-06T14:43:42.709+0000] {logging_mixin.py:188} INFO - [2025-06-06T14:43:42.707+0000] {dag.py:3036} INFO - Sync 1 DAGs
[2025-06-06T14:43:42.777+0000] {logging_mixin.py:188} INFO - [2025-06-06T14:43:42.777+0000] {dag.py:3823} INFO - Setting next_dagrun for data_insertion to 2025-06-05 00:00:00+00:00, run_after=2025-06-06 00:00:00+00:00
[2025-06-06T14:43:42.856+0000] {processor.py:183} INFO - Processing /opt/airflow/dags/postgresql_data_insertion.py took 1.119 seconds
[2025-06-06T14:44:13.187+0000] {processor.py:161} INFO - Started process (PID=9439) to work on /opt/airflow/dags/postgresql_data_insertion.py
[2025-06-06T14:44:13.189+0000] {processor.py:830} INFO - Processing file /opt/airflow/dags/postgresql_data_insertion.py for tasks to queue
[2025-06-06T14:44:13.191+0000] {logging_mixin.py:188} INFO - [2025-06-06T14:44:13.190+0000] {dagbag.py:538} INFO - Filling up the DagBag from /opt/airflow/dags/postgresql_data_insertion.py
[2025-06-06T14:44:13.775+0000] {processor.py:840} INFO - DAG(s) 'data_insertion' retrieved from /opt/airflow/dags/postgresql_data_insertion.py
[2025-06-06T14:44:13.843+0000] {logging_mixin.py:188} INFO - [2025-06-06T14:44:13.842+0000] {dag.py:3036} INFO - Sync 1 DAGs
[2025-06-06T14:44:13.891+0000] {logging_mixin.py:188} INFO - [2025-06-06T14:44:13.890+0000] {dag.py:3823} INFO - Setting next_dagrun for data_insertion to 2025-06-05 00:00:00+00:00, run_after=2025-06-06 00:00:00+00:00
[2025-06-06T14:44:13.946+0000] {processor.py:183} INFO - Processing /opt/airflow/dags/postgresql_data_insertion.py took 0.766 seconds
[2025-06-06T14:44:44.573+0000] {processor.py:161} INFO - Started process (PID=9462) to work on /opt/airflow/dags/postgresql_data_insertion.py
[2025-06-06T14:44:44.576+0000] {processor.py:830} INFO - Processing file /opt/airflow/dags/postgresql_data_insertion.py for tasks to queue
[2025-06-06T14:44:44.580+0000] {logging_mixin.py:188} INFO - [2025-06-06T14:44:44.579+0000] {dagbag.py:538} INFO - Filling up the DagBag from /opt/airflow/dags/postgresql_data_insertion.py
[2025-06-06T14:44:45.594+0000] {processor.py:840} INFO - DAG(s) 'data_insertion' retrieved from /opt/airflow/dags/postgresql_data_insertion.py
[2025-06-06T14:44:45.647+0000] {logging_mixin.py:188} INFO - [2025-06-06T14:44:45.646+0000] {dag.py:3036} INFO - Sync 1 DAGs
[2025-06-06T14:44:45.701+0000] {logging_mixin.py:188} INFO - [2025-06-06T14:44:45.701+0000] {dag.py:3823} INFO - Setting next_dagrun for data_insertion to 2025-06-05 00:00:00+00:00, run_after=2025-06-06 00:00:00+00:00
[2025-06-06T14:44:45.775+0000] {processor.py:183} INFO - Processing /opt/airflow/dags/postgresql_data_insertion.py took 1.211 seconds
[2025-06-06T14:45:16.723+0000] {processor.py:161} INFO - Started process (PID=9485) to work on /opt/airflow/dags/postgresql_data_insertion.py
[2025-06-06T14:45:16.727+0000] {processor.py:830} INFO - Processing file /opt/airflow/dags/postgresql_data_insertion.py for tasks to queue
[2025-06-06T14:45:16.733+0000] {logging_mixin.py:188} INFO - [2025-06-06T14:45:16.732+0000] {dagbag.py:538} INFO - Filling up the DagBag from /opt/airflow/dags/postgresql_data_insertion.py
[2025-06-06T14:45:17.419+0000] {processor.py:840} INFO - DAG(s) 'data_insertion' retrieved from /opt/airflow/dags/postgresql_data_insertion.py
[2025-06-06T14:45:17.493+0000] {logging_mixin.py:188} INFO - [2025-06-06T14:45:17.493+0000] {dag.py:3036} INFO - Sync 1 DAGs
[2025-06-06T14:45:17.572+0000] {logging_mixin.py:188} INFO - [2025-06-06T14:45:17.572+0000] {dag.py:3823} INFO - Setting next_dagrun for data_insertion to 2025-06-05 00:00:00+00:00, run_after=2025-06-06 00:00:00+00:00
[2025-06-06T14:45:17.625+0000] {processor.py:183} INFO - Processing /opt/airflow/dags/postgresql_data_insertion.py took 0.908 seconds
[2025-06-06T14:45:48.056+0000] {processor.py:161} INFO - Started process (PID=9514) to work on /opt/airflow/dags/postgresql_data_insertion.py
[2025-06-06T14:45:48.060+0000] {processor.py:830} INFO - Processing file /opt/airflow/dags/postgresql_data_insertion.py for tasks to queue
[2025-06-06T14:45:48.066+0000] {logging_mixin.py:188} INFO - [2025-06-06T14:45:48.065+0000] {dagbag.py:538} INFO - Filling up the DagBag from /opt/airflow/dags/postgresql_data_insertion.py
[2025-06-06T14:45:48.848+0000] {processor.py:840} INFO - DAG(s) 'data_insertion' retrieved from /opt/airflow/dags/postgresql_data_insertion.py
[2025-06-06T14:45:48.990+0000] {logging_mixin.py:188} INFO - [2025-06-06T14:45:48.987+0000] {dag.py:3036} INFO - Sync 1 DAGs
[2025-06-06T14:45:49.042+0000] {logging_mixin.py:188} INFO - [2025-06-06T14:45:49.041+0000] {dag.py:3823} INFO - Setting next_dagrun for data_insertion to 2025-06-05 00:00:00+00:00, run_after=2025-06-06 00:00:00+00:00
[2025-06-06T14:45:49.126+0000] {processor.py:183} INFO - Processing /opt/airflow/dags/postgresql_data_insertion.py took 1.078 seconds
[2025-06-06T14:46:19.475+0000] {processor.py:161} INFO - Started process (PID=9537) to work on /opt/airflow/dags/postgresql_data_insertion.py
[2025-06-06T14:46:19.479+0000] {processor.py:830} INFO - Processing file /opt/airflow/dags/postgresql_data_insertion.py for tasks to queue
[2025-06-06T14:46:19.483+0000] {logging_mixin.py:188} INFO - [2025-06-06T14:46:19.482+0000] {dagbag.py:538} INFO - Filling up the DagBag from /opt/airflow/dags/postgresql_data_insertion.py
[2025-06-06T14:46:20.194+0000] {processor.py:840} INFO - DAG(s) 'data_insertion' retrieved from /opt/airflow/dags/postgresql_data_insertion.py
[2025-06-06T14:46:20.290+0000] {logging_mixin.py:188} INFO - [2025-06-06T14:46:20.289+0000] {dag.py:3036} INFO - Sync 1 DAGs
[2025-06-06T14:46:20.335+0000] {logging_mixin.py:188} INFO - [2025-06-06T14:46:20.335+0000] {dag.py:3823} INFO - Setting next_dagrun for data_insertion to 2025-06-05 00:00:00+00:00, run_after=2025-06-06 00:00:00+00:00
[2025-06-06T14:46:20.372+0000] {processor.py:183} INFO - Processing /opt/airflow/dags/postgresql_data_insertion.py took 0.902 seconds
[2025-06-06T14:46:50.756+0000] {processor.py:161} INFO - Started process (PID=9561) to work on /opt/airflow/dags/postgresql_data_insertion.py
[2025-06-06T14:46:50.760+0000] {processor.py:830} INFO - Processing file /opt/airflow/dags/postgresql_data_insertion.py for tasks to queue
[2025-06-06T14:46:50.765+0000] {logging_mixin.py:188} INFO - [2025-06-06T14:46:50.764+0000] {dagbag.py:538} INFO - Filling up the DagBag from /opt/airflow/dags/postgresql_data_insertion.py
[2025-06-06T14:46:51.531+0000] {processor.py:840} INFO - DAG(s) 'data_insertion' retrieved from /opt/airflow/dags/postgresql_data_insertion.py
[2025-06-06T14:46:51.595+0000] {logging_mixin.py:188} INFO - [2025-06-06T14:46:51.595+0000] {dag.py:3036} INFO - Sync 1 DAGs
[2025-06-06T14:46:51.681+0000] {logging_mixin.py:188} INFO - [2025-06-06T14:46:51.680+0000] {dag.py:3823} INFO - Setting next_dagrun for data_insertion to 2025-06-05 00:00:00+00:00, run_after=2025-06-06 00:00:00+00:00
[2025-06-06T14:46:51.816+0000] {processor.py:183} INFO - Processing /opt/airflow/dags/postgresql_data_insertion.py took 1.072 seconds
[2025-06-06T14:47:22.236+0000] {processor.py:161} INFO - Started process (PID=9584) to work on /opt/airflow/dags/postgresql_data_insertion.py
[2025-06-06T14:47:22.238+0000] {processor.py:830} INFO - Processing file /opt/airflow/dags/postgresql_data_insertion.py for tasks to queue
[2025-06-06T14:47:22.242+0000] {logging_mixin.py:188} INFO - [2025-06-06T14:47:22.241+0000] {dagbag.py:538} INFO - Filling up the DagBag from /opt/airflow/dags/postgresql_data_insertion.py
[2025-06-06T14:47:23.073+0000] {processor.py:840} INFO - DAG(s) 'data_insertion' retrieved from /opt/airflow/dags/postgresql_data_insertion.py
[2025-06-06T14:47:23.182+0000] {logging_mixin.py:188} INFO - [2025-06-06T14:47:23.180+0000] {dag.py:3036} INFO - Sync 1 DAGs
[2025-06-06T14:47:23.253+0000] {logging_mixin.py:188} INFO - [2025-06-06T14:47:23.252+0000] {dag.py:3823} INFO - Setting next_dagrun for data_insertion to 2025-06-05 00:00:00+00:00, run_after=2025-06-06 00:00:00+00:00
[2025-06-06T14:47:23.308+0000] {processor.py:183} INFO - Processing /opt/airflow/dags/postgresql_data_insertion.py took 1.090 seconds
[2025-06-06T14:47:53.609+0000] {processor.py:161} INFO - Started process (PID=9607) to work on /opt/airflow/dags/postgresql_data_insertion.py
[2025-06-06T14:47:53.611+0000] {processor.py:830} INFO - Processing file /opt/airflow/dags/postgresql_data_insertion.py for tasks to queue
[2025-06-06T14:47:53.613+0000] {logging_mixin.py:188} INFO - [2025-06-06T14:47:53.612+0000] {dagbag.py:538} INFO - Filling up the DagBag from /opt/airflow/dags/postgresql_data_insertion.py
[2025-06-06T14:47:54.450+0000] {processor.py:840} INFO - DAG(s) 'data_insertion' retrieved from /opt/airflow/dags/postgresql_data_insertion.py
[2025-06-06T14:47:54.522+0000] {logging_mixin.py:188} INFO - [2025-06-06T14:47:54.521+0000] {dag.py:3036} INFO - Sync 1 DAGs
[2025-06-06T14:47:54.577+0000] {logging_mixin.py:188} INFO - [2025-06-06T14:47:54.575+0000] {dag.py:3823} INFO - Setting next_dagrun for data_insertion to 2025-06-05 00:00:00+00:00, run_after=2025-06-06 00:00:00+00:00
[2025-06-06T14:47:54.645+0000] {processor.py:183} INFO - Processing /opt/airflow/dags/postgresql_data_insertion.py took 1.047 seconds
[2025-06-06T14:48:25.310+0000] {processor.py:161} INFO - Started process (PID=9630) to work on /opt/airflow/dags/postgresql_data_insertion.py
[2025-06-06T14:48:25.313+0000] {processor.py:830} INFO - Processing file /opt/airflow/dags/postgresql_data_insertion.py for tasks to queue
[2025-06-06T14:48:25.325+0000] {logging_mixin.py:188} INFO - [2025-06-06T14:48:25.323+0000] {dagbag.py:538} INFO - Filling up the DagBag from /opt/airflow/dags/postgresql_data_insertion.py
[2025-06-06T14:48:26.385+0000] {processor.py:840} INFO - DAG(s) 'data_insertion' retrieved from /opt/airflow/dags/postgresql_data_insertion.py
[2025-06-06T14:48:26.458+0000] {logging_mixin.py:188} INFO - [2025-06-06T14:48:26.457+0000] {dag.py:3036} INFO - Sync 1 DAGs
[2025-06-06T14:48:26.554+0000] {logging_mixin.py:188} INFO - [2025-06-06T14:48:26.553+0000] {dag.py:3823} INFO - Setting next_dagrun for data_insertion to 2025-06-05 00:00:00+00:00, run_after=2025-06-06 00:00:00+00:00
[2025-06-06T14:48:26.666+0000] {processor.py:183} INFO - Processing /opt/airflow/dags/postgresql_data_insertion.py took 1.372 seconds
[2025-06-06T14:48:56.864+0000] {processor.py:161} INFO - Started process (PID=9655) to work on /opt/airflow/dags/postgresql_data_insertion.py
[2025-06-06T14:48:56.868+0000] {processor.py:830} INFO - Processing file /opt/airflow/dags/postgresql_data_insertion.py for tasks to queue
[2025-06-06T14:48:56.870+0000] {logging_mixin.py:188} INFO - [2025-06-06T14:48:56.870+0000] {dagbag.py:538} INFO - Filling up the DagBag from /opt/airflow/dags/postgresql_data_insertion.py
[2025-06-06T14:48:57.639+0000] {processor.py:840} INFO - DAG(s) 'data_insertion' retrieved from /opt/airflow/dags/postgresql_data_insertion.py
[2025-06-06T14:48:57.695+0000] {logging_mixin.py:188} INFO - [2025-06-06T14:48:57.694+0000] {dag.py:3036} INFO - Sync 1 DAGs
[2025-06-06T14:48:57.784+0000] {logging_mixin.py:188} INFO - [2025-06-06T14:48:57.783+0000] {dag.py:3823} INFO - Setting next_dagrun for data_insertion to 2025-06-05 00:00:00+00:00, run_after=2025-06-06 00:00:00+00:00
[2025-06-06T14:48:57.849+0000] {processor.py:183} INFO - Processing /opt/airflow/dags/postgresql_data_insertion.py took 1.004 seconds
[2025-06-06T14:49:28.627+0000] {processor.py:161} INFO - Started process (PID=9679) to work on /opt/airflow/dags/postgresql_data_insertion.py
[2025-06-06T14:49:28.635+0000] {processor.py:830} INFO - Processing file /opt/airflow/dags/postgresql_data_insertion.py for tasks to queue
[2025-06-06T14:49:28.642+0000] {logging_mixin.py:188} INFO - [2025-06-06T14:49:28.641+0000] {dagbag.py:538} INFO - Filling up the DagBag from /opt/airflow/dags/postgresql_data_insertion.py
[2025-06-06T14:49:29.281+0000] {processor.py:840} INFO - DAG(s) 'data_insertion' retrieved from /opt/airflow/dags/postgresql_data_insertion.py
[2025-06-06T14:49:29.331+0000] {logging_mixin.py:188} INFO - [2025-06-06T14:49:29.331+0000] {dag.py:3036} INFO - Sync 1 DAGs
[2025-06-06T14:49:29.371+0000] {logging_mixin.py:188} INFO - [2025-06-06T14:49:29.370+0000] {dag.py:3823} INFO - Setting next_dagrun for data_insertion to 2025-06-05 00:00:00+00:00, run_after=2025-06-06 00:00:00+00:00
[2025-06-06T14:49:29.420+0000] {processor.py:183} INFO - Processing /opt/airflow/dags/postgresql_data_insertion.py took 0.799 seconds
[2025-06-06T14:49:59.607+0000] {processor.py:161} INFO - Started process (PID=9702) to work on /opt/airflow/dags/postgresql_data_insertion.py
[2025-06-06T14:49:59.610+0000] {processor.py:830} INFO - Processing file /opt/airflow/dags/postgresql_data_insertion.py for tasks to queue
[2025-06-06T14:49:59.615+0000] {logging_mixin.py:188} INFO - [2025-06-06T14:49:59.614+0000] {dagbag.py:538} INFO - Filling up the DagBag from /opt/airflow/dags/postgresql_data_insertion.py
[2025-06-06T14:50:00.468+0000] {processor.py:840} INFO - DAG(s) 'data_insertion' retrieved from /opt/airflow/dags/postgresql_data_insertion.py
[2025-06-06T14:50:00.538+0000] {logging_mixin.py:188} INFO - [2025-06-06T14:50:00.536+0000] {dag.py:3036} INFO - Sync 1 DAGs
[2025-06-06T14:50:00.614+0000] {logging_mixin.py:188} INFO - [2025-06-06T14:50:00.614+0000] {dag.py:3823} INFO - Setting next_dagrun for data_insertion to 2025-06-05 00:00:00+00:00, run_after=2025-06-06 00:00:00+00:00
[2025-06-06T14:50:00.672+0000] {processor.py:183} INFO - Processing /opt/airflow/dags/postgresql_data_insertion.py took 1.070 seconds
[2025-06-06T14:50:31.113+0000] {processor.py:161} INFO - Started process (PID=9725) to work on /opt/airflow/dags/postgresql_data_insertion.py
[2025-06-06T14:50:31.116+0000] {processor.py:830} INFO - Processing file /opt/airflow/dags/postgresql_data_insertion.py for tasks to queue
[2025-06-06T14:50:31.119+0000] {logging_mixin.py:188} INFO - [2025-06-06T14:50:31.118+0000] {dagbag.py:538} INFO - Filling up the DagBag from /opt/airflow/dags/postgresql_data_insertion.py
[2025-06-06T14:50:32.148+0000] {processor.py:840} INFO - DAG(s) 'data_insertion' retrieved from /opt/airflow/dags/postgresql_data_insertion.py
[2025-06-06T14:50:32.204+0000] {logging_mixin.py:188} INFO - [2025-06-06T14:50:32.202+0000] {dag.py:3036} INFO - Sync 1 DAGs
[2025-06-06T14:50:32.264+0000] {logging_mixin.py:188} INFO - [2025-06-06T14:50:32.264+0000] {dag.py:3823} INFO - Setting next_dagrun for data_insertion to 2025-06-05 00:00:00+00:00, run_after=2025-06-06 00:00:00+00:00
[2025-06-06T14:50:32.370+0000] {processor.py:183} INFO - Processing /opt/airflow/dags/postgresql_data_insertion.py took 1.263 seconds
[2025-06-06T14:51:03.426+0000] {processor.py:161} INFO - Started process (PID=9749) to work on /opt/airflow/dags/postgresql_data_insertion.py
[2025-06-06T14:51:03.429+0000] {processor.py:830} INFO - Processing file /opt/airflow/dags/postgresql_data_insertion.py for tasks to queue
[2025-06-06T14:51:03.434+0000] {logging_mixin.py:188} INFO - [2025-06-06T14:51:03.432+0000] {dagbag.py:538} INFO - Filling up the DagBag from /opt/airflow/dags/postgresql_data_insertion.py
[2025-06-06T14:51:04.011+0000] {processor.py:840} INFO - DAG(s) 'data_insertion' retrieved from /opt/airflow/dags/postgresql_data_insertion.py
[2025-06-06T14:51:04.064+0000] {logging_mixin.py:188} INFO - [2025-06-06T14:51:04.063+0000] {dag.py:3036} INFO - Sync 1 DAGs
[2025-06-06T14:51:04.123+0000] {logging_mixin.py:188} INFO - [2025-06-06T14:51:04.123+0000] {dag.py:3823} INFO - Setting next_dagrun for data_insertion to 2025-06-05 00:00:00+00:00, run_after=2025-06-06 00:00:00+00:00
[2025-06-06T14:51:04.196+0000] {processor.py:183} INFO - Processing /opt/airflow/dags/postgresql_data_insertion.py took 0.778 seconds
[2025-06-06T14:51:35.562+0000] {processor.py:161} INFO - Started process (PID=9772) to work on /opt/airflow/dags/postgresql_data_insertion.py
[2025-06-06T14:51:35.577+0000] {processor.py:830} INFO - Processing file /opt/airflow/dags/postgresql_data_insertion.py for tasks to queue
[2025-06-06T14:51:35.602+0000] {logging_mixin.py:188} INFO - [2025-06-06T14:51:35.601+0000] {dagbag.py:538} INFO - Filling up the DagBag from /opt/airflow/dags/postgresql_data_insertion.py
[2025-06-06T14:51:36.844+0000] {processor.py:840} INFO - DAG(s) 'data_insertion' retrieved from /opt/airflow/dags/postgresql_data_insertion.py
[2025-06-06T14:51:36.942+0000] {logging_mixin.py:188} INFO - [2025-06-06T14:51:36.941+0000] {dag.py:3036} INFO - Sync 1 DAGs
[2025-06-06T14:51:37.000+0000] {logging_mixin.py:188} INFO - [2025-06-06T14:51:37.000+0000] {dag.py:3823} INFO - Setting next_dagrun for data_insertion to 2025-06-05 00:00:00+00:00, run_after=2025-06-06 00:00:00+00:00
[2025-06-06T14:51:37.076+0000] {processor.py:183} INFO - Processing /opt/airflow/dags/postgresql_data_insertion.py took 1.559 seconds
[2025-06-06T14:52:07.686+0000] {processor.py:161} INFO - Started process (PID=9795) to work on /opt/airflow/dags/postgresql_data_insertion.py
[2025-06-06T14:52:07.690+0000] {processor.py:830} INFO - Processing file /opt/airflow/dags/postgresql_data_insertion.py for tasks to queue
[2025-06-06T14:52:07.695+0000] {logging_mixin.py:188} INFO - [2025-06-06T14:52:07.694+0000] {dagbag.py:538} INFO - Filling up the DagBag from /opt/airflow/dags/postgresql_data_insertion.py
[2025-06-06T14:52:08.357+0000] {processor.py:840} INFO - DAG(s) 'data_insertion' retrieved from /opt/airflow/dags/postgresql_data_insertion.py
[2025-06-06T14:52:08.466+0000] {logging_mixin.py:188} INFO - [2025-06-06T14:52:08.465+0000] {dag.py:3036} INFO - Sync 1 DAGs
[2025-06-06T14:52:08.518+0000] {logging_mixin.py:188} INFO - [2025-06-06T14:52:08.518+0000] {dag.py:3823} INFO - Setting next_dagrun for data_insertion to 2025-06-05 00:00:00+00:00, run_after=2025-06-06 00:00:00+00:00
[2025-06-06T14:52:08.589+0000] {processor.py:183} INFO - Processing /opt/airflow/dags/postgresql_data_insertion.py took 0.913 seconds
[2025-06-06T14:52:38.896+0000] {processor.py:161} INFO - Started process (PID=9818) to work on /opt/airflow/dags/postgresql_data_insertion.py
[2025-06-06T14:52:38.899+0000] {processor.py:830} INFO - Processing file /opt/airflow/dags/postgresql_data_insertion.py for tasks to queue
[2025-06-06T14:52:38.903+0000] {logging_mixin.py:188} INFO - [2025-06-06T14:52:38.901+0000] {dagbag.py:538} INFO - Filling up the DagBag from /opt/airflow/dags/postgresql_data_insertion.py
[2025-06-06T14:52:39.640+0000] {processor.py:840} INFO - DAG(s) 'data_insertion' retrieved from /opt/airflow/dags/postgresql_data_insertion.py
[2025-06-06T14:52:39.685+0000] {logging_mixin.py:188} INFO - [2025-06-06T14:52:39.684+0000] {dag.py:3036} INFO - Sync 1 DAGs
[2025-06-06T14:52:39.719+0000] {logging_mixin.py:188} INFO - [2025-06-06T14:52:39.718+0000] {dag.py:3823} INFO - Setting next_dagrun for data_insertion to 2025-06-05 00:00:00+00:00, run_after=2025-06-06 00:00:00+00:00
[2025-06-06T14:52:39.777+0000] {processor.py:183} INFO - Processing /opt/airflow/dags/postgresql_data_insertion.py took 0.890 seconds
[2025-06-06T14:53:10.391+0000] {processor.py:161} INFO - Started process (PID=9841) to work on /opt/airflow/dags/postgresql_data_insertion.py
[2025-06-06T14:53:10.398+0000] {processor.py:830} INFO - Processing file /opt/airflow/dags/postgresql_data_insertion.py for tasks to queue
[2025-06-06T14:53:10.403+0000] {logging_mixin.py:188} INFO - [2025-06-06T14:53:10.401+0000] {dagbag.py:538} INFO - Filling up the DagBag from /opt/airflow/dags/postgresql_data_insertion.py
[2025-06-06T14:53:11.150+0000] {processor.py:840} INFO - DAG(s) 'data_insertion' retrieved from /opt/airflow/dags/postgresql_data_insertion.py
[2025-06-06T14:53:11.209+0000] {logging_mixin.py:188} INFO - [2025-06-06T14:53:11.207+0000] {dag.py:3036} INFO - Sync 1 DAGs
[2025-06-06T14:53:11.246+0000] {logging_mixin.py:188} INFO - [2025-06-06T14:53:11.245+0000] {dag.py:3823} INFO - Setting next_dagrun for data_insertion to 2025-06-05 00:00:00+00:00, run_after=2025-06-06 00:00:00+00:00
[2025-06-06T14:53:11.275+0000] {processor.py:183} INFO - Processing /opt/airflow/dags/postgresql_data_insertion.py took 0.902 seconds
[2025-06-06T14:53:41.570+0000] {processor.py:161} INFO - Started process (PID=9864) to work on /opt/airflow/dags/postgresql_data_insertion.py
[2025-06-06T14:53:41.580+0000] {processor.py:830} INFO - Processing file /opt/airflow/dags/postgresql_data_insertion.py for tasks to queue
[2025-06-06T14:53:41.585+0000] {logging_mixin.py:188} INFO - [2025-06-06T14:53:41.584+0000] {dagbag.py:538} INFO - Filling up the DagBag from /opt/airflow/dags/postgresql_data_insertion.py
[2025-06-06T14:53:42.436+0000] {processor.py:840} INFO - DAG(s) 'data_insertion' retrieved from /opt/airflow/dags/postgresql_data_insertion.py
[2025-06-06T14:53:42.553+0000] {logging_mixin.py:188} INFO - [2025-06-06T14:53:42.551+0000] {dag.py:3036} INFO - Sync 1 DAGs
[2025-06-06T14:53:42.631+0000] {logging_mixin.py:188} INFO - [2025-06-06T14:53:42.631+0000] {dag.py:3823} INFO - Setting next_dagrun for data_insertion to 2025-06-05 00:00:00+00:00, run_after=2025-06-06 00:00:00+00:00
[2025-06-06T14:53:42.725+0000] {processor.py:183} INFO - Processing /opt/airflow/dags/postgresql_data_insertion.py took 1.178 seconds
[2025-06-06T14:54:13.026+0000] {processor.py:161} INFO - Started process (PID=9887) to work on /opt/airflow/dags/postgresql_data_insertion.py
[2025-06-06T14:54:13.029+0000] {processor.py:830} INFO - Processing file /opt/airflow/dags/postgresql_data_insertion.py for tasks to queue
[2025-06-06T14:54:13.031+0000] {logging_mixin.py:188} INFO - [2025-06-06T14:54:13.030+0000] {dagbag.py:538} INFO - Filling up the DagBag from /opt/airflow/dags/postgresql_data_insertion.py
[2025-06-06T14:54:13.682+0000] {processor.py:840} INFO - DAG(s) 'data_insertion' retrieved from /opt/airflow/dags/postgresql_data_insertion.py
[2025-06-06T14:54:13.720+0000] {logging_mixin.py:188} INFO - [2025-06-06T14:54:13.719+0000] {dag.py:3036} INFO - Sync 1 DAGs
[2025-06-06T14:54:13.753+0000] {logging_mixin.py:188} INFO - [2025-06-06T14:54:13.752+0000] {dag.py:3823} INFO - Setting next_dagrun for data_insertion to 2025-06-05 00:00:00+00:00, run_after=2025-06-06 00:00:00+00:00
[2025-06-06T14:54:13.795+0000] {processor.py:183} INFO - Processing /opt/airflow/dags/postgresql_data_insertion.py took 0.776 seconds
[2025-06-06T14:54:44.169+0000] {processor.py:161} INFO - Started process (PID=9910) to work on /opt/airflow/dags/postgresql_data_insertion.py
[2025-06-06T14:54:44.172+0000] {processor.py:830} INFO - Processing file /opt/airflow/dags/postgresql_data_insertion.py for tasks to queue
[2025-06-06T14:54:44.177+0000] {logging_mixin.py:188} INFO - [2025-06-06T14:54:44.175+0000] {dagbag.py:538} INFO - Filling up the DagBag from /opt/airflow/dags/postgresql_data_insertion.py
[2025-06-06T14:54:44.759+0000] {processor.py:840} INFO - DAG(s) 'data_insertion' retrieved from /opt/airflow/dags/postgresql_data_insertion.py
[2025-06-06T14:54:44.820+0000] {logging_mixin.py:188} INFO - [2025-06-06T14:54:44.820+0000] {dag.py:3036} INFO - Sync 1 DAGs
[2025-06-06T14:54:44.918+0000] {logging_mixin.py:188} INFO - [2025-06-06T14:54:44.917+0000] {dag.py:3823} INFO - Setting next_dagrun for data_insertion to 2025-06-05 00:00:00+00:00, run_after=2025-06-06 00:00:00+00:00
[2025-06-06T14:54:45.025+0000] {processor.py:183} INFO - Processing /opt/airflow/dags/postgresql_data_insertion.py took 0.862 seconds
[2025-06-06T14:55:15.762+0000] {processor.py:161} INFO - Started process (PID=9934) to work on /opt/airflow/dags/postgresql_data_insertion.py
[2025-06-06T14:55:15.767+0000] {processor.py:830} INFO - Processing file /opt/airflow/dags/postgresql_data_insertion.py for tasks to queue
[2025-06-06T14:55:15.772+0000] {logging_mixin.py:188} INFO - [2025-06-06T14:55:15.769+0000] {dagbag.py:538} INFO - Filling up the DagBag from /opt/airflow/dags/postgresql_data_insertion.py
[2025-06-06T14:55:16.355+0000] {processor.py:840} INFO - DAG(s) 'data_insertion' retrieved from /opt/airflow/dags/postgresql_data_insertion.py
[2025-06-06T14:55:16.413+0000] {logging_mixin.py:188} INFO - [2025-06-06T14:55:16.411+0000] {dag.py:3036} INFO - Sync 1 DAGs
[2025-06-06T14:55:16.460+0000] {logging_mixin.py:188} INFO - [2025-06-06T14:55:16.460+0000] {dag.py:3823} INFO - Setting next_dagrun for data_insertion to 2025-06-05 00:00:00+00:00, run_after=2025-06-06 00:00:00+00:00
[2025-06-06T14:55:16.557+0000] {processor.py:183} INFO - Processing /opt/airflow/dags/postgresql_data_insertion.py took 0.808 seconds
[2025-06-06T14:55:47.183+0000] {processor.py:161} INFO - Started process (PID=9957) to work on /opt/airflow/dags/postgresql_data_insertion.py
[2025-06-06T14:55:47.185+0000] {processor.py:830} INFO - Processing file /opt/airflow/dags/postgresql_data_insertion.py for tasks to queue
[2025-06-06T14:55:47.186+0000] {logging_mixin.py:188} INFO - [2025-06-06T14:55:47.186+0000] {dagbag.py:538} INFO - Filling up the DagBag from /opt/airflow/dags/postgresql_data_insertion.py
[2025-06-06T14:55:47.768+0000] {processor.py:840} INFO - DAG(s) 'data_insertion' retrieved from /opt/airflow/dags/postgresql_data_insertion.py
[2025-06-06T14:55:47.807+0000] {logging_mixin.py:188} INFO - [2025-06-06T14:55:47.806+0000] {dag.py:3036} INFO - Sync 1 DAGs
[2025-06-06T14:55:47.854+0000] {logging_mixin.py:188} INFO - [2025-06-06T14:55:47.854+0000] {dag.py:3823} INFO - Setting next_dagrun for data_insertion to 2025-06-05 00:00:00+00:00, run_after=2025-06-06 00:00:00+00:00
[2025-06-06T14:55:47.903+0000] {processor.py:183} INFO - Processing /opt/airflow/dags/postgresql_data_insertion.py took 0.726 seconds
[2025-06-06T14:56:18.300+0000] {processor.py:161} INFO - Started process (PID=9982) to work on /opt/airflow/dags/postgresql_data_insertion.py
[2025-06-06T14:56:18.304+0000] {processor.py:830} INFO - Processing file /opt/airflow/dags/postgresql_data_insertion.py for tasks to queue
[2025-06-06T14:56:18.307+0000] {logging_mixin.py:188} INFO - [2025-06-06T14:56:18.306+0000] {dagbag.py:538} INFO - Filling up the DagBag from /opt/airflow/dags/postgresql_data_insertion.py
[2025-06-06T14:56:19.317+0000] {processor.py:840} INFO - DAG(s) 'data_insertion' retrieved from /opt/airflow/dags/postgresql_data_insertion.py
[2025-06-06T14:56:19.401+0000] {logging_mixin.py:188} INFO - [2025-06-06T14:56:19.400+0000] {dag.py:3036} INFO - Sync 1 DAGs
[2025-06-06T14:56:19.483+0000] {logging_mixin.py:188} INFO - [2025-06-06T14:56:19.482+0000] {dag.py:3823} INFO - Setting next_dagrun for data_insertion to 2025-06-05 00:00:00+00:00, run_after=2025-06-06 00:00:00+00:00
[2025-06-06T14:56:19.545+0000] {processor.py:183} INFO - Processing /opt/airflow/dags/postgresql_data_insertion.py took 1.257 seconds
[2025-06-06T14:56:50.057+0000] {processor.py:161} INFO - Started process (PID=10005) to work on /opt/airflow/dags/postgresql_data_insertion.py
[2025-06-06T14:56:50.059+0000] {processor.py:830} INFO - Processing file /opt/airflow/dags/postgresql_data_insertion.py for tasks to queue
[2025-06-06T14:56:50.063+0000] {logging_mixin.py:188} INFO - [2025-06-06T14:56:50.062+0000] {dagbag.py:538} INFO - Filling up the DagBag from /opt/airflow/dags/postgresql_data_insertion.py
[2025-06-06T14:56:50.753+0000] {processor.py:840} INFO - DAG(s) 'data_insertion' retrieved from /opt/airflow/dags/postgresql_data_insertion.py
[2025-06-06T14:56:50.800+0000] {logging_mixin.py:188} INFO - [2025-06-06T14:56:50.798+0000] {dag.py:3036} INFO - Sync 1 DAGs
[2025-06-06T14:56:50.839+0000] {logging_mixin.py:188} INFO - [2025-06-06T14:56:50.838+0000] {dag.py:3823} INFO - Setting next_dagrun for data_insertion to 2025-06-05 00:00:00+00:00, run_after=2025-06-06 00:00:00+00:00
[2025-06-06T14:56:50.883+0000] {processor.py:183} INFO - Processing /opt/airflow/dags/postgresql_data_insertion.py took 0.833 seconds
[2025-06-06T14:57:21.469+0000] {processor.py:161} INFO - Started process (PID=10034) to work on /opt/airflow/dags/postgresql_data_insertion.py
[2025-06-06T14:57:21.471+0000] {processor.py:830} INFO - Processing file /opt/airflow/dags/postgresql_data_insertion.py for tasks to queue
[2025-06-06T14:57:21.473+0000] {logging_mixin.py:188} INFO - [2025-06-06T14:57:21.472+0000] {dagbag.py:538} INFO - Filling up the DagBag from /opt/airflow/dags/postgresql_data_insertion.py
[2025-06-06T14:57:22.286+0000] {processor.py:840} INFO - DAG(s) 'data_insertion' retrieved from /opt/airflow/dags/postgresql_data_insertion.py
[2025-06-06T14:57:22.433+0000] {logging_mixin.py:188} INFO - [2025-06-06T14:57:22.428+0000] {dag.py:3036} INFO - Sync 1 DAGs
[2025-06-06T14:57:22.484+0000] {logging_mixin.py:188} INFO - [2025-06-06T14:57:22.484+0000] {dag.py:3823} INFO - Setting next_dagrun for data_insertion to 2025-06-05 00:00:00+00:00, run_after=2025-06-06 00:00:00+00:00
[2025-06-06T14:57:22.537+0000] {processor.py:183} INFO - Processing /opt/airflow/dags/postgresql_data_insertion.py took 1.073 seconds
[2025-06-06T14:57:53.065+0000] {processor.py:161} INFO - Started process (PID=10057) to work on /opt/airflow/dags/postgresql_data_insertion.py
[2025-06-06T14:57:53.067+0000] {processor.py:830} INFO - Processing file /opt/airflow/dags/postgresql_data_insertion.py for tasks to queue
[2025-06-06T14:57:53.070+0000] {logging_mixin.py:188} INFO - [2025-06-06T14:57:53.070+0000] {dagbag.py:538} INFO - Filling up the DagBag from /opt/airflow/dags/postgresql_data_insertion.py
[2025-06-06T14:57:53.681+0000] {processor.py:840} INFO - DAG(s) 'data_insertion' retrieved from /opt/airflow/dags/postgresql_data_insertion.py
[2025-06-06T14:57:53.721+0000] {logging_mixin.py:188} INFO - [2025-06-06T14:57:53.720+0000] {dag.py:3036} INFO - Sync 1 DAGs
[2025-06-06T14:57:53.762+0000] {logging_mixin.py:188} INFO - [2025-06-06T14:57:53.762+0000] {dag.py:3823} INFO - Setting next_dagrun for data_insertion to 2025-06-05 00:00:00+00:00, run_after=2025-06-06 00:00:00+00:00
[2025-06-06T14:57:53.866+0000] {processor.py:183} INFO - Processing /opt/airflow/dags/postgresql_data_insertion.py took 0.806 seconds
[2025-06-06T14:58:24.354+0000] {processor.py:161} INFO - Started process (PID=10080) to work on /opt/airflow/dags/postgresql_data_insertion.py
[2025-06-06T14:58:24.357+0000] {processor.py:830} INFO - Processing file /opt/airflow/dags/postgresql_data_insertion.py for tasks to queue
[2025-06-06T14:58:24.360+0000] {logging_mixin.py:188} INFO - [2025-06-06T14:58:24.359+0000] {dagbag.py:538} INFO - Filling up the DagBag from /opt/airflow/dags/postgresql_data_insertion.py
[2025-06-06T14:58:24.944+0000] {processor.py:840} INFO - DAG(s) 'data_insertion' retrieved from /opt/airflow/dags/postgresql_data_insertion.py
[2025-06-06T14:58:24.991+0000] {logging_mixin.py:188} INFO - [2025-06-06T14:58:24.990+0000] {dag.py:3036} INFO - Sync 1 DAGs
[2025-06-06T14:58:25.022+0000] {logging_mixin.py:188} INFO - [2025-06-06T14:58:25.022+0000] {dag.py:3823} INFO - Setting next_dagrun for data_insertion to 2025-06-05 00:00:00+00:00, run_after=2025-06-06 00:00:00+00:00
[2025-06-06T14:58:25.072+0000] {processor.py:183} INFO - Processing /opt/airflow/dags/postgresql_data_insertion.py took 0.723 seconds
[2025-06-06T14:58:55.800+0000] {processor.py:161} INFO - Started process (PID=10103) to work on /opt/airflow/dags/postgresql_data_insertion.py
[2025-06-06T14:58:55.811+0000] {processor.py:830} INFO - Processing file /opt/airflow/dags/postgresql_data_insertion.py for tasks to queue
[2025-06-06T14:58:55.841+0000] {logging_mixin.py:188} INFO - [2025-06-06T14:58:55.840+0000] {dagbag.py:538} INFO - Filling up the DagBag from /opt/airflow/dags/postgresql_data_insertion.py
[2025-06-06T14:58:57.177+0000] {processor.py:840} INFO - DAG(s) 'data_insertion' retrieved from /opt/airflow/dags/postgresql_data_insertion.py
[2025-06-06T14:58:57.268+0000] {logging_mixin.py:188} INFO - [2025-06-06T14:58:57.266+0000] {dag.py:3036} INFO - Sync 1 DAGs
[2025-06-06T14:58:57.312+0000] {logging_mixin.py:188} INFO - [2025-06-06T14:58:57.311+0000] {dag.py:3823} INFO - Setting next_dagrun for data_insertion to 2025-06-05 00:00:00+00:00, run_after=2025-06-06 00:00:00+00:00
[2025-06-06T14:58:57.370+0000] {processor.py:183} INFO - Processing /opt/airflow/dags/postgresql_data_insertion.py took 1.593 seconds
[2025-06-06T14:59:28.160+0000] {processor.py:161} INFO - Started process (PID=10126) to work on /opt/airflow/dags/postgresql_data_insertion.py
[2025-06-06T14:59:28.163+0000] {processor.py:830} INFO - Processing file /opt/airflow/dags/postgresql_data_insertion.py for tasks to queue
[2025-06-06T14:59:28.166+0000] {logging_mixin.py:188} INFO - [2025-06-06T14:59:28.165+0000] {dagbag.py:538} INFO - Filling up the DagBag from /opt/airflow/dags/postgresql_data_insertion.py
[2025-06-06T14:59:29.069+0000] {processor.py:840} INFO - DAG(s) 'data_insertion' retrieved from /opt/airflow/dags/postgresql_data_insertion.py
[2025-06-06T14:59:29.126+0000] {logging_mixin.py:188} INFO - [2025-06-06T14:59:29.125+0000] {dag.py:3036} INFO - Sync 1 DAGs
[2025-06-06T14:59:29.210+0000] {logging_mixin.py:188} INFO - [2025-06-06T14:59:29.209+0000] {dag.py:3823} INFO - Setting next_dagrun for data_insertion to 2025-06-05 00:00:00+00:00, run_after=2025-06-06 00:00:00+00:00
[2025-06-06T14:59:29.285+0000] {processor.py:183} INFO - Processing /opt/airflow/dags/postgresql_data_insertion.py took 1.131 seconds
[2025-06-06T14:59:59.708+0000] {processor.py:161} INFO - Started process (PID=10150) to work on /opt/airflow/dags/postgresql_data_insertion.py
[2025-06-06T14:59:59.711+0000] {processor.py:830} INFO - Processing file /opt/airflow/dags/postgresql_data_insertion.py for tasks to queue
[2025-06-06T14:59:59.714+0000] {logging_mixin.py:188} INFO - [2025-06-06T14:59:59.713+0000] {dagbag.py:538} INFO - Filling up the DagBag from /opt/airflow/dags/postgresql_data_insertion.py
[2025-06-06T15:00:00.464+0000] {processor.py:840} INFO - DAG(s) 'data_insertion' retrieved from /opt/airflow/dags/postgresql_data_insertion.py
[2025-06-06T15:00:00.514+0000] {logging_mixin.py:188} INFO - [2025-06-06T15:00:00.513+0000] {dag.py:3036} INFO - Sync 1 DAGs
[2025-06-06T15:00:00.569+0000] {logging_mixin.py:188} INFO - [2025-06-06T15:00:00.569+0000] {dag.py:3823} INFO - Setting next_dagrun for data_insertion to 2025-06-05 00:00:00+00:00, run_after=2025-06-06 00:00:00+00:00
[2025-06-06T15:00:00.631+0000] {processor.py:183} INFO - Processing /opt/airflow/dags/postgresql_data_insertion.py took 0.931 seconds
[2025-06-06T15:00:31.448+0000] {processor.py:161} INFO - Started process (PID=10173) to work on /opt/airflow/dags/postgresql_data_insertion.py
[2025-06-06T15:00:31.453+0000] {processor.py:830} INFO - Processing file /opt/airflow/dags/postgresql_data_insertion.py for tasks to queue
[2025-06-06T15:00:31.457+0000] {logging_mixin.py:188} INFO - [2025-06-06T15:00:31.456+0000] {dagbag.py:538} INFO - Filling up the DagBag from /opt/airflow/dags/postgresql_data_insertion.py
[2025-06-06T15:00:32.141+0000] {processor.py:840} INFO - DAG(s) 'data_insertion' retrieved from /opt/airflow/dags/postgresql_data_insertion.py
[2025-06-06T15:00:32.250+0000] {logging_mixin.py:188} INFO - [2025-06-06T15:00:32.249+0000] {dag.py:3036} INFO - Sync 1 DAGs
[2025-06-06T15:00:32.329+0000] {logging_mixin.py:188} INFO - [2025-06-06T15:00:32.328+0000] {dag.py:3823} INFO - Setting next_dagrun for data_insertion to 2025-06-05 00:00:00+00:00, run_after=2025-06-06 00:00:00+00:00
[2025-06-06T15:00:32.408+0000] {processor.py:183} INFO - Processing /opt/airflow/dags/postgresql_data_insertion.py took 0.971 seconds
[2025-06-06T15:01:03.017+0000] {processor.py:161} INFO - Started process (PID=10196) to work on /opt/airflow/dags/postgresql_data_insertion.py
[2025-06-06T15:01:03.023+0000] {processor.py:830} INFO - Processing file /opt/airflow/dags/postgresql_data_insertion.py for tasks to queue
[2025-06-06T15:01:03.026+0000] {logging_mixin.py:188} INFO - [2025-06-06T15:01:03.025+0000] {dagbag.py:538} INFO - Filling up the DagBag from /opt/airflow/dags/postgresql_data_insertion.py
[2025-06-06T15:01:03.817+0000] {processor.py:840} INFO - DAG(s) 'data_insertion' retrieved from /opt/airflow/dags/postgresql_data_insertion.py
[2025-06-06T15:01:03.958+0000] {logging_mixin.py:188} INFO - [2025-06-06T15:01:03.957+0000] {dag.py:3036} INFO - Sync 1 DAGs
[2025-06-06T15:01:04.078+0000] {logging_mixin.py:188} INFO - [2025-06-06T15:01:04.077+0000] {dag.py:3823} INFO - Setting next_dagrun for data_insertion to 2025-06-05 00:00:00+00:00, run_after=2025-06-06 00:00:00+00:00
[2025-06-06T15:01:04.146+0000] {processor.py:183} INFO - Processing /opt/airflow/dags/postgresql_data_insertion.py took 1.152 seconds
[2025-06-06T15:01:34.728+0000] {processor.py:161} INFO - Started process (PID=10219) to work on /opt/airflow/dags/postgresql_data_insertion.py
[2025-06-06T15:01:34.730+0000] {processor.py:830} INFO - Processing file /opt/airflow/dags/postgresql_data_insertion.py for tasks to queue
[2025-06-06T15:01:34.732+0000] {logging_mixin.py:188} INFO - [2025-06-06T15:01:34.732+0000] {dagbag.py:538} INFO - Filling up the DagBag from /opt/airflow/dags/postgresql_data_insertion.py
[2025-06-06T15:01:35.326+0000] {processor.py:840} INFO - DAG(s) 'data_insertion' retrieved from /opt/airflow/dags/postgresql_data_insertion.py
[2025-06-06T15:01:35.408+0000] {logging_mixin.py:188} INFO - [2025-06-06T15:01:35.407+0000] {dag.py:3036} INFO - Sync 1 DAGs
[2025-06-06T15:01:35.464+0000] {logging_mixin.py:188} INFO - [2025-06-06T15:01:35.463+0000] {dag.py:3823} INFO - Setting next_dagrun for data_insertion to 2025-06-05 00:00:00+00:00, run_after=2025-06-06 00:00:00+00:00
[2025-06-06T15:01:35.532+0000] {processor.py:183} INFO - Processing /opt/airflow/dags/postgresql_data_insertion.py took 0.811 seconds
[2025-06-06T15:02:06.442+0000] {processor.py:161} INFO - Started process (PID=10242) to work on /opt/airflow/dags/postgresql_data_insertion.py
[2025-06-06T15:02:06.446+0000] {processor.py:830} INFO - Processing file /opt/airflow/dags/postgresql_data_insertion.py for tasks to queue
[2025-06-06T15:02:06.453+0000] {logging_mixin.py:188} INFO - [2025-06-06T15:02:06.451+0000] {dagbag.py:538} INFO - Filling up the DagBag from /opt/airflow/dags/postgresql_data_insertion.py
[2025-06-06T15:02:07.217+0000] {processor.py:840} INFO - DAG(s) 'data_insertion' retrieved from /opt/airflow/dags/postgresql_data_insertion.py
[2025-06-06T15:02:07.265+0000] {logging_mixin.py:188} INFO - [2025-06-06T15:02:07.263+0000] {dag.py:3036} INFO - Sync 1 DAGs
[2025-06-06T15:02:07.316+0000] {logging_mixin.py:188} INFO - [2025-06-06T15:02:07.315+0000] {dag.py:3823} INFO - Setting next_dagrun for data_insertion to 2025-06-05 00:00:00+00:00, run_after=2025-06-06 00:00:00+00:00
[2025-06-06T15:02:07.368+0000] {processor.py:183} INFO - Processing /opt/airflow/dags/postgresql_data_insertion.py took 0.944 seconds
[2025-06-06T15:02:38.179+0000] {processor.py:161} INFO - Started process (PID=10265) to work on /opt/airflow/dags/postgresql_data_insertion.py
[2025-06-06T15:02:38.181+0000] {processor.py:830} INFO - Processing file /opt/airflow/dags/postgresql_data_insertion.py for tasks to queue
[2025-06-06T15:02:38.183+0000] {logging_mixin.py:188} INFO - [2025-06-06T15:02:38.182+0000] {dagbag.py:538} INFO - Filling up the DagBag from /opt/airflow/dags/postgresql_data_insertion.py
[2025-06-06T15:02:38.865+0000] {processor.py:840} INFO - DAG(s) 'data_insertion' retrieved from /opt/airflow/dags/postgresql_data_insertion.py
[2025-06-06T15:02:38.911+0000] {logging_mixin.py:188} INFO - [2025-06-06T15:02:38.910+0000] {dag.py:3036} INFO - Sync 1 DAGs
[2025-06-06T15:02:38.947+0000] {logging_mixin.py:188} INFO - [2025-06-06T15:02:38.947+0000] {dag.py:3823} INFO - Setting next_dagrun for data_insertion to 2025-06-05 00:00:00+00:00, run_after=2025-06-06 00:00:00+00:00
[2025-06-06T15:02:39.004+0000] {processor.py:183} INFO - Processing /opt/airflow/dags/postgresql_data_insertion.py took 0.830 seconds
[2025-06-06T15:03:09.364+0000] {processor.py:161} INFO - Started process (PID=10288) to work on /opt/airflow/dags/postgresql_data_insertion.py
[2025-06-06T15:03:09.365+0000] {processor.py:830} INFO - Processing file /opt/airflow/dags/postgresql_data_insertion.py for tasks to queue
[2025-06-06T15:03:09.367+0000] {logging_mixin.py:188} INFO - [2025-06-06T15:03:09.367+0000] {dagbag.py:538} INFO - Filling up the DagBag from /opt/airflow/dags/postgresql_data_insertion.py
[2025-06-06T15:03:10.184+0000] {processor.py:840} INFO - DAG(s) 'data_insertion' retrieved from /opt/airflow/dags/postgresql_data_insertion.py
[2025-06-06T15:03:10.255+0000] {logging_mixin.py:188} INFO - [2025-06-06T15:03:10.254+0000] {dag.py:3036} INFO - Sync 1 DAGs
[2025-06-06T15:03:10.299+0000] {logging_mixin.py:188} INFO - [2025-06-06T15:03:10.298+0000] {dag.py:3823} INFO - Setting next_dagrun for data_insertion to 2025-06-05 00:00:00+00:00, run_after=2025-06-06 00:00:00+00:00
[2025-06-06T15:03:10.330+0000] {processor.py:183} INFO - Processing /opt/airflow/dags/postgresql_data_insertion.py took 0.972 seconds
[2025-06-06T15:03:41.082+0000] {processor.py:161} INFO - Started process (PID=10310) to work on /opt/airflow/dags/postgresql_data_insertion.py
[2025-06-06T15:03:41.084+0000] {processor.py:830} INFO - Processing file /opt/airflow/dags/postgresql_data_insertion.py for tasks to queue
[2025-06-06T15:03:41.089+0000] {logging_mixin.py:188} INFO - [2025-06-06T15:03:41.087+0000] {dagbag.py:538} INFO - Filling up the DagBag from /opt/airflow/dags/postgresql_data_insertion.py
[2025-06-06T15:03:41.923+0000] {processor.py:840} INFO - DAG(s) 'data_insertion' retrieved from /opt/airflow/dags/postgresql_data_insertion.py
[2025-06-06T15:03:42.026+0000] {logging_mixin.py:188} INFO - [2025-06-06T15:03:42.025+0000] {dag.py:3036} INFO - Sync 1 DAGs
[2025-06-06T15:03:42.133+0000] {logging_mixin.py:188} INFO - [2025-06-06T15:03:42.133+0000] {dag.py:3823} INFO - Setting next_dagrun for data_insertion to 2025-06-05 00:00:00+00:00, run_after=2025-06-06 00:00:00+00:00
[2025-06-06T15:03:42.189+0000] {processor.py:183} INFO - Processing /opt/airflow/dags/postgresql_data_insertion.py took 1.114 seconds
[2025-06-06T15:04:12.926+0000] {processor.py:161} INFO - Started process (PID=10333) to work on /opt/airflow/dags/postgresql_data_insertion.py
[2025-06-06T15:04:12.931+0000] {processor.py:830} INFO - Processing file /opt/airflow/dags/postgresql_data_insertion.py for tasks to queue
[2025-06-06T15:04:12.934+0000] {logging_mixin.py:188} INFO - [2025-06-06T15:04:12.933+0000] {dagbag.py:538} INFO - Filling up the DagBag from /opt/airflow/dags/postgresql_data_insertion.py
[2025-06-06T15:04:13.585+0000] {processor.py:840} INFO - DAG(s) 'data_insertion' retrieved from /opt/airflow/dags/postgresql_data_insertion.py
[2025-06-06T15:04:13.677+0000] {logging_mixin.py:188} INFO - [2025-06-06T15:04:13.675+0000] {dag.py:3036} INFO - Sync 1 DAGs
[2025-06-06T15:04:13.738+0000] {logging_mixin.py:188} INFO - [2025-06-06T15:04:13.738+0000] {dag.py:3823} INFO - Setting next_dagrun for data_insertion to 2025-06-05 00:00:00+00:00, run_after=2025-06-06 00:00:00+00:00
[2025-06-06T15:04:13.793+0000] {processor.py:183} INFO - Processing /opt/airflow/dags/postgresql_data_insertion.py took 0.880 seconds
[2025-06-06T15:04:44.251+0000] {processor.py:161} INFO - Started process (PID=10356) to work on /opt/airflow/dags/postgresql_data_insertion.py
[2025-06-06T15:04:44.254+0000] {processor.py:830} INFO - Processing file /opt/airflow/dags/postgresql_data_insertion.py for tasks to queue
[2025-06-06T15:04:44.257+0000] {logging_mixin.py:188} INFO - [2025-06-06T15:04:44.256+0000] {dagbag.py:538} INFO - Filling up the DagBag from /opt/airflow/dags/postgresql_data_insertion.py
[2025-06-06T15:04:44.954+0000] {processor.py:840} INFO - DAG(s) 'data_insertion' retrieved from /opt/airflow/dags/postgresql_data_insertion.py
[2025-06-06T15:04:45.034+0000] {logging_mixin.py:188} INFO - [2025-06-06T15:04:45.033+0000] {dag.py:3036} INFO - Sync 1 DAGs
[2025-06-06T15:04:45.089+0000] {logging_mixin.py:188} INFO - [2025-06-06T15:04:45.088+0000] {dag.py:3823} INFO - Setting next_dagrun for data_insertion to 2025-06-05 00:00:00+00:00, run_after=2025-06-06 00:00:00+00:00
[2025-06-06T15:04:45.163+0000] {processor.py:183} INFO - Processing /opt/airflow/dags/postgresql_data_insertion.py took 0.920 seconds
[2025-06-06T15:05:15.748+0000] {processor.py:161} INFO - Started process (PID=10379) to work on /opt/airflow/dags/postgresql_data_insertion.py
[2025-06-06T15:05:15.750+0000] {processor.py:830} INFO - Processing file /opt/airflow/dags/postgresql_data_insertion.py for tasks to queue
[2025-06-06T15:05:15.754+0000] {logging_mixin.py:188} INFO - [2025-06-06T15:05:15.753+0000] {dagbag.py:538} INFO - Filling up the DagBag from /opt/airflow/dags/postgresql_data_insertion.py
[2025-06-06T15:05:16.835+0000] {processor.py:840} INFO - DAG(s) 'data_insertion' retrieved from /opt/airflow/dags/postgresql_data_insertion.py
[2025-06-06T15:05:16.893+0000] {logging_mixin.py:188} INFO - [2025-06-06T15:05:16.891+0000] {dag.py:3036} INFO - Sync 1 DAGs
[2025-06-06T15:05:16.942+0000] {logging_mixin.py:188} INFO - [2025-06-06T15:05:16.941+0000] {dag.py:3823} INFO - Setting next_dagrun for data_insertion to 2025-06-05 00:00:00+00:00, run_after=2025-06-06 00:00:00+00:00
[2025-06-06T15:05:16.990+0000] {processor.py:183} INFO - Processing /opt/airflow/dags/postgresql_data_insertion.py took 1.251 seconds
[2025-06-06T15:05:47.485+0000] {processor.py:161} INFO - Started process (PID=10401) to work on /opt/airflow/dags/postgresql_data_insertion.py
[2025-06-06T15:05:47.490+0000] {processor.py:830} INFO - Processing file /opt/airflow/dags/postgresql_data_insertion.py for tasks to queue
[2025-06-06T15:05:47.496+0000] {logging_mixin.py:188} INFO - [2025-06-06T15:05:47.495+0000] {dagbag.py:538} INFO - Filling up the DagBag from /opt/airflow/dags/postgresql_data_insertion.py
[2025-06-06T15:05:48.230+0000] {processor.py:840} INFO - DAG(s) 'data_insertion' retrieved from /opt/airflow/dags/postgresql_data_insertion.py
[2025-06-06T15:05:48.339+0000] {logging_mixin.py:188} INFO - [2025-06-06T15:05:48.337+0000] {dag.py:3036} INFO - Sync 1 DAGs
[2025-06-06T15:05:48.402+0000] {logging_mixin.py:188} INFO - [2025-06-06T15:05:48.401+0000] {dag.py:3823} INFO - Setting next_dagrun for data_insertion to 2025-06-05 00:00:00+00:00, run_after=2025-06-06 00:00:00+00:00
[2025-06-06T15:05:48.463+0000] {processor.py:183} INFO - Processing /opt/airflow/dags/postgresql_data_insertion.py took 0.984 seconds
