[2025-06-06T13:51:44.873+0000] {processor.py:161} INFO - Started process (PID=8645) to work on /opt/airflow/dags/postgresql_dag.py
[2025-06-06T13:51:44.877+0000] {processor.py:830} INFO - Processing file /opt/airflow/dags/postgresql_dag.py for tasks to queue
[2025-06-06T13:51:44.881+0000] {logging_mixin.py:188} INFO - [2025-06-06T13:51:44.879+0000] {dagbag.py:538} INFO - Filling up the DagBag from /opt/airflow/dags/postgresql_dag.py
[2025-06-06T13:51:45.004+0000] {processor.py:840} INFO - DAG(s) 'dag_with_postgres_operator_v01' retrieved from /opt/airflow/dags/postgresql_dag.py
[2025-06-06T13:51:45.095+0000] {logging_mixin.py:188} INFO - [2025-06-06T13:51:45.092+0000] {dag.py:3036} INFO - Sync 1 DAGs
[2025-06-06T13:51:45.232+0000] {logging_mixin.py:188} INFO - [2025-06-06T13:51:45.231+0000] {dag.py:3823} INFO - Setting next_dagrun for dag_with_postgres_operator_v01 to 2025-06-06 00:00:00+00:00, run_after=2025-06-07 00:00:00+00:00
[2025-06-06T13:51:45.379+0000] {processor.py:183} INFO - Processing /opt/airflow/dags/postgresql_dag.py took 0.514 seconds
[2025-06-06T14:26:50.322+0000] {processor.py:161} INFO - Started process (PID=8668) to work on /opt/airflow/dags/postgresql_dag.py
[2025-06-06T14:26:50.326+0000] {processor.py:830} INFO - Processing file /opt/airflow/dags/postgresql_dag.py for tasks to queue
[2025-06-06T14:26:50.328+0000] {logging_mixin.py:188} INFO - [2025-06-06T14:26:50.327+0000] {dagbag.py:538} INFO - Filling up the DagBag from /opt/airflow/dags/postgresql_dag.py
[2025-06-06T14:26:50.394+0000] {processor.py:840} INFO - DAG(s) 'dag_with_postgres_operator_v01' retrieved from /opt/airflow/dags/postgresql_dag.py
[2025-06-06T14:26:50.475+0000] {logging_mixin.py:188} INFO - [2025-06-06T14:26:50.474+0000] {dag.py:3036} INFO - Sync 1 DAGs
[2025-06-06T14:26:50.557+0000] {logging_mixin.py:188} INFO - [2025-06-06T14:26:50.557+0000] {dag.py:3823} INFO - Setting next_dagrun for dag_with_postgres_operator_v01 to 2025-06-06 00:00:00+00:00, run_after=2025-06-07 00:00:00+00:00
[2025-06-06T14:26:50.624+0000] {processor.py:183} INFO - Processing /opt/airflow/dags/postgresql_dag.py took 0.312 seconds
[2025-06-06T14:27:21.482+0000] {processor.py:161} INFO - Started process (PID=8690) to work on /opt/airflow/dags/postgresql_dag.py
[2025-06-06T14:27:21.484+0000] {processor.py:830} INFO - Processing file /opt/airflow/dags/postgresql_dag.py for tasks to queue
[2025-06-06T14:27:21.488+0000] {logging_mixin.py:188} INFO - [2025-06-06T14:27:21.487+0000] {dagbag.py:538} INFO - Filling up the DagBag from /opt/airflow/dags/postgresql_dag.py
[2025-06-06T14:27:21.539+0000] {processor.py:840} INFO - DAG(s) 'dag_with_postgres_operator_v01' retrieved from /opt/airflow/dags/postgresql_dag.py
[2025-06-06T14:27:21.602+0000] {logging_mixin.py:188} INFO - [2025-06-06T14:27:21.601+0000] {dag.py:3036} INFO - Sync 1 DAGs
[2025-06-06T14:27:21.662+0000] {logging_mixin.py:188} INFO - [2025-06-06T14:27:21.662+0000] {dag.py:3823} INFO - Setting next_dagrun for dag_with_postgres_operator_v01 to 2025-06-06 00:00:00+00:00, run_after=2025-06-07 00:00:00+00:00
[2025-06-06T14:27:21.710+0000] {processor.py:183} INFO - Processing /opt/airflow/dags/postgresql_dag.py took 0.238 seconds
[2025-06-06T14:27:52.022+0000] {processor.py:161} INFO - Started process (PID=8712) to work on /opt/airflow/dags/postgresql_dag.py
[2025-06-06T14:27:52.024+0000] {processor.py:830} INFO - Processing file /opt/airflow/dags/postgresql_dag.py for tasks to queue
[2025-06-06T14:27:52.025+0000] {logging_mixin.py:188} INFO - [2025-06-06T14:27:52.025+0000] {dagbag.py:538} INFO - Filling up the DagBag from /opt/airflow/dags/postgresql_dag.py
[2025-06-06T14:27:52.066+0000] {processor.py:840} INFO - DAG(s) 'dag_with_postgres_operator_v01' retrieved from /opt/airflow/dags/postgresql_dag.py
[2025-06-06T14:27:52.113+0000] {logging_mixin.py:188} INFO - [2025-06-06T14:27:52.113+0000] {dag.py:3036} INFO - Sync 1 DAGs
[2025-06-06T14:27:52.148+0000] {logging_mixin.py:188} INFO - [2025-06-06T14:27:52.148+0000] {dag.py:3823} INFO - Setting next_dagrun for dag_with_postgres_operator_v01 to 2025-06-06 00:00:00+00:00, run_after=2025-06-07 00:00:00+00:00
[2025-06-06T14:27:52.190+0000] {processor.py:183} INFO - Processing /opt/airflow/dags/postgresql_dag.py took 0.172 seconds
[2025-06-06T14:28:23.950+0000] {processor.py:161} INFO - Started process (PID=8735) to work on /opt/airflow/dags/postgresql_dag.py
[2025-06-06T14:28:23.953+0000] {processor.py:830} INFO - Processing file /opt/airflow/dags/postgresql_dag.py for tasks to queue
[2025-06-06T14:28:23.957+0000] {logging_mixin.py:188} INFO - [2025-06-06T14:28:23.956+0000] {dagbag.py:538} INFO - Filling up the DagBag from /opt/airflow/dags/postgresql_dag.py
[2025-06-06T14:28:24.136+0000] {processor.py:840} INFO - DAG(s) 'dag_with_postgres_operator_v01' retrieved from /opt/airflow/dags/postgresql_dag.py
[2025-06-06T14:28:24.246+0000] {logging_mixin.py:188} INFO - [2025-06-06T14:28:24.246+0000] {dag.py:3036} INFO - Sync 1 DAGs
[2025-06-06T14:28:24.340+0000] {logging_mixin.py:188} INFO - [2025-06-06T14:28:24.339+0000] {dag.py:3823} INFO - Setting next_dagrun for dag_with_postgres_operator_v01 to 2025-06-06 00:00:00+00:00, run_after=2025-06-07 00:00:00+00:00
[2025-06-06T14:28:24.422+0000] {processor.py:183} INFO - Processing /opt/airflow/dags/postgresql_dag.py took 0.480 seconds
[2025-06-06T14:28:56.275+0000] {processor.py:161} INFO - Started process (PID=8759) to work on /opt/airflow/dags/postgresql_dag.py
[2025-06-06T14:28:56.281+0000] {processor.py:830} INFO - Processing file /opt/airflow/dags/postgresql_dag.py for tasks to queue
[2025-06-06T14:28:56.284+0000] {logging_mixin.py:188} INFO - [2025-06-06T14:28:56.283+0000] {dagbag.py:538} INFO - Filling up the DagBag from /opt/airflow/dags/postgresql_dag.py
[2025-06-06T14:28:56.446+0000] {processor.py:840} INFO - DAG(s) 'dag_with_postgres_operator_v01' retrieved from /opt/airflow/dags/postgresql_dag.py
[2025-06-06T14:28:56.530+0000] {logging_mixin.py:188} INFO - [2025-06-06T14:28:56.530+0000] {dag.py:3036} INFO - Sync 1 DAGs
[2025-06-06T14:28:56.637+0000] {logging_mixin.py:188} INFO - [2025-06-06T14:28:56.636+0000] {dag.py:3823} INFO - Setting next_dagrun for dag_with_postgres_operator_v01 to 2025-06-06 00:00:00+00:00, run_after=2025-06-07 00:00:00+00:00
[2025-06-06T14:28:56.731+0000] {processor.py:183} INFO - Processing /opt/airflow/dags/postgresql_dag.py took 0.465 seconds
[2025-06-06T14:29:27.705+0000] {processor.py:161} INFO - Started process (PID=8780) to work on /opt/airflow/dags/postgresql_dag.py
[2025-06-06T14:29:27.711+0000] {processor.py:830} INFO - Processing file /opt/airflow/dags/postgresql_dag.py for tasks to queue
[2025-06-06T14:29:27.726+0000] {logging_mixin.py:188} INFO - [2025-06-06T14:29:27.724+0000] {dagbag.py:538} INFO - Filling up the DagBag from /opt/airflow/dags/postgresql_dag.py
[2025-06-06T14:29:27.928+0000] {processor.py:840} INFO - DAG(s) 'dag_with_postgres_operator_v01' retrieved from /opt/airflow/dags/postgresql_dag.py
[2025-06-06T14:29:28.078+0000] {logging_mixin.py:188} INFO - [2025-06-06T14:29:28.078+0000] {dag.py:3036} INFO - Sync 1 DAGs
[2025-06-06T14:29:28.194+0000] {logging_mixin.py:188} INFO - [2025-06-06T14:29:28.193+0000] {dag.py:3823} INFO - Setting next_dagrun for dag_with_postgres_operator_v01 to 2025-06-06 00:00:00+00:00, run_after=2025-06-07 00:00:00+00:00
[2025-06-06T14:29:28.271+0000] {processor.py:183} INFO - Processing /opt/airflow/dags/postgresql_dag.py took 0.587 seconds
[2025-06-06T14:30:01.992+0000] {processor.py:161} INFO - Started process (PID=8803) to work on /opt/airflow/dags/postgresql_dag.py
[2025-06-06T14:30:01.996+0000] {processor.py:830} INFO - Processing file /opt/airflow/dags/postgresql_dag.py for tasks to queue
[2025-06-06T14:30:02.001+0000] {logging_mixin.py:188} INFO - [2025-06-06T14:30:02.000+0000] {dagbag.py:538} INFO - Filling up the DagBag from /opt/airflow/dags/postgresql_dag.py
[2025-06-06T14:30:02.105+0000] {processor.py:840} INFO - DAG(s) 'dag_with_postgres_operator_v01' retrieved from /opt/airflow/dags/postgresql_dag.py
[2025-06-06T14:30:02.248+0000] {logging_mixin.py:188} INFO - [2025-06-06T14:30:02.247+0000] {dag.py:3036} INFO - Sync 1 DAGs
[2025-06-06T14:30:02.321+0000] {logging_mixin.py:188} INFO - [2025-06-06T14:30:02.320+0000] {dag.py:3823} INFO - Setting next_dagrun for dag_with_postgres_operator_v01 to 2025-06-06 00:00:00+00:00, run_after=2025-06-07 00:00:00+00:00
[2025-06-06T14:30:02.396+0000] {processor.py:183} INFO - Processing /opt/airflow/dags/postgresql_dag.py took 0.422 seconds
[2025-06-06T14:30:33.797+0000] {processor.py:161} INFO - Started process (PID=8826) to work on /opt/airflow/dags/postgresql_dag.py
[2025-06-06T14:30:33.807+0000] {processor.py:830} INFO - Processing file /opt/airflow/dags/postgresql_dag.py for tasks to queue
[2025-06-06T14:30:33.814+0000] {logging_mixin.py:188} INFO - [2025-06-06T14:30:33.813+0000] {dagbag.py:538} INFO - Filling up the DagBag from /opt/airflow/dags/postgresql_dag.py
[2025-06-06T14:30:33.944+0000] {processor.py:840} INFO - DAG(s) 'dag_with_postgres_operator_v01' retrieved from /opt/airflow/dags/postgresql_dag.py
[2025-06-06T14:30:34.089+0000] {logging_mixin.py:188} INFO - [2025-06-06T14:30:34.088+0000] {dag.py:3036} INFO - Sync 1 DAGs
[2025-06-06T14:30:34.288+0000] {logging_mixin.py:188} INFO - [2025-06-06T14:30:34.287+0000] {dag.py:3823} INFO - Setting next_dagrun for dag_with_postgres_operator_v01 to 2025-06-06 00:00:00+00:00, run_after=2025-06-07 00:00:00+00:00
[2025-06-06T14:30:34.422+0000] {processor.py:183} INFO - Processing /opt/airflow/dags/postgresql_dag.py took 0.642 seconds
[2025-06-06T14:31:04.734+0000] {processor.py:161} INFO - Started process (PID=8847) to work on /opt/airflow/dags/postgresql_dag.py
[2025-06-06T14:31:04.738+0000] {processor.py:830} INFO - Processing file /opt/airflow/dags/postgresql_dag.py for tasks to queue
[2025-06-06T14:31:04.744+0000] {logging_mixin.py:188} INFO - [2025-06-06T14:31:04.744+0000] {dagbag.py:538} INFO - Filling up the DagBag from /opt/airflow/dags/postgresql_dag.py
[2025-06-06T14:31:04.805+0000] {processor.py:840} INFO - DAG(s) 'dag_with_postgres_operator_v01' retrieved from /opt/airflow/dags/postgresql_dag.py
[2025-06-06T14:31:04.891+0000] {logging_mixin.py:188} INFO - [2025-06-06T14:31:04.891+0000] {dag.py:3036} INFO - Sync 1 DAGs
[2025-06-06T14:31:04.944+0000] {logging_mixin.py:188} INFO - [2025-06-06T14:31:04.944+0000] {dag.py:3823} INFO - Setting next_dagrun for dag_with_postgres_operator_v01 to 2025-06-06 00:00:00+00:00, run_after=2025-06-07 00:00:00+00:00
[2025-06-06T14:31:05.013+0000] {processor.py:183} INFO - Processing /opt/airflow/dags/postgresql_dag.py took 0.295 seconds
[2025-06-06T14:31:35.133+0000] {processor.py:161} INFO - Started process (PID=8868) to work on /opt/airflow/dags/postgresql_dag.py
[2025-06-06T14:31:35.136+0000] {processor.py:830} INFO - Processing file /opt/airflow/dags/postgresql_dag.py for tasks to queue
[2025-06-06T14:31:35.140+0000] {logging_mixin.py:188} INFO - [2025-06-06T14:31:35.140+0000] {dagbag.py:538} INFO - Filling up the DagBag from /opt/airflow/dags/postgresql_dag.py
[2025-06-06T14:31:35.176+0000] {processor.py:840} INFO - DAG(s) 'dag_with_postgres_operator_v01' retrieved from /opt/airflow/dags/postgresql_dag.py
[2025-06-06T14:31:35.234+0000] {logging_mixin.py:188} INFO - [2025-06-06T14:31:35.233+0000] {dag.py:3036} INFO - Sync 1 DAGs
[2025-06-06T14:31:35.284+0000] {logging_mixin.py:188} INFO - [2025-06-06T14:31:35.284+0000] {dag.py:3823} INFO - Setting next_dagrun for dag_with_postgres_operator_v01 to 2025-06-06 00:00:00+00:00, run_after=2025-06-07 00:00:00+00:00
[2025-06-06T14:31:35.323+0000] {processor.py:183} INFO - Processing /opt/airflow/dags/postgresql_dag.py took 0.195 seconds
[2025-06-06T14:32:05.490+0000] {processor.py:161} INFO - Started process (PID=8891) to work on /opt/airflow/dags/postgresql_dag.py
[2025-06-06T14:32:05.493+0000] {processor.py:830} INFO - Processing file /opt/airflow/dags/postgresql_dag.py for tasks to queue
[2025-06-06T14:32:05.497+0000] {logging_mixin.py:188} INFO - [2025-06-06T14:32:05.495+0000] {dagbag.py:538} INFO - Filling up the DagBag from /opt/airflow/dags/postgresql_dag.py
[2025-06-06T14:32:05.543+0000] {processor.py:840} INFO - DAG(s) 'dag_with_postgres_operator_v01' retrieved from /opt/airflow/dags/postgresql_dag.py
[2025-06-06T14:32:05.629+0000] {logging_mixin.py:188} INFO - [2025-06-06T14:32:05.629+0000] {dag.py:3036} INFO - Sync 1 DAGs
[2025-06-06T14:32:05.731+0000] {logging_mixin.py:188} INFO - [2025-06-06T14:32:05.730+0000] {dag.py:3823} INFO - Setting next_dagrun for dag_with_postgres_operator_v01 to 2025-06-06 00:00:00+00:00, run_after=2025-06-07 00:00:00+00:00
[2025-06-06T14:32:05.787+0000] {processor.py:183} INFO - Processing /opt/airflow/dags/postgresql_dag.py took 0.304 seconds
[2025-06-06T14:32:36.042+0000] {processor.py:161} INFO - Started process (PID=8914) to work on /opt/airflow/dags/postgresql_dag.py
[2025-06-06T14:32:36.044+0000] {processor.py:830} INFO - Processing file /opt/airflow/dags/postgresql_dag.py for tasks to queue
[2025-06-06T14:32:36.047+0000] {logging_mixin.py:188} INFO - [2025-06-06T14:32:36.046+0000] {dagbag.py:538} INFO - Filling up the DagBag from /opt/airflow/dags/postgresql_dag.py
[2025-06-06T14:32:36.098+0000] {processor.py:840} INFO - DAG(s) 'dag_with_postgres_operator_v01' retrieved from /opt/airflow/dags/postgresql_dag.py
[2025-06-06T14:32:36.155+0000] {logging_mixin.py:188} INFO - [2025-06-06T14:32:36.154+0000] {dag.py:3036} INFO - Sync 1 DAGs
[2025-06-06T14:32:36.196+0000] {logging_mixin.py:188} INFO - [2025-06-06T14:32:36.196+0000] {dag.py:3823} INFO - Setting next_dagrun for dag_with_postgres_operator_v01 to 2025-06-06 00:00:00+00:00, run_after=2025-06-07 00:00:00+00:00
[2025-06-06T14:32:36.233+0000] {processor.py:183} INFO - Processing /opt/airflow/dags/postgresql_dag.py took 0.196 seconds
[2025-06-06T14:33:07.253+0000] {processor.py:161} INFO - Started process (PID=8937) to work on /opt/airflow/dags/postgresql_dag.py
[2025-06-06T14:33:07.255+0000] {processor.py:830} INFO - Processing file /opt/airflow/dags/postgresql_dag.py for tasks to queue
[2025-06-06T14:33:07.259+0000] {logging_mixin.py:188} INFO - [2025-06-06T14:33:07.258+0000] {dagbag.py:538} INFO - Filling up the DagBag from /opt/airflow/dags/postgresql_dag.py
[2025-06-06T14:33:07.363+0000] {processor.py:840} INFO - DAG(s) 'dag_with_postgres_operator_v01' retrieved from /opt/airflow/dags/postgresql_dag.py
[2025-06-06T14:33:07.471+0000] {logging_mixin.py:188} INFO - [2025-06-06T14:33:07.470+0000] {dag.py:3036} INFO - Sync 1 DAGs
[2025-06-06T14:33:07.541+0000] {logging_mixin.py:188} INFO - [2025-06-06T14:33:07.540+0000] {dag.py:3823} INFO - Setting next_dagrun for dag_with_postgres_operator_v01 to 2025-06-06 00:00:00+00:00, run_after=2025-06-07 00:00:00+00:00
[2025-06-06T14:33:07.617+0000] {processor.py:183} INFO - Processing /opt/airflow/dags/postgresql_dag.py took 0.370 seconds
[2025-06-06T14:33:38.008+0000] {processor.py:161} INFO - Started process (PID=8961) to work on /opt/airflow/dags/postgresql_dag.py
[2025-06-06T14:33:38.010+0000] {processor.py:830} INFO - Processing file /opt/airflow/dags/postgresql_dag.py for tasks to queue
[2025-06-06T14:33:38.013+0000] {logging_mixin.py:188} INFO - [2025-06-06T14:33:38.012+0000] {dagbag.py:538} INFO - Filling up the DagBag from /opt/airflow/dags/postgresql_dag.py
[2025-06-06T14:33:38.075+0000] {processor.py:840} INFO - DAG(s) 'dag_with_postgres_operator_v01' retrieved from /opt/airflow/dags/postgresql_dag.py
[2025-06-06T14:33:38.123+0000] {logging_mixin.py:188} INFO - [2025-06-06T14:33:38.123+0000] {dag.py:3036} INFO - Sync 1 DAGs
[2025-06-06T14:33:38.169+0000] {logging_mixin.py:188} INFO - [2025-06-06T14:33:38.168+0000] {dag.py:3823} INFO - Setting next_dagrun for dag_with_postgres_operator_v01 to 2025-06-06 00:00:00+00:00, run_after=2025-06-07 00:00:00+00:00
[2025-06-06T14:33:38.229+0000] {processor.py:183} INFO - Processing /opt/airflow/dags/postgresql_dag.py took 0.228 seconds
[2025-06-06T14:34:08.537+0000] {processor.py:161} INFO - Started process (PID=8984) to work on /opt/airflow/dags/postgresql_dag.py
[2025-06-06T14:34:08.539+0000] {processor.py:830} INFO - Processing file /opt/airflow/dags/postgresql_dag.py for tasks to queue
[2025-06-06T14:34:08.543+0000] {logging_mixin.py:188} INFO - [2025-06-06T14:34:08.543+0000] {dagbag.py:538} INFO - Filling up the DagBag from /opt/airflow/dags/postgresql_dag.py
[2025-06-06T14:34:08.596+0000] {processor.py:840} INFO - DAG(s) 'dag_with_postgres_operator_v01' retrieved from /opt/airflow/dags/postgresql_dag.py
[2025-06-06T14:34:08.663+0000] {logging_mixin.py:188} INFO - [2025-06-06T14:34:08.663+0000] {dag.py:3036} INFO - Sync 1 DAGs
[2025-06-06T14:34:08.749+0000] {logging_mixin.py:188} INFO - [2025-06-06T14:34:08.748+0000] {dag.py:3823} INFO - Setting next_dagrun for dag_with_postgres_operator_v01 to 2025-06-06 00:00:00+00:00, run_after=2025-06-07 00:00:00+00:00
[2025-06-06T14:34:08.837+0000] {processor.py:183} INFO - Processing /opt/airflow/dags/postgresql_dag.py took 0.306 seconds
[2025-06-06T14:34:39.024+0000] {processor.py:161} INFO - Started process (PID=9007) to work on /opt/airflow/dags/postgresql_dag.py
[2025-06-06T14:34:39.037+0000] {processor.py:830} INFO - Processing file /opt/airflow/dags/postgresql_dag.py for tasks to queue
[2025-06-06T14:34:39.042+0000] {logging_mixin.py:188} INFO - [2025-06-06T14:34:39.042+0000] {dagbag.py:538} INFO - Filling up the DagBag from /opt/airflow/dags/postgresql_dag.py
[2025-06-06T14:34:39.110+0000] {processor.py:840} INFO - DAG(s) 'dag_with_postgres_operator_v01' retrieved from /opt/airflow/dags/postgresql_dag.py
[2025-06-06T14:34:39.173+0000] {logging_mixin.py:188} INFO - [2025-06-06T14:34:39.173+0000] {dag.py:3036} INFO - Sync 1 DAGs
[2025-06-06T14:34:39.234+0000] {logging_mixin.py:188} INFO - [2025-06-06T14:34:39.233+0000] {dag.py:3823} INFO - Setting next_dagrun for dag_with_postgres_operator_v01 to 2025-06-06 00:00:00+00:00, run_after=2025-06-07 00:00:00+00:00
[2025-06-06T14:34:39.290+0000] {processor.py:183} INFO - Processing /opt/airflow/dags/postgresql_dag.py took 0.272 seconds
[2025-06-06T14:35:10.034+0000] {processor.py:161} INFO - Started process (PID=9030) to work on /opt/airflow/dags/postgresql_dag.py
[2025-06-06T14:35:10.036+0000] {processor.py:830} INFO - Processing file /opt/airflow/dags/postgresql_dag.py for tasks to queue
[2025-06-06T14:35:10.039+0000] {logging_mixin.py:188} INFO - [2025-06-06T14:35:10.038+0000] {dagbag.py:538} INFO - Filling up the DagBag from /opt/airflow/dags/postgresql_dag.py
[2025-06-06T14:35:10.088+0000] {processor.py:840} INFO - DAG(s) 'dag_with_postgres_operator_v01' retrieved from /opt/airflow/dags/postgresql_dag.py
[2025-06-06T14:35:10.132+0000] {logging_mixin.py:188} INFO - [2025-06-06T14:35:10.131+0000] {dag.py:3036} INFO - Sync 1 DAGs
[2025-06-06T14:35:10.179+0000] {logging_mixin.py:188} INFO - [2025-06-06T14:35:10.178+0000] {dag.py:3823} INFO - Setting next_dagrun for dag_with_postgres_operator_v01 to 2025-06-06 00:00:00+00:00, run_after=2025-06-07 00:00:00+00:00
[2025-06-06T14:35:10.252+0000] {processor.py:183} INFO - Processing /opt/airflow/dags/postgresql_dag.py took 0.226 seconds
[2025-06-06T14:35:41.243+0000] {processor.py:161} INFO - Started process (PID=9054) to work on /opt/airflow/dags/postgresql_dag.py
[2025-06-06T14:35:41.268+0000] {processor.py:830} INFO - Processing file /opt/airflow/dags/postgresql_dag.py for tasks to queue
[2025-06-06T14:35:41.275+0000] {logging_mixin.py:188} INFO - [2025-06-06T14:35:41.272+0000] {dagbag.py:538} INFO - Filling up the DagBag from /opt/airflow/dags/postgresql_dag.py
[2025-06-06T14:35:41.351+0000] {processor.py:840} INFO - DAG(s) 'dag_with_postgres_operator_v01' retrieved from /opt/airflow/dags/postgresql_dag.py
[2025-06-06T14:35:41.414+0000] {logging_mixin.py:188} INFO - [2025-06-06T14:35:41.413+0000] {dag.py:3036} INFO - Sync 1 DAGs
[2025-06-06T14:35:41.465+0000] {logging_mixin.py:188} INFO - [2025-06-06T14:35:41.465+0000] {dag.py:3823} INFO - Setting next_dagrun for dag_with_postgres_operator_v01 to 2025-06-06 00:00:00+00:00, run_after=2025-06-07 00:00:00+00:00
[2025-06-06T14:35:41.520+0000] {processor.py:183} INFO - Processing /opt/airflow/dags/postgresql_dag.py took 0.320 seconds
[2025-06-06T14:36:12.078+0000] {processor.py:161} INFO - Started process (PID=9077) to work on /opt/airflow/dags/postgresql_dag.py
[2025-06-06T14:36:12.082+0000] {processor.py:830} INFO - Processing file /opt/airflow/dags/postgresql_dag.py for tasks to queue
[2025-06-06T14:36:12.085+0000] {logging_mixin.py:188} INFO - [2025-06-06T14:36:12.085+0000] {dagbag.py:538} INFO - Filling up the DagBag from /opt/airflow/dags/postgresql_dag.py
[2025-06-06T14:36:12.193+0000] {processor.py:840} INFO - DAG(s) 'dag_with_postgres_operator_v01' retrieved from /opt/airflow/dags/postgresql_dag.py
[2025-06-06T14:36:12.252+0000] {logging_mixin.py:188} INFO - [2025-06-06T14:36:12.251+0000] {dag.py:3036} INFO - Sync 1 DAGs
[2025-06-06T14:36:12.301+0000] {logging_mixin.py:188} INFO - [2025-06-06T14:36:12.301+0000] {dag.py:3823} INFO - Setting next_dagrun for dag_with_postgres_operator_v01 to 2025-06-06 00:00:00+00:00, run_after=2025-06-07 00:00:00+00:00
[2025-06-06T14:36:12.378+0000] {processor.py:183} INFO - Processing /opt/airflow/dags/postgresql_dag.py took 0.309 seconds
[2025-06-06T14:36:43.546+0000] {processor.py:161} INFO - Started process (PID=9101) to work on /opt/airflow/dags/postgresql_dag.py
[2025-06-06T14:36:43.550+0000] {processor.py:830} INFO - Processing file /opt/airflow/dags/postgresql_dag.py for tasks to queue
[2025-06-06T14:36:43.554+0000] {logging_mixin.py:188} INFO - [2025-06-06T14:36:43.553+0000] {dagbag.py:538} INFO - Filling up the DagBag from /opt/airflow/dags/postgresql_dag.py
[2025-06-06T14:36:43.602+0000] {processor.py:840} INFO - DAG(s) 'dag_with_postgres_operator_v01' retrieved from /opt/airflow/dags/postgresql_dag.py
[2025-06-06T14:36:43.656+0000] {logging_mixin.py:188} INFO - [2025-06-06T14:36:43.656+0000] {dag.py:3036} INFO - Sync 1 DAGs
[2025-06-06T14:36:43.724+0000] {logging_mixin.py:188} INFO - [2025-06-06T14:36:43.723+0000] {dag.py:3823} INFO - Setting next_dagrun for dag_with_postgres_operator_v01 to 2025-06-06 00:00:00+00:00, run_after=2025-06-07 00:00:00+00:00
[2025-06-06T14:36:43.791+0000] {processor.py:183} INFO - Processing /opt/airflow/dags/postgresql_dag.py took 0.250 seconds
[2025-06-06T14:37:14.346+0000] {processor.py:161} INFO - Started process (PID=9124) to work on /opt/airflow/dags/postgresql_dag.py
[2025-06-06T14:37:14.349+0000] {processor.py:830} INFO - Processing file /opt/airflow/dags/postgresql_dag.py for tasks to queue
[2025-06-06T14:37:14.352+0000] {logging_mixin.py:188} INFO - [2025-06-06T14:37:14.351+0000] {dagbag.py:538} INFO - Filling up the DagBag from /opt/airflow/dags/postgresql_dag.py
[2025-06-06T14:37:14.411+0000] {processor.py:840} INFO - DAG(s) 'dag_with_postgres_operator_v01' retrieved from /opt/airflow/dags/postgresql_dag.py
[2025-06-06T14:37:14.491+0000] {logging_mixin.py:188} INFO - [2025-06-06T14:37:14.490+0000] {dag.py:3036} INFO - Sync 1 DAGs
[2025-06-06T14:37:14.556+0000] {logging_mixin.py:188} INFO - [2025-06-06T14:37:14.556+0000] {dag.py:3823} INFO - Setting next_dagrun for dag_with_postgres_operator_v01 to 2025-06-06 00:00:00+00:00, run_after=2025-06-07 00:00:00+00:00
[2025-06-06T14:37:14.638+0000] {processor.py:183} INFO - Processing /opt/airflow/dags/postgresql_dag.py took 0.297 seconds
[2025-06-06T14:37:45.311+0000] {processor.py:161} INFO - Started process (PID=9153) to work on /opt/airflow/dags/postgresql_dag.py
[2025-06-06T14:37:45.314+0000] {processor.py:830} INFO - Processing file /opt/airflow/dags/postgresql_dag.py for tasks to queue
[2025-06-06T14:37:45.318+0000] {logging_mixin.py:188} INFO - [2025-06-06T14:37:45.316+0000] {dagbag.py:538} INFO - Filling up the DagBag from /opt/airflow/dags/postgresql_dag.py
[2025-06-06T14:37:45.387+0000] {processor.py:840} INFO - DAG(s) 'dag_with_postgres_operator_v01' retrieved from /opt/airflow/dags/postgresql_dag.py
[2025-06-06T14:37:45.452+0000] {logging_mixin.py:188} INFO - [2025-06-06T14:37:45.452+0000] {dag.py:3036} INFO - Sync 1 DAGs
[2025-06-06T14:37:45.545+0000] {logging_mixin.py:188} INFO - [2025-06-06T14:37:45.544+0000] {dag.py:3823} INFO - Setting next_dagrun for dag_with_postgres_operator_v01 to 2025-06-06 00:00:00+00:00, run_after=2025-06-07 00:00:00+00:00
[2025-06-06T14:37:45.589+0000] {processor.py:183} INFO - Processing /opt/airflow/dags/postgresql_dag.py took 0.290 seconds
[2025-06-06T14:38:15.757+0000] {processor.py:161} INFO - Started process (PID=9176) to work on /opt/airflow/dags/postgresql_dag.py
[2025-06-06T14:38:15.759+0000] {processor.py:830} INFO - Processing file /opt/airflow/dags/postgresql_dag.py for tasks to queue
[2025-06-06T14:38:15.762+0000] {logging_mixin.py:188} INFO - [2025-06-06T14:38:15.761+0000] {dagbag.py:538} INFO - Filling up the DagBag from /opt/airflow/dags/postgresql_dag.py
[2025-06-06T14:38:15.814+0000] {processor.py:840} INFO - DAG(s) 'dag_with_postgres_operator_v01' retrieved from /opt/airflow/dags/postgresql_dag.py
[2025-06-06T14:38:15.892+0000] {logging_mixin.py:188} INFO - [2025-06-06T14:38:15.891+0000] {dag.py:3036} INFO - Sync 1 DAGs
[2025-06-06T14:38:15.945+0000] {logging_mixin.py:188} INFO - [2025-06-06T14:38:15.944+0000] {dag.py:3823} INFO - Setting next_dagrun for dag_with_postgres_operator_v01 to 2025-06-06 00:00:00+00:00, run_after=2025-06-07 00:00:00+00:00
[2025-06-06T14:38:15.999+0000] {processor.py:183} INFO - Processing /opt/airflow/dags/postgresql_dag.py took 0.247 seconds
[2025-06-06T14:38:46.560+0000] {processor.py:161} INFO - Started process (PID=9199) to work on /opt/airflow/dags/postgresql_dag.py
[2025-06-06T14:38:46.569+0000] {processor.py:830} INFO - Processing file /opt/airflow/dags/postgresql_dag.py for tasks to queue
[2025-06-06T14:38:46.573+0000] {logging_mixin.py:188} INFO - [2025-06-06T14:38:46.572+0000] {dagbag.py:538} INFO - Filling up the DagBag from /opt/airflow/dags/postgresql_dag.py
[2025-06-06T14:38:46.639+0000] {processor.py:840} INFO - DAG(s) 'dag_with_postgres_operator_v01' retrieved from /opt/airflow/dags/postgresql_dag.py
[2025-06-06T14:38:46.755+0000] {logging_mixin.py:188} INFO - [2025-06-06T14:38:46.755+0000] {dag.py:3036} INFO - Sync 1 DAGs
[2025-06-06T14:38:46.844+0000] {logging_mixin.py:188} INFO - [2025-06-06T14:38:46.843+0000] {dag.py:3823} INFO - Setting next_dagrun for dag_with_postgres_operator_v01 to 2025-06-06 00:00:00+00:00, run_after=2025-06-07 00:00:00+00:00
[2025-06-06T14:38:46.914+0000] {processor.py:183} INFO - Processing /opt/airflow/dags/postgresql_dag.py took 0.361 seconds
[2025-06-06T14:39:17.497+0000] {processor.py:161} INFO - Started process (PID=9222) to work on /opt/airflow/dags/postgresql_dag.py
[2025-06-06T14:39:17.499+0000] {processor.py:830} INFO - Processing file /opt/airflow/dags/postgresql_dag.py for tasks to queue
[2025-06-06T14:39:17.501+0000] {logging_mixin.py:188} INFO - [2025-06-06T14:39:17.501+0000] {dagbag.py:538} INFO - Filling up the DagBag from /opt/airflow/dags/postgresql_dag.py
[2025-06-06T14:39:17.578+0000] {processor.py:840} INFO - DAG(s) 'dag_with_postgres_operator_v01' retrieved from /opt/airflow/dags/postgresql_dag.py
[2025-06-06T14:39:17.704+0000] {logging_mixin.py:188} INFO - [2025-06-06T14:39:17.703+0000] {dag.py:3036} INFO - Sync 1 DAGs
[2025-06-06T14:39:17.781+0000] {logging_mixin.py:188} INFO - [2025-06-06T14:39:17.780+0000] {dag.py:3823} INFO - Setting next_dagrun for dag_with_postgres_operator_v01 to 2025-06-06 00:00:00+00:00, run_after=2025-06-07 00:00:00+00:00
[2025-06-06T14:39:17.868+0000] {processor.py:183} INFO - Processing /opt/airflow/dags/postgresql_dag.py took 0.383 seconds
[2025-06-06T14:39:48.045+0000] {processor.py:161} INFO - Started process (PID=9244) to work on /opt/airflow/dags/postgresql_dag.py
[2025-06-06T14:39:48.047+0000] {processor.py:830} INFO - Processing file /opt/airflow/dags/postgresql_dag.py for tasks to queue
[2025-06-06T14:39:48.048+0000] {logging_mixin.py:188} INFO - [2025-06-06T14:39:48.048+0000] {dagbag.py:538} INFO - Filling up the DagBag from /opt/airflow/dags/postgresql_dag.py
[2025-06-06T14:39:48.092+0000] {processor.py:840} INFO - DAG(s) 'dag_with_postgres_operator_v01' retrieved from /opt/airflow/dags/postgresql_dag.py
[2025-06-06T14:39:48.138+0000] {logging_mixin.py:188} INFO - [2025-06-06T14:39:48.138+0000] {dag.py:3036} INFO - Sync 1 DAGs
[2025-06-06T14:39:48.183+0000] {logging_mixin.py:188} INFO - [2025-06-06T14:39:48.183+0000] {dag.py:3823} INFO - Setting next_dagrun for dag_with_postgres_operator_v01 to 2025-06-06 00:00:00+00:00, run_after=2025-06-07 00:00:00+00:00
[2025-06-06T14:39:48.240+0000] {processor.py:183} INFO - Processing /opt/airflow/dags/postgresql_dag.py took 0.202 seconds
[2025-06-06T14:40:18.987+0000] {processor.py:161} INFO - Started process (PID=9267) to work on /opt/airflow/dags/postgresql_dag.py
[2025-06-06T14:40:18.994+0000] {processor.py:830} INFO - Processing file /opt/airflow/dags/postgresql_dag.py for tasks to queue
[2025-06-06T14:40:19.000+0000] {logging_mixin.py:188} INFO - [2025-06-06T14:40:19.000+0000] {dagbag.py:538} INFO - Filling up the DagBag from /opt/airflow/dags/postgresql_dag.py
[2025-06-06T14:40:19.077+0000] {processor.py:840} INFO - DAG(s) 'dag_with_postgres_operator_v01' retrieved from /opt/airflow/dags/postgresql_dag.py
[2025-06-06T14:40:19.132+0000] {logging_mixin.py:188} INFO - [2025-06-06T14:40:19.132+0000] {dag.py:3036} INFO - Sync 1 DAGs
[2025-06-06T14:40:19.184+0000] {logging_mixin.py:188} INFO - [2025-06-06T14:40:19.183+0000] {dag.py:3823} INFO - Setting next_dagrun for dag_with_postgres_operator_v01 to 2025-06-06 00:00:00+00:00, run_after=2025-06-07 00:00:00+00:00
[2025-06-06T14:40:19.232+0000] {processor.py:183} INFO - Processing /opt/airflow/dags/postgresql_dag.py took 0.252 seconds
[2025-06-06T14:40:49.697+0000] {processor.py:161} INFO - Started process (PID=9290) to work on /opt/airflow/dags/postgresql_dag.py
[2025-06-06T14:40:49.700+0000] {processor.py:830} INFO - Processing file /opt/airflow/dags/postgresql_dag.py for tasks to queue
[2025-06-06T14:40:49.702+0000] {logging_mixin.py:188} INFO - [2025-06-06T14:40:49.702+0000] {dagbag.py:538} INFO - Filling up the DagBag from /opt/airflow/dags/postgresql_dag.py
[2025-06-06T14:40:49.754+0000] {processor.py:840} INFO - DAG(s) 'dag_with_postgres_operator_v01' retrieved from /opt/airflow/dags/postgresql_dag.py
[2025-06-06T14:40:49.854+0000] {logging_mixin.py:188} INFO - [2025-06-06T14:40:49.854+0000] {dag.py:3036} INFO - Sync 1 DAGs
[2025-06-06T14:40:49.913+0000] {logging_mixin.py:188} INFO - [2025-06-06T14:40:49.913+0000] {dag.py:3823} INFO - Setting next_dagrun for dag_with_postgres_operator_v01 to 2025-06-06 00:00:00+00:00, run_after=2025-06-07 00:00:00+00:00
[2025-06-06T14:40:49.957+0000] {processor.py:183} INFO - Processing /opt/airflow/dags/postgresql_dag.py took 0.265 seconds
[2025-06-06T14:41:20.521+0000] {processor.py:161} INFO - Started process (PID=9313) to work on /opt/airflow/dags/postgresql_dag.py
[2025-06-06T14:41:20.524+0000] {processor.py:830} INFO - Processing file /opt/airflow/dags/postgresql_dag.py for tasks to queue
[2025-06-06T14:41:20.526+0000] {logging_mixin.py:188} INFO - [2025-06-06T14:41:20.526+0000] {dagbag.py:538} INFO - Filling up the DagBag from /opt/airflow/dags/postgresql_dag.py
[2025-06-06T14:41:20.657+0000] {processor.py:840} INFO - DAG(s) 'dag_with_postgres_operator_v01' retrieved from /opt/airflow/dags/postgresql_dag.py
[2025-06-06T14:41:20.725+0000] {logging_mixin.py:188} INFO - [2025-06-06T14:41:20.725+0000] {dag.py:3036} INFO - Sync 1 DAGs
[2025-06-06T14:41:20.770+0000] {logging_mixin.py:188} INFO - [2025-06-06T14:41:20.769+0000] {dag.py:3823} INFO - Setting next_dagrun for dag_with_postgres_operator_v01 to 2025-06-06 00:00:00+00:00, run_after=2025-06-07 00:00:00+00:00
[2025-06-06T14:41:20.829+0000] {processor.py:183} INFO - Processing /opt/airflow/dags/postgresql_dag.py took 0.314 seconds
[2025-06-06T14:41:51.403+0000] {processor.py:161} INFO - Started process (PID=9336) to work on /opt/airflow/dags/postgresql_dag.py
[2025-06-06T14:41:51.408+0000] {processor.py:830} INFO - Processing file /opt/airflow/dags/postgresql_dag.py for tasks to queue
[2025-06-06T14:41:51.412+0000] {logging_mixin.py:188} INFO - [2025-06-06T14:41:51.411+0000] {dagbag.py:538} INFO - Filling up the DagBag from /opt/airflow/dags/postgresql_dag.py
[2025-06-06T14:41:51.486+0000] {processor.py:840} INFO - DAG(s) 'dag_with_postgres_operator_v01' retrieved from /opt/airflow/dags/postgresql_dag.py
[2025-06-06T14:41:51.574+0000] {logging_mixin.py:188} INFO - [2025-06-06T14:41:51.574+0000] {dag.py:3036} INFO - Sync 1 DAGs
[2025-06-06T14:41:51.628+0000] {logging_mixin.py:188} INFO - [2025-06-06T14:41:51.627+0000] {dag.py:3823} INFO - Setting next_dagrun for dag_with_postgres_operator_v01 to 2025-06-06 00:00:00+00:00, run_after=2025-06-07 00:00:00+00:00
[2025-06-06T14:41:51.671+0000] {processor.py:183} INFO - Processing /opt/airflow/dags/postgresql_dag.py took 0.279 seconds
[2025-06-06T14:42:22.705+0000] {processor.py:161} INFO - Started process (PID=9359) to work on /opt/airflow/dags/postgresql_dag.py
[2025-06-06T14:42:22.717+0000] {processor.py:830} INFO - Processing file /opt/airflow/dags/postgresql_dag.py for tasks to queue
[2025-06-06T14:42:22.729+0000] {logging_mixin.py:188} INFO - [2025-06-06T14:42:22.728+0000] {dagbag.py:538} INFO - Filling up the DagBag from /opt/airflow/dags/postgresql_dag.py
[2025-06-06T14:42:22.809+0000] {processor.py:840} INFO - DAG(s) 'dag_with_postgres_operator_v01' retrieved from /opt/airflow/dags/postgresql_dag.py
[2025-06-06T14:42:22.896+0000] {logging_mixin.py:188} INFO - [2025-06-06T14:42:22.895+0000] {dag.py:3036} INFO - Sync 1 DAGs
[2025-06-06T14:42:22.944+0000] {logging_mixin.py:188} INFO - [2025-06-06T14:42:22.943+0000] {dag.py:3823} INFO - Setting next_dagrun for dag_with_postgres_operator_v01 to 2025-06-06 00:00:00+00:00, run_after=2025-06-07 00:00:00+00:00
[2025-06-06T14:42:22.996+0000] {processor.py:183} INFO - Processing /opt/airflow/dags/postgresql_dag.py took 0.297 seconds
[2025-06-06T14:42:53.905+0000] {processor.py:161} INFO - Started process (PID=9382) to work on /opt/airflow/dags/postgresql_dag.py
[2025-06-06T14:42:53.908+0000] {processor.py:830} INFO - Processing file /opt/airflow/dags/postgresql_dag.py for tasks to queue
[2025-06-06T14:42:53.911+0000] {logging_mixin.py:188} INFO - [2025-06-06T14:42:53.910+0000] {dagbag.py:538} INFO - Filling up the DagBag from /opt/airflow/dags/postgresql_dag.py
[2025-06-06T14:42:53.958+0000] {processor.py:840} INFO - DAG(s) 'dag_with_postgres_operator_v01' retrieved from /opt/airflow/dags/postgresql_dag.py
[2025-06-06T14:42:54.049+0000] {logging_mixin.py:188} INFO - [2025-06-06T14:42:54.048+0000] {dag.py:3036} INFO - Sync 1 DAGs
[2025-06-06T14:42:54.114+0000] {logging_mixin.py:188} INFO - [2025-06-06T14:42:54.113+0000] {dag.py:3823} INFO - Setting next_dagrun for dag_with_postgres_operator_v01 to 2025-06-06 00:00:00+00:00, run_after=2025-06-07 00:00:00+00:00
[2025-06-06T14:42:54.213+0000] {processor.py:183} INFO - Processing /opt/airflow/dags/postgresql_dag.py took 0.321 seconds
[2025-06-06T14:43:24.573+0000] {processor.py:161} INFO - Started process (PID=9405) to work on /opt/airflow/dags/postgresql_dag.py
[2025-06-06T14:43:24.579+0000] {processor.py:830} INFO - Processing file /opt/airflow/dags/postgresql_dag.py for tasks to queue
[2025-06-06T14:43:24.584+0000] {logging_mixin.py:188} INFO - [2025-06-06T14:43:24.583+0000] {dagbag.py:538} INFO - Filling up the DagBag from /opt/airflow/dags/postgresql_dag.py
[2025-06-06T14:43:24.697+0000] {processor.py:840} INFO - DAG(s) 'dag_with_postgres_operator_v01' retrieved from /opt/airflow/dags/postgresql_dag.py
[2025-06-06T14:43:24.831+0000] {logging_mixin.py:188} INFO - [2025-06-06T14:43:24.830+0000] {dag.py:3036} INFO - Sync 1 DAGs
[2025-06-06T14:43:24.907+0000] {logging_mixin.py:188} INFO - [2025-06-06T14:43:24.906+0000] {dag.py:3823} INFO - Setting next_dagrun for dag_with_postgres_operator_v01 to 2025-06-06 00:00:00+00:00, run_after=2025-06-07 00:00:00+00:00
[2025-06-06T14:43:24.991+0000] {processor.py:183} INFO - Processing /opt/airflow/dags/postgresql_dag.py took 0.447 seconds
[2025-06-06T14:43:55.393+0000] {processor.py:161} INFO - Started process (PID=9427) to work on /opt/airflow/dags/postgresql_dag.py
[2025-06-06T14:43:55.395+0000] {processor.py:830} INFO - Processing file /opt/airflow/dags/postgresql_dag.py for tasks to queue
[2025-06-06T14:43:55.400+0000] {logging_mixin.py:188} INFO - [2025-06-06T14:43:55.399+0000] {dagbag.py:538} INFO - Filling up the DagBag from /opt/airflow/dags/postgresql_dag.py
[2025-06-06T14:43:55.461+0000] {processor.py:840} INFO - DAG(s) 'dag_with_postgres_operator_v01' retrieved from /opt/airflow/dags/postgresql_dag.py
[2025-06-06T14:43:55.522+0000] {logging_mixin.py:188} INFO - [2025-06-06T14:43:55.521+0000] {dag.py:3036} INFO - Sync 1 DAGs
[2025-06-06T14:43:55.602+0000] {logging_mixin.py:188} INFO - [2025-06-06T14:43:55.600+0000] {dag.py:3823} INFO - Setting next_dagrun for dag_with_postgres_operator_v01 to 2025-06-06 00:00:00+00:00, run_after=2025-06-07 00:00:00+00:00
[2025-06-06T14:43:55.708+0000] {processor.py:183} INFO - Processing /opt/airflow/dags/postgresql_dag.py took 0.322 seconds
[2025-06-06T14:44:26.358+0000] {processor.py:161} INFO - Started process (PID=9450) to work on /opt/airflow/dags/postgresql_dag.py
[2025-06-06T14:44:26.360+0000] {processor.py:830} INFO - Processing file /opt/airflow/dags/postgresql_dag.py for tasks to queue
[2025-06-06T14:44:26.362+0000] {logging_mixin.py:188} INFO - [2025-06-06T14:44:26.362+0000] {dagbag.py:538} INFO - Filling up the DagBag from /opt/airflow/dags/postgresql_dag.py
[2025-06-06T14:44:26.442+0000] {processor.py:840} INFO - DAG(s) 'dag_with_postgres_operator_v01' retrieved from /opt/airflow/dags/postgresql_dag.py
[2025-06-06T14:44:26.518+0000] {logging_mixin.py:188} INFO - [2025-06-06T14:44:26.518+0000] {dag.py:3036} INFO - Sync 1 DAGs
[2025-06-06T14:44:26.619+0000] {logging_mixin.py:188} INFO - [2025-06-06T14:44:26.618+0000] {dag.py:3823} INFO - Setting next_dagrun for dag_with_postgres_operator_v01 to 2025-06-06 00:00:00+00:00, run_after=2025-06-07 00:00:00+00:00
[2025-06-06T14:44:26.676+0000] {processor.py:183} INFO - Processing /opt/airflow/dags/postgresql_dag.py took 0.324 seconds
[2025-06-06T14:44:57.742+0000] {processor.py:161} INFO - Started process (PID=9473) to work on /opt/airflow/dags/postgresql_dag.py
[2025-06-06T14:44:57.746+0000] {processor.py:830} INFO - Processing file /opt/airflow/dags/postgresql_dag.py for tasks to queue
[2025-06-06T14:44:57.756+0000] {logging_mixin.py:188} INFO - [2025-06-06T14:44:57.755+0000] {dagbag.py:538} INFO - Filling up the DagBag from /opt/airflow/dags/postgresql_dag.py
[2025-06-06T14:44:57.993+0000] {processor.py:840} INFO - DAG(s) 'dag_with_postgres_operator_v01' retrieved from /opt/airflow/dags/postgresql_dag.py
[2025-06-06T14:44:58.127+0000] {logging_mixin.py:188} INFO - [2025-06-06T14:44:58.126+0000] {dag.py:3036} INFO - Sync 1 DAGs
[2025-06-06T14:44:58.199+0000] {logging_mixin.py:188} INFO - [2025-06-06T14:44:58.199+0000] {dag.py:3823} INFO - Setting next_dagrun for dag_with_postgres_operator_v01 to 2025-06-06 00:00:00+00:00, run_after=2025-06-07 00:00:00+00:00
[2025-06-06T14:44:58.256+0000] {processor.py:183} INFO - Processing /opt/airflow/dags/postgresql_dag.py took 0.520 seconds
[2025-06-06T14:45:28.731+0000] {processor.py:161} INFO - Started process (PID=9496) to work on /opt/airflow/dags/postgresql_dag.py
[2025-06-06T14:45:28.734+0000] {processor.py:830} INFO - Processing file /opt/airflow/dags/postgresql_dag.py for tasks to queue
[2025-06-06T14:45:28.737+0000] {logging_mixin.py:188} INFO - [2025-06-06T14:45:28.736+0000] {dagbag.py:538} INFO - Filling up the DagBag from /opt/airflow/dags/postgresql_dag.py
[2025-06-06T14:45:28.804+0000] {processor.py:840} INFO - DAG(s) 'dag_with_postgres_operator_v01' retrieved from /opt/airflow/dags/postgresql_dag.py
[2025-06-06T14:45:28.874+0000] {logging_mixin.py:188} INFO - [2025-06-06T14:45:28.871+0000] {dag.py:3036} INFO - Sync 1 DAGs
[2025-06-06T14:45:28.922+0000] {logging_mixin.py:188} INFO - [2025-06-06T14:45:28.922+0000] {dag.py:3823} INFO - Setting next_dagrun for dag_with_postgres_operator_v01 to 2025-06-06 00:00:00+00:00, run_after=2025-06-07 00:00:00+00:00
[2025-06-06T14:45:28.988+0000] {processor.py:183} INFO - Processing /opt/airflow/dags/postgresql_dag.py took 0.280 seconds
[2025-06-06T14:45:59.966+0000] {processor.py:161} INFO - Started process (PID=9519) to work on /opt/airflow/dags/postgresql_dag.py
[2025-06-06T14:45:59.969+0000] {processor.py:830} INFO - Processing file /opt/airflow/dags/postgresql_dag.py for tasks to queue
[2025-06-06T14:45:59.972+0000] {logging_mixin.py:188} INFO - [2025-06-06T14:45:59.971+0000] {dagbag.py:538} INFO - Filling up the DagBag from /opt/airflow/dags/postgresql_dag.py
[2025-06-06T14:46:00.054+0000] {processor.py:840} INFO - DAG(s) 'dag_with_postgres_operator_v01' retrieved from /opt/airflow/dags/postgresql_dag.py
[2025-06-06T14:46:00.167+0000] {logging_mixin.py:188} INFO - [2025-06-06T14:46:00.166+0000] {dag.py:3036} INFO - Sync 1 DAGs
[2025-06-06T14:46:00.271+0000] {logging_mixin.py:188} INFO - [2025-06-06T14:46:00.270+0000] {dag.py:3823} INFO - Setting next_dagrun for dag_with_postgres_operator_v01 to 2025-06-06 00:00:00+00:00, run_after=2025-06-07 00:00:00+00:00
[2025-06-06T14:46:00.368+0000] {processor.py:183} INFO - Processing /opt/airflow/dags/postgresql_dag.py took 0.412 seconds
[2025-06-06T14:46:30.824+0000] {processor.py:161} INFO - Started process (PID=9542) to work on /opt/airflow/dags/postgresql_dag.py
[2025-06-06T14:46:30.832+0000] {processor.py:830} INFO - Processing file /opt/airflow/dags/postgresql_dag.py for tasks to queue
[2025-06-06T14:46:30.838+0000] {logging_mixin.py:188} INFO - [2025-06-06T14:46:30.837+0000] {dagbag.py:538} INFO - Filling up the DagBag from /opt/airflow/dags/postgresql_dag.py
[2025-06-06T14:46:30.943+0000] {processor.py:840} INFO - DAG(s) 'dag_with_postgres_operator_v01' retrieved from /opt/airflow/dags/postgresql_dag.py
[2025-06-06T14:46:31.036+0000] {logging_mixin.py:188} INFO - [2025-06-06T14:46:31.035+0000] {dag.py:3036} INFO - Sync 1 DAGs
[2025-06-06T14:46:31.105+0000] {logging_mixin.py:188} INFO - [2025-06-06T14:46:31.104+0000] {dag.py:3823} INFO - Setting next_dagrun for dag_with_postgres_operator_v01 to 2025-06-06 00:00:00+00:00, run_after=2025-06-07 00:00:00+00:00
[2025-06-06T14:46:31.184+0000] {processor.py:183} INFO - Processing /opt/airflow/dags/postgresql_dag.py took 0.366 seconds
[2025-06-06T14:47:01.512+0000] {processor.py:161} INFO - Started process (PID=9565) to work on /opt/airflow/dags/postgresql_dag.py
[2025-06-06T14:47:01.517+0000] {processor.py:830} INFO - Processing file /opt/airflow/dags/postgresql_dag.py for tasks to queue
[2025-06-06T14:47:01.520+0000] {logging_mixin.py:188} INFO - [2025-06-06T14:47:01.519+0000] {dagbag.py:538} INFO - Filling up the DagBag from /opt/airflow/dags/postgresql_dag.py
[2025-06-06T14:47:01.595+0000] {processor.py:840} INFO - DAG(s) 'dag_with_postgres_operator_v01' retrieved from /opt/airflow/dags/postgresql_dag.py
[2025-06-06T14:47:01.672+0000] {logging_mixin.py:188} INFO - [2025-06-06T14:47:01.671+0000] {dag.py:3036} INFO - Sync 1 DAGs
[2025-06-06T14:47:01.765+0000] {logging_mixin.py:188} INFO - [2025-06-06T14:47:01.764+0000] {dag.py:3823} INFO - Setting next_dagrun for dag_with_postgres_operator_v01 to 2025-06-06 00:00:00+00:00, run_after=2025-06-07 00:00:00+00:00
[2025-06-06T14:47:01.850+0000] {processor.py:183} INFO - Processing /opt/airflow/dags/postgresql_dag.py took 0.351 seconds
[2025-06-06T14:47:32.943+0000] {processor.py:161} INFO - Started process (PID=9588) to work on /opt/airflow/dags/postgresql_dag.py
[2025-06-06T14:47:32.946+0000] {processor.py:830} INFO - Processing file /opt/airflow/dags/postgresql_dag.py for tasks to queue
[2025-06-06T14:47:32.948+0000] {logging_mixin.py:188} INFO - [2025-06-06T14:47:32.947+0000] {dagbag.py:538} INFO - Filling up the DagBag from /opt/airflow/dags/postgresql_dag.py
[2025-06-06T14:47:33.085+0000] {processor.py:840} INFO - DAG(s) 'dag_with_postgres_operator_v01' retrieved from /opt/airflow/dags/postgresql_dag.py
[2025-06-06T14:47:33.181+0000] {logging_mixin.py:188} INFO - [2025-06-06T14:47:33.180+0000] {dag.py:3036} INFO - Sync 1 DAGs
[2025-06-06T14:47:33.240+0000] {logging_mixin.py:188} INFO - [2025-06-06T14:47:33.240+0000] {dag.py:3823} INFO - Setting next_dagrun for dag_with_postgres_operator_v01 to 2025-06-06 00:00:00+00:00, run_after=2025-06-07 00:00:00+00:00
[2025-06-06T14:47:33.298+0000] {processor.py:183} INFO - Processing /opt/airflow/dags/postgresql_dag.py took 0.361 seconds
[2025-06-06T14:48:04.264+0000] {processor.py:161} INFO - Started process (PID=9611) to work on /opt/airflow/dags/postgresql_dag.py
[2025-06-06T14:48:04.267+0000] {processor.py:830} INFO - Processing file /opt/airflow/dags/postgresql_dag.py for tasks to queue
[2025-06-06T14:48:04.270+0000] {logging_mixin.py:188} INFO - [2025-06-06T14:48:04.269+0000] {dagbag.py:538} INFO - Filling up the DagBag from /opt/airflow/dags/postgresql_dag.py
[2025-06-06T14:48:04.364+0000] {processor.py:840} INFO - DAG(s) 'dag_with_postgres_operator_v01' retrieved from /opt/airflow/dags/postgresql_dag.py
[2025-06-06T14:48:04.486+0000] {logging_mixin.py:188} INFO - [2025-06-06T14:48:04.485+0000] {dag.py:3036} INFO - Sync 1 DAGs
[2025-06-06T14:48:04.558+0000] {logging_mixin.py:188} INFO - [2025-06-06T14:48:04.557+0000] {dag.py:3823} INFO - Setting next_dagrun for dag_with_postgres_operator_v01 to 2025-06-06 00:00:00+00:00, run_after=2025-06-07 00:00:00+00:00
[2025-06-06T14:48:04.683+0000] {processor.py:183} INFO - Processing /opt/airflow/dags/postgresql_dag.py took 0.430 seconds
[2025-06-06T14:48:35.261+0000] {processor.py:161} INFO - Started process (PID=9638) to work on /opt/airflow/dags/postgresql_dag.py
[2025-06-06T14:48:35.264+0000] {processor.py:830} INFO - Processing file /opt/airflow/dags/postgresql_dag.py for tasks to queue
[2025-06-06T14:48:35.267+0000] {logging_mixin.py:188} INFO - [2025-06-06T14:48:35.267+0000] {dagbag.py:538} INFO - Filling up the DagBag from /opt/airflow/dags/postgresql_dag.py
[2025-06-06T14:48:35.345+0000] {processor.py:840} INFO - DAG(s) 'dag_with_postgres_operator_v01' retrieved from /opt/airflow/dags/postgresql_dag.py
[2025-06-06T14:48:35.438+0000] {logging_mixin.py:188} INFO - [2025-06-06T14:48:35.437+0000] {dag.py:3036} INFO - Sync 1 DAGs
[2025-06-06T14:48:35.506+0000] {logging_mixin.py:188} INFO - [2025-06-06T14:48:35.506+0000] {dag.py:3823} INFO - Setting next_dagrun for dag_with_postgres_operator_v01 to 2025-06-06 00:00:00+00:00, run_after=2025-06-07 00:00:00+00:00
[2025-06-06T14:48:35.588+0000] {processor.py:183} INFO - Processing /opt/airflow/dags/postgresql_dag.py took 0.334 seconds
[2025-06-06T14:49:06.555+0000] {processor.py:161} INFO - Started process (PID=9661) to work on /opt/airflow/dags/postgresql_dag.py
[2025-06-06T14:49:06.562+0000] {processor.py:830} INFO - Processing file /opt/airflow/dags/postgresql_dag.py for tasks to queue
[2025-06-06T14:49:06.565+0000] {logging_mixin.py:188} INFO - [2025-06-06T14:49:06.565+0000] {dagbag.py:538} INFO - Filling up the DagBag from /opt/airflow/dags/postgresql_dag.py
[2025-06-06T14:49:06.660+0000] {processor.py:840} INFO - DAG(s) 'dag_with_postgres_operator_v01' retrieved from /opt/airflow/dags/postgresql_dag.py
[2025-06-06T14:49:06.743+0000] {logging_mixin.py:188} INFO - [2025-06-06T14:49:06.743+0000] {dag.py:3036} INFO - Sync 1 DAGs
[2025-06-06T14:49:06.782+0000] {logging_mixin.py:188} INFO - [2025-06-06T14:49:06.781+0000] {dag.py:3823} INFO - Setting next_dagrun for dag_with_postgres_operator_v01 to 2025-06-06 00:00:00+00:00, run_after=2025-06-07 00:00:00+00:00
[2025-06-06T14:49:06.852+0000] {processor.py:183} INFO - Processing /opt/airflow/dags/postgresql_dag.py took 0.309 seconds
[2025-06-06T14:49:37.063+0000] {processor.py:161} INFO - Started process (PID=9684) to work on /opt/airflow/dags/postgresql_dag.py
[2025-06-06T14:49:37.065+0000] {processor.py:830} INFO - Processing file /opt/airflow/dags/postgresql_dag.py for tasks to queue
[2025-06-06T14:49:37.067+0000] {logging_mixin.py:188} INFO - [2025-06-06T14:49:37.067+0000] {dagbag.py:538} INFO - Filling up the DagBag from /opt/airflow/dags/postgresql_dag.py
[2025-06-06T14:49:37.131+0000] {processor.py:840} INFO - DAG(s) 'dag_with_postgres_operator_v01' retrieved from /opt/airflow/dags/postgresql_dag.py
[2025-06-06T14:49:37.199+0000] {logging_mixin.py:188} INFO - [2025-06-06T14:49:37.199+0000] {dag.py:3036} INFO - Sync 1 DAGs
[2025-06-06T14:49:37.345+0000] {logging_mixin.py:188} INFO - [2025-06-06T14:49:37.344+0000] {dag.py:3823} INFO - Setting next_dagrun for dag_with_postgres_operator_v01 to 2025-06-06 00:00:00+00:00, run_after=2025-06-07 00:00:00+00:00
[2025-06-06T14:49:37.484+0000] {processor.py:183} INFO - Processing /opt/airflow/dags/postgresql_dag.py took 0.430 seconds
[2025-06-06T14:50:08.266+0000] {processor.py:161} INFO - Started process (PID=9706) to work on /opt/airflow/dags/postgresql_dag.py
[2025-06-06T14:50:08.269+0000] {processor.py:830} INFO - Processing file /opt/airflow/dags/postgresql_dag.py for tasks to queue
[2025-06-06T14:50:08.273+0000] {logging_mixin.py:188} INFO - [2025-06-06T14:50:08.272+0000] {dagbag.py:538} INFO - Filling up the DagBag from /opt/airflow/dags/postgresql_dag.py
[2025-06-06T14:50:08.353+0000] {processor.py:840} INFO - DAG(s) 'dag_with_postgres_operator_v01' retrieved from /opt/airflow/dags/postgresql_dag.py
[2025-06-06T14:50:08.508+0000] {logging_mixin.py:188} INFO - [2025-06-06T14:50:08.508+0000] {dag.py:3036} INFO - Sync 1 DAGs
[2025-06-06T14:50:08.579+0000] {logging_mixin.py:188} INFO - [2025-06-06T14:50:08.578+0000] {dag.py:3823} INFO - Setting next_dagrun for dag_with_postgres_operator_v01 to 2025-06-06 00:00:00+00:00, run_after=2025-06-07 00:00:00+00:00
[2025-06-06T14:50:08.630+0000] {processor.py:183} INFO - Processing /opt/airflow/dags/postgresql_dag.py took 0.375 seconds
[2025-06-06T14:50:38.990+0000] {processor.py:161} INFO - Started process (PID=9729) to work on /opt/airflow/dags/postgresql_dag.py
[2025-06-06T14:50:38.992+0000] {processor.py:830} INFO - Processing file /opt/airflow/dags/postgresql_dag.py for tasks to queue
[2025-06-06T14:50:38.994+0000] {logging_mixin.py:188} INFO - [2025-06-06T14:50:38.994+0000] {dagbag.py:538} INFO - Filling up the DagBag from /opt/airflow/dags/postgresql_dag.py
[2025-06-06T14:50:39.071+0000] {processor.py:840} INFO - DAG(s) 'dag_with_postgres_operator_v01' retrieved from /opt/airflow/dags/postgresql_dag.py
[2025-06-06T14:50:39.133+0000] {logging_mixin.py:188} INFO - [2025-06-06T14:50:39.133+0000] {dag.py:3036} INFO - Sync 1 DAGs
[2025-06-06T14:50:39.188+0000] {logging_mixin.py:188} INFO - [2025-06-06T14:50:39.188+0000] {dag.py:3823} INFO - Setting next_dagrun for dag_with_postgres_operator_v01 to 2025-06-06 00:00:00+00:00, run_after=2025-06-07 00:00:00+00:00
[2025-06-06T14:50:39.223+0000] {processor.py:183} INFO - Processing /opt/airflow/dags/postgresql_dag.py took 0.241 seconds
[2025-06-06T14:51:09.775+0000] {processor.py:161} INFO - Started process (PID=9753) to work on /opt/airflow/dags/postgresql_dag.py
[2025-06-06T14:51:09.777+0000] {processor.py:830} INFO - Processing file /opt/airflow/dags/postgresql_dag.py for tasks to queue
[2025-06-06T14:51:09.779+0000] {logging_mixin.py:188} INFO - [2025-06-06T14:51:09.779+0000] {dagbag.py:538} INFO - Filling up the DagBag from /opt/airflow/dags/postgresql_dag.py
[2025-06-06T14:51:09.843+0000] {processor.py:840} INFO - DAG(s) 'dag_with_postgres_operator_v01' retrieved from /opt/airflow/dags/postgresql_dag.py
[2025-06-06T14:51:09.915+0000] {logging_mixin.py:188} INFO - [2025-06-06T14:51:09.914+0000] {dag.py:3036} INFO - Sync 1 DAGs
[2025-06-06T14:51:09.984+0000] {logging_mixin.py:188} INFO - [2025-06-06T14:51:09.984+0000] {dag.py:3823} INFO - Setting next_dagrun for dag_with_postgres_operator_v01 to 2025-06-06 00:00:00+00:00, run_after=2025-06-07 00:00:00+00:00
[2025-06-06T14:51:10.051+0000] {processor.py:183} INFO - Processing /opt/airflow/dags/postgresql_dag.py took 0.281 seconds
[2025-06-06T14:51:40.271+0000] {processor.py:161} INFO - Started process (PID=9776) to work on /opt/airflow/dags/postgresql_dag.py
[2025-06-06T14:51:40.286+0000] {processor.py:830} INFO - Processing file /opt/airflow/dags/postgresql_dag.py for tasks to queue
[2025-06-06T14:51:40.296+0000] {logging_mixin.py:188} INFO - [2025-06-06T14:51:40.295+0000] {dagbag.py:538} INFO - Filling up the DagBag from /opt/airflow/dags/postgresql_dag.py
[2025-06-06T14:51:40.402+0000] {processor.py:840} INFO - DAG(s) 'dag_with_postgres_operator_v01' retrieved from /opt/airflow/dags/postgresql_dag.py
[2025-06-06T14:51:40.488+0000] {logging_mixin.py:188} INFO - [2025-06-06T14:51:40.488+0000] {dag.py:3036} INFO - Sync 1 DAGs
[2025-06-06T14:51:40.554+0000] {logging_mixin.py:188} INFO - [2025-06-06T14:51:40.553+0000] {dag.py:3823} INFO - Setting next_dagrun for dag_with_postgres_operator_v01 to 2025-06-06 00:00:00+00:00, run_after=2025-06-07 00:00:00+00:00
[2025-06-06T14:51:40.613+0000] {processor.py:183} INFO - Processing /opt/airflow/dags/postgresql_dag.py took 0.359 seconds
[2025-06-06T14:52:10.828+0000] {processor.py:161} INFO - Started process (PID=9799) to work on /opt/airflow/dags/postgresql_dag.py
[2025-06-06T14:52:10.845+0000] {processor.py:830} INFO - Processing file /opt/airflow/dags/postgresql_dag.py for tasks to queue
[2025-06-06T14:52:10.854+0000] {logging_mixin.py:188} INFO - [2025-06-06T14:52:10.852+0000] {dagbag.py:538} INFO - Filling up the DagBag from /opt/airflow/dags/postgresql_dag.py
[2025-06-06T14:52:10.922+0000] {processor.py:840} INFO - DAG(s) 'dag_with_postgres_operator_v01' retrieved from /opt/airflow/dags/postgresql_dag.py
[2025-06-06T14:52:11.008+0000] {logging_mixin.py:188} INFO - [2025-06-06T14:52:11.008+0000] {dag.py:3036} INFO - Sync 1 DAGs
[2025-06-06T14:52:11.064+0000] {logging_mixin.py:188} INFO - [2025-06-06T14:52:11.064+0000] {dag.py:3823} INFO - Setting next_dagrun for dag_with_postgres_operator_v01 to 2025-06-06 00:00:00+00:00, run_after=2025-06-07 00:00:00+00:00
[2025-06-06T14:52:11.156+0000] {processor.py:183} INFO - Processing /opt/airflow/dags/postgresql_dag.py took 0.341 seconds
[2025-06-06T14:52:41.802+0000] {processor.py:161} INFO - Started process (PID=9822) to work on /opt/airflow/dags/postgresql_dag.py
[2025-06-06T14:52:41.806+0000] {processor.py:830} INFO - Processing file /opt/airflow/dags/postgresql_dag.py for tasks to queue
[2025-06-06T14:52:41.812+0000] {logging_mixin.py:188} INFO - [2025-06-06T14:52:41.811+0000] {dagbag.py:538} INFO - Filling up the DagBag from /opt/airflow/dags/postgresql_dag.py
[2025-06-06T14:52:41.895+0000] {processor.py:840} INFO - DAG(s) 'dag_with_postgres_operator_v01' retrieved from /opt/airflow/dags/postgresql_dag.py
[2025-06-06T14:52:42.075+0000] {logging_mixin.py:188} INFO - [2025-06-06T14:52:42.074+0000] {dag.py:3036} INFO - Sync 1 DAGs
[2025-06-06T14:52:42.146+0000] {logging_mixin.py:188} INFO - [2025-06-06T14:52:42.145+0000] {dag.py:3823} INFO - Setting next_dagrun for dag_with_postgres_operator_v01 to 2025-06-06 00:00:00+00:00, run_after=2025-06-07 00:00:00+00:00
[2025-06-06T14:52:42.204+0000] {processor.py:183} INFO - Processing /opt/airflow/dags/postgresql_dag.py took 0.414 seconds
[2025-06-06T14:53:12.532+0000] {processor.py:161} INFO - Started process (PID=9844) to work on /opt/airflow/dags/postgresql_dag.py
[2025-06-06T14:53:12.536+0000] {processor.py:830} INFO - Processing file /opt/airflow/dags/postgresql_dag.py for tasks to queue
[2025-06-06T14:53:12.539+0000] {logging_mixin.py:188} INFO - [2025-06-06T14:53:12.539+0000] {dagbag.py:538} INFO - Filling up the DagBag from /opt/airflow/dags/postgresql_dag.py
[2025-06-06T14:53:12.588+0000] {processor.py:840} INFO - DAG(s) 'dag_with_postgres_operator_v01' retrieved from /opt/airflow/dags/postgresql_dag.py
[2025-06-06T14:53:12.635+0000] {logging_mixin.py:188} INFO - [2025-06-06T14:53:12.635+0000] {dag.py:3036} INFO - Sync 1 DAGs
[2025-06-06T14:53:12.685+0000] {logging_mixin.py:188} INFO - [2025-06-06T14:53:12.685+0000] {dag.py:3823} INFO - Setting next_dagrun for dag_with_postgres_operator_v01 to 2025-06-06 00:00:00+00:00, run_after=2025-06-07 00:00:00+00:00
[2025-06-06T14:53:12.730+0000] {processor.py:183} INFO - Processing /opt/airflow/dags/postgresql_dag.py took 0.206 seconds
[2025-06-06T14:53:42.822+0000] {processor.py:161} INFO - Started process (PID=9866) to work on /opt/airflow/dags/postgresql_dag.py
[2025-06-06T14:53:42.824+0000] {processor.py:830} INFO - Processing file /opt/airflow/dags/postgresql_dag.py for tasks to queue
[2025-06-06T14:53:42.826+0000] {logging_mixin.py:188} INFO - [2025-06-06T14:53:42.826+0000] {dagbag.py:538} INFO - Filling up the DagBag from /opt/airflow/dags/postgresql_dag.py
[2025-06-06T14:53:42.869+0000] {processor.py:840} INFO - DAG(s) 'dag_with_postgres_operator_v01' retrieved from /opt/airflow/dags/postgresql_dag.py
[2025-06-06T14:53:42.921+0000] {logging_mixin.py:188} INFO - [2025-06-06T14:53:42.920+0000] {dag.py:3036} INFO - Sync 1 DAGs
[2025-06-06T14:53:42.953+0000] {logging_mixin.py:188} INFO - [2025-06-06T14:53:42.952+0000] {dag.py:3823} INFO - Setting next_dagrun for dag_with_postgres_operator_v01 to 2025-06-06 00:00:00+00:00, run_after=2025-06-07 00:00:00+00:00
[2025-06-06T14:53:42.979+0000] {processor.py:183} INFO - Processing /opt/airflow/dags/postgresql_dag.py took 0.164 seconds
[2025-06-06T14:54:13.271+0000] {processor.py:161} INFO - Started process (PID=9888) to work on /opt/airflow/dags/postgresql_dag.py
[2025-06-06T14:54:13.275+0000] {processor.py:830} INFO - Processing file /opt/airflow/dags/postgresql_dag.py for tasks to queue
[2025-06-06T14:54:13.278+0000] {logging_mixin.py:188} INFO - [2025-06-06T14:54:13.277+0000] {dagbag.py:538} INFO - Filling up the DagBag from /opt/airflow/dags/postgresql_dag.py
[2025-06-06T14:54:13.349+0000] {processor.py:840} INFO - DAG(s) 'dag_with_postgres_operator_v01' retrieved from /opt/airflow/dags/postgresql_dag.py
[2025-06-06T14:54:13.403+0000] {logging_mixin.py:188} INFO - [2025-06-06T14:54:13.403+0000] {dag.py:3036} INFO - Sync 1 DAGs
[2025-06-06T14:54:13.450+0000] {logging_mixin.py:188} INFO - [2025-06-06T14:54:13.450+0000] {dag.py:3823} INFO - Setting next_dagrun for dag_with_postgres_operator_v01 to 2025-06-06 00:00:00+00:00, run_after=2025-06-07 00:00:00+00:00
[2025-06-06T14:54:13.522+0000] {processor.py:183} INFO - Processing /opt/airflow/dags/postgresql_dag.py took 0.261 seconds
[2025-06-06T14:54:44.196+0000] {processor.py:161} INFO - Started process (PID=9911) to work on /opt/airflow/dags/postgresql_dag.py
[2025-06-06T14:54:44.198+0000] {processor.py:830} INFO - Processing file /opt/airflow/dags/postgresql_dag.py for tasks to queue
[2025-06-06T14:54:44.200+0000] {logging_mixin.py:188} INFO - [2025-06-06T14:54:44.200+0000] {dagbag.py:538} INFO - Filling up the DagBag from /opt/airflow/dags/postgresql_dag.py
[2025-06-06T14:54:44.270+0000] {processor.py:840} INFO - DAG(s) 'dag_with_postgres_operator_v01' retrieved from /opt/airflow/dags/postgresql_dag.py
[2025-06-06T14:54:44.325+0000] {logging_mixin.py:188} INFO - [2025-06-06T14:54:44.324+0000] {dag.py:3036} INFO - Sync 1 DAGs
[2025-06-06T14:54:44.366+0000] {logging_mixin.py:188} INFO - [2025-06-06T14:54:44.366+0000] {dag.py:3823} INFO - Setting next_dagrun for dag_with_postgres_operator_v01 to 2025-06-06 00:00:00+00:00, run_after=2025-06-07 00:00:00+00:00
[2025-06-06T14:54:44.407+0000] {processor.py:183} INFO - Processing /opt/airflow/dags/postgresql_dag.py took 0.224 seconds
[2025-06-06T14:55:14.598+0000] {processor.py:161} INFO - Started process (PID=9933) to work on /opt/airflow/dags/postgresql_dag.py
[2025-06-06T14:55:14.603+0000] {processor.py:830} INFO - Processing file /opt/airflow/dags/postgresql_dag.py for tasks to queue
[2025-06-06T14:55:14.606+0000] {logging_mixin.py:188} INFO - [2025-06-06T14:55:14.605+0000] {dagbag.py:538} INFO - Filling up the DagBag from /opt/airflow/dags/postgresql_dag.py
[2025-06-06T14:55:14.708+0000] {processor.py:840} INFO - DAG(s) 'dag_with_postgres_operator_v01' retrieved from /opt/airflow/dags/postgresql_dag.py
[2025-06-06T14:55:14.844+0000] {logging_mixin.py:188} INFO - [2025-06-06T14:55:14.843+0000] {dag.py:3036} INFO - Sync 1 DAGs
[2025-06-06T14:55:14.929+0000] {logging_mixin.py:188} INFO - [2025-06-06T14:55:14.928+0000] {dag.py:3823} INFO - Setting next_dagrun for dag_with_postgres_operator_v01 to 2025-06-06 00:00:00+00:00, run_after=2025-06-07 00:00:00+00:00
[2025-06-06T14:55:14.996+0000] {processor.py:183} INFO - Processing /opt/airflow/dags/postgresql_dag.py took 0.416 seconds
[2025-06-06T14:55:45.791+0000] {processor.py:161} INFO - Started process (PID=9956) to work on /opt/airflow/dags/postgresql_dag.py
[2025-06-06T14:55:45.797+0000] {processor.py:830} INFO - Processing file /opt/airflow/dags/postgresql_dag.py for tasks to queue
[2025-06-06T14:55:45.802+0000] {logging_mixin.py:188} INFO - [2025-06-06T14:55:45.801+0000] {dagbag.py:538} INFO - Filling up the DagBag from /opt/airflow/dags/postgresql_dag.py
[2025-06-06T14:55:45.892+0000] {processor.py:840} INFO - DAG(s) 'dag_with_postgres_operator_v01' retrieved from /opt/airflow/dags/postgresql_dag.py
[2025-06-06T14:55:45.961+0000] {logging_mixin.py:188} INFO - [2025-06-06T14:55:45.961+0000] {dag.py:3036} INFO - Sync 1 DAGs
[2025-06-06T14:55:46.010+0000] {logging_mixin.py:188} INFO - [2025-06-06T14:55:46.009+0000] {dag.py:3823} INFO - Setting next_dagrun for dag_with_postgres_operator_v01 to 2025-06-06 00:00:00+00:00, run_after=2025-06-07 00:00:00+00:00
[2025-06-06T14:55:46.065+0000] {processor.py:183} INFO - Processing /opt/airflow/dags/postgresql_dag.py took 0.290 seconds
[2025-06-06T14:56:16.646+0000] {processor.py:161} INFO - Started process (PID=9981) to work on /opt/airflow/dags/postgresql_dag.py
[2025-06-06T14:56:16.648+0000] {processor.py:830} INFO - Processing file /opt/airflow/dags/postgresql_dag.py for tasks to queue
[2025-06-06T14:56:16.651+0000] {logging_mixin.py:188} INFO - [2025-06-06T14:56:16.650+0000] {dagbag.py:538} INFO - Filling up the DagBag from /opt/airflow/dags/postgresql_dag.py
[2025-06-06T14:56:16.752+0000] {processor.py:840} INFO - DAG(s) 'dag_with_postgres_operator_v01' retrieved from /opt/airflow/dags/postgresql_dag.py
[2025-06-06T14:56:16.875+0000] {logging_mixin.py:188} INFO - [2025-06-06T14:56:16.874+0000] {dag.py:3036} INFO - Sync 1 DAGs
[2025-06-06T14:56:16.977+0000] {logging_mixin.py:188} INFO - [2025-06-06T14:56:16.976+0000] {dag.py:3823} INFO - Setting next_dagrun for dag_with_postgres_operator_v01 to 2025-06-06 00:00:00+00:00, run_after=2025-06-07 00:00:00+00:00
[2025-06-06T14:56:17.071+0000] {processor.py:183} INFO - Processing /opt/airflow/dags/postgresql_dag.py took 0.431 seconds
[2025-06-06T14:56:47.657+0000] {processor.py:161} INFO - Started process (PID=10004) to work on /opt/airflow/dags/postgresql_dag.py
[2025-06-06T14:56:47.659+0000] {processor.py:830} INFO - Processing file /opt/airflow/dags/postgresql_dag.py for tasks to queue
[2025-06-06T14:56:47.661+0000] {logging_mixin.py:188} INFO - [2025-06-06T14:56:47.661+0000] {dagbag.py:538} INFO - Filling up the DagBag from /opt/airflow/dags/postgresql_dag.py
[2025-06-06T14:56:47.715+0000] {processor.py:840} INFO - DAG(s) 'dag_with_postgres_operator_v01' retrieved from /opt/airflow/dags/postgresql_dag.py
[2025-06-06T14:56:47.788+0000] {logging_mixin.py:188} INFO - [2025-06-06T14:56:47.787+0000] {dag.py:3036} INFO - Sync 1 DAGs
[2025-06-06T14:56:47.874+0000] {logging_mixin.py:188} INFO - [2025-06-06T14:56:47.873+0000] {dag.py:3823} INFO - Setting next_dagrun for dag_with_postgres_operator_v01 to 2025-06-06 00:00:00+00:00, run_after=2025-06-07 00:00:00+00:00
[2025-06-06T14:56:47.924+0000] {processor.py:183} INFO - Processing /opt/airflow/dags/postgresql_dag.py took 0.276 seconds
[2025-06-06T14:57:18.264+0000] {processor.py:161} INFO - Started process (PID=10027) to work on /opt/airflow/dags/postgresql_dag.py
[2025-06-06T14:57:18.267+0000] {processor.py:830} INFO - Processing file /opt/airflow/dags/postgresql_dag.py for tasks to queue
[2025-06-06T14:57:18.270+0000] {logging_mixin.py:188} INFO - [2025-06-06T14:57:18.269+0000] {dagbag.py:538} INFO - Filling up the DagBag from /opt/airflow/dags/postgresql_dag.py
[2025-06-06T14:57:18.380+0000] {processor.py:840} INFO - DAG(s) 'dag_with_postgres_operator_v01' retrieved from /opt/airflow/dags/postgresql_dag.py
[2025-06-06T14:57:18.424+0000] {logging_mixin.py:188} INFO - [2025-06-06T14:57:18.423+0000] {dag.py:3036} INFO - Sync 1 DAGs
[2025-06-06T14:57:18.460+0000] {logging_mixin.py:188} INFO - [2025-06-06T14:57:18.459+0000] {dag.py:3823} INFO - Setting next_dagrun for dag_with_postgres_operator_v01 to 2025-06-06 00:00:00+00:00, run_after=2025-06-07 00:00:00+00:00
[2025-06-06T14:57:18.500+0000] {processor.py:183} INFO - Processing /opt/airflow/dags/postgresql_dag.py took 0.244 seconds
[2025-06-06T14:57:48.764+0000] {processor.py:161} INFO - Started process (PID=10050) to work on /opt/airflow/dags/postgresql_dag.py
[2025-06-06T14:57:48.767+0000] {processor.py:830} INFO - Processing file /opt/airflow/dags/postgresql_dag.py for tasks to queue
[2025-06-06T14:57:48.769+0000] {logging_mixin.py:188} INFO - [2025-06-06T14:57:48.768+0000] {dagbag.py:538} INFO - Filling up the DagBag from /opt/airflow/dags/postgresql_dag.py
[2025-06-06T14:57:48.830+0000] {processor.py:840} INFO - DAG(s) 'dag_with_postgres_operator_v01' retrieved from /opt/airflow/dags/postgresql_dag.py
[2025-06-06T14:57:48.891+0000] {logging_mixin.py:188} INFO - [2025-06-06T14:57:48.891+0000] {dag.py:3036} INFO - Sync 1 DAGs
[2025-06-06T14:57:48.936+0000] {logging_mixin.py:188} INFO - [2025-06-06T14:57:48.935+0000] {dag.py:3823} INFO - Setting next_dagrun for dag_with_postgres_operator_v01 to 2025-06-06 00:00:00+00:00, run_after=2025-06-07 00:00:00+00:00
[2025-06-06T14:57:49.008+0000] {processor.py:183} INFO - Processing /opt/airflow/dags/postgresql_dag.py took 0.252 seconds
[2025-06-06T14:58:19.799+0000] {processor.py:161} INFO - Started process (PID=10073) to work on /opt/airflow/dags/postgresql_dag.py
[2025-06-06T14:58:19.801+0000] {processor.py:830} INFO - Processing file /opt/airflow/dags/postgresql_dag.py for tasks to queue
[2025-06-06T14:58:19.805+0000] {logging_mixin.py:188} INFO - [2025-06-06T14:58:19.804+0000] {dagbag.py:538} INFO - Filling up the DagBag from /opt/airflow/dags/postgresql_dag.py
[2025-06-06T14:58:19.880+0000] {processor.py:840} INFO - DAG(s) 'dag_with_postgres_operator_v01' retrieved from /opt/airflow/dags/postgresql_dag.py
[2025-06-06T14:58:19.938+0000] {logging_mixin.py:188} INFO - [2025-06-06T14:58:19.937+0000] {dag.py:3036} INFO - Sync 1 DAGs
[2025-06-06T14:58:20.043+0000] {logging_mixin.py:188} INFO - [2025-06-06T14:58:20.043+0000] {dag.py:3823} INFO - Setting next_dagrun for dag_with_postgres_operator_v01 to 2025-06-06 00:00:00+00:00, run_after=2025-06-07 00:00:00+00:00
[2025-06-06T14:58:20.103+0000] {processor.py:183} INFO - Processing /opt/airflow/dags/postgresql_dag.py took 0.309 seconds
[2025-06-06T14:58:50.370+0000] {processor.py:161} INFO - Started process (PID=10096) to work on /opt/airflow/dags/postgresql_dag.py
[2025-06-06T14:58:50.373+0000] {processor.py:830} INFO - Processing file /opt/airflow/dags/postgresql_dag.py for tasks to queue
[2025-06-06T14:58:50.379+0000] {logging_mixin.py:188} INFO - [2025-06-06T14:58:50.377+0000] {dagbag.py:538} INFO - Filling up the DagBag from /opt/airflow/dags/postgresql_dag.py
[2025-06-06T14:58:50.425+0000] {processor.py:840} INFO - DAG(s) 'dag_with_postgres_operator_v01' retrieved from /opt/airflow/dags/postgresql_dag.py
[2025-06-06T14:58:50.479+0000] {logging_mixin.py:188} INFO - [2025-06-06T14:58:50.479+0000] {dag.py:3036} INFO - Sync 1 DAGs
[2025-06-06T14:58:50.558+0000] {logging_mixin.py:188} INFO - [2025-06-06T14:58:50.557+0000] {dag.py:3823} INFO - Setting next_dagrun for dag_with_postgres_operator_v01 to 2025-06-06 00:00:00+00:00, run_after=2025-06-07 00:00:00+00:00
[2025-06-06T14:58:50.682+0000] {processor.py:183} INFO - Processing /opt/airflow/dags/postgresql_dag.py took 0.319 seconds
[2025-06-06T14:59:20.965+0000] {processor.py:161} INFO - Started process (PID=10119) to work on /opt/airflow/dags/postgresql_dag.py
[2025-06-06T14:59:20.968+0000] {processor.py:830} INFO - Processing file /opt/airflow/dags/postgresql_dag.py for tasks to queue
[2025-06-06T14:59:20.971+0000] {logging_mixin.py:188} INFO - [2025-06-06T14:59:20.971+0000] {dagbag.py:538} INFO - Filling up the DagBag from /opt/airflow/dags/postgresql_dag.py
[2025-06-06T14:59:21.072+0000] {processor.py:840} INFO - DAG(s) 'dag_with_postgres_operator_v01' retrieved from /opt/airflow/dags/postgresql_dag.py
[2025-06-06T14:59:21.271+0000] {logging_mixin.py:188} INFO - [2025-06-06T14:59:21.270+0000] {dag.py:3036} INFO - Sync 1 DAGs
[2025-06-06T14:59:21.343+0000] {logging_mixin.py:188} INFO - [2025-06-06T14:59:21.342+0000] {dag.py:3823} INFO - Setting next_dagrun for dag_with_postgres_operator_v01 to 2025-06-06 00:00:00+00:00, run_after=2025-06-07 00:00:00+00:00
[2025-06-06T14:59:21.402+0000] {processor.py:183} INFO - Processing /opt/airflow/dags/postgresql_dag.py took 0.452 seconds
[2025-06-06T14:59:51.866+0000] {processor.py:161} INFO - Started process (PID=10148) to work on /opt/airflow/dags/postgresql_dag.py
[2025-06-06T14:59:51.890+0000] {processor.py:830} INFO - Processing file /opt/airflow/dags/postgresql_dag.py for tasks to queue
[2025-06-06T14:59:51.908+0000] {logging_mixin.py:188} INFO - [2025-06-06T14:59:51.898+0000] {dagbag.py:538} INFO - Filling up the DagBag from /opt/airflow/dags/postgresql_dag.py
[2025-06-06T14:59:52.024+0000] {processor.py:840} INFO - DAG(s) 'dag_with_postgres_operator_v01' retrieved from /opt/airflow/dags/postgresql_dag.py
[2025-06-06T14:59:52.138+0000] {logging_mixin.py:188} INFO - [2025-06-06T14:59:52.137+0000] {dag.py:3036} INFO - Sync 1 DAGs
[2025-06-06T14:59:52.216+0000] {logging_mixin.py:188} INFO - [2025-06-06T14:59:52.216+0000] {dag.py:3823} INFO - Setting next_dagrun for dag_with_postgres_operator_v01 to 2025-06-06 00:00:00+00:00, run_after=2025-06-07 00:00:00+00:00
[2025-06-06T14:59:52.271+0000] {processor.py:183} INFO - Processing /opt/airflow/dags/postgresql_dag.py took 0.418 seconds
[2025-06-06T15:00:22.939+0000] {processor.py:161} INFO - Started process (PID=10170) to work on /opt/airflow/dags/postgresql_dag.py
[2025-06-06T15:00:22.942+0000] {processor.py:830} INFO - Processing file /opt/airflow/dags/postgresql_dag.py for tasks to queue
[2025-06-06T15:00:22.946+0000] {logging_mixin.py:188} INFO - [2025-06-06T15:00:22.944+0000] {dagbag.py:538} INFO - Filling up the DagBag from /opt/airflow/dags/postgresql_dag.py
[2025-06-06T15:00:22.993+0000] {processor.py:840} INFO - DAG(s) 'dag_with_postgres_operator_v01' retrieved from /opt/airflow/dags/postgresql_dag.py
[2025-06-06T15:00:23.038+0000] {logging_mixin.py:188} INFO - [2025-06-06T15:00:23.038+0000] {dag.py:3036} INFO - Sync 1 DAGs
[2025-06-06T15:00:23.076+0000] {logging_mixin.py:188} INFO - [2025-06-06T15:00:23.076+0000] {dag.py:3823} INFO - Setting next_dagrun for dag_with_postgres_operator_v01 to 2025-06-06 00:00:00+00:00, run_after=2025-06-07 00:00:00+00:00
[2025-06-06T15:00:23.165+0000] {processor.py:183} INFO - Processing /opt/airflow/dags/postgresql_dag.py took 0.234 seconds
[2025-06-06T15:00:53.723+0000] {processor.py:161} INFO - Started process (PID=10193) to work on /opt/airflow/dags/postgresql_dag.py
[2025-06-06T15:00:53.727+0000] {processor.py:830} INFO - Processing file /opt/airflow/dags/postgresql_dag.py for tasks to queue
[2025-06-06T15:00:53.735+0000] {logging_mixin.py:188} INFO - [2025-06-06T15:00:53.733+0000] {dagbag.py:538} INFO - Filling up the DagBag from /opt/airflow/dags/postgresql_dag.py
[2025-06-06T15:00:53.822+0000] {processor.py:840} INFO - DAG(s) 'dag_with_postgres_operator_v01' retrieved from /opt/airflow/dags/postgresql_dag.py
[2025-06-06T15:00:53.950+0000] {logging_mixin.py:188} INFO - [2025-06-06T15:00:53.948+0000] {dag.py:3036} INFO - Sync 1 DAGs
[2025-06-06T15:00:54.067+0000] {logging_mixin.py:188} INFO - [2025-06-06T15:00:54.066+0000] {dag.py:3823} INFO - Setting next_dagrun for dag_with_postgres_operator_v01 to 2025-06-06 00:00:00+00:00, run_after=2025-06-07 00:00:00+00:00
[2025-06-06T15:00:54.148+0000] {processor.py:183} INFO - Processing /opt/airflow/dags/postgresql_dag.py took 0.431 seconds
[2025-06-06T15:01:25.002+0000] {processor.py:161} INFO - Started process (PID=10216) to work on /opt/airflow/dags/postgresql_dag.py
[2025-06-06T15:01:25.011+0000] {processor.py:830} INFO - Processing file /opt/airflow/dags/postgresql_dag.py for tasks to queue
[2025-06-06T15:01:25.020+0000] {logging_mixin.py:188} INFO - [2025-06-06T15:01:25.019+0000] {dagbag.py:538} INFO - Filling up the DagBag from /opt/airflow/dags/postgresql_dag.py
[2025-06-06T15:01:25.084+0000] {processor.py:840} INFO - DAG(s) 'dag_with_postgres_operator_v01' retrieved from /opt/airflow/dags/postgresql_dag.py
[2025-06-06T15:01:25.143+0000] {logging_mixin.py:188} INFO - [2025-06-06T15:01:25.143+0000] {dag.py:3036} INFO - Sync 1 DAGs
[2025-06-06T15:01:25.196+0000] {logging_mixin.py:188} INFO - [2025-06-06T15:01:25.195+0000] {dag.py:3823} INFO - Setting next_dagrun for dag_with_postgres_operator_v01 to 2025-06-06 00:00:00+00:00, run_after=2025-06-07 00:00:00+00:00
[2025-06-06T15:01:25.233+0000] {processor.py:183} INFO - Processing /opt/airflow/dags/postgresql_dag.py took 0.253 seconds
[2025-06-06T15:01:55.537+0000] {processor.py:161} INFO - Started process (PID=10239) to work on /opt/airflow/dags/postgresql_dag.py
[2025-06-06T15:01:55.540+0000] {processor.py:830} INFO - Processing file /opt/airflow/dags/postgresql_dag.py for tasks to queue
[2025-06-06T15:01:55.544+0000] {logging_mixin.py:188} INFO - [2025-06-06T15:01:55.543+0000] {dagbag.py:538} INFO - Filling up the DagBag from /opt/airflow/dags/postgresql_dag.py
[2025-06-06T15:01:55.681+0000] {processor.py:840} INFO - DAG(s) 'dag_with_postgres_operator_v01' retrieved from /opt/airflow/dags/postgresql_dag.py
[2025-06-06T15:01:55.765+0000] {logging_mixin.py:188} INFO - [2025-06-06T15:01:55.763+0000] {dag.py:3036} INFO - Sync 1 DAGs
[2025-06-06T15:01:55.813+0000] {logging_mixin.py:188} INFO - [2025-06-06T15:01:55.813+0000] {dag.py:3823} INFO - Setting next_dagrun for dag_with_postgres_operator_v01 to 2025-06-06 00:00:00+00:00, run_after=2025-06-07 00:00:00+00:00
[2025-06-06T15:01:55.887+0000] {processor.py:183} INFO - Processing /opt/airflow/dags/postgresql_dag.py took 0.358 seconds
[2025-06-06T15:02:26.498+0000] {processor.py:161} INFO - Started process (PID=10262) to work on /opt/airflow/dags/postgresql_dag.py
[2025-06-06T15:02:26.523+0000] {processor.py:830} INFO - Processing file /opt/airflow/dags/postgresql_dag.py for tasks to queue
[2025-06-06T15:02:26.542+0000] {logging_mixin.py:188} INFO - [2025-06-06T15:02:26.541+0000] {dagbag.py:538} INFO - Filling up the DagBag from /opt/airflow/dags/postgresql_dag.py
[2025-06-06T15:02:26.630+0000] {processor.py:840} INFO - DAG(s) 'dag_with_postgres_operator_v01' retrieved from /opt/airflow/dags/postgresql_dag.py
[2025-06-06T15:02:26.683+0000] {logging_mixin.py:188} INFO - [2025-06-06T15:02:26.682+0000] {dag.py:3036} INFO - Sync 1 DAGs
[2025-06-06T15:02:26.729+0000] {logging_mixin.py:188} INFO - [2025-06-06T15:02:26.728+0000] {dag.py:3823} INFO - Setting next_dagrun for dag_with_postgres_operator_v01 to 2025-06-06 00:00:00+00:00, run_after=2025-06-07 00:00:00+00:00
[2025-06-06T15:02:26.788+0000] {processor.py:183} INFO - Processing /opt/airflow/dags/postgresql_dag.py took 0.296 seconds
[2025-06-06T15:02:57.160+0000] {processor.py:161} INFO - Started process (PID=10285) to work on /opt/airflow/dags/postgresql_dag.py
[2025-06-06T15:02:57.167+0000] {processor.py:830} INFO - Processing file /opt/airflow/dags/postgresql_dag.py for tasks to queue
[2025-06-06T15:02:57.173+0000] {logging_mixin.py:188} INFO - [2025-06-06T15:02:57.172+0000] {dagbag.py:538} INFO - Filling up the DagBag from /opt/airflow/dags/postgresql_dag.py
[2025-06-06T15:02:57.254+0000] {processor.py:840} INFO - DAG(s) 'dag_with_postgres_operator_v01' retrieved from /opt/airflow/dags/postgresql_dag.py
[2025-06-06T15:02:57.339+0000] {logging_mixin.py:188} INFO - [2025-06-06T15:02:57.338+0000] {dag.py:3036} INFO - Sync 1 DAGs
[2025-06-06T15:02:57.397+0000] {logging_mixin.py:188} INFO - [2025-06-06T15:02:57.396+0000] {dag.py:3823} INFO - Setting next_dagrun for dag_with_postgres_operator_v01 to 2025-06-06 00:00:00+00:00, run_after=2025-06-07 00:00:00+00:00
[2025-06-06T15:02:57.461+0000] {processor.py:183} INFO - Processing /opt/airflow/dags/postgresql_dag.py took 0.312 seconds
[2025-06-06T15:03:28.113+0000] {processor.py:161} INFO - Started process (PID=10307) to work on /opt/airflow/dags/postgresql_dag.py
[2025-06-06T15:03:28.115+0000] {processor.py:830} INFO - Processing file /opt/airflow/dags/postgresql_dag.py for tasks to queue
[2025-06-06T15:03:28.118+0000] {logging_mixin.py:188} INFO - [2025-06-06T15:03:28.117+0000] {dagbag.py:538} INFO - Filling up the DagBag from /opt/airflow/dags/postgresql_dag.py
[2025-06-06T15:03:28.165+0000] {processor.py:840} INFO - DAG(s) 'dag_with_postgres_operator_v01' retrieved from /opt/airflow/dags/postgresql_dag.py
[2025-06-06T15:03:28.235+0000] {logging_mixin.py:188} INFO - [2025-06-06T15:03:28.234+0000] {dag.py:3036} INFO - Sync 1 DAGs
[2025-06-06T15:03:28.285+0000] {logging_mixin.py:188} INFO - [2025-06-06T15:03:28.284+0000] {dag.py:3823} INFO - Setting next_dagrun for dag_with_postgres_operator_v01 to 2025-06-06 00:00:00+00:00, run_after=2025-06-07 00:00:00+00:00
[2025-06-06T15:03:28.333+0000] {processor.py:183} INFO - Processing /opt/airflow/dags/postgresql_dag.py took 0.228 seconds
[2025-06-06T15:03:58.924+0000] {processor.py:161} INFO - Started process (PID=10330) to work on /opt/airflow/dags/postgresql_dag.py
[2025-06-06T15:03:58.927+0000] {processor.py:830} INFO - Processing file /opt/airflow/dags/postgresql_dag.py for tasks to queue
[2025-06-06T15:03:58.929+0000] {logging_mixin.py:188} INFO - [2025-06-06T15:03:58.928+0000] {dagbag.py:538} INFO - Filling up the DagBag from /opt/airflow/dags/postgresql_dag.py
[2025-06-06T15:03:58.977+0000] {processor.py:840} INFO - DAG(s) 'dag_with_postgres_operator_v01' retrieved from /opt/airflow/dags/postgresql_dag.py
[2025-06-06T15:03:59.032+0000] {logging_mixin.py:188} INFO - [2025-06-06T15:03:59.031+0000] {dag.py:3036} INFO - Sync 1 DAGs
[2025-06-06T15:03:59.076+0000] {logging_mixin.py:188} INFO - [2025-06-06T15:03:59.075+0000] {dag.py:3823} INFO - Setting next_dagrun for dag_with_postgres_operator_v01 to 2025-06-06 00:00:00+00:00, run_after=2025-06-07 00:00:00+00:00
[2025-06-06T15:03:59.131+0000] {processor.py:183} INFO - Processing /opt/airflow/dags/postgresql_dag.py took 0.213 seconds
[2025-06-06T15:04:29.313+0000] {processor.py:161} INFO - Started process (PID=10353) to work on /opt/airflow/dags/postgresql_dag.py
[2025-06-06T15:04:29.317+0000] {processor.py:830} INFO - Processing file /opt/airflow/dags/postgresql_dag.py for tasks to queue
[2025-06-06T15:04:29.320+0000] {logging_mixin.py:188} INFO - [2025-06-06T15:04:29.320+0000] {dagbag.py:538} INFO - Filling up the DagBag from /opt/airflow/dags/postgresql_dag.py
[2025-06-06T15:04:29.416+0000] {processor.py:840} INFO - DAG(s) 'dag_with_postgres_operator_v01' retrieved from /opt/airflow/dags/postgresql_dag.py
[2025-06-06T15:04:29.506+0000] {logging_mixin.py:188} INFO - [2025-06-06T15:04:29.505+0000] {dag.py:3036} INFO - Sync 1 DAGs
[2025-06-06T15:04:29.597+0000] {logging_mixin.py:188} INFO - [2025-06-06T15:04:29.596+0000] {dag.py:3823} INFO - Setting next_dagrun for dag_with_postgres_operator_v01 to 2025-06-06 00:00:00+00:00, run_after=2025-06-07 00:00:00+00:00
[2025-06-06T15:04:29.660+0000] {processor.py:183} INFO - Processing /opt/airflow/dags/postgresql_dag.py took 0.354 seconds
[2025-06-06T15:05:00.609+0000] {processor.py:161} INFO - Started process (PID=10376) to work on /opt/airflow/dags/postgresql_dag.py
[2025-06-06T15:05:00.611+0000] {processor.py:830} INFO - Processing file /opt/airflow/dags/postgresql_dag.py for tasks to queue
[2025-06-06T15:05:00.614+0000] {logging_mixin.py:188} INFO - [2025-06-06T15:05:00.613+0000] {dagbag.py:538} INFO - Filling up the DagBag from /opt/airflow/dags/postgresql_dag.py
[2025-06-06T15:05:00.694+0000] {processor.py:840} INFO - DAG(s) 'dag_with_postgres_operator_v01' retrieved from /opt/airflow/dags/postgresql_dag.py
[2025-06-06T15:05:00.747+0000] {logging_mixin.py:188} INFO - [2025-06-06T15:05:00.746+0000] {dag.py:3036} INFO - Sync 1 DAGs
[2025-06-06T15:05:00.782+0000] {logging_mixin.py:188} INFO - [2025-06-06T15:05:00.782+0000] {dag.py:3823} INFO - Setting next_dagrun for dag_with_postgres_operator_v01 to 2025-06-06 00:00:00+00:00, run_after=2025-06-07 00:00:00+00:00
[2025-06-06T15:05:00.815+0000] {processor.py:183} INFO - Processing /opt/airflow/dags/postgresql_dag.py took 0.211 seconds
[2025-06-06T15:05:31.462+0000] {processor.py:161} INFO - Started process (PID=10398) to work on /opt/airflow/dags/postgresql_dag.py
[2025-06-06T15:05:31.465+0000] {processor.py:830} INFO - Processing file /opt/airflow/dags/postgresql_dag.py for tasks to queue
[2025-06-06T15:05:31.468+0000] {logging_mixin.py:188} INFO - [2025-06-06T15:05:31.467+0000] {dagbag.py:538} INFO - Filling up the DagBag from /opt/airflow/dags/postgresql_dag.py
[2025-06-06T15:05:31.523+0000] {processor.py:840} INFO - DAG(s) 'dag_with_postgres_operator_v01' retrieved from /opt/airflow/dags/postgresql_dag.py
[2025-06-06T15:05:31.622+0000] {logging_mixin.py:188} INFO - [2025-06-06T15:05:31.621+0000] {dag.py:3036} INFO - Sync 1 DAGs
[2025-06-06T15:05:31.670+0000] {logging_mixin.py:188} INFO - [2025-06-06T15:05:31.670+0000] {dag.py:3823} INFO - Setting next_dagrun for dag_with_postgres_operator_v01 to 2025-06-06 00:00:00+00:00, run_after=2025-06-07 00:00:00+00:00
[2025-06-06T15:05:31.729+0000] {processor.py:183} INFO - Processing /opt/airflow/dags/postgresql_dag.py took 0.273 seconds
[2025-06-06T15:06:02.396+0000] {processor.py:161} INFO - Started process (PID=10422) to work on /opt/airflow/dags/postgresql_dag.py
[2025-06-06T15:06:02.398+0000] {processor.py:830} INFO - Processing file /opt/airflow/dags/postgresql_dag.py for tasks to queue
[2025-06-06T15:06:02.400+0000] {logging_mixin.py:188} INFO - [2025-06-06T15:06:02.399+0000] {dagbag.py:538} INFO - Filling up the DagBag from /opt/airflow/dags/postgresql_dag.py
[2025-06-06T15:06:02.443+0000] {processor.py:840} INFO - DAG(s) 'dag_with_postgres_operator_v01' retrieved from /opt/airflow/dags/postgresql_dag.py
[2025-06-06T15:06:02.486+0000] {logging_mixin.py:188} INFO - [2025-06-06T15:06:02.486+0000] {dag.py:3036} INFO - Sync 1 DAGs
[2025-06-06T15:06:02.520+0000] {logging_mixin.py:188} INFO - [2025-06-06T15:06:02.520+0000] {dag.py:3823} INFO - Setting next_dagrun for dag_with_postgres_operator_v01 to 2025-06-06 00:00:00+00:00, run_after=2025-06-07 00:00:00+00:00
[2025-06-06T15:06:02.564+0000] {processor.py:183} INFO - Processing /opt/airflow/dags/postgresql_dag.py took 0.172 seconds
