[2025-06-06T13:51:47.048+0000] {processor.py:161} INFO - Started process (PID=8651) to work on /opt/airflow/dags/python_operator_dag2.py
[2025-06-06T13:51:47.050+0000] {processor.py:830} INFO - Processing file /opt/airflow/dags/python_operator_dag2.py for tasks to queue
[2025-06-06T13:51:47.052+0000] {logging_mixin.py:188} INFO - [2025-06-06T13:51:47.052+0000] {dagbag.py:538} INFO - Filling up the DagBag from /opt/airflow/dags/python_operator_dag2.py
[2025-06-06T13:51:47.217+0000] {processor.py:840} INFO - DAG(s) 'python_operator' retrieved from /opt/airflow/dags/python_operator_dag2.py
[2025-06-06T13:51:47.360+0000] {logging_mixin.py:188} INFO - [2025-06-06T13:51:47.360+0000] {dag.py:3036} INFO - Sync 1 DAGs
[2025-06-06T13:51:47.489+0000] {logging_mixin.py:188} INFO - [2025-06-06T13:51:47.488+0000] {dag.py:3823} INFO - Setting next_dagrun for python_operator to 2025-05-18 00:00:00+00:00, run_after=2025-05-19 00:00:00+00:00
[2025-06-06T13:51:47.594+0000] {processor.py:183} INFO - Processing /opt/airflow/dags/python_operator_dag2.py took 0.553 seconds
[2025-06-06T14:26:52.211+0000] {processor.py:161} INFO - Started process (PID=8674) to work on /opt/airflow/dags/python_operator_dag2.py
[2025-06-06T14:26:52.222+0000] {processor.py:830} INFO - Processing file /opt/airflow/dags/python_operator_dag2.py for tasks to queue
[2025-06-06T14:26:52.225+0000] {logging_mixin.py:188} INFO - [2025-06-06T14:26:52.224+0000] {dagbag.py:538} INFO - Filling up the DagBag from /opt/airflow/dags/python_operator_dag2.py
[2025-06-06T14:26:52.303+0000] {processor.py:840} INFO - DAG(s) 'python_operator' retrieved from /opt/airflow/dags/python_operator_dag2.py
[2025-06-06T14:26:52.486+0000] {logging_mixin.py:188} INFO - [2025-06-06T14:26:52.486+0000] {dag.py:3036} INFO - Sync 1 DAGs
[2025-06-06T14:26:52.633+0000] {logging_mixin.py:188} INFO - [2025-06-06T14:26:52.632+0000] {dag.py:3823} INFO - Setting next_dagrun for python_operator to 2025-05-18 00:00:00+00:00, run_after=2025-05-19 00:00:00+00:00
[2025-06-06T14:26:52.739+0000] {processor.py:183} INFO - Processing /opt/airflow/dags/python_operator_dag2.py took 0.535 seconds
[2025-06-06T14:27:23.453+0000] {processor.py:161} INFO - Started process (PID=8697) to work on /opt/airflow/dags/python_operator_dag2.py
[2025-06-06T14:27:23.455+0000] {processor.py:830} INFO - Processing file /opt/airflow/dags/python_operator_dag2.py for tasks to queue
[2025-06-06T14:27:23.458+0000] {logging_mixin.py:188} INFO - [2025-06-06T14:27:23.457+0000] {dagbag.py:538} INFO - Filling up the DagBag from /opt/airflow/dags/python_operator_dag2.py
[2025-06-06T14:27:23.515+0000] {processor.py:840} INFO - DAG(s) 'python_operator' retrieved from /opt/airflow/dags/python_operator_dag2.py
[2025-06-06T14:27:23.557+0000] {logging_mixin.py:188} INFO - [2025-06-06T14:27:23.557+0000] {dag.py:3036} INFO - Sync 1 DAGs
[2025-06-06T14:27:23.588+0000] {logging_mixin.py:188} INFO - [2025-06-06T14:27:23.587+0000] {dag.py:3823} INFO - Setting next_dagrun for python_operator to 2025-05-18 00:00:00+00:00, run_after=2025-05-19 00:00:00+00:00
[2025-06-06T14:27:23.612+0000] {processor.py:183} INFO - Processing /opt/airflow/dags/python_operator_dag2.py took 0.165 seconds
[2025-06-06T14:27:54.025+0000] {processor.py:161} INFO - Started process (PID=8720) to work on /opt/airflow/dags/python_operator_dag2.py
[2025-06-06T14:27:54.028+0000] {processor.py:830} INFO - Processing file /opt/airflow/dags/python_operator_dag2.py for tasks to queue
[2025-06-06T14:27:54.031+0000] {logging_mixin.py:188} INFO - [2025-06-06T14:27:54.030+0000] {dagbag.py:538} INFO - Filling up the DagBag from /opt/airflow/dags/python_operator_dag2.py
[2025-06-06T14:27:54.065+0000] {processor.py:840} INFO - DAG(s) 'python_operator' retrieved from /opt/airflow/dags/python_operator_dag2.py
[2025-06-06T14:27:54.098+0000] {logging_mixin.py:188} INFO - [2025-06-06T14:27:54.098+0000] {dag.py:3036} INFO - Sync 1 DAGs
[2025-06-06T14:27:54.121+0000] {logging_mixin.py:188} INFO - [2025-06-06T14:27:54.121+0000] {dag.py:3823} INFO - Setting next_dagrun for python_operator to 2025-05-18 00:00:00+00:00, run_after=2025-05-19 00:00:00+00:00
[2025-06-06T14:27:54.186+0000] {processor.py:183} INFO - Processing /opt/airflow/dags/python_operator_dag2.py took 0.166 seconds
[2025-06-06T14:28:26.440+0000] {processor.py:161} INFO - Started process (PID=8743) to work on /opt/airflow/dags/python_operator_dag2.py
[2025-06-06T14:28:26.443+0000] {processor.py:830} INFO - Processing file /opt/airflow/dags/python_operator_dag2.py for tasks to queue
[2025-06-06T14:28:26.448+0000] {logging_mixin.py:188} INFO - [2025-06-06T14:28:26.447+0000] {dagbag.py:538} INFO - Filling up the DagBag from /opt/airflow/dags/python_operator_dag2.py
[2025-06-06T14:28:26.581+0000] {processor.py:840} INFO - DAG(s) 'python_operator' retrieved from /opt/airflow/dags/python_operator_dag2.py
[2025-06-06T14:28:26.711+0000] {logging_mixin.py:188} INFO - [2025-06-06T14:28:26.710+0000] {dag.py:3036} INFO - Sync 1 DAGs
[2025-06-06T14:28:26.805+0000] {logging_mixin.py:188} INFO - [2025-06-06T14:28:26.804+0000] {dag.py:3823} INFO - Setting next_dagrun for python_operator to 2025-05-18 00:00:00+00:00, run_after=2025-05-19 00:00:00+00:00
[2025-06-06T14:28:26.903+0000] {processor.py:183} INFO - Processing /opt/airflow/dags/python_operator_dag2.py took 0.473 seconds
[2025-06-06T14:29:00.376+0000] {processor.py:161} INFO - Started process (PID=8767) to work on /opt/airflow/dags/python_operator_dag2.py
[2025-06-06T14:29:00.385+0000] {processor.py:830} INFO - Processing file /opt/airflow/dags/python_operator_dag2.py for tasks to queue
[2025-06-06T14:29:00.388+0000] {logging_mixin.py:188} INFO - [2025-06-06T14:29:00.387+0000] {dagbag.py:538} INFO - Filling up the DagBag from /opt/airflow/dags/python_operator_dag2.py
[2025-06-06T14:29:00.456+0000] {processor.py:840} INFO - DAG(s) 'python_operator' retrieved from /opt/airflow/dags/python_operator_dag2.py
[2025-06-06T14:29:00.533+0000] {logging_mixin.py:188} INFO - [2025-06-06T14:29:00.533+0000] {dag.py:3036} INFO - Sync 1 DAGs
[2025-06-06T14:29:00.656+0000] {logging_mixin.py:188} INFO - [2025-06-06T14:29:00.655+0000] {dag.py:3823} INFO - Setting next_dagrun for python_operator to 2025-05-18 00:00:00+00:00, run_after=2025-05-19 00:00:00+00:00
[2025-06-06T14:29:00.740+0000] {processor.py:183} INFO - Processing /opt/airflow/dags/python_operator_dag2.py took 0.372 seconds
[2025-06-06T14:29:32.098+0000] {processor.py:161} INFO - Started process (PID=8790) to work on /opt/airflow/dags/python_operator_dag2.py
[2025-06-06T14:29:32.103+0000] {processor.py:830} INFO - Processing file /opt/airflow/dags/python_operator_dag2.py for tasks to queue
[2025-06-06T14:29:32.106+0000] {logging_mixin.py:188} INFO - [2025-06-06T14:29:32.106+0000] {dagbag.py:538} INFO - Filling up the DagBag from /opt/airflow/dags/python_operator_dag2.py
[2025-06-06T14:29:32.220+0000] {processor.py:840} INFO - DAG(s) 'python_operator' retrieved from /opt/airflow/dags/python_operator_dag2.py
[2025-06-06T14:29:32.306+0000] {logging_mixin.py:188} INFO - [2025-06-06T14:29:32.306+0000] {dag.py:3036} INFO - Sync 1 DAGs
[2025-06-06T14:29:32.381+0000] {logging_mixin.py:188} INFO - [2025-06-06T14:29:32.381+0000] {dag.py:3823} INFO - Setting next_dagrun for python_operator to 2025-05-18 00:00:00+00:00, run_after=2025-05-19 00:00:00+00:00
[2025-06-06T14:29:32.494+0000] {processor.py:183} INFO - Processing /opt/airflow/dags/python_operator_dag2.py took 0.405 seconds
[2025-06-06T14:30:08.751+0000] {processor.py:161} INFO - Started process (PID=8813) to work on /opt/airflow/dags/python_operator_dag2.py
[2025-06-06T14:30:08.768+0000] {processor.py:830} INFO - Processing file /opt/airflow/dags/python_operator_dag2.py for tasks to queue
[2025-06-06T14:30:08.783+0000] {logging_mixin.py:188} INFO - [2025-06-06T14:30:08.782+0000] {dagbag.py:538} INFO - Filling up the DagBag from /opt/airflow/dags/python_operator_dag2.py
[2025-06-06T14:30:08.912+0000] {processor.py:840} INFO - DAG(s) 'python_operator' retrieved from /opt/airflow/dags/python_operator_dag2.py
[2025-06-06T14:30:09.044+0000] {logging_mixin.py:188} INFO - [2025-06-06T14:30:09.043+0000] {dag.py:3036} INFO - Sync 1 DAGs
[2025-06-06T14:30:09.131+0000] {logging_mixin.py:188} INFO - [2025-06-06T14:30:09.131+0000] {dag.py:3823} INFO - Setting next_dagrun for python_operator to 2025-05-18 00:00:00+00:00, run_after=2025-05-19 00:00:00+00:00
[2025-06-06T14:30:09.255+0000] {processor.py:183} INFO - Processing /opt/airflow/dags/python_operator_dag2.py took 0.511 seconds
[2025-06-06T14:30:39.538+0000] {processor.py:161} INFO - Started process (PID=8836) to work on /opt/airflow/dags/python_operator_dag2.py
[2025-06-06T14:30:39.545+0000] {processor.py:830} INFO - Processing file /opt/airflow/dags/python_operator_dag2.py for tasks to queue
[2025-06-06T14:30:39.549+0000] {logging_mixin.py:188} INFO - [2025-06-06T14:30:39.549+0000] {dagbag.py:538} INFO - Filling up the DagBag from /opt/airflow/dags/python_operator_dag2.py
[2025-06-06T14:30:39.629+0000] {processor.py:840} INFO - DAG(s) 'python_operator' retrieved from /opt/airflow/dags/python_operator_dag2.py
[2025-06-06T14:30:39.723+0000] {logging_mixin.py:188} INFO - [2025-06-06T14:30:39.722+0000] {dag.py:3036} INFO - Sync 1 DAGs
[2025-06-06T14:30:39.850+0000] {logging_mixin.py:188} INFO - [2025-06-06T14:30:39.850+0000] {dag.py:3823} INFO - Setting next_dagrun for python_operator to 2025-05-18 00:00:00+00:00, run_after=2025-05-19 00:00:00+00:00
[2025-06-06T14:30:39.914+0000] {processor.py:183} INFO - Processing /opt/airflow/dags/python_operator_dag2.py took 0.391 seconds
[2025-06-06T14:31:10.888+0000] {processor.py:161} INFO - Started process (PID=8859) to work on /opt/airflow/dags/python_operator_dag2.py
[2025-06-06T14:31:10.891+0000] {processor.py:830} INFO - Processing file /opt/airflow/dags/python_operator_dag2.py for tasks to queue
[2025-06-06T14:31:10.893+0000] {logging_mixin.py:188} INFO - [2025-06-06T14:31:10.892+0000] {dagbag.py:538} INFO - Filling up the DagBag from /opt/airflow/dags/python_operator_dag2.py
[2025-06-06T14:31:10.988+0000] {processor.py:840} INFO - DAG(s) 'python_operator' retrieved from /opt/airflow/dags/python_operator_dag2.py
[2025-06-06T14:31:11.099+0000] {logging_mixin.py:188} INFO - [2025-06-06T14:31:11.097+0000] {dag.py:3036} INFO - Sync 1 DAGs
[2025-06-06T14:31:11.190+0000] {logging_mixin.py:188} INFO - [2025-06-06T14:31:11.189+0000] {dag.py:3823} INFO - Setting next_dagrun for python_operator to 2025-05-18 00:00:00+00:00, run_after=2025-05-19 00:00:00+00:00
[2025-06-06T14:31:11.280+0000] {processor.py:183} INFO - Processing /opt/airflow/dags/python_operator_dag2.py took 0.400 seconds
[2025-06-06T14:31:42.319+0000] {processor.py:161} INFO - Started process (PID=8882) to work on /opt/airflow/dags/python_operator_dag2.py
[2025-06-06T14:31:42.321+0000] {processor.py:830} INFO - Processing file /opt/airflow/dags/python_operator_dag2.py for tasks to queue
[2025-06-06T14:31:42.324+0000] {logging_mixin.py:188} INFO - [2025-06-06T14:31:42.324+0000] {dagbag.py:538} INFO - Filling up the DagBag from /opt/airflow/dags/python_operator_dag2.py
[2025-06-06T14:31:42.423+0000] {processor.py:840} INFO - DAG(s) 'python_operator' retrieved from /opt/airflow/dags/python_operator_dag2.py
[2025-06-06T14:31:42.511+0000] {logging_mixin.py:188} INFO - [2025-06-06T14:31:42.511+0000] {dag.py:3036} INFO - Sync 1 DAGs
[2025-06-06T14:31:42.606+0000] {logging_mixin.py:188} INFO - [2025-06-06T14:31:42.605+0000] {dag.py:3823} INFO - Setting next_dagrun for python_operator to 2025-05-18 00:00:00+00:00, run_after=2025-05-19 00:00:00+00:00
[2025-06-06T14:31:42.711+0000] {processor.py:183} INFO - Processing /opt/airflow/dags/python_operator_dag2.py took 0.400 seconds
[2025-06-06T14:32:13.232+0000] {processor.py:161} INFO - Started process (PID=8905) to work on /opt/airflow/dags/python_operator_dag2.py
[2025-06-06T14:32:13.235+0000] {processor.py:830} INFO - Processing file /opt/airflow/dags/python_operator_dag2.py for tasks to queue
[2025-06-06T14:32:13.239+0000] {logging_mixin.py:188} INFO - [2025-06-06T14:32:13.237+0000] {dagbag.py:538} INFO - Filling up the DagBag from /opt/airflow/dags/python_operator_dag2.py
[2025-06-06T14:32:13.305+0000] {processor.py:840} INFO - DAG(s) 'python_operator' retrieved from /opt/airflow/dags/python_operator_dag2.py
[2025-06-06T14:32:13.413+0000] {logging_mixin.py:188} INFO - [2025-06-06T14:32:13.412+0000] {dag.py:3036} INFO - Sync 1 DAGs
[2025-06-06T14:32:13.495+0000] {logging_mixin.py:188} INFO - [2025-06-06T14:32:13.494+0000] {dag.py:3823} INFO - Setting next_dagrun for python_operator to 2025-05-18 00:00:00+00:00, run_after=2025-05-19 00:00:00+00:00
[2025-06-06T14:32:13.564+0000] {processor.py:183} INFO - Processing /opt/airflow/dags/python_operator_dag2.py took 0.338 seconds
[2025-06-06T14:32:43.898+0000] {processor.py:161} INFO - Started process (PID=8934) to work on /opt/airflow/dags/python_operator_dag2.py
[2025-06-06T14:32:43.901+0000] {processor.py:830} INFO - Processing file /opt/airflow/dags/python_operator_dag2.py for tasks to queue
[2025-06-06T14:32:43.902+0000] {logging_mixin.py:188} INFO - [2025-06-06T14:32:43.902+0000] {dagbag.py:538} INFO - Filling up the DagBag from /opt/airflow/dags/python_operator_dag2.py
[2025-06-06T14:32:43.948+0000] {processor.py:840} INFO - DAG(s) 'python_operator' retrieved from /opt/airflow/dags/python_operator_dag2.py
[2025-06-06T14:32:44.033+0000] {logging_mixin.py:188} INFO - [2025-06-06T14:32:44.032+0000] {dag.py:3036} INFO - Sync 1 DAGs
[2025-06-06T14:32:44.134+0000] {logging_mixin.py:188} INFO - [2025-06-06T14:32:44.133+0000] {dag.py:3823} INFO - Setting next_dagrun for python_operator to 2025-05-18 00:00:00+00:00, run_after=2025-05-19 00:00:00+00:00
[2025-06-06T14:32:44.204+0000] {processor.py:183} INFO - Processing /opt/airflow/dags/python_operator_dag2.py took 0.311 seconds
[2025-06-06T14:33:15.080+0000] {processor.py:161} INFO - Started process (PID=8958) to work on /opt/airflow/dags/python_operator_dag2.py
[2025-06-06T14:33:15.082+0000] {processor.py:830} INFO - Processing file /opt/airflow/dags/python_operator_dag2.py for tasks to queue
[2025-06-06T14:33:15.084+0000] {logging_mixin.py:188} INFO - [2025-06-06T14:33:15.084+0000] {dagbag.py:538} INFO - Filling up the DagBag from /opt/airflow/dags/python_operator_dag2.py
[2025-06-06T14:33:15.132+0000] {processor.py:840} INFO - DAG(s) 'python_operator' retrieved from /opt/airflow/dags/python_operator_dag2.py
[2025-06-06T14:33:15.188+0000] {logging_mixin.py:188} INFO - [2025-06-06T14:33:15.188+0000] {dag.py:3036} INFO - Sync 1 DAGs
[2025-06-06T14:33:15.232+0000] {logging_mixin.py:188} INFO - [2025-06-06T14:33:15.231+0000] {dag.py:3823} INFO - Setting next_dagrun for python_operator to 2025-05-18 00:00:00+00:00, run_after=2025-05-19 00:00:00+00:00
[2025-06-06T14:33:15.324+0000] {processor.py:183} INFO - Processing /opt/airflow/dags/python_operator_dag2.py took 0.253 seconds
[2025-06-06T14:33:47.457+0000] {processor.py:161} INFO - Started process (PID=8981) to work on /opt/airflow/dags/python_operator_dag2.py
[2025-06-06T14:33:47.460+0000] {processor.py:830} INFO - Processing file /opt/airflow/dags/python_operator_dag2.py for tasks to queue
[2025-06-06T14:33:47.462+0000] {logging_mixin.py:188} INFO - [2025-06-06T14:33:47.461+0000] {dagbag.py:538} INFO - Filling up the DagBag from /opt/airflow/dags/python_operator_dag2.py
[2025-06-06T14:33:47.552+0000] {processor.py:840} INFO - DAG(s) 'python_operator' retrieved from /opt/airflow/dags/python_operator_dag2.py
[2025-06-06T14:33:47.633+0000] {logging_mixin.py:188} INFO - [2025-06-06T14:33:47.633+0000] {dag.py:3036} INFO - Sync 1 DAGs
[2025-06-06T14:33:47.717+0000] {logging_mixin.py:188} INFO - [2025-06-06T14:33:47.716+0000] {dag.py:3823} INFO - Setting next_dagrun for python_operator to 2025-05-18 00:00:00+00:00, run_after=2025-05-19 00:00:00+00:00
[2025-06-06T14:33:47.778+0000] {processor.py:183} INFO - Processing /opt/airflow/dags/python_operator_dag2.py took 0.328 seconds
[2025-06-06T14:34:18.354+0000] {processor.py:161} INFO - Started process (PID=9004) to work on /opt/airflow/dags/python_operator_dag2.py
[2025-06-06T14:34:18.356+0000] {processor.py:830} INFO - Processing file /opt/airflow/dags/python_operator_dag2.py for tasks to queue
[2025-06-06T14:34:18.359+0000] {logging_mixin.py:188} INFO - [2025-06-06T14:34:18.358+0000] {dagbag.py:538} INFO - Filling up the DagBag from /opt/airflow/dags/python_operator_dag2.py
[2025-06-06T14:34:18.417+0000] {processor.py:840} INFO - DAG(s) 'python_operator' retrieved from /opt/airflow/dags/python_operator_dag2.py
[2025-06-06T14:34:18.471+0000] {logging_mixin.py:188} INFO - [2025-06-06T14:34:18.470+0000] {dag.py:3036} INFO - Sync 1 DAGs
[2025-06-06T14:34:18.534+0000] {logging_mixin.py:188} INFO - [2025-06-06T14:34:18.533+0000] {dag.py:3823} INFO - Setting next_dagrun for python_operator to 2025-05-18 00:00:00+00:00, run_after=2025-05-19 00:00:00+00:00
[2025-06-06T14:34:18.597+0000] {processor.py:183} INFO - Processing /opt/airflow/dags/python_operator_dag2.py took 0.249 seconds
[2025-06-06T14:34:49.409+0000] {processor.py:161} INFO - Started process (PID=9027) to work on /opt/airflow/dags/python_operator_dag2.py
[2025-06-06T14:34:49.413+0000] {processor.py:830} INFO - Processing file /opt/airflow/dags/python_operator_dag2.py for tasks to queue
[2025-06-06T14:34:49.416+0000] {logging_mixin.py:188} INFO - [2025-06-06T14:34:49.415+0000] {dagbag.py:538} INFO - Filling up the DagBag from /opt/airflow/dags/python_operator_dag2.py
[2025-06-06T14:34:49.466+0000] {processor.py:840} INFO - DAG(s) 'python_operator' retrieved from /opt/airflow/dags/python_operator_dag2.py
[2025-06-06T14:34:49.524+0000] {logging_mixin.py:188} INFO - [2025-06-06T14:34:49.524+0000] {dag.py:3036} INFO - Sync 1 DAGs
[2025-06-06T14:34:49.565+0000] {logging_mixin.py:188} INFO - [2025-06-06T14:34:49.563+0000] {dag.py:3823} INFO - Setting next_dagrun for python_operator to 2025-05-18 00:00:00+00:00, run_after=2025-05-19 00:00:00+00:00
[2025-06-06T14:34:49.602+0000] {processor.py:183} INFO - Processing /opt/airflow/dags/python_operator_dag2.py took 0.201 seconds
[2025-06-06T14:35:20.450+0000] {processor.py:161} INFO - Started process (PID=9051) to work on /opt/airflow/dags/python_operator_dag2.py
[2025-06-06T14:35:20.455+0000] {processor.py:830} INFO - Processing file /opt/airflow/dags/python_operator_dag2.py for tasks to queue
[2025-06-06T14:35:20.458+0000] {logging_mixin.py:188} INFO - [2025-06-06T14:35:20.457+0000] {dagbag.py:538} INFO - Filling up the DagBag from /opt/airflow/dags/python_operator_dag2.py
[2025-06-06T14:35:20.535+0000] {processor.py:840} INFO - DAG(s) 'python_operator' retrieved from /opt/airflow/dags/python_operator_dag2.py
[2025-06-06T14:35:20.607+0000] {logging_mixin.py:188} INFO - [2025-06-06T14:35:20.606+0000] {dag.py:3036} INFO - Sync 1 DAGs
[2025-06-06T14:35:20.653+0000] {logging_mixin.py:188} INFO - [2025-06-06T14:35:20.652+0000] {dag.py:3823} INFO - Setting next_dagrun for python_operator to 2025-05-18 00:00:00+00:00, run_after=2025-05-19 00:00:00+00:00
[2025-06-06T14:35:20.709+0000] {processor.py:183} INFO - Processing /opt/airflow/dags/python_operator_dag2.py took 0.273 seconds
[2025-06-06T14:35:52.112+0000] {processor.py:161} INFO - Started process (PID=9074) to work on /opt/airflow/dags/python_operator_dag2.py
[2025-06-06T14:35:52.115+0000] {processor.py:830} INFO - Processing file /opt/airflow/dags/python_operator_dag2.py for tasks to queue
[2025-06-06T14:35:52.119+0000] {logging_mixin.py:188} INFO - [2025-06-06T14:35:52.118+0000] {dagbag.py:538} INFO - Filling up the DagBag from /opt/airflow/dags/python_operator_dag2.py
[2025-06-06T14:35:52.194+0000] {processor.py:840} INFO - DAG(s) 'python_operator' retrieved from /opt/airflow/dags/python_operator_dag2.py
[2025-06-06T14:35:52.252+0000] {logging_mixin.py:188} INFO - [2025-06-06T14:35:52.251+0000] {dag.py:3036} INFO - Sync 1 DAGs
[2025-06-06T14:35:52.284+0000] {logging_mixin.py:188} INFO - [2025-06-06T14:35:52.284+0000] {dag.py:3823} INFO - Setting next_dagrun for python_operator to 2025-05-18 00:00:00+00:00, run_after=2025-05-19 00:00:00+00:00
[2025-06-06T14:35:52.340+0000] {processor.py:183} INFO - Processing /opt/airflow/dags/python_operator_dag2.py took 0.235 seconds
[2025-06-06T14:36:24.168+0000] {processor.py:161} INFO - Started process (PID=9098) to work on /opt/airflow/dags/python_operator_dag2.py
[2025-06-06T14:36:24.173+0000] {processor.py:830} INFO - Processing file /opt/airflow/dags/python_operator_dag2.py for tasks to queue
[2025-06-06T14:36:24.180+0000] {logging_mixin.py:188} INFO - [2025-06-06T14:36:24.179+0000] {dagbag.py:538} INFO - Filling up the DagBag from /opt/airflow/dags/python_operator_dag2.py
[2025-06-06T14:36:24.297+0000] {processor.py:840} INFO - DAG(s) 'python_operator' retrieved from /opt/airflow/dags/python_operator_dag2.py
[2025-06-06T14:36:24.357+0000] {logging_mixin.py:188} INFO - [2025-06-06T14:36:24.356+0000] {dag.py:3036} INFO - Sync 1 DAGs
[2025-06-06T14:36:24.423+0000] {logging_mixin.py:188} INFO - [2025-06-06T14:36:24.422+0000] {dag.py:3823} INFO - Setting next_dagrun for python_operator to 2025-05-18 00:00:00+00:00, run_after=2025-05-19 00:00:00+00:00
[2025-06-06T14:36:24.485+0000] {processor.py:183} INFO - Processing /opt/airflow/dags/python_operator_dag2.py took 0.329 seconds
[2025-06-06T14:36:55.435+0000] {processor.py:161} INFO - Started process (PID=9121) to work on /opt/airflow/dags/python_operator_dag2.py
[2025-06-06T14:36:55.438+0000] {processor.py:830} INFO - Processing file /opt/airflow/dags/python_operator_dag2.py for tasks to queue
[2025-06-06T14:36:55.441+0000] {logging_mixin.py:188} INFO - [2025-06-06T14:36:55.441+0000] {dagbag.py:538} INFO - Filling up the DagBag from /opt/airflow/dags/python_operator_dag2.py
[2025-06-06T14:36:55.499+0000] {processor.py:840} INFO - DAG(s) 'python_operator' retrieved from /opt/airflow/dags/python_operator_dag2.py
[2025-06-06T14:36:55.588+0000] {logging_mixin.py:188} INFO - [2025-06-06T14:36:55.587+0000] {dag.py:3036} INFO - Sync 1 DAGs
[2025-06-06T14:36:55.651+0000] {logging_mixin.py:188} INFO - [2025-06-06T14:36:55.651+0000] {dag.py:3823} INFO - Setting next_dagrun for python_operator to 2025-05-18 00:00:00+00:00, run_after=2025-05-19 00:00:00+00:00
[2025-06-06T14:36:55.730+0000] {processor.py:183} INFO - Processing /opt/airflow/dags/python_operator_dag2.py took 0.300 seconds
[2025-06-06T14:37:26.762+0000] {processor.py:161} INFO - Started process (PID=9144) to work on /opt/airflow/dags/python_operator_dag2.py
[2025-06-06T14:37:26.764+0000] {processor.py:830} INFO - Processing file /opt/airflow/dags/python_operator_dag2.py for tasks to queue
[2025-06-06T14:37:26.765+0000] {logging_mixin.py:188} INFO - [2025-06-06T14:37:26.765+0000] {dagbag.py:538} INFO - Filling up the DagBag from /opt/airflow/dags/python_operator_dag2.py
[2025-06-06T14:37:26.811+0000] {processor.py:840} INFO - DAG(s) 'python_operator' retrieved from /opt/airflow/dags/python_operator_dag2.py
[2025-06-06T14:37:26.856+0000] {logging_mixin.py:188} INFO - [2025-06-06T14:37:26.855+0000] {dag.py:3036} INFO - Sync 1 DAGs
[2025-06-06T14:37:26.913+0000] {logging_mixin.py:188} INFO - [2025-06-06T14:37:26.912+0000] {dag.py:3823} INFO - Setting next_dagrun for python_operator to 2025-05-18 00:00:00+00:00, run_after=2025-05-19 00:00:00+00:00
[2025-06-06T14:37:26.955+0000] {processor.py:183} INFO - Processing /opt/airflow/dags/python_operator_dag2.py took 0.199 seconds
[2025-06-06T14:37:58.407+0000] {processor.py:161} INFO - Started process (PID=9167) to work on /opt/airflow/dags/python_operator_dag2.py
[2025-06-06T14:37:58.410+0000] {processor.py:830} INFO - Processing file /opt/airflow/dags/python_operator_dag2.py for tasks to queue
[2025-06-06T14:37:58.416+0000] {logging_mixin.py:188} INFO - [2025-06-06T14:37:58.414+0000] {dagbag.py:538} INFO - Filling up the DagBag from /opt/airflow/dags/python_operator_dag2.py
[2025-06-06T14:37:58.491+0000] {processor.py:840} INFO - DAG(s) 'python_operator' retrieved from /opt/airflow/dags/python_operator_dag2.py
[2025-06-06T14:37:58.550+0000] {logging_mixin.py:188} INFO - [2025-06-06T14:37:58.549+0000] {dag.py:3036} INFO - Sync 1 DAGs
[2025-06-06T14:37:58.635+0000] {logging_mixin.py:188} INFO - [2025-06-06T14:37:58.634+0000] {dag.py:3823} INFO - Setting next_dagrun for python_operator to 2025-05-18 00:00:00+00:00, run_after=2025-05-19 00:00:00+00:00
[2025-06-06T14:37:58.692+0000] {processor.py:183} INFO - Processing /opt/airflow/dags/python_operator_dag2.py took 0.291 seconds
[2025-06-06T14:38:29.695+0000] {processor.py:161} INFO - Started process (PID=9190) to work on /opt/airflow/dags/python_operator_dag2.py
[2025-06-06T14:38:29.701+0000] {processor.py:830} INFO - Processing file /opt/airflow/dags/python_operator_dag2.py for tasks to queue
[2025-06-06T14:38:29.706+0000] {logging_mixin.py:188} INFO - [2025-06-06T14:38:29.704+0000] {dagbag.py:538} INFO - Filling up the DagBag from /opt/airflow/dags/python_operator_dag2.py
[2025-06-06T14:38:29.778+0000] {processor.py:840} INFO - DAG(s) 'python_operator' retrieved from /opt/airflow/dags/python_operator_dag2.py
[2025-06-06T14:38:29.890+0000] {logging_mixin.py:188} INFO - [2025-06-06T14:38:29.890+0000] {dag.py:3036} INFO - Sync 1 DAGs
[2025-06-06T14:38:29.976+0000] {logging_mixin.py:188} INFO - [2025-06-06T14:38:29.975+0000] {dag.py:3823} INFO - Setting next_dagrun for python_operator to 2025-05-18 00:00:00+00:00, run_after=2025-05-19 00:00:00+00:00
[2025-06-06T14:38:30.076+0000] {processor.py:183} INFO - Processing /opt/airflow/dags/python_operator_dag2.py took 0.401 seconds
[2025-06-06T14:39:00.267+0000] {processor.py:161} INFO - Started process (PID=9212) to work on /opt/airflow/dags/python_operator_dag2.py
[2025-06-06T14:39:00.270+0000] {processor.py:830} INFO - Processing file /opt/airflow/dags/python_operator_dag2.py for tasks to queue
[2025-06-06T14:39:00.274+0000] {logging_mixin.py:188} INFO - [2025-06-06T14:39:00.273+0000] {dagbag.py:538} INFO - Filling up the DagBag from /opt/airflow/dags/python_operator_dag2.py
[2025-06-06T14:39:00.345+0000] {processor.py:840} INFO - DAG(s) 'python_operator' retrieved from /opt/airflow/dags/python_operator_dag2.py
[2025-06-06T14:39:00.418+0000] {logging_mixin.py:188} INFO - [2025-06-06T14:39:00.417+0000] {dag.py:3036} INFO - Sync 1 DAGs
[2025-06-06T14:39:00.477+0000] {logging_mixin.py:188} INFO - [2025-06-06T14:39:00.477+0000] {dag.py:3823} INFO - Setting next_dagrun for python_operator to 2025-05-18 00:00:00+00:00, run_after=2025-05-19 00:00:00+00:00
[2025-06-06T14:39:00.530+0000] {processor.py:183} INFO - Processing /opt/airflow/dags/python_operator_dag2.py took 0.270 seconds
[2025-06-06T14:39:31.139+0000] {processor.py:161} INFO - Started process (PID=9234) to work on /opt/airflow/dags/python_operator_dag2.py
[2025-06-06T14:39:31.142+0000] {processor.py:830} INFO - Processing file /opt/airflow/dags/python_operator_dag2.py for tasks to queue
[2025-06-06T14:39:31.145+0000] {logging_mixin.py:188} INFO - [2025-06-06T14:39:31.144+0000] {dagbag.py:538} INFO - Filling up the DagBag from /opt/airflow/dags/python_operator_dag2.py
[2025-06-06T14:39:31.207+0000] {processor.py:840} INFO - DAG(s) 'python_operator' retrieved from /opt/airflow/dags/python_operator_dag2.py
[2025-06-06T14:39:31.367+0000] {logging_mixin.py:188} INFO - [2025-06-06T14:39:31.366+0000] {dag.py:3036} INFO - Sync 1 DAGs
[2025-06-06T14:39:31.433+0000] {logging_mixin.py:188} INFO - [2025-06-06T14:39:31.432+0000] {dag.py:3823} INFO - Setting next_dagrun for python_operator to 2025-05-18 00:00:00+00:00, run_after=2025-05-19 00:00:00+00:00
[2025-06-06T14:39:31.511+0000] {processor.py:183} INFO - Processing /opt/airflow/dags/python_operator_dag2.py took 0.379 seconds
[2025-06-06T14:40:02.280+0000] {processor.py:161} INFO - Started process (PID=9256) to work on /opt/airflow/dags/python_operator_dag2.py
[2025-06-06T14:40:02.283+0000] {processor.py:830} INFO - Processing file /opt/airflow/dags/python_operator_dag2.py for tasks to queue
[2025-06-06T14:40:02.287+0000] {logging_mixin.py:188} INFO - [2025-06-06T14:40:02.286+0000] {dagbag.py:538} INFO - Filling up the DagBag from /opt/airflow/dags/python_operator_dag2.py
[2025-06-06T14:40:02.344+0000] {processor.py:840} INFO - DAG(s) 'python_operator' retrieved from /opt/airflow/dags/python_operator_dag2.py
[2025-06-06T14:40:02.421+0000] {logging_mixin.py:188} INFO - [2025-06-06T14:40:02.420+0000] {dag.py:3036} INFO - Sync 1 DAGs
[2025-06-06T14:40:02.487+0000] {logging_mixin.py:188} INFO - [2025-06-06T14:40:02.486+0000] {dag.py:3823} INFO - Setting next_dagrun for python_operator to 2025-05-18 00:00:00+00:00, run_after=2025-05-19 00:00:00+00:00
[2025-06-06T14:40:02.546+0000] {processor.py:183} INFO - Processing /opt/airflow/dags/python_operator_dag2.py took 0.274 seconds
[2025-06-06T14:40:33.646+0000] {processor.py:161} INFO - Started process (PID=9279) to work on /opt/airflow/dags/python_operator_dag2.py
[2025-06-06T14:40:33.650+0000] {processor.py:830} INFO - Processing file /opt/airflow/dags/python_operator_dag2.py for tasks to queue
[2025-06-06T14:40:33.657+0000] {logging_mixin.py:188} INFO - [2025-06-06T14:40:33.656+0000] {dagbag.py:538} INFO - Filling up the DagBag from /opt/airflow/dags/python_operator_dag2.py
[2025-06-06T14:40:33.720+0000] {processor.py:840} INFO - DAG(s) 'python_operator' retrieved from /opt/airflow/dags/python_operator_dag2.py
[2025-06-06T14:40:33.788+0000] {logging_mixin.py:188} INFO - [2025-06-06T14:40:33.787+0000] {dag.py:3036} INFO - Sync 1 DAGs
[2025-06-06T14:40:33.879+0000] {logging_mixin.py:188} INFO - [2025-06-06T14:40:33.878+0000] {dag.py:3823} INFO - Setting next_dagrun for python_operator to 2025-05-18 00:00:00+00:00, run_after=2025-05-19 00:00:00+00:00
[2025-06-06T14:40:33.929+0000] {processor.py:183} INFO - Processing /opt/airflow/dags/python_operator_dag2.py took 0.302 seconds
[2025-06-06T14:41:05.244+0000] {processor.py:161} INFO - Started process (PID=9302) to work on /opt/airflow/dags/python_operator_dag2.py
[2025-06-06T14:41:05.248+0000] {processor.py:830} INFO - Processing file /opt/airflow/dags/python_operator_dag2.py for tasks to queue
[2025-06-06T14:41:05.254+0000] {logging_mixin.py:188} INFO - [2025-06-06T14:41:05.253+0000] {dagbag.py:538} INFO - Filling up the DagBag from /opt/airflow/dags/python_operator_dag2.py
[2025-06-06T14:41:05.332+0000] {processor.py:840} INFO - DAG(s) 'python_operator' retrieved from /opt/airflow/dags/python_operator_dag2.py
[2025-06-06T14:41:05.465+0000] {logging_mixin.py:188} INFO - [2025-06-06T14:41:05.465+0000] {dag.py:3036} INFO - Sync 1 DAGs
[2025-06-06T14:41:05.522+0000] {logging_mixin.py:188} INFO - [2025-06-06T14:41:05.521+0000] {dag.py:3823} INFO - Setting next_dagrun for python_operator to 2025-05-18 00:00:00+00:00, run_after=2025-05-19 00:00:00+00:00
[2025-06-06T14:41:05.574+0000] {processor.py:183} INFO - Processing /opt/airflow/dags/python_operator_dag2.py took 0.345 seconds
[2025-06-06T14:41:36.358+0000] {processor.py:161} INFO - Started process (PID=9325) to work on /opt/airflow/dags/python_operator_dag2.py
[2025-06-06T14:41:36.368+0000] {processor.py:830} INFO - Processing file /opt/airflow/dags/python_operator_dag2.py for tasks to queue
[2025-06-06T14:41:36.370+0000] {logging_mixin.py:188} INFO - [2025-06-06T14:41:36.370+0000] {dagbag.py:538} INFO - Filling up the DagBag from /opt/airflow/dags/python_operator_dag2.py
[2025-06-06T14:41:36.424+0000] {processor.py:840} INFO - DAG(s) 'python_operator' retrieved from /opt/airflow/dags/python_operator_dag2.py
[2025-06-06T14:41:36.529+0000] {logging_mixin.py:188} INFO - [2025-06-06T14:41:36.528+0000] {dag.py:3036} INFO - Sync 1 DAGs
[2025-06-06T14:41:36.582+0000] {logging_mixin.py:188} INFO - [2025-06-06T14:41:36.581+0000] {dag.py:3823} INFO - Setting next_dagrun for python_operator to 2025-05-18 00:00:00+00:00, run_after=2025-05-19 00:00:00+00:00
[2025-06-06T14:41:36.637+0000] {processor.py:183} INFO - Processing /opt/airflow/dags/python_operator_dag2.py took 0.291 seconds
[2025-06-06T14:42:07.473+0000] {processor.py:161} INFO - Started process (PID=9347) to work on /opt/airflow/dags/python_operator_dag2.py
[2025-06-06T14:42:07.476+0000] {processor.py:830} INFO - Processing file /opt/airflow/dags/python_operator_dag2.py for tasks to queue
[2025-06-06T14:42:07.478+0000] {logging_mixin.py:188} INFO - [2025-06-06T14:42:07.477+0000] {dagbag.py:538} INFO - Filling up the DagBag from /opt/airflow/dags/python_operator_dag2.py
[2025-06-06T14:42:07.534+0000] {processor.py:840} INFO - DAG(s) 'python_operator' retrieved from /opt/airflow/dags/python_operator_dag2.py
[2025-06-06T14:42:07.584+0000] {logging_mixin.py:188} INFO - [2025-06-06T14:42:07.582+0000] {dag.py:3036} INFO - Sync 1 DAGs
[2025-06-06T14:42:07.640+0000] {logging_mixin.py:188} INFO - [2025-06-06T14:42:07.640+0000] {dag.py:3823} INFO - Setting next_dagrun for python_operator to 2025-05-18 00:00:00+00:00, run_after=2025-05-19 00:00:00+00:00
[2025-06-06T14:42:07.697+0000] {processor.py:183} INFO - Processing /opt/airflow/dags/python_operator_dag2.py took 0.233 seconds
[2025-06-06T14:42:38.703+0000] {processor.py:161} INFO - Started process (PID=9368) to work on /opt/airflow/dags/python_operator_dag2.py
[2025-06-06T14:42:38.708+0000] {processor.py:830} INFO - Processing file /opt/airflow/dags/python_operator_dag2.py for tasks to queue
[2025-06-06T14:42:38.711+0000] {logging_mixin.py:188} INFO - [2025-06-06T14:42:38.710+0000] {dagbag.py:538} INFO - Filling up the DagBag from /opt/airflow/dags/python_operator_dag2.py
[2025-06-06T14:42:38.773+0000] {processor.py:840} INFO - DAG(s) 'python_operator' retrieved from /opt/airflow/dags/python_operator_dag2.py
[2025-06-06T14:42:38.833+0000] {logging_mixin.py:188} INFO - [2025-06-06T14:42:38.832+0000] {dag.py:3036} INFO - Sync 1 DAGs
[2025-06-06T14:42:38.890+0000] {logging_mixin.py:188} INFO - [2025-06-06T14:42:38.889+0000] {dag.py:3823} INFO - Setting next_dagrun for python_operator to 2025-05-18 00:00:00+00:00, run_after=2025-05-19 00:00:00+00:00
[2025-06-06T14:42:38.944+0000] {processor.py:183} INFO - Processing /opt/airflow/dags/python_operator_dag2.py took 0.249 seconds
[2025-06-06T14:43:09.461+0000] {processor.py:161} INFO - Started process (PID=9390) to work on /opt/airflow/dags/python_operator_dag2.py
[2025-06-06T14:43:09.464+0000] {processor.py:830} INFO - Processing file /opt/airflow/dags/python_operator_dag2.py for tasks to queue
[2025-06-06T14:43:09.468+0000] {logging_mixin.py:188} INFO - [2025-06-06T14:43:09.466+0000] {dagbag.py:538} INFO - Filling up the DagBag from /opt/airflow/dags/python_operator_dag2.py
[2025-06-06T14:43:09.537+0000] {processor.py:840} INFO - DAG(s) 'python_operator' retrieved from /opt/airflow/dags/python_operator_dag2.py
[2025-06-06T14:43:09.620+0000] {logging_mixin.py:188} INFO - [2025-06-06T14:43:09.620+0000] {dag.py:3036} INFO - Sync 1 DAGs
[2025-06-06T14:43:09.671+0000] {logging_mixin.py:188} INFO - [2025-06-06T14:43:09.670+0000] {dag.py:3823} INFO - Setting next_dagrun for python_operator to 2025-05-18 00:00:00+00:00, run_after=2025-05-19 00:00:00+00:00
[2025-06-06T14:43:09.732+0000] {processor.py:183} INFO - Processing /opt/airflow/dags/python_operator_dag2.py took 0.281 seconds
[2025-06-06T14:43:39.953+0000] {processor.py:161} INFO - Started process (PID=9413) to work on /opt/airflow/dags/python_operator_dag2.py
[2025-06-06T14:43:39.956+0000] {processor.py:830} INFO - Processing file /opt/airflow/dags/python_operator_dag2.py for tasks to queue
[2025-06-06T14:43:39.960+0000] {logging_mixin.py:188} INFO - [2025-06-06T14:43:39.959+0000] {dagbag.py:538} INFO - Filling up the DagBag from /opt/airflow/dags/python_operator_dag2.py
[2025-06-06T14:43:40.055+0000] {processor.py:840} INFO - DAG(s) 'python_operator' retrieved from /opt/airflow/dags/python_operator_dag2.py
[2025-06-06T14:43:40.180+0000] {logging_mixin.py:188} INFO - [2025-06-06T14:43:40.179+0000] {dag.py:3036} INFO - Sync 1 DAGs
[2025-06-06T14:43:40.273+0000] {logging_mixin.py:188} INFO - [2025-06-06T14:43:40.272+0000] {dag.py:3823} INFO - Setting next_dagrun for python_operator to 2025-05-18 00:00:00+00:00, run_after=2025-05-19 00:00:00+00:00
[2025-06-06T14:43:40.375+0000] {processor.py:183} INFO - Processing /opt/airflow/dags/python_operator_dag2.py took 0.439 seconds
[2025-06-06T14:44:11.129+0000] {processor.py:161} INFO - Started process (PID=9435) to work on /opt/airflow/dags/python_operator_dag2.py
[2025-06-06T14:44:11.133+0000] {processor.py:830} INFO - Processing file /opt/airflow/dags/python_operator_dag2.py for tasks to queue
[2025-06-06T14:44:11.137+0000] {logging_mixin.py:188} INFO - [2025-06-06T14:44:11.136+0000] {dagbag.py:538} INFO - Filling up the DagBag from /opt/airflow/dags/python_operator_dag2.py
[2025-06-06T14:44:11.206+0000] {processor.py:840} INFO - DAG(s) 'python_operator' retrieved from /opt/airflow/dags/python_operator_dag2.py
[2025-06-06T14:44:11.272+0000] {logging_mixin.py:188} INFO - [2025-06-06T14:44:11.271+0000] {dag.py:3036} INFO - Sync 1 DAGs
[2025-06-06T14:44:11.336+0000] {logging_mixin.py:188} INFO - [2025-06-06T14:44:11.335+0000] {dag.py:3823} INFO - Setting next_dagrun for python_operator to 2025-05-18 00:00:00+00:00, run_after=2025-05-19 00:00:00+00:00
[2025-06-06T14:44:11.419+0000] {processor.py:183} INFO - Processing /opt/airflow/dags/python_operator_dag2.py took 0.297 seconds
[2025-06-06T14:44:41.746+0000] {processor.py:161} INFO - Started process (PID=9458) to work on /opt/airflow/dags/python_operator_dag2.py
[2025-06-06T14:44:41.753+0000] {processor.py:830} INFO - Processing file /opt/airflow/dags/python_operator_dag2.py for tasks to queue
[2025-06-06T14:44:41.758+0000] {logging_mixin.py:188} INFO - [2025-06-06T14:44:41.756+0000] {dagbag.py:538} INFO - Filling up the DagBag from /opt/airflow/dags/python_operator_dag2.py
[2025-06-06T14:44:41.905+0000] {processor.py:840} INFO - DAG(s) 'python_operator' retrieved from /opt/airflow/dags/python_operator_dag2.py
[2025-06-06T14:44:42.033+0000] {logging_mixin.py:188} INFO - [2025-06-06T14:44:42.032+0000] {dag.py:3036} INFO - Sync 1 DAGs
[2025-06-06T14:44:42.118+0000] {logging_mixin.py:188} INFO - [2025-06-06T14:44:42.118+0000] {dag.py:3823} INFO - Setting next_dagrun for python_operator to 2025-05-18 00:00:00+00:00, run_after=2025-05-19 00:00:00+00:00
[2025-06-06T14:44:42.194+0000] {processor.py:183} INFO - Processing /opt/airflow/dags/python_operator_dag2.py took 0.456 seconds
[2025-06-06T14:45:12.957+0000] {processor.py:161} INFO - Started process (PID=9481) to work on /opt/airflow/dags/python_operator_dag2.py
[2025-06-06T14:45:12.960+0000] {processor.py:830} INFO - Processing file /opt/airflow/dags/python_operator_dag2.py for tasks to queue
[2025-06-06T14:45:12.965+0000] {logging_mixin.py:188} INFO - [2025-06-06T14:45:12.962+0000] {dagbag.py:538} INFO - Filling up the DagBag from /opt/airflow/dags/python_operator_dag2.py
[2025-06-06T14:45:13.015+0000] {processor.py:840} INFO - DAG(s) 'python_operator' retrieved from /opt/airflow/dags/python_operator_dag2.py
[2025-06-06T14:45:13.069+0000] {logging_mixin.py:188} INFO - [2025-06-06T14:45:13.068+0000] {dag.py:3036} INFO - Sync 1 DAGs
[2025-06-06T14:45:13.110+0000] {logging_mixin.py:188} INFO - [2025-06-06T14:45:13.109+0000] {dag.py:3823} INFO - Setting next_dagrun for python_operator to 2025-05-18 00:00:00+00:00, run_after=2025-05-19 00:00:00+00:00
[2025-06-06T14:45:13.163+0000] {processor.py:183} INFO - Processing /opt/airflow/dags/python_operator_dag2.py took 0.211 seconds
[2025-06-06T14:45:43.488+0000] {processor.py:161} INFO - Started process (PID=9503) to work on /opt/airflow/dags/python_operator_dag2.py
[2025-06-06T14:45:43.490+0000] {processor.py:830} INFO - Processing file /opt/airflow/dags/python_operator_dag2.py for tasks to queue
[2025-06-06T14:45:43.492+0000] {logging_mixin.py:188} INFO - [2025-06-06T14:45:43.492+0000] {dagbag.py:538} INFO - Filling up the DagBag from /opt/airflow/dags/python_operator_dag2.py
[2025-06-06T14:45:43.567+0000] {processor.py:840} INFO - DAG(s) 'python_operator' retrieved from /opt/airflow/dags/python_operator_dag2.py
[2025-06-06T14:45:43.631+0000] {logging_mixin.py:188} INFO - [2025-06-06T14:45:43.631+0000] {dag.py:3036} INFO - Sync 1 DAGs
[2025-06-06T14:45:43.707+0000] {logging_mixin.py:188} INFO - [2025-06-06T14:45:43.706+0000] {dag.py:3823} INFO - Setting next_dagrun for python_operator to 2025-05-18 00:00:00+00:00, run_after=2025-05-19 00:00:00+00:00
[2025-06-06T14:45:43.816+0000] {processor.py:183} INFO - Processing /opt/airflow/dags/python_operator_dag2.py took 0.339 seconds
[2025-06-06T14:46:14.158+0000] {processor.py:161} INFO - Started process (PID=9525) to work on /opt/airflow/dags/python_operator_dag2.py
[2025-06-06T14:46:14.159+0000] {processor.py:830} INFO - Processing file /opt/airflow/dags/python_operator_dag2.py for tasks to queue
[2025-06-06T14:46:14.161+0000] {logging_mixin.py:188} INFO - [2025-06-06T14:46:14.160+0000] {dagbag.py:538} INFO - Filling up the DagBag from /opt/airflow/dags/python_operator_dag2.py
[2025-06-06T14:46:14.202+0000] {processor.py:840} INFO - DAG(s) 'python_operator' retrieved from /opt/airflow/dags/python_operator_dag2.py
[2025-06-06T14:46:14.277+0000] {logging_mixin.py:188} INFO - [2025-06-06T14:46:14.276+0000] {dag.py:3036} INFO - Sync 1 DAGs
[2025-06-06T14:46:14.332+0000] {logging_mixin.py:188} INFO - [2025-06-06T14:46:14.331+0000] {dag.py:3823} INFO - Setting next_dagrun for python_operator to 2025-05-18 00:00:00+00:00, run_after=2025-05-19 00:00:00+00:00
[2025-06-06T14:46:14.374+0000] {processor.py:183} INFO - Processing /opt/airflow/dags/python_operator_dag2.py took 0.221 seconds
[2025-06-06T14:46:44.593+0000] {processor.py:161} INFO - Started process (PID=9548) to work on /opt/airflow/dags/python_operator_dag2.py
[2025-06-06T14:46:44.596+0000] {processor.py:830} INFO - Processing file /opt/airflow/dags/python_operator_dag2.py for tasks to queue
[2025-06-06T14:46:44.600+0000] {logging_mixin.py:188} INFO - [2025-06-06T14:46:44.599+0000] {dagbag.py:538} INFO - Filling up the DagBag from /opt/airflow/dags/python_operator_dag2.py
[2025-06-06T14:46:44.666+0000] {processor.py:840} INFO - DAG(s) 'python_operator' retrieved from /opt/airflow/dags/python_operator_dag2.py
[2025-06-06T14:46:44.725+0000] {logging_mixin.py:188} INFO - [2025-06-06T14:46:44.725+0000] {dag.py:3036} INFO - Sync 1 DAGs
[2025-06-06T14:46:44.792+0000] {logging_mixin.py:188} INFO - [2025-06-06T14:46:44.792+0000] {dag.py:3823} INFO - Setting next_dagrun for python_operator to 2025-05-18 00:00:00+00:00, run_after=2025-05-19 00:00:00+00:00
[2025-06-06T14:46:44.854+0000] {processor.py:183} INFO - Processing /opt/airflow/dags/python_operator_dag2.py took 0.267 seconds
[2025-06-06T14:47:15.255+0000] {processor.py:161} INFO - Started process (PID=9571) to work on /opt/airflow/dags/python_operator_dag2.py
[2025-06-06T14:47:15.259+0000] {processor.py:830} INFO - Processing file /opt/airflow/dags/python_operator_dag2.py for tasks to queue
[2025-06-06T14:47:15.263+0000] {logging_mixin.py:188} INFO - [2025-06-06T14:47:15.262+0000] {dagbag.py:538} INFO - Filling up the DagBag from /opt/airflow/dags/python_operator_dag2.py
[2025-06-06T14:47:15.375+0000] {processor.py:840} INFO - DAG(s) 'python_operator' retrieved from /opt/airflow/dags/python_operator_dag2.py
[2025-06-06T14:47:15.517+0000] {logging_mixin.py:188} INFO - [2025-06-06T14:47:15.515+0000] {dag.py:3036} INFO - Sync 1 DAGs
[2025-06-06T14:47:15.602+0000] {logging_mixin.py:188} INFO - [2025-06-06T14:47:15.601+0000] {dag.py:3823} INFO - Setting next_dagrun for python_operator to 2025-05-18 00:00:00+00:00, run_after=2025-05-19 00:00:00+00:00
[2025-06-06T14:47:15.661+0000] {processor.py:183} INFO - Processing /opt/airflow/dags/python_operator_dag2.py took 0.414 seconds
[2025-06-06T14:47:46.645+0000] {processor.py:161} INFO - Started process (PID=9594) to work on /opt/airflow/dags/python_operator_dag2.py
[2025-06-06T14:47:46.647+0000] {processor.py:830} INFO - Processing file /opt/airflow/dags/python_operator_dag2.py for tasks to queue
[2025-06-06T14:47:46.650+0000] {logging_mixin.py:188} INFO - [2025-06-06T14:47:46.650+0000] {dagbag.py:538} INFO - Filling up the DagBag from /opt/airflow/dags/python_operator_dag2.py
[2025-06-06T14:47:46.710+0000] {processor.py:840} INFO - DAG(s) 'python_operator' retrieved from /opt/airflow/dags/python_operator_dag2.py
[2025-06-06T14:47:46.768+0000] {logging_mixin.py:188} INFO - [2025-06-06T14:47:46.768+0000] {dag.py:3036} INFO - Sync 1 DAGs
[2025-06-06T14:47:46.831+0000] {logging_mixin.py:188} INFO - [2025-06-06T14:47:46.831+0000] {dag.py:3823} INFO - Setting next_dagrun for python_operator to 2025-05-18 00:00:00+00:00, run_after=2025-05-19 00:00:00+00:00
[2025-06-06T14:47:46.883+0000] {processor.py:183} INFO - Processing /opt/airflow/dags/python_operator_dag2.py took 0.249 seconds
[2025-06-06T14:48:17.499+0000] {processor.py:161} INFO - Started process (PID=9617) to work on /opt/airflow/dags/python_operator_dag2.py
[2025-06-06T14:48:17.504+0000] {processor.py:830} INFO - Processing file /opt/airflow/dags/python_operator_dag2.py for tasks to queue
[2025-06-06T14:48:17.509+0000] {logging_mixin.py:188} INFO - [2025-06-06T14:48:17.507+0000] {dagbag.py:538} INFO - Filling up the DagBag from /opt/airflow/dags/python_operator_dag2.py
[2025-06-06T14:48:17.587+0000] {processor.py:840} INFO - DAG(s) 'python_operator' retrieved from /opt/airflow/dags/python_operator_dag2.py
[2025-06-06T14:48:17.644+0000] {logging_mixin.py:188} INFO - [2025-06-06T14:48:17.644+0000] {dag.py:3036} INFO - Sync 1 DAGs
[2025-06-06T14:48:17.703+0000] {logging_mixin.py:188} INFO - [2025-06-06T14:48:17.703+0000] {dag.py:3823} INFO - Setting next_dagrun for python_operator to 2025-05-18 00:00:00+00:00, run_after=2025-05-19 00:00:00+00:00
[2025-06-06T14:48:17.748+0000] {processor.py:183} INFO - Processing /opt/airflow/dags/python_operator_dag2.py took 0.263 seconds
[2025-06-06T14:48:48.605+0000] {processor.py:161} INFO - Started process (PID=9650) to work on /opt/airflow/dags/python_operator_dag2.py
[2025-06-06T14:48:48.609+0000] {processor.py:830} INFO - Processing file /opt/airflow/dags/python_operator_dag2.py for tasks to queue
[2025-06-06T14:48:48.613+0000] {logging_mixin.py:188} INFO - [2025-06-06T14:48:48.612+0000] {dagbag.py:538} INFO - Filling up the DagBag from /opt/airflow/dags/python_operator_dag2.py
[2025-06-06T14:48:48.698+0000] {processor.py:840} INFO - DAG(s) 'python_operator' retrieved from /opt/airflow/dags/python_operator_dag2.py
[2025-06-06T14:48:48.774+0000] {logging_mixin.py:188} INFO - [2025-06-06T14:48:48.773+0000] {dag.py:3036} INFO - Sync 1 DAGs
[2025-06-06T14:48:48.860+0000] {logging_mixin.py:188} INFO - [2025-06-06T14:48:48.859+0000] {dag.py:3823} INFO - Setting next_dagrun for python_operator to 2025-05-18 00:00:00+00:00, run_after=2025-05-19 00:00:00+00:00
[2025-06-06T14:48:48.943+0000] {processor.py:183} INFO - Processing /opt/airflow/dags/python_operator_dag2.py took 0.345 seconds
[2025-06-06T14:49:19.666+0000] {processor.py:161} INFO - Started process (PID=9674) to work on /opt/airflow/dags/python_operator_dag2.py
[2025-06-06T14:49:19.674+0000] {processor.py:830} INFO - Processing file /opt/airflow/dags/python_operator_dag2.py for tasks to queue
[2025-06-06T14:49:19.678+0000] {logging_mixin.py:188} INFO - [2025-06-06T14:49:19.677+0000] {dagbag.py:538} INFO - Filling up the DagBag from /opt/airflow/dags/python_operator_dag2.py
[2025-06-06T14:49:19.790+0000] {processor.py:840} INFO - DAG(s) 'python_operator' retrieved from /opt/airflow/dags/python_operator_dag2.py
[2025-06-06T14:49:19.875+0000] {logging_mixin.py:188} INFO - [2025-06-06T14:49:19.875+0000] {dag.py:3036} INFO - Sync 1 DAGs
[2025-06-06T14:49:19.921+0000] {logging_mixin.py:188} INFO - [2025-06-06T14:49:19.920+0000] {dag.py:3823} INFO - Setting next_dagrun for python_operator to 2025-05-18 00:00:00+00:00, run_after=2025-05-19 00:00:00+00:00
[2025-06-06T14:49:19.987+0000] {processor.py:183} INFO - Processing /opt/airflow/dags/python_operator_dag2.py took 0.329 seconds
[2025-06-06T14:49:50.423+0000] {processor.py:161} INFO - Started process (PID=9697) to work on /opt/airflow/dags/python_operator_dag2.py
[2025-06-06T14:49:50.427+0000] {processor.py:830} INFO - Processing file /opt/airflow/dags/python_operator_dag2.py for tasks to queue
[2025-06-06T14:49:50.430+0000] {logging_mixin.py:188} INFO - [2025-06-06T14:49:50.429+0000] {dagbag.py:538} INFO - Filling up the DagBag from /opt/airflow/dags/python_operator_dag2.py
[2025-06-06T14:49:50.503+0000] {processor.py:840} INFO - DAG(s) 'python_operator' retrieved from /opt/airflow/dags/python_operator_dag2.py
[2025-06-06T14:49:50.586+0000] {logging_mixin.py:188} INFO - [2025-06-06T14:49:50.585+0000] {dag.py:3036} INFO - Sync 1 DAGs
[2025-06-06T14:49:50.656+0000] {logging_mixin.py:188} INFO - [2025-06-06T14:49:50.655+0000] {dag.py:3823} INFO - Setting next_dagrun for python_operator to 2025-05-18 00:00:00+00:00, run_after=2025-05-19 00:00:00+00:00
[2025-06-06T14:49:50.761+0000] {processor.py:183} INFO - Processing /opt/airflow/dags/python_operator_dag2.py took 0.346 seconds
[2025-06-06T14:50:21.174+0000] {processor.py:161} INFO - Started process (PID=9720) to work on /opt/airflow/dags/python_operator_dag2.py
[2025-06-06T14:50:21.188+0000] {processor.py:830} INFO - Processing file /opt/airflow/dags/python_operator_dag2.py for tasks to queue
[2025-06-06T14:50:21.192+0000] {logging_mixin.py:188} INFO - [2025-06-06T14:50:21.191+0000] {dagbag.py:538} INFO - Filling up the DagBag from /opt/airflow/dags/python_operator_dag2.py
[2025-06-06T14:50:21.358+0000] {processor.py:840} INFO - DAG(s) 'python_operator' retrieved from /opt/airflow/dags/python_operator_dag2.py
[2025-06-06T14:50:21.419+0000] {logging_mixin.py:188} INFO - [2025-06-06T14:50:21.419+0000] {dag.py:3036} INFO - Sync 1 DAGs
[2025-06-06T14:50:21.468+0000] {logging_mixin.py:188} INFO - [2025-06-06T14:50:21.468+0000] {dag.py:3823} INFO - Setting next_dagrun for python_operator to 2025-05-18 00:00:00+00:00, run_after=2025-05-19 00:00:00+00:00
[2025-06-06T14:50:21.516+0000] {processor.py:183} INFO - Processing /opt/airflow/dags/python_operator_dag2.py took 0.347 seconds
[2025-06-06T14:50:51.944+0000] {processor.py:161} INFO - Started process (PID=9744) to work on /opt/airflow/dags/python_operator_dag2.py
[2025-06-06T14:50:51.947+0000] {processor.py:830} INFO - Processing file /opt/airflow/dags/python_operator_dag2.py for tasks to queue
[2025-06-06T14:50:51.949+0000] {logging_mixin.py:188} INFO - [2025-06-06T14:50:51.949+0000] {dagbag.py:538} INFO - Filling up the DagBag from /opt/airflow/dags/python_operator_dag2.py
[2025-06-06T14:50:52.033+0000] {processor.py:840} INFO - DAG(s) 'python_operator' retrieved from /opt/airflow/dags/python_operator_dag2.py
[2025-06-06T14:50:52.149+0000] {logging_mixin.py:188} INFO - [2025-06-06T14:50:52.148+0000] {dag.py:3036} INFO - Sync 1 DAGs
[2025-06-06T14:50:52.342+0000] {logging_mixin.py:188} INFO - [2025-06-06T14:50:52.342+0000] {dag.py:3823} INFO - Setting next_dagrun for python_operator to 2025-05-18 00:00:00+00:00, run_after=2025-05-19 00:00:00+00:00
[2025-06-06T14:50:52.449+0000] {processor.py:183} INFO - Processing /opt/airflow/dags/python_operator_dag2.py took 0.520 seconds
[2025-06-06T14:51:22.833+0000] {processor.py:161} INFO - Started process (PID=9767) to work on /opt/airflow/dags/python_operator_dag2.py
[2025-06-06T14:51:22.835+0000] {processor.py:830} INFO - Processing file /opt/airflow/dags/python_operator_dag2.py for tasks to queue
[2025-06-06T14:51:22.837+0000] {logging_mixin.py:188} INFO - [2025-06-06T14:51:22.836+0000] {dagbag.py:538} INFO - Filling up the DagBag from /opt/airflow/dags/python_operator_dag2.py
[2025-06-06T14:51:22.928+0000] {processor.py:840} INFO - DAG(s) 'python_operator' retrieved from /opt/airflow/dags/python_operator_dag2.py
[2025-06-06T14:51:22.987+0000] {logging_mixin.py:188} INFO - [2025-06-06T14:51:22.987+0000] {dag.py:3036} INFO - Sync 1 DAGs
[2025-06-06T14:51:23.070+0000] {logging_mixin.py:188} INFO - [2025-06-06T14:51:23.070+0000] {dag.py:3823} INFO - Setting next_dagrun for python_operator to 2025-05-18 00:00:00+00:00, run_after=2025-05-19 00:00:00+00:00
[2025-06-06T14:51:23.138+0000] {processor.py:183} INFO - Processing /opt/airflow/dags/python_operator_dag2.py took 0.310 seconds
[2025-06-06T14:51:53.727+0000] {processor.py:161} INFO - Started process (PID=9790) to work on /opt/airflow/dags/python_operator_dag2.py
[2025-06-06T14:51:53.731+0000] {processor.py:830} INFO - Processing file /opt/airflow/dags/python_operator_dag2.py for tasks to queue
[2025-06-06T14:51:53.736+0000] {logging_mixin.py:188} INFO - [2025-06-06T14:51:53.735+0000] {dagbag.py:538} INFO - Filling up the DagBag from /opt/airflow/dags/python_operator_dag2.py
[2025-06-06T14:51:53.809+0000] {processor.py:840} INFO - DAG(s) 'python_operator' retrieved from /opt/airflow/dags/python_operator_dag2.py
[2025-06-06T14:51:53.924+0000] {logging_mixin.py:188} INFO - [2025-06-06T14:51:53.923+0000] {dag.py:3036} INFO - Sync 1 DAGs
[2025-06-06T14:51:53.976+0000] {logging_mixin.py:188} INFO - [2025-06-06T14:51:53.975+0000] {dag.py:3823} INFO - Setting next_dagrun for python_operator to 2025-05-18 00:00:00+00:00, run_after=2025-05-19 00:00:00+00:00
[2025-06-06T14:51:54.040+0000] {processor.py:183} INFO - Processing /opt/airflow/dags/python_operator_dag2.py took 0.325 seconds
[2025-06-06T14:52:24.383+0000] {processor.py:161} INFO - Started process (PID=9813) to work on /opt/airflow/dags/python_operator_dag2.py
[2025-06-06T14:52:24.390+0000] {processor.py:830} INFO - Processing file /opt/airflow/dags/python_operator_dag2.py for tasks to queue
[2025-06-06T14:52:24.393+0000] {logging_mixin.py:188} INFO - [2025-06-06T14:52:24.392+0000] {dagbag.py:538} INFO - Filling up the DagBag from /opt/airflow/dags/python_operator_dag2.py
[2025-06-06T14:52:24.462+0000] {processor.py:840} INFO - DAG(s) 'python_operator' retrieved from /opt/airflow/dags/python_operator_dag2.py
[2025-06-06T14:52:24.511+0000] {logging_mixin.py:188} INFO - [2025-06-06T14:52:24.511+0000] {dag.py:3036} INFO - Sync 1 DAGs
[2025-06-06T14:52:24.554+0000] {logging_mixin.py:188} INFO - [2025-06-06T14:52:24.554+0000] {dag.py:3823} INFO - Setting next_dagrun for python_operator to 2025-05-18 00:00:00+00:00, run_after=2025-05-19 00:00:00+00:00
[2025-06-06T14:52:24.606+0000] {processor.py:183} INFO - Processing /opt/airflow/dags/python_operator_dag2.py took 0.230 seconds
[2025-06-06T14:52:55.095+0000] {processor.py:161} INFO - Started process (PID=9836) to work on /opt/airflow/dags/python_operator_dag2.py
[2025-06-06T14:52:55.097+0000] {processor.py:830} INFO - Processing file /opt/airflow/dags/python_operator_dag2.py for tasks to queue
[2025-06-06T14:52:55.100+0000] {logging_mixin.py:188} INFO - [2025-06-06T14:52:55.099+0000] {dagbag.py:538} INFO - Filling up the DagBag from /opt/airflow/dags/python_operator_dag2.py
[2025-06-06T14:52:55.170+0000] {processor.py:840} INFO - DAG(s) 'python_operator' retrieved from /opt/airflow/dags/python_operator_dag2.py
[2025-06-06T14:52:55.265+0000] {logging_mixin.py:188} INFO - [2025-06-06T14:52:55.264+0000] {dag.py:3036} INFO - Sync 1 DAGs
[2025-06-06T14:52:55.322+0000] {logging_mixin.py:188} INFO - [2025-06-06T14:52:55.322+0000] {dag.py:3823} INFO - Setting next_dagrun for python_operator to 2025-05-18 00:00:00+00:00, run_after=2025-05-19 00:00:00+00:00
[2025-06-06T14:52:55.364+0000] {processor.py:183} INFO - Processing /opt/airflow/dags/python_operator_dag2.py took 0.274 seconds
[2025-06-06T14:53:26.032+0000] {processor.py:161} INFO - Started process (PID=9859) to work on /opt/airflow/dags/python_operator_dag2.py
[2025-06-06T14:53:26.034+0000] {processor.py:830} INFO - Processing file /opt/airflow/dags/python_operator_dag2.py for tasks to queue
[2025-06-06T14:53:26.036+0000] {logging_mixin.py:188} INFO - [2025-06-06T14:53:26.035+0000] {dagbag.py:538} INFO - Filling up the DagBag from /opt/airflow/dags/python_operator_dag2.py
[2025-06-06T14:53:26.071+0000] {processor.py:840} INFO - DAG(s) 'python_operator' retrieved from /opt/airflow/dags/python_operator_dag2.py
[2025-06-06T14:53:26.120+0000] {logging_mixin.py:188} INFO - [2025-06-06T14:53:26.120+0000] {dag.py:3036} INFO - Sync 1 DAGs
[2025-06-06T14:53:26.157+0000] {logging_mixin.py:188} INFO - [2025-06-06T14:53:26.157+0000] {dag.py:3823} INFO - Setting next_dagrun for python_operator to 2025-05-18 00:00:00+00:00, run_after=2025-05-19 00:00:00+00:00
[2025-06-06T14:53:26.204+0000] {processor.py:183} INFO - Processing /opt/airflow/dags/python_operator_dag2.py took 0.178 seconds
[2025-06-06T14:53:56.562+0000] {processor.py:161} INFO - Started process (PID=9882) to work on /opt/airflow/dags/python_operator_dag2.py
[2025-06-06T14:53:56.564+0000] {processor.py:830} INFO - Processing file /opt/airflow/dags/python_operator_dag2.py for tasks to queue
[2025-06-06T14:53:56.569+0000] {logging_mixin.py:188} INFO - [2025-06-06T14:53:56.568+0000] {dagbag.py:538} INFO - Filling up the DagBag from /opt/airflow/dags/python_operator_dag2.py
[2025-06-06T14:53:56.643+0000] {processor.py:840} INFO - DAG(s) 'python_operator' retrieved from /opt/airflow/dags/python_operator_dag2.py
[2025-06-06T14:53:56.725+0000] {logging_mixin.py:188} INFO - [2025-06-06T14:53:56.725+0000] {dag.py:3036} INFO - Sync 1 DAGs
[2025-06-06T14:53:56.790+0000] {logging_mixin.py:188} INFO - [2025-06-06T14:53:56.789+0000] {dag.py:3823} INFO - Setting next_dagrun for python_operator to 2025-05-18 00:00:00+00:00, run_after=2025-05-19 00:00:00+00:00
[2025-06-06T14:53:56.867+0000] {processor.py:183} INFO - Processing /opt/airflow/dags/python_operator_dag2.py took 0.319 seconds
[2025-06-06T14:54:27.177+0000] {processor.py:161} INFO - Started process (PID=9905) to work on /opt/airflow/dags/python_operator_dag2.py
[2025-06-06T14:54:27.180+0000] {processor.py:830} INFO - Processing file /opt/airflow/dags/python_operator_dag2.py for tasks to queue
[2025-06-06T14:54:27.183+0000] {logging_mixin.py:188} INFO - [2025-06-06T14:54:27.182+0000] {dagbag.py:538} INFO - Filling up the DagBag from /opt/airflow/dags/python_operator_dag2.py
[2025-06-06T14:54:27.285+0000] {processor.py:840} INFO - DAG(s) 'python_operator' retrieved from /opt/airflow/dags/python_operator_dag2.py
[2025-06-06T14:54:27.354+0000] {logging_mixin.py:188} INFO - [2025-06-06T14:54:27.354+0000] {dag.py:3036} INFO - Sync 1 DAGs
[2025-06-06T14:54:27.410+0000] {logging_mixin.py:188} INFO - [2025-06-06T14:54:27.409+0000] {dag.py:3823} INFO - Setting next_dagrun for python_operator to 2025-05-18 00:00:00+00:00, run_after=2025-05-19 00:00:00+00:00
[2025-06-06T14:54:27.465+0000] {processor.py:183} INFO - Processing /opt/airflow/dags/python_operator_dag2.py took 0.294 seconds
[2025-06-06T14:54:57.607+0000] {processor.py:161} INFO - Started process (PID=9928) to work on /opt/airflow/dags/python_operator_dag2.py
[2025-06-06T14:54:57.610+0000] {processor.py:830} INFO - Processing file /opt/airflow/dags/python_operator_dag2.py for tasks to queue
[2025-06-06T14:54:57.619+0000] {logging_mixin.py:188} INFO - [2025-06-06T14:54:57.618+0000] {dagbag.py:538} INFO - Filling up the DagBag from /opt/airflow/dags/python_operator_dag2.py
[2025-06-06T14:54:57.764+0000] {processor.py:840} INFO - DAG(s) 'python_operator' retrieved from /opt/airflow/dags/python_operator_dag2.py
[2025-06-06T14:54:57.836+0000] {logging_mixin.py:188} INFO - [2025-06-06T14:54:57.835+0000] {dag.py:3036} INFO - Sync 1 DAGs
[2025-06-06T14:54:57.879+0000] {logging_mixin.py:188} INFO - [2025-06-06T14:54:57.878+0000] {dag.py:3823} INFO - Setting next_dagrun for python_operator to 2025-05-18 00:00:00+00:00, run_after=2025-05-19 00:00:00+00:00
[2025-06-06T14:54:57.915+0000] {processor.py:183} INFO - Processing /opt/airflow/dags/python_operator_dag2.py took 0.318 seconds
[2025-06-06T14:55:28.196+0000] {processor.py:161} INFO - Started process (PID=9951) to work on /opt/airflow/dags/python_operator_dag2.py
[2025-06-06T14:55:28.201+0000] {processor.py:830} INFO - Processing file /opt/airflow/dags/python_operator_dag2.py for tasks to queue
[2025-06-06T14:55:28.203+0000] {logging_mixin.py:188} INFO - [2025-06-06T14:55:28.203+0000] {dagbag.py:538} INFO - Filling up the DagBag from /opt/airflow/dags/python_operator_dag2.py
[2025-06-06T14:55:28.262+0000] {processor.py:840} INFO - DAG(s) 'python_operator' retrieved from /opt/airflow/dags/python_operator_dag2.py
[2025-06-06T14:55:28.331+0000] {logging_mixin.py:188} INFO - [2025-06-06T14:55:28.331+0000] {dag.py:3036} INFO - Sync 1 DAGs
[2025-06-06T14:55:28.416+0000] {logging_mixin.py:188} INFO - [2025-06-06T14:55:28.416+0000] {dag.py:3823} INFO - Setting next_dagrun for python_operator to 2025-05-18 00:00:00+00:00, run_after=2025-05-19 00:00:00+00:00
[2025-06-06T14:55:28.523+0000] {processor.py:183} INFO - Processing /opt/airflow/dags/python_operator_dag2.py took 0.334 seconds
[2025-06-06T14:55:59.307+0000] {processor.py:161} INFO - Started process (PID=9974) to work on /opt/airflow/dags/python_operator_dag2.py
[2025-06-06T14:55:59.310+0000] {processor.py:830} INFO - Processing file /opt/airflow/dags/python_operator_dag2.py for tasks to queue
[2025-06-06T14:55:59.313+0000] {logging_mixin.py:188} INFO - [2025-06-06T14:55:59.313+0000] {dagbag.py:538} INFO - Filling up the DagBag from /opt/airflow/dags/python_operator_dag2.py
[2025-06-06T14:55:59.401+0000] {processor.py:840} INFO - DAG(s) 'python_operator' retrieved from /opt/airflow/dags/python_operator_dag2.py
[2025-06-06T14:55:59.477+0000] {logging_mixin.py:188} INFO - [2025-06-06T14:55:59.477+0000] {dag.py:3036} INFO - Sync 1 DAGs
[2025-06-06T14:55:59.536+0000] {logging_mixin.py:188} INFO - [2025-06-06T14:55:59.535+0000] {dag.py:3823} INFO - Setting next_dagrun for python_operator to 2025-05-18 00:00:00+00:00, run_after=2025-05-19 00:00:00+00:00
[2025-06-06T14:55:59.601+0000] {processor.py:183} INFO - Processing /opt/airflow/dags/python_operator_dag2.py took 0.305 seconds
[2025-06-06T14:56:29.894+0000] {processor.py:161} INFO - Started process (PID=9997) to work on /opt/airflow/dags/python_operator_dag2.py
[2025-06-06T14:56:29.901+0000] {processor.py:830} INFO - Processing file /opt/airflow/dags/python_operator_dag2.py for tasks to queue
[2025-06-06T14:56:29.907+0000] {logging_mixin.py:188} INFO - [2025-06-06T14:56:29.906+0000] {dagbag.py:538} INFO - Filling up the DagBag from /opt/airflow/dags/python_operator_dag2.py
[2025-06-06T14:56:29.994+0000] {processor.py:840} INFO - DAG(s) 'python_operator' retrieved from /opt/airflow/dags/python_operator_dag2.py
[2025-06-06T14:56:30.123+0000] {logging_mixin.py:188} INFO - [2025-06-06T14:56:30.122+0000] {dag.py:3036} INFO - Sync 1 DAGs
[2025-06-06T14:56:30.180+0000] {logging_mixin.py:188} INFO - [2025-06-06T14:56:30.179+0000] {dag.py:3823} INFO - Setting next_dagrun for python_operator to 2025-05-18 00:00:00+00:00, run_after=2025-05-19 00:00:00+00:00
[2025-06-06T14:56:30.257+0000] {processor.py:183} INFO - Processing /opt/airflow/dags/python_operator_dag2.py took 0.369 seconds
[2025-06-06T14:57:00.564+0000] {processor.py:161} INFO - Started process (PID=10020) to work on /opt/airflow/dags/python_operator_dag2.py
[2025-06-06T14:57:00.575+0000] {processor.py:830} INFO - Processing file /opt/airflow/dags/python_operator_dag2.py for tasks to queue
[2025-06-06T14:57:00.577+0000] {logging_mixin.py:188} INFO - [2025-06-06T14:57:00.576+0000] {dagbag.py:538} INFO - Filling up the DagBag from /opt/airflow/dags/python_operator_dag2.py
[2025-06-06T14:57:00.644+0000] {processor.py:840} INFO - DAG(s) 'python_operator' retrieved from /opt/airflow/dags/python_operator_dag2.py
[2025-06-06T14:57:00.720+0000] {logging_mixin.py:188} INFO - [2025-06-06T14:57:00.719+0000] {dag.py:3036} INFO - Sync 1 DAGs
[2025-06-06T14:57:00.784+0000] {logging_mixin.py:188} INFO - [2025-06-06T14:57:00.783+0000] {dag.py:3823} INFO - Setting next_dagrun for python_operator to 2025-05-18 00:00:00+00:00, run_after=2025-05-19 00:00:00+00:00
[2025-06-06T14:57:00.892+0000] {processor.py:183} INFO - Processing /opt/airflow/dags/python_operator_dag2.py took 0.338 seconds
[2025-06-06T14:57:31.047+0000] {processor.py:161} INFO - Started process (PID=10043) to work on /opt/airflow/dags/python_operator_dag2.py
[2025-06-06T14:57:31.049+0000] {processor.py:830} INFO - Processing file /opt/airflow/dags/python_operator_dag2.py for tasks to queue
[2025-06-06T14:57:31.052+0000] {logging_mixin.py:188} INFO - [2025-06-06T14:57:31.051+0000] {dagbag.py:538} INFO - Filling up the DagBag from /opt/airflow/dags/python_operator_dag2.py
[2025-06-06T14:57:31.128+0000] {processor.py:840} INFO - DAG(s) 'python_operator' retrieved from /opt/airflow/dags/python_operator_dag2.py
[2025-06-06T14:57:31.220+0000] {logging_mixin.py:188} INFO - [2025-06-06T14:57:31.219+0000] {dag.py:3036} INFO - Sync 1 DAGs
[2025-06-06T14:57:31.315+0000] {logging_mixin.py:188} INFO - [2025-06-06T14:57:31.315+0000] {dag.py:3823} INFO - Setting next_dagrun for python_operator to 2025-05-18 00:00:00+00:00, run_after=2025-05-19 00:00:00+00:00
[2025-06-06T14:57:31.405+0000] {processor.py:183} INFO - Processing /opt/airflow/dags/python_operator_dag2.py took 0.366 seconds
[2025-06-06T14:58:01.821+0000] {processor.py:161} INFO - Started process (PID=10066) to work on /opt/airflow/dags/python_operator_dag2.py
[2025-06-06T14:58:01.824+0000] {processor.py:830} INFO - Processing file /opt/airflow/dags/python_operator_dag2.py for tasks to queue
[2025-06-06T14:58:01.827+0000] {logging_mixin.py:188} INFO - [2025-06-06T14:58:01.826+0000] {dagbag.py:538} INFO - Filling up the DagBag from /opt/airflow/dags/python_operator_dag2.py
[2025-06-06T14:58:01.874+0000] {processor.py:840} INFO - DAG(s) 'python_operator' retrieved from /opt/airflow/dags/python_operator_dag2.py
[2025-06-06T14:58:01.915+0000] {logging_mixin.py:188} INFO - [2025-06-06T14:58:01.915+0000] {dag.py:3036} INFO - Sync 1 DAGs
[2025-06-06T14:58:01.945+0000] {logging_mixin.py:188} INFO - [2025-06-06T14:58:01.945+0000] {dag.py:3823} INFO - Setting next_dagrun for python_operator to 2025-05-18 00:00:00+00:00, run_after=2025-05-19 00:00:00+00:00
[2025-06-06T14:58:01.989+0000] {processor.py:183} INFO - Processing /opt/airflow/dags/python_operator_dag2.py took 0.173 seconds
[2025-06-06T14:58:32.641+0000] {processor.py:161} INFO - Started process (PID=10089) to work on /opt/airflow/dags/python_operator_dag2.py
[2025-06-06T14:58:32.645+0000] {processor.py:830} INFO - Processing file /opt/airflow/dags/python_operator_dag2.py for tasks to queue
[2025-06-06T14:58:32.657+0000] {logging_mixin.py:188} INFO - [2025-06-06T14:58:32.656+0000] {dagbag.py:538} INFO - Filling up the DagBag from /opt/airflow/dags/python_operator_dag2.py
[2025-06-06T14:58:32.739+0000] {processor.py:840} INFO - DAG(s) 'python_operator' retrieved from /opt/airflow/dags/python_operator_dag2.py
[2025-06-06T14:58:32.822+0000] {logging_mixin.py:188} INFO - [2025-06-06T14:58:32.822+0000] {dag.py:3036} INFO - Sync 1 DAGs
[2025-06-06T14:58:32.883+0000] {logging_mixin.py:188} INFO - [2025-06-06T14:58:32.877+0000] {dag.py:3823} INFO - Setting next_dagrun for python_operator to 2025-05-18 00:00:00+00:00, run_after=2025-05-19 00:00:00+00:00
[2025-06-06T14:58:32.958+0000] {processor.py:183} INFO - Processing /opt/airflow/dags/python_operator_dag2.py took 0.358 seconds
[2025-06-06T14:59:03.368+0000] {processor.py:161} INFO - Started process (PID=10112) to work on /opt/airflow/dags/python_operator_dag2.py
[2025-06-06T14:59:03.370+0000] {processor.py:830} INFO - Processing file /opt/airflow/dags/python_operator_dag2.py for tasks to queue
[2025-06-06T14:59:03.373+0000] {logging_mixin.py:188} INFO - [2025-06-06T14:59:03.373+0000] {dagbag.py:538} INFO - Filling up the DagBag from /opt/airflow/dags/python_operator_dag2.py
[2025-06-06T14:59:03.434+0000] {processor.py:840} INFO - DAG(s) 'python_operator' retrieved from /opt/airflow/dags/python_operator_dag2.py
[2025-06-06T14:59:03.548+0000] {logging_mixin.py:188} INFO - [2025-06-06T14:59:03.547+0000] {dag.py:3036} INFO - Sync 1 DAGs
[2025-06-06T14:59:03.595+0000] {logging_mixin.py:188} INFO - [2025-06-06T14:59:03.594+0000] {dag.py:3823} INFO - Setting next_dagrun for python_operator to 2025-05-18 00:00:00+00:00, run_after=2025-05-19 00:00:00+00:00
[2025-06-06T14:59:03.635+0000] {processor.py:183} INFO - Processing /opt/airflow/dags/python_operator_dag2.py took 0.276 seconds
[2025-06-06T14:59:33.966+0000] {processor.py:161} INFO - Started process (PID=10135) to work on /opt/airflow/dags/python_operator_dag2.py
[2025-06-06T14:59:33.968+0000] {processor.py:830} INFO - Processing file /opt/airflow/dags/python_operator_dag2.py for tasks to queue
[2025-06-06T14:59:33.972+0000] {logging_mixin.py:188} INFO - [2025-06-06T14:59:33.971+0000] {dagbag.py:538} INFO - Filling up the DagBag from /opt/airflow/dags/python_operator_dag2.py
[2025-06-06T14:59:34.016+0000] {processor.py:840} INFO - DAG(s) 'python_operator' retrieved from /opt/airflow/dags/python_operator_dag2.py
[2025-06-06T14:59:34.180+0000] {logging_mixin.py:188} INFO - [2025-06-06T14:59:34.179+0000] {dag.py:3036} INFO - Sync 1 DAGs
[2025-06-06T14:59:34.233+0000] {logging_mixin.py:188} INFO - [2025-06-06T14:59:34.232+0000] {dag.py:3823} INFO - Setting next_dagrun for python_operator to 2025-05-18 00:00:00+00:00, run_after=2025-05-19 00:00:00+00:00
[2025-06-06T14:59:34.285+0000] {processor.py:183} INFO - Processing /opt/airflow/dags/python_operator_dag2.py took 0.325 seconds
[2025-06-06T15:00:04.669+0000] {processor.py:161} INFO - Started process (PID=10159) to work on /opt/airflow/dags/python_operator_dag2.py
[2025-06-06T15:00:04.672+0000] {processor.py:830} INFO - Processing file /opt/airflow/dags/python_operator_dag2.py for tasks to queue
[2025-06-06T15:00:04.675+0000] {logging_mixin.py:188} INFO - [2025-06-06T15:00:04.675+0000] {dagbag.py:538} INFO - Filling up the DagBag from /opt/airflow/dags/python_operator_dag2.py
[2025-06-06T15:00:04.742+0000] {processor.py:840} INFO - DAG(s) 'python_operator' retrieved from /opt/airflow/dags/python_operator_dag2.py
[2025-06-06T15:00:04.839+0000] {logging_mixin.py:188} INFO - [2025-06-06T15:00:04.838+0000] {dag.py:3036} INFO - Sync 1 DAGs
[2025-06-06T15:00:04.886+0000] {logging_mixin.py:188} INFO - [2025-06-06T15:00:04.886+0000] {dag.py:3823} INFO - Setting next_dagrun for python_operator to 2025-05-18 00:00:00+00:00, run_after=2025-05-19 00:00:00+00:00
[2025-06-06T15:00:04.936+0000] {processor.py:183} INFO - Processing /opt/airflow/dags/python_operator_dag2.py took 0.277 seconds
[2025-06-06T15:00:35.720+0000] {processor.py:161} INFO - Started process (PID=10182) to work on /opt/airflow/dags/python_operator_dag2.py
[2025-06-06T15:00:35.724+0000] {processor.py:830} INFO - Processing file /opt/airflow/dags/python_operator_dag2.py for tasks to queue
[2025-06-06T15:00:35.728+0000] {logging_mixin.py:188} INFO - [2025-06-06T15:00:35.727+0000] {dagbag.py:538} INFO - Filling up the DagBag from /opt/airflow/dags/python_operator_dag2.py
[2025-06-06T15:00:35.936+0000] {processor.py:840} INFO - DAG(s) 'python_operator' retrieved from /opt/airflow/dags/python_operator_dag2.py
[2025-06-06T15:00:36.086+0000] {logging_mixin.py:188} INFO - [2025-06-06T15:00:36.083+0000] {dag.py:3036} INFO - Sync 1 DAGs
[2025-06-06T15:00:36.151+0000] {logging_mixin.py:188} INFO - [2025-06-06T15:00:36.151+0000] {dag.py:3823} INFO - Setting next_dagrun for python_operator to 2025-05-18 00:00:00+00:00, run_after=2025-05-19 00:00:00+00:00
[2025-06-06T15:00:36.214+0000] {processor.py:183} INFO - Processing /opt/airflow/dags/python_operator_dag2.py took 0.510 seconds
[2025-06-06T15:01:06.426+0000] {processor.py:161} INFO - Started process (PID=10205) to work on /opt/airflow/dags/python_operator_dag2.py
[2025-06-06T15:01:06.428+0000] {processor.py:830} INFO - Processing file /opt/airflow/dags/python_operator_dag2.py for tasks to queue
[2025-06-06T15:01:06.433+0000] {logging_mixin.py:188} INFO - [2025-06-06T15:01:06.432+0000] {dagbag.py:538} INFO - Filling up the DagBag from /opt/airflow/dags/python_operator_dag2.py
[2025-06-06T15:01:06.482+0000] {processor.py:840} INFO - DAG(s) 'python_operator' retrieved from /opt/airflow/dags/python_operator_dag2.py
[2025-06-06T15:01:06.535+0000] {logging_mixin.py:188} INFO - [2025-06-06T15:01:06.535+0000] {dag.py:3036} INFO - Sync 1 DAGs
[2025-06-06T15:01:06.609+0000] {logging_mixin.py:188} INFO - [2025-06-06T15:01:06.607+0000] {dag.py:3823} INFO - Setting next_dagrun for python_operator to 2025-05-18 00:00:00+00:00, run_after=2025-05-19 00:00:00+00:00
[2025-06-06T15:01:06.677+0000] {processor.py:183} INFO - Processing /opt/airflow/dags/python_operator_dag2.py took 0.258 seconds
[2025-06-06T15:01:36.897+0000] {processor.py:161} INFO - Started process (PID=10228) to work on /opt/airflow/dags/python_operator_dag2.py
[2025-06-06T15:01:36.901+0000] {processor.py:830} INFO - Processing file /opt/airflow/dags/python_operator_dag2.py for tasks to queue
[2025-06-06T15:01:36.905+0000] {logging_mixin.py:188} INFO - [2025-06-06T15:01:36.904+0000] {dagbag.py:538} INFO - Filling up the DagBag from /opt/airflow/dags/python_operator_dag2.py
[2025-06-06T15:01:37.000+0000] {processor.py:840} INFO - DAG(s) 'python_operator' retrieved from /opt/airflow/dags/python_operator_dag2.py
[2025-06-06T15:01:37.143+0000] {logging_mixin.py:188} INFO - [2025-06-06T15:01:37.142+0000] {dag.py:3036} INFO - Sync 1 DAGs
[2025-06-06T15:01:37.253+0000] {logging_mixin.py:188} INFO - [2025-06-06T15:01:37.253+0000] {dag.py:3823} INFO - Setting next_dagrun for python_operator to 2025-05-18 00:00:00+00:00, run_after=2025-05-19 00:00:00+00:00
[2025-06-06T15:01:37.365+0000] {processor.py:183} INFO - Processing /opt/airflow/dags/python_operator_dag2.py took 0.488 seconds
[2025-06-06T15:02:08.601+0000] {processor.py:161} INFO - Started process (PID=10251) to work on /opt/airflow/dags/python_operator_dag2.py
[2025-06-06T15:02:08.606+0000] {processor.py:830} INFO - Processing file /opt/airflow/dags/python_operator_dag2.py for tasks to queue
[2025-06-06T15:02:08.618+0000] {logging_mixin.py:188} INFO - [2025-06-06T15:02:08.617+0000] {dagbag.py:538} INFO - Filling up the DagBag from /opt/airflow/dags/python_operator_dag2.py
[2025-06-06T15:02:08.689+0000] {processor.py:840} INFO - DAG(s) 'python_operator' retrieved from /opt/airflow/dags/python_operator_dag2.py
[2025-06-06T15:02:08.750+0000] {logging_mixin.py:188} INFO - [2025-06-06T15:02:08.750+0000] {dag.py:3036} INFO - Sync 1 DAGs
[2025-06-06T15:02:08.804+0000] {logging_mixin.py:188} INFO - [2025-06-06T15:02:08.804+0000] {dag.py:3823} INFO - Setting next_dagrun for python_operator to 2025-05-18 00:00:00+00:00, run_after=2025-05-19 00:00:00+00:00
[2025-06-06T15:02:08.858+0000] {processor.py:183} INFO - Processing /opt/airflow/dags/python_operator_dag2.py took 0.264 seconds
[2025-06-06T15:02:40.849+0000] {processor.py:161} INFO - Started process (PID=10274) to work on /opt/airflow/dags/python_operator_dag2.py
[2025-06-06T15:02:40.852+0000] {processor.py:830} INFO - Processing file /opt/airflow/dags/python_operator_dag2.py for tasks to queue
[2025-06-06T15:02:40.854+0000] {logging_mixin.py:188} INFO - [2025-06-06T15:02:40.853+0000] {dagbag.py:538} INFO - Filling up the DagBag from /opt/airflow/dags/python_operator_dag2.py
[2025-06-06T15:02:40.898+0000] {processor.py:840} INFO - DAG(s) 'python_operator' retrieved from /opt/airflow/dags/python_operator_dag2.py
[2025-06-06T15:02:40.942+0000] {logging_mixin.py:188} INFO - [2025-06-06T15:02:40.941+0000] {dag.py:3036} INFO - Sync 1 DAGs
[2025-06-06T15:02:40.981+0000] {logging_mixin.py:188} INFO - [2025-06-06T15:02:40.981+0000] {dag.py:3823} INFO - Setting next_dagrun for python_operator to 2025-05-18 00:00:00+00:00, run_after=2025-05-19 00:00:00+00:00
[2025-06-06T15:02:41.076+0000] {processor.py:183} INFO - Processing /opt/airflow/dags/python_operator_dag2.py took 0.234 seconds
[2025-06-06T15:03:11.805+0000] {processor.py:161} INFO - Started process (PID=10297) to work on /opt/airflow/dags/python_operator_dag2.py
[2025-06-06T15:03:11.807+0000] {processor.py:830} INFO - Processing file /opt/airflow/dags/python_operator_dag2.py for tasks to queue
[2025-06-06T15:03:11.809+0000] {logging_mixin.py:188} INFO - [2025-06-06T15:03:11.808+0000] {dagbag.py:538} INFO - Filling up the DagBag from /opt/airflow/dags/python_operator_dag2.py
[2025-06-06T15:03:11.861+0000] {processor.py:840} INFO - DAG(s) 'python_operator' retrieved from /opt/airflow/dags/python_operator_dag2.py
[2025-06-06T15:03:11.922+0000] {logging_mixin.py:188} INFO - [2025-06-06T15:03:11.922+0000] {dag.py:3036} INFO - Sync 1 DAGs
[2025-06-06T15:03:11.961+0000] {logging_mixin.py:188} INFO - [2025-06-06T15:03:11.960+0000] {dag.py:3823} INFO - Setting next_dagrun for python_operator to 2025-05-18 00:00:00+00:00, run_after=2025-05-19 00:00:00+00:00
[2025-06-06T15:03:11.997+0000] {processor.py:183} INFO - Processing /opt/airflow/dags/python_operator_dag2.py took 0.196 seconds
[2025-06-06T15:03:43.767+0000] {processor.py:161} INFO - Started process (PID=10319) to work on /opt/airflow/dags/python_operator_dag2.py
[2025-06-06T15:03:43.770+0000] {processor.py:830} INFO - Processing file /opt/airflow/dags/python_operator_dag2.py for tasks to queue
[2025-06-06T15:03:43.774+0000] {logging_mixin.py:188} INFO - [2025-06-06T15:03:43.773+0000] {dagbag.py:538} INFO - Filling up the DagBag from /opt/airflow/dags/python_operator_dag2.py
[2025-06-06T15:03:43.824+0000] {processor.py:840} INFO - DAG(s) 'python_operator' retrieved from /opt/airflow/dags/python_operator_dag2.py
[2025-06-06T15:03:43.958+0000] {logging_mixin.py:188} INFO - [2025-06-06T15:03:43.957+0000] {dag.py:3036} INFO - Sync 1 DAGs
[2025-06-06T15:03:44.074+0000] {logging_mixin.py:188} INFO - [2025-06-06T15:03:44.073+0000] {dag.py:3823} INFO - Setting next_dagrun for python_operator to 2025-05-18 00:00:00+00:00, run_after=2025-05-19 00:00:00+00:00
[2025-06-06T15:03:44.145+0000] {processor.py:183} INFO - Processing /opt/airflow/dags/python_operator_dag2.py took 0.385 seconds
[2025-06-06T15:04:14.822+0000] {processor.py:161} INFO - Started process (PID=10342) to work on /opt/airflow/dags/python_operator_dag2.py
[2025-06-06T15:04:14.824+0000] {processor.py:830} INFO - Processing file /opt/airflow/dags/python_operator_dag2.py for tasks to queue
[2025-06-06T15:04:14.826+0000] {logging_mixin.py:188} INFO - [2025-06-06T15:04:14.826+0000] {dagbag.py:538} INFO - Filling up the DagBag from /opt/airflow/dags/python_operator_dag2.py
[2025-06-06T15:04:14.863+0000] {processor.py:840} INFO - DAG(s) 'python_operator' retrieved from /opt/airflow/dags/python_operator_dag2.py
[2025-06-06T15:04:14.921+0000] {logging_mixin.py:188} INFO - [2025-06-06T15:04:14.921+0000] {dag.py:3036} INFO - Sync 1 DAGs
[2025-06-06T15:04:14.970+0000] {logging_mixin.py:188} INFO - [2025-06-06T15:04:14.970+0000] {dag.py:3823} INFO - Setting next_dagrun for python_operator to 2025-05-18 00:00:00+00:00, run_after=2025-05-19 00:00:00+00:00
[2025-06-06T15:04:15.031+0000] {processor.py:183} INFO - Processing /opt/airflow/dags/python_operator_dag2.py took 0.214 seconds
[2025-06-06T15:04:46.121+0000] {processor.py:161} INFO - Started process (PID=10365) to work on /opt/airflow/dags/python_operator_dag2.py
[2025-06-06T15:04:46.127+0000] {processor.py:830} INFO - Processing file /opt/airflow/dags/python_operator_dag2.py for tasks to queue
[2025-06-06T15:04:46.135+0000] {logging_mixin.py:188} INFO - [2025-06-06T15:04:46.134+0000] {dagbag.py:538} INFO - Filling up the DagBag from /opt/airflow/dags/python_operator_dag2.py
[2025-06-06T15:04:46.211+0000] {processor.py:840} INFO - DAG(s) 'python_operator' retrieved from /opt/airflow/dags/python_operator_dag2.py
[2025-06-06T15:04:46.281+0000] {logging_mixin.py:188} INFO - [2025-06-06T15:04:46.280+0000] {dag.py:3036} INFO - Sync 1 DAGs
[2025-06-06T15:04:46.342+0000] {logging_mixin.py:188} INFO - [2025-06-06T15:04:46.342+0000] {dag.py:3823} INFO - Setting next_dagrun for python_operator to 2025-05-18 00:00:00+00:00, run_after=2025-05-19 00:00:00+00:00
[2025-06-06T15:04:46.400+0000] {processor.py:183} INFO - Processing /opt/airflow/dags/python_operator_dag2.py took 0.286 seconds
[2025-06-06T15:05:18.689+0000] {processor.py:161} INFO - Started process (PID=10388) to work on /opt/airflow/dags/python_operator_dag2.py
[2025-06-06T15:05:18.697+0000] {processor.py:830} INFO - Processing file /opt/airflow/dags/python_operator_dag2.py for tasks to queue
[2025-06-06T15:05:18.703+0000] {logging_mixin.py:188} INFO - [2025-06-06T15:05:18.701+0000] {dagbag.py:538} INFO - Filling up the DagBag from /opt/airflow/dags/python_operator_dag2.py
[2025-06-06T15:05:18.837+0000] {processor.py:840} INFO - DAG(s) 'python_operator' retrieved from /opt/airflow/dags/python_operator_dag2.py
[2025-06-06T15:05:18.898+0000] {logging_mixin.py:188} INFO - [2025-06-06T15:05:18.898+0000] {dag.py:3036} INFO - Sync 1 DAGs
[2025-06-06T15:05:18.957+0000] {logging_mixin.py:188} INFO - [2025-06-06T15:05:18.956+0000] {dag.py:3823} INFO - Setting next_dagrun for python_operator to 2025-05-18 00:00:00+00:00, run_after=2025-05-19 00:00:00+00:00
[2025-06-06T15:05:19.025+0000] {processor.py:183} INFO - Processing /opt/airflow/dags/python_operator_dag2.py took 0.345 seconds
[2025-06-06T15:05:50.112+0000] {processor.py:161} INFO - Started process (PID=10410) to work on /opt/airflow/dags/python_operator_dag2.py
[2025-06-06T15:05:50.114+0000] {processor.py:830} INFO - Processing file /opt/airflow/dags/python_operator_dag2.py for tasks to queue
[2025-06-06T15:05:50.117+0000] {logging_mixin.py:188} INFO - [2025-06-06T15:05:50.116+0000] {dagbag.py:538} INFO - Filling up the DagBag from /opt/airflow/dags/python_operator_dag2.py
[2025-06-06T15:05:50.183+0000] {processor.py:840} INFO - DAG(s) 'python_operator' retrieved from /opt/airflow/dags/python_operator_dag2.py
[2025-06-06T15:05:50.250+0000] {logging_mixin.py:188} INFO - [2025-06-06T15:05:50.249+0000] {dag.py:3036} INFO - Sync 1 DAGs
[2025-06-06T15:05:50.308+0000] {logging_mixin.py:188} INFO - [2025-06-06T15:05:50.307+0000] {dag.py:3823} INFO - Setting next_dagrun for python_operator to 2025-05-18 00:00:00+00:00, run_after=2025-05-19 00:00:00+00:00
[2025-06-06T15:05:50.385+0000] {processor.py:183} INFO - Processing /opt/airflow/dags/python_operator_dag2.py took 0.287 seconds
