[2025-06-06T13:51:47.699+0000] {processor.py:161} INFO - Started process (PID=8653) to work on /opt/airflow/dags/python_operator_dag.py
[2025-06-06T13:51:47.702+0000] {processor.py:830} INFO - Processing file /opt/airflow/dags/python_operator_dag.py for tasks to queue
[2025-06-06T13:51:47.705+0000] {logging_mixin.py:188} INFO - [2025-06-06T13:51:47.704+0000] {dagbag.py:538} INFO - Filling up the DagBag from /opt/airflow/dags/python_operator_dag.py
[2025-06-06T13:51:47.792+0000] {processor.py:840} INFO - DAG(s) 'hello_world' retrieved from /opt/airflow/dags/python_operator_dag.py
[2025-06-06T13:51:47.883+0000] {logging_mixin.py:188} INFO - [2025-06-06T13:51:47.882+0000] {dag.py:3036} INFO - Sync 1 DAGs
[2025-06-06T13:51:47.951+0000] {logging_mixin.py:188} INFO - [2025-06-06T13:51:47.951+0000] {dag.py:3823} INFO - Setting next_dagrun for hello_world to 2025-06-05 00:00:00+00:00, run_after=2025-06-06 00:00:00+00:00
[2025-06-06T13:51:48.018+0000] {processor.py:183} INFO - Processing /opt/airflow/dags/python_operator_dag.py took 0.337 seconds
[2025-06-06T14:26:52.936+0000] {processor.py:161} INFO - Started process (PID=8676) to work on /opt/airflow/dags/python_operator_dag.py
[2025-06-06T14:26:52.957+0000] {processor.py:830} INFO - Processing file /opt/airflow/dags/python_operator_dag.py for tasks to queue
[2025-06-06T14:26:52.970+0000] {logging_mixin.py:188} INFO - [2025-06-06T14:26:52.969+0000] {dagbag.py:538} INFO - Filling up the DagBag from /opt/airflow/dags/python_operator_dag.py
[2025-06-06T14:26:53.222+0000] {processor.py:840} INFO - DAG(s) 'hello_world' retrieved from /opt/airflow/dags/python_operator_dag.py
[2025-06-06T14:26:53.414+0000] {logging_mixin.py:188} INFO - [2025-06-06T14:26:53.414+0000] {dag.py:3036} INFO - Sync 1 DAGs
[2025-06-06T14:26:53.497+0000] {logging_mixin.py:188} INFO - [2025-06-06T14:26:53.496+0000] {dag.py:3823} INFO - Setting next_dagrun for hello_world to 2025-06-05 00:00:00+00:00, run_after=2025-06-06 00:00:00+00:00
[2025-06-06T14:26:53.584+0000] {processor.py:183} INFO - Processing /opt/airflow/dags/python_operator_dag.py took 0.686 seconds
[2025-06-06T14:27:23.851+0000] {processor.py:161} INFO - Started process (PID=8699) to work on /opt/airflow/dags/python_operator_dag.py
[2025-06-06T14:27:23.853+0000] {processor.py:830} INFO - Processing file /opt/airflow/dags/python_operator_dag.py for tasks to queue
[2025-06-06T14:27:23.854+0000] {logging_mixin.py:188} INFO - [2025-06-06T14:27:23.854+0000] {dagbag.py:538} INFO - Filling up the DagBag from /opt/airflow/dags/python_operator_dag.py
[2025-06-06T14:27:23.904+0000] {processor.py:840} INFO - DAG(s) 'hello_world' retrieved from /opt/airflow/dags/python_operator_dag.py
[2025-06-06T14:27:23.941+0000] {logging_mixin.py:188} INFO - [2025-06-06T14:27:23.941+0000] {dag.py:3036} INFO - Sync 1 DAGs
[2025-06-06T14:27:23.964+0000] {logging_mixin.py:188} INFO - [2025-06-06T14:27:23.964+0000] {dag.py:3823} INFO - Setting next_dagrun for hello_world to 2025-06-05 00:00:00+00:00, run_after=2025-06-06 00:00:00+00:00
[2025-06-06T14:27:23.994+0000] {processor.py:183} INFO - Processing /opt/airflow/dags/python_operator_dag.py took 0.146 seconds
[2025-06-06T14:27:54.268+0000] {processor.py:161} INFO - Started process (PID=8722) to work on /opt/airflow/dags/python_operator_dag.py
[2025-06-06T14:27:54.270+0000] {processor.py:830} INFO - Processing file /opt/airflow/dags/python_operator_dag.py for tasks to queue
[2025-06-06T14:27:54.272+0000] {logging_mixin.py:188} INFO - [2025-06-06T14:27:54.271+0000] {dagbag.py:538} INFO - Filling up the DagBag from /opt/airflow/dags/python_operator_dag.py
[2025-06-06T14:27:54.309+0000] {processor.py:840} INFO - DAG(s) 'hello_world' retrieved from /opt/airflow/dags/python_operator_dag.py
[2025-06-06T14:27:54.342+0000] {logging_mixin.py:188} INFO - [2025-06-06T14:27:54.341+0000] {dag.py:3036} INFO - Sync 1 DAGs
[2025-06-06T14:27:54.374+0000] {logging_mixin.py:188} INFO - [2025-06-06T14:27:54.373+0000] {dag.py:3823} INFO - Setting next_dagrun for hello_world to 2025-06-05 00:00:00+00:00, run_after=2025-06-06 00:00:00+00:00
[2025-06-06T14:27:54.495+0000] {processor.py:183} INFO - Processing /opt/airflow/dags/python_operator_dag.py took 0.231 seconds
[2025-06-06T14:28:27.043+0000] {processor.py:161} INFO - Started process (PID=8745) to work on /opt/airflow/dags/python_operator_dag.py
[2025-06-06T14:28:27.048+0000] {processor.py:830} INFO - Processing file /opt/airflow/dags/python_operator_dag.py for tasks to queue
[2025-06-06T14:28:27.053+0000] {logging_mixin.py:188} INFO - [2025-06-06T14:28:27.052+0000] {dagbag.py:538} INFO - Filling up the DagBag from /opt/airflow/dags/python_operator_dag.py
[2025-06-06T14:28:27.152+0000] {processor.py:840} INFO - DAG(s) 'hello_world' retrieved from /opt/airflow/dags/python_operator_dag.py
[2025-06-06T14:28:27.242+0000] {logging_mixin.py:188} INFO - [2025-06-06T14:28:27.241+0000] {dag.py:3036} INFO - Sync 1 DAGs
[2025-06-06T14:28:27.316+0000] {logging_mixin.py:188} INFO - [2025-06-06T14:28:27.316+0000] {dag.py:3823} INFO - Setting next_dagrun for hello_world to 2025-06-05 00:00:00+00:00, run_after=2025-06-06 00:00:00+00:00
[2025-06-06T14:28:27.374+0000] {processor.py:183} INFO - Processing /opt/airflow/dags/python_operator_dag.py took 0.337 seconds
[2025-06-06T14:29:01.004+0000] {processor.py:161} INFO - Started process (PID=8769) to work on /opt/airflow/dags/python_operator_dag.py
[2025-06-06T14:29:01.008+0000] {processor.py:830} INFO - Processing file /opt/airflow/dags/python_operator_dag.py for tasks to queue
[2025-06-06T14:29:01.011+0000] {logging_mixin.py:188} INFO - [2025-06-06T14:29:01.011+0000] {dagbag.py:538} INFO - Filling up the DagBag from /opt/airflow/dags/python_operator_dag.py
[2025-06-06T14:29:01.085+0000] {processor.py:840} INFO - DAG(s) 'hello_world' retrieved from /opt/airflow/dags/python_operator_dag.py
[2025-06-06T14:29:01.206+0000] {logging_mixin.py:188} INFO - [2025-06-06T14:29:01.206+0000] {dag.py:3036} INFO - Sync 1 DAGs
[2025-06-06T14:29:01.276+0000] {logging_mixin.py:188} INFO - [2025-06-06T14:29:01.274+0000] {dag.py:3823} INFO - Setting next_dagrun for hello_world to 2025-06-05 00:00:00+00:00, run_after=2025-06-06 00:00:00+00:00
[2025-06-06T14:29:01.393+0000] {processor.py:183} INFO - Processing /opt/airflow/dags/python_operator_dag.py took 0.401 seconds
[2025-06-06T14:29:32.581+0000] {processor.py:161} INFO - Started process (PID=8792) to work on /opt/airflow/dags/python_operator_dag.py
[2025-06-06T14:29:32.585+0000] {processor.py:830} INFO - Processing file /opt/airflow/dags/python_operator_dag.py for tasks to queue
[2025-06-06T14:29:32.588+0000] {logging_mixin.py:188} INFO - [2025-06-06T14:29:32.587+0000] {dagbag.py:538} INFO - Filling up the DagBag from /opt/airflow/dags/python_operator_dag.py
[2025-06-06T14:29:32.649+0000] {processor.py:840} INFO - DAG(s) 'hello_world' retrieved from /opt/airflow/dags/python_operator_dag.py
[2025-06-06T14:29:32.735+0000] {logging_mixin.py:188} INFO - [2025-06-06T14:29:32.734+0000] {dag.py:3036} INFO - Sync 1 DAGs
[2025-06-06T14:29:32.797+0000] {logging_mixin.py:188} INFO - [2025-06-06T14:29:32.796+0000] {dag.py:3823} INFO - Setting next_dagrun for hello_world to 2025-06-05 00:00:00+00:00, run_after=2025-06-06 00:00:00+00:00
[2025-06-06T14:29:32.851+0000] {processor.py:183} INFO - Processing /opt/airflow/dags/python_operator_dag.py took 0.276 seconds
[2025-06-06T14:30:09.542+0000] {processor.py:161} INFO - Started process (PID=8815) to work on /opt/airflow/dags/python_operator_dag.py
[2025-06-06T14:30:09.554+0000] {processor.py:830} INFO - Processing file /opt/airflow/dags/python_operator_dag.py for tasks to queue
[2025-06-06T14:30:09.563+0000] {logging_mixin.py:188} INFO - [2025-06-06T14:30:09.562+0000] {dagbag.py:538} INFO - Filling up the DagBag from /opt/airflow/dags/python_operator_dag.py
[2025-06-06T14:30:09.723+0000] {processor.py:840} INFO - DAG(s) 'hello_world' retrieved from /opt/airflow/dags/python_operator_dag.py
[2025-06-06T14:30:09.894+0000] {logging_mixin.py:188} INFO - [2025-06-06T14:30:09.894+0000] {dag.py:3036} INFO - Sync 1 DAGs
[2025-06-06T14:30:10.108+0000] {logging_mixin.py:188} INFO - [2025-06-06T14:30:10.100+0000] {dag.py:3823} INFO - Setting next_dagrun for hello_world to 2025-06-05 00:00:00+00:00, run_after=2025-06-06 00:00:00+00:00
[2025-06-06T14:30:10.269+0000] {processor.py:183} INFO - Processing /opt/airflow/dags/python_operator_dag.py took 0.749 seconds
[2025-06-06T14:30:41.249+0000] {processor.py:161} INFO - Started process (PID=8838) to work on /opt/airflow/dags/python_operator_dag.py
[2025-06-06T14:30:41.254+0000] {processor.py:830} INFO - Processing file /opt/airflow/dags/python_operator_dag.py for tasks to queue
[2025-06-06T14:30:41.268+0000] {logging_mixin.py:188} INFO - [2025-06-06T14:30:41.267+0000] {dagbag.py:538} INFO - Filling up the DagBag from /opt/airflow/dags/python_operator_dag.py
[2025-06-06T14:30:41.403+0000] {processor.py:840} INFO - DAG(s) 'hello_world' retrieved from /opt/airflow/dags/python_operator_dag.py
[2025-06-06T14:30:41.567+0000] {logging_mixin.py:188} INFO - [2025-06-06T14:30:41.567+0000] {dag.py:3036} INFO - Sync 1 DAGs
[2025-06-06T14:30:41.687+0000] {logging_mixin.py:188} INFO - [2025-06-06T14:30:41.687+0000] {dag.py:3823} INFO - Setting next_dagrun for hello_world to 2025-06-05 00:00:00+00:00, run_after=2025-06-06 00:00:00+00:00
[2025-06-06T14:30:41.758+0000] {processor.py:183} INFO - Processing /opt/airflow/dags/python_operator_dag.py took 0.532 seconds
[2025-06-06T14:31:12.019+0000] {processor.py:161} INFO - Started process (PID=8861) to work on /opt/airflow/dags/python_operator_dag.py
[2025-06-06T14:31:12.022+0000] {processor.py:830} INFO - Processing file /opt/airflow/dags/python_operator_dag.py for tasks to queue
[2025-06-06T14:31:12.026+0000] {logging_mixin.py:188} INFO - [2025-06-06T14:31:12.025+0000] {dagbag.py:538} INFO - Filling up the DagBag from /opt/airflow/dags/python_operator_dag.py
[2025-06-06T14:31:12.100+0000] {processor.py:840} INFO - DAG(s) 'hello_world' retrieved from /opt/airflow/dags/python_operator_dag.py
[2025-06-06T14:31:12.184+0000] {logging_mixin.py:188} INFO - [2025-06-06T14:31:12.184+0000] {dag.py:3036} INFO - Sync 1 DAGs
[2025-06-06T14:31:12.226+0000] {logging_mixin.py:188} INFO - [2025-06-06T14:31:12.226+0000] {dag.py:3823} INFO - Setting next_dagrun for hello_world to 2025-06-05 00:00:00+00:00, run_after=2025-06-06 00:00:00+00:00
[2025-06-06T14:31:12.280+0000] {processor.py:183} INFO - Processing /opt/airflow/dags/python_operator_dag.py took 0.279 seconds
[2025-06-06T14:31:42.877+0000] {processor.py:161} INFO - Started process (PID=8884) to work on /opt/airflow/dags/python_operator_dag.py
[2025-06-06T14:31:42.881+0000] {processor.py:830} INFO - Processing file /opt/airflow/dags/python_operator_dag.py for tasks to queue
[2025-06-06T14:31:42.884+0000] {logging_mixin.py:188} INFO - [2025-06-06T14:31:42.884+0000] {dagbag.py:538} INFO - Filling up the DagBag from /opt/airflow/dags/python_operator_dag.py
[2025-06-06T14:31:42.944+0000] {processor.py:840} INFO - DAG(s) 'hello_world' retrieved from /opt/airflow/dags/python_operator_dag.py
[2025-06-06T14:31:42.999+0000] {logging_mixin.py:188} INFO - [2025-06-06T14:31:42.998+0000] {dag.py:3036} INFO - Sync 1 DAGs
[2025-06-06T14:31:43.056+0000] {logging_mixin.py:188} INFO - [2025-06-06T14:31:43.055+0000] {dag.py:3823} INFO - Setting next_dagrun for hello_world to 2025-06-05 00:00:00+00:00, run_after=2025-06-06 00:00:00+00:00
[2025-06-06T14:31:43.123+0000] {processor.py:183} INFO - Processing /opt/airflow/dags/python_operator_dag.py took 0.259 seconds
[2025-06-06T14:32:13.687+0000] {processor.py:161} INFO - Started process (PID=8913) to work on /opt/airflow/dags/python_operator_dag.py
[2025-06-06T14:32:13.690+0000] {processor.py:830} INFO - Processing file /opt/airflow/dags/python_operator_dag.py for tasks to queue
[2025-06-06T14:32:13.692+0000] {logging_mixin.py:188} INFO - [2025-06-06T14:32:13.691+0000] {dagbag.py:538} INFO - Filling up the DagBag from /opt/airflow/dags/python_operator_dag.py
[2025-06-06T14:32:13.740+0000] {processor.py:840} INFO - DAG(s) 'hello_world' retrieved from /opt/airflow/dags/python_operator_dag.py
[2025-06-06T14:32:13.790+0000] {logging_mixin.py:188} INFO - [2025-06-06T14:32:13.789+0000] {dag.py:3036} INFO - Sync 1 DAGs
[2025-06-06T14:32:13.826+0000] {logging_mixin.py:188} INFO - [2025-06-06T14:32:13.826+0000] {dag.py:3823} INFO - Setting next_dagrun for hello_world to 2025-06-05 00:00:00+00:00, run_after=2025-06-06 00:00:00+00:00
[2025-06-06T14:32:13.877+0000] {processor.py:183} INFO - Processing /opt/airflow/dags/python_operator_dag.py took 0.196 seconds
[2025-06-06T14:32:44.423+0000] {processor.py:161} INFO - Started process (PID=8936) to work on /opt/airflow/dags/python_operator_dag.py
[2025-06-06T14:32:44.426+0000] {processor.py:830} INFO - Processing file /opt/airflow/dags/python_operator_dag.py for tasks to queue
[2025-06-06T14:32:44.429+0000] {logging_mixin.py:188} INFO - [2025-06-06T14:32:44.428+0000] {dagbag.py:538} INFO - Filling up the DagBag from /opt/airflow/dags/python_operator_dag.py
[2025-06-06T14:32:44.512+0000] {processor.py:840} INFO - DAG(s) 'hello_world' retrieved from /opt/airflow/dags/python_operator_dag.py
[2025-06-06T14:32:44.614+0000] {logging_mixin.py:188} INFO - [2025-06-06T14:32:44.613+0000] {dag.py:3036} INFO - Sync 1 DAGs
[2025-06-06T14:32:44.690+0000] {logging_mixin.py:188} INFO - [2025-06-06T14:32:44.689+0000] {dag.py:3823} INFO - Setting next_dagrun for hello_world to 2025-06-05 00:00:00+00:00, run_after=2025-06-06 00:00:00+00:00
[2025-06-06T14:32:44.733+0000] {processor.py:183} INFO - Processing /opt/airflow/dags/python_operator_dag.py took 0.324 seconds
[2025-06-06T14:33:15.438+0000] {processor.py:161} INFO - Started process (PID=8960) to work on /opt/airflow/dags/python_operator_dag.py
[2025-06-06T14:33:15.445+0000] {processor.py:830} INFO - Processing file /opt/airflow/dags/python_operator_dag.py for tasks to queue
[2025-06-06T14:33:15.448+0000] {logging_mixin.py:188} INFO - [2025-06-06T14:33:15.447+0000] {dagbag.py:538} INFO - Filling up the DagBag from /opt/airflow/dags/python_operator_dag.py
[2025-06-06T14:33:15.506+0000] {processor.py:840} INFO - DAG(s) 'hello_world' retrieved from /opt/airflow/dags/python_operator_dag.py
[2025-06-06T14:33:15.571+0000] {logging_mixin.py:188} INFO - [2025-06-06T14:33:15.570+0000] {dag.py:3036} INFO - Sync 1 DAGs
[2025-06-06T14:33:15.622+0000] {logging_mixin.py:188} INFO - [2025-06-06T14:33:15.622+0000] {dag.py:3823} INFO - Setting next_dagrun for hello_world to 2025-06-05 00:00:00+00:00, run_after=2025-06-06 00:00:00+00:00
[2025-06-06T14:33:15.694+0000] {processor.py:183} INFO - Processing /opt/airflow/dags/python_operator_dag.py took 0.276 seconds
[2025-06-06T14:33:47.921+0000] {processor.py:161} INFO - Started process (PID=8983) to work on /opt/airflow/dags/python_operator_dag.py
[2025-06-06T14:33:47.924+0000] {processor.py:830} INFO - Processing file /opt/airflow/dags/python_operator_dag.py for tasks to queue
[2025-06-06T14:33:47.927+0000] {logging_mixin.py:188} INFO - [2025-06-06T14:33:47.926+0000] {dagbag.py:538} INFO - Filling up the DagBag from /opt/airflow/dags/python_operator_dag.py
[2025-06-06T14:33:47.992+0000] {processor.py:840} INFO - DAG(s) 'hello_world' retrieved from /opt/airflow/dags/python_operator_dag.py
[2025-06-06T14:33:48.070+0000] {logging_mixin.py:188} INFO - [2025-06-06T14:33:48.069+0000] {dag.py:3036} INFO - Sync 1 DAGs
[2025-06-06T14:33:48.144+0000] {logging_mixin.py:188} INFO - [2025-06-06T14:33:48.144+0000] {dag.py:3823} INFO - Setting next_dagrun for hello_world to 2025-06-05 00:00:00+00:00, run_after=2025-06-06 00:00:00+00:00
[2025-06-06T14:33:48.199+0000] {processor.py:183} INFO - Processing /opt/airflow/dags/python_operator_dag.py took 0.284 seconds
[2025-06-06T14:34:18.695+0000] {processor.py:161} INFO - Started process (PID=9006) to work on /opt/airflow/dags/python_operator_dag.py
[2025-06-06T14:34:18.699+0000] {processor.py:830} INFO - Processing file /opt/airflow/dags/python_operator_dag.py for tasks to queue
[2025-06-06T14:34:18.702+0000] {logging_mixin.py:188} INFO - [2025-06-06T14:34:18.701+0000] {dagbag.py:538} INFO - Filling up the DagBag from /opt/airflow/dags/python_operator_dag.py
[2025-06-06T14:34:18.761+0000] {processor.py:840} INFO - DAG(s) 'hello_world' retrieved from /opt/airflow/dags/python_operator_dag.py
[2025-06-06T14:34:18.830+0000] {logging_mixin.py:188} INFO - [2025-06-06T14:34:18.829+0000] {dag.py:3036} INFO - Sync 1 DAGs
[2025-06-06T14:34:18.905+0000] {logging_mixin.py:188} INFO - [2025-06-06T14:34:18.905+0000] {dag.py:3823} INFO - Setting next_dagrun for hello_world to 2025-06-05 00:00:00+00:00, run_after=2025-06-06 00:00:00+00:00
[2025-06-06T14:34:18.948+0000] {processor.py:183} INFO - Processing /opt/airflow/dags/python_operator_dag.py took 0.264 seconds
[2025-06-06T14:34:49.718+0000] {processor.py:161} INFO - Started process (PID=9029) to work on /opt/airflow/dags/python_operator_dag.py
[2025-06-06T14:34:49.721+0000] {processor.py:830} INFO - Processing file /opt/airflow/dags/python_operator_dag.py for tasks to queue
[2025-06-06T14:34:49.724+0000] {logging_mixin.py:188} INFO - [2025-06-06T14:34:49.723+0000] {dagbag.py:538} INFO - Filling up the DagBag from /opt/airflow/dags/python_operator_dag.py
[2025-06-06T14:34:49.779+0000] {processor.py:840} INFO - DAG(s) 'hello_world' retrieved from /opt/airflow/dags/python_operator_dag.py
[2025-06-06T14:34:49.834+0000] {logging_mixin.py:188} INFO - [2025-06-06T14:34:49.833+0000] {dag.py:3036} INFO - Sync 1 DAGs
[2025-06-06T14:34:49.905+0000] {logging_mixin.py:188} INFO - [2025-06-06T14:34:49.904+0000] {dag.py:3823} INFO - Setting next_dagrun for hello_world to 2025-06-05 00:00:00+00:00, run_after=2025-06-06 00:00:00+00:00
[2025-06-06T14:34:49.961+0000] {processor.py:183} INFO - Processing /opt/airflow/dags/python_operator_dag.py took 0.254 seconds
[2025-06-06T14:35:20.792+0000] {processor.py:161} INFO - Started process (PID=9053) to work on /opt/airflow/dags/python_operator_dag.py
[2025-06-06T14:35:20.794+0000] {processor.py:830} INFO - Processing file /opt/airflow/dags/python_operator_dag.py for tasks to queue
[2025-06-06T14:35:20.798+0000] {logging_mixin.py:188} INFO - [2025-06-06T14:35:20.797+0000] {dagbag.py:538} INFO - Filling up the DagBag from /opt/airflow/dags/python_operator_dag.py
[2025-06-06T14:35:20.846+0000] {processor.py:840} INFO - DAG(s) 'hello_world' retrieved from /opt/airflow/dags/python_operator_dag.py
[2025-06-06T14:35:20.944+0000] {logging_mixin.py:188} INFO - [2025-06-06T14:35:20.943+0000] {dag.py:3036} INFO - Sync 1 DAGs
[2025-06-06T14:35:21.027+0000] {logging_mixin.py:188} INFO - [2025-06-06T14:35:21.026+0000] {dag.py:3823} INFO - Setting next_dagrun for hello_world to 2025-06-05 00:00:00+00:00, run_after=2025-06-06 00:00:00+00:00
[2025-06-06T14:35:21.097+0000] {processor.py:183} INFO - Processing /opt/airflow/dags/python_operator_dag.py took 0.311 seconds
[2025-06-06T14:35:52.440+0000] {processor.py:161} INFO - Started process (PID=9076) to work on /opt/airflow/dags/python_operator_dag.py
[2025-06-06T14:35:52.443+0000] {processor.py:830} INFO - Processing file /opt/airflow/dags/python_operator_dag.py for tasks to queue
[2025-06-06T14:35:52.445+0000] {logging_mixin.py:188} INFO - [2025-06-06T14:35:52.445+0000] {dagbag.py:538} INFO - Filling up the DagBag from /opt/airflow/dags/python_operator_dag.py
[2025-06-06T14:35:52.494+0000] {processor.py:840} INFO - DAG(s) 'hello_world' retrieved from /opt/airflow/dags/python_operator_dag.py
[2025-06-06T14:35:52.598+0000] {logging_mixin.py:188} INFO - [2025-06-06T14:35:52.598+0000] {dag.py:3036} INFO - Sync 1 DAGs
[2025-06-06T14:35:52.636+0000] {logging_mixin.py:188} INFO - [2025-06-06T14:35:52.636+0000] {dag.py:3823} INFO - Setting next_dagrun for hello_world to 2025-06-05 00:00:00+00:00, run_after=2025-06-06 00:00:00+00:00
[2025-06-06T14:35:52.690+0000] {processor.py:183} INFO - Processing /opt/airflow/dags/python_operator_dag.py took 0.256 seconds
[2025-06-06T14:36:24.583+0000] {processor.py:161} INFO - Started process (PID=9100) to work on /opt/airflow/dags/python_operator_dag.py
[2025-06-06T14:36:24.589+0000] {processor.py:830} INFO - Processing file /opt/airflow/dags/python_operator_dag.py for tasks to queue
[2025-06-06T14:36:24.592+0000] {logging_mixin.py:188} INFO - [2025-06-06T14:36:24.591+0000] {dagbag.py:538} INFO - Filling up the DagBag from /opt/airflow/dags/python_operator_dag.py
[2025-06-06T14:36:24.714+0000] {processor.py:840} INFO - DAG(s) 'hello_world' retrieved from /opt/airflow/dags/python_operator_dag.py
[2025-06-06T14:36:24.793+0000] {logging_mixin.py:188} INFO - [2025-06-06T14:36:24.792+0000] {dag.py:3036} INFO - Sync 1 DAGs
[2025-06-06T14:36:24.854+0000] {logging_mixin.py:188} INFO - [2025-06-06T14:36:24.853+0000] {dag.py:3823} INFO - Setting next_dagrun for hello_world to 2025-06-05 00:00:00+00:00, run_after=2025-06-06 00:00:00+00:00
[2025-06-06T14:36:24.994+0000] {processor.py:183} INFO - Processing /opt/airflow/dags/python_operator_dag.py took 0.423 seconds
[2025-06-06T14:36:55.973+0000] {processor.py:161} INFO - Started process (PID=9123) to work on /opt/airflow/dags/python_operator_dag.py
[2025-06-06T14:36:55.978+0000] {processor.py:830} INFO - Processing file /opt/airflow/dags/python_operator_dag.py for tasks to queue
[2025-06-06T14:36:55.986+0000] {logging_mixin.py:188} INFO - [2025-06-06T14:36:55.984+0000] {dagbag.py:538} INFO - Filling up the DagBag from /opt/airflow/dags/python_operator_dag.py
[2025-06-06T14:36:56.109+0000] {processor.py:840} INFO - DAG(s) 'hello_world' retrieved from /opt/airflow/dags/python_operator_dag.py
[2025-06-06T14:36:56.214+0000] {logging_mixin.py:188} INFO - [2025-06-06T14:36:56.214+0000] {dag.py:3036} INFO - Sync 1 DAGs
[2025-06-06T14:36:56.245+0000] {logging_mixin.py:188} INFO - [2025-06-06T14:36:56.244+0000] {dag.py:3823} INFO - Setting next_dagrun for hello_world to 2025-06-05 00:00:00+00:00, run_after=2025-06-06 00:00:00+00:00
[2025-06-06T14:36:56.277+0000] {processor.py:183} INFO - Processing /opt/airflow/dags/python_operator_dag.py took 0.326 seconds
[2025-06-06T14:37:27.068+0000] {processor.py:161} INFO - Started process (PID=9146) to work on /opt/airflow/dags/python_operator_dag.py
[2025-06-06T14:37:27.071+0000] {processor.py:830} INFO - Processing file /opt/airflow/dags/python_operator_dag.py for tasks to queue
[2025-06-06T14:37:27.074+0000] {logging_mixin.py:188} INFO - [2025-06-06T14:37:27.073+0000] {dagbag.py:538} INFO - Filling up the DagBag from /opt/airflow/dags/python_operator_dag.py
[2025-06-06T14:37:27.162+0000] {processor.py:840} INFO - DAG(s) 'hello_world' retrieved from /opt/airflow/dags/python_operator_dag.py
[2025-06-06T14:37:27.231+0000] {logging_mixin.py:188} INFO - [2025-06-06T14:37:27.230+0000] {dag.py:3036} INFO - Sync 1 DAGs
[2025-06-06T14:37:27.320+0000] {logging_mixin.py:188} INFO - [2025-06-06T14:37:27.319+0000] {dag.py:3823} INFO - Setting next_dagrun for hello_world to 2025-06-05 00:00:00+00:00, run_after=2025-06-06 00:00:00+00:00
[2025-06-06T14:37:27.445+0000] {processor.py:183} INFO - Processing /opt/airflow/dags/python_operator_dag.py took 0.386 seconds
[2025-06-06T14:37:58.796+0000] {processor.py:161} INFO - Started process (PID=9169) to work on /opt/airflow/dags/python_operator_dag.py
[2025-06-06T14:37:58.809+0000] {processor.py:830} INFO - Processing file /opt/airflow/dags/python_operator_dag.py for tasks to queue
[2025-06-06T14:37:58.815+0000] {logging_mixin.py:188} INFO - [2025-06-06T14:37:58.814+0000] {dagbag.py:538} INFO - Filling up the DagBag from /opt/airflow/dags/python_operator_dag.py
[2025-06-06T14:37:58.884+0000] {processor.py:840} INFO - DAG(s) 'hello_world' retrieved from /opt/airflow/dags/python_operator_dag.py
[2025-06-06T14:37:58.956+0000] {logging_mixin.py:188} INFO - [2025-06-06T14:37:58.955+0000] {dag.py:3036} INFO - Sync 1 DAGs
[2025-06-06T14:37:58.993+0000] {logging_mixin.py:188} INFO - [2025-06-06T14:37:58.992+0000] {dag.py:3823} INFO - Setting next_dagrun for hello_world to 2025-06-05 00:00:00+00:00, run_after=2025-06-06 00:00:00+00:00
[2025-06-06T14:37:59.034+0000] {processor.py:183} INFO - Processing /opt/airflow/dags/python_operator_dag.py took 0.248 seconds
[2025-06-06T14:38:30.157+0000] {processor.py:161} INFO - Started process (PID=9192) to work on /opt/airflow/dags/python_operator_dag.py
[2025-06-06T14:38:30.161+0000] {processor.py:830} INFO - Processing file /opt/airflow/dags/python_operator_dag.py for tasks to queue
[2025-06-06T14:38:30.165+0000] {logging_mixin.py:188} INFO - [2025-06-06T14:38:30.164+0000] {dagbag.py:538} INFO - Filling up the DagBag from /opt/airflow/dags/python_operator_dag.py
[2025-06-06T14:38:30.229+0000] {processor.py:840} INFO - DAG(s) 'hello_world' retrieved from /opt/airflow/dags/python_operator_dag.py
[2025-06-06T14:38:30.375+0000] {logging_mixin.py:188} INFO - [2025-06-06T14:38:30.373+0000] {dag.py:3036} INFO - Sync 1 DAGs
[2025-06-06T14:38:30.444+0000] {logging_mixin.py:188} INFO - [2025-06-06T14:38:30.443+0000] {dag.py:3823} INFO - Setting next_dagrun for hello_world to 2025-06-05 00:00:00+00:00, run_after=2025-06-06 00:00:00+00:00
[2025-06-06T14:38:30.484+0000] {processor.py:183} INFO - Processing /opt/airflow/dags/python_operator_dag.py took 0.335 seconds
[2025-06-06T14:39:01.049+0000] {processor.py:161} INFO - Started process (PID=9215) to work on /opt/airflow/dags/python_operator_dag.py
[2025-06-06T14:39:01.053+0000] {processor.py:830} INFO - Processing file /opt/airflow/dags/python_operator_dag.py for tasks to queue
[2025-06-06T14:39:01.060+0000] {logging_mixin.py:188} INFO - [2025-06-06T14:39:01.058+0000] {dagbag.py:538} INFO - Filling up the DagBag from /opt/airflow/dags/python_operator_dag.py
[2025-06-06T14:39:01.253+0000] {processor.py:840} INFO - DAG(s) 'hello_world' retrieved from /opt/airflow/dags/python_operator_dag.py
[2025-06-06T14:39:01.443+0000] {logging_mixin.py:188} INFO - [2025-06-06T14:39:01.442+0000] {dag.py:3036} INFO - Sync 1 DAGs
[2025-06-06T14:39:01.526+0000] {logging_mixin.py:188} INFO - [2025-06-06T14:39:01.526+0000] {dag.py:3823} INFO - Setting next_dagrun for hello_world to 2025-06-05 00:00:00+00:00, run_after=2025-06-06 00:00:00+00:00
[2025-06-06T14:39:01.583+0000] {processor.py:183} INFO - Processing /opt/airflow/dags/python_operator_dag.py took 0.544 seconds
[2025-06-06T14:39:32.141+0000] {processor.py:161} INFO - Started process (PID=9238) to work on /opt/airflow/dags/python_operator_dag.py
[2025-06-06T14:39:32.143+0000] {processor.py:830} INFO - Processing file /opt/airflow/dags/python_operator_dag.py for tasks to queue
[2025-06-06T14:39:32.148+0000] {logging_mixin.py:188} INFO - [2025-06-06T14:39:32.146+0000] {dagbag.py:538} INFO - Filling up the DagBag from /opt/airflow/dags/python_operator_dag.py
[2025-06-06T14:39:32.203+0000] {processor.py:840} INFO - DAG(s) 'hello_world' retrieved from /opt/airflow/dags/python_operator_dag.py
[2025-06-06T14:39:32.338+0000] {logging_mixin.py:188} INFO - [2025-06-06T14:39:32.337+0000] {dag.py:3036} INFO - Sync 1 DAGs
[2025-06-06T14:39:32.403+0000] {logging_mixin.py:188} INFO - [2025-06-06T14:39:32.402+0000] {dag.py:3823} INFO - Setting next_dagrun for hello_world to 2025-06-05 00:00:00+00:00, run_after=2025-06-06 00:00:00+00:00
[2025-06-06T14:39:32.455+0000] {processor.py:183} INFO - Processing /opt/airflow/dags/python_operator_dag.py took 0.319 seconds
[2025-06-06T14:40:03.188+0000] {processor.py:161} INFO - Started process (PID=9258) to work on /opt/airflow/dags/python_operator_dag.py
[2025-06-06T14:40:03.191+0000] {processor.py:830} INFO - Processing file /opt/airflow/dags/python_operator_dag.py for tasks to queue
[2025-06-06T14:40:03.194+0000] {logging_mixin.py:188} INFO - [2025-06-06T14:40:03.193+0000] {dagbag.py:538} INFO - Filling up the DagBag from /opt/airflow/dags/python_operator_dag.py
[2025-06-06T14:40:03.240+0000] {processor.py:840} INFO - DAG(s) 'hello_world' retrieved from /opt/airflow/dags/python_operator_dag.py
[2025-06-06T14:40:03.291+0000] {logging_mixin.py:188} INFO - [2025-06-06T14:40:03.290+0000] {dag.py:3036} INFO - Sync 1 DAGs
[2025-06-06T14:40:03.343+0000] {logging_mixin.py:188} INFO - [2025-06-06T14:40:03.343+0000] {dag.py:3823} INFO - Setting next_dagrun for hello_world to 2025-06-05 00:00:00+00:00, run_after=2025-06-06 00:00:00+00:00
[2025-06-06T14:40:03.426+0000] {processor.py:183} INFO - Processing /opt/airflow/dags/python_operator_dag.py took 0.245 seconds
[2025-06-06T14:40:34.320+0000] {processor.py:161} INFO - Started process (PID=9281) to work on /opt/airflow/dags/python_operator_dag.py
[2025-06-06T14:40:34.322+0000] {processor.py:830} INFO - Processing file /opt/airflow/dags/python_operator_dag.py for tasks to queue
[2025-06-06T14:40:34.327+0000] {logging_mixin.py:188} INFO - [2025-06-06T14:40:34.325+0000] {dagbag.py:538} INFO - Filling up the DagBag from /opt/airflow/dags/python_operator_dag.py
[2025-06-06T14:40:34.385+0000] {processor.py:840} INFO - DAG(s) 'hello_world' retrieved from /opt/airflow/dags/python_operator_dag.py
[2025-06-06T14:40:34.455+0000] {logging_mixin.py:188} INFO - [2025-06-06T14:40:34.454+0000] {dag.py:3036} INFO - Sync 1 DAGs
[2025-06-06T14:40:34.507+0000] {logging_mixin.py:188} INFO - [2025-06-06T14:40:34.507+0000] {dag.py:3823} INFO - Setting next_dagrun for hello_world to 2025-06-05 00:00:00+00:00, run_after=2025-06-06 00:00:00+00:00
[2025-06-06T14:40:34.597+0000] {processor.py:183} INFO - Processing /opt/airflow/dags/python_operator_dag.py took 0.283 seconds
[2025-06-06T14:41:06.287+0000] {processor.py:161} INFO - Started process (PID=9304) to work on /opt/airflow/dags/python_operator_dag.py
[2025-06-06T14:41:06.290+0000] {processor.py:830} INFO - Processing file /opt/airflow/dags/python_operator_dag.py for tasks to queue
[2025-06-06T14:41:06.292+0000] {logging_mixin.py:188} INFO - [2025-06-06T14:41:06.292+0000] {dagbag.py:538} INFO - Filling up the DagBag from /opt/airflow/dags/python_operator_dag.py
[2025-06-06T14:41:06.366+0000] {processor.py:840} INFO - DAG(s) 'hello_world' retrieved from /opt/airflow/dags/python_operator_dag.py
[2025-06-06T14:41:06.465+0000] {logging_mixin.py:188} INFO - [2025-06-06T14:41:06.464+0000] {dag.py:3036} INFO - Sync 1 DAGs
[2025-06-06T14:41:06.547+0000] {logging_mixin.py:188} INFO - [2025-06-06T14:41:06.546+0000] {dag.py:3823} INFO - Setting next_dagrun for hello_world to 2025-06-05 00:00:00+00:00, run_after=2025-06-06 00:00:00+00:00
[2025-06-06T14:41:06.601+0000] {processor.py:183} INFO - Processing /opt/airflow/dags/python_operator_dag.py took 0.326 seconds
[2025-06-06T14:41:37.173+0000] {processor.py:161} INFO - Started process (PID=9327) to work on /opt/airflow/dags/python_operator_dag.py
[2025-06-06T14:41:37.181+0000] {processor.py:830} INFO - Processing file /opt/airflow/dags/python_operator_dag.py for tasks to queue
[2025-06-06T14:41:37.189+0000] {logging_mixin.py:188} INFO - [2025-06-06T14:41:37.188+0000] {dagbag.py:538} INFO - Filling up the DagBag from /opt/airflow/dags/python_operator_dag.py
[2025-06-06T14:41:37.286+0000] {processor.py:840} INFO - DAG(s) 'hello_world' retrieved from /opt/airflow/dags/python_operator_dag.py
[2025-06-06T14:41:37.408+0000] {logging_mixin.py:188} INFO - [2025-06-06T14:41:37.407+0000] {dag.py:3036} INFO - Sync 1 DAGs
[2025-06-06T14:41:37.490+0000] {logging_mixin.py:188} INFO - [2025-06-06T14:41:37.490+0000] {dag.py:3823} INFO - Setting next_dagrun for hello_world to 2025-06-05 00:00:00+00:00, run_after=2025-06-06 00:00:00+00:00
[2025-06-06T14:41:37.545+0000] {processor.py:183} INFO - Processing /opt/airflow/dags/python_operator_dag.py took 0.381 seconds
[2025-06-06T14:42:08.225+0000] {processor.py:161} INFO - Started process (PID=9350) to work on /opt/airflow/dags/python_operator_dag.py
[2025-06-06T14:42:08.230+0000] {processor.py:830} INFO - Processing file /opt/airflow/dags/python_operator_dag.py for tasks to queue
[2025-06-06T14:42:08.236+0000] {logging_mixin.py:188} INFO - [2025-06-06T14:42:08.234+0000] {dagbag.py:538} INFO - Filling up the DagBag from /opt/airflow/dags/python_operator_dag.py
[2025-06-06T14:42:08.327+0000] {processor.py:840} INFO - DAG(s) 'hello_world' retrieved from /opt/airflow/dags/python_operator_dag.py
[2025-06-06T14:42:08.424+0000] {logging_mixin.py:188} INFO - [2025-06-06T14:42:08.423+0000] {dag.py:3036} INFO - Sync 1 DAGs
[2025-06-06T14:42:08.524+0000] {logging_mixin.py:188} INFO - [2025-06-06T14:42:08.523+0000] {dag.py:3823} INFO - Setting next_dagrun for hello_world to 2025-06-05 00:00:00+00:00, run_after=2025-06-06 00:00:00+00:00
[2025-06-06T14:42:08.579+0000] {processor.py:183} INFO - Processing /opt/airflow/dags/python_operator_dag.py took 0.364 seconds
[2025-06-06T14:42:39.696+0000] {processor.py:161} INFO - Started process (PID=9372) to work on /opt/airflow/dags/python_operator_dag.py
[2025-06-06T14:42:39.698+0000] {processor.py:830} INFO - Processing file /opt/airflow/dags/python_operator_dag.py for tasks to queue
[2025-06-06T14:42:39.700+0000] {logging_mixin.py:188} INFO - [2025-06-06T14:42:39.699+0000] {dagbag.py:538} INFO - Filling up the DagBag from /opt/airflow/dags/python_operator_dag.py
[2025-06-06T14:42:39.758+0000] {processor.py:840} INFO - DAG(s) 'hello_world' retrieved from /opt/airflow/dags/python_operator_dag.py
[2025-06-06T14:42:39.810+0000] {logging_mixin.py:188} INFO - [2025-06-06T14:42:39.810+0000] {dag.py:3036} INFO - Sync 1 DAGs
[2025-06-06T14:42:39.849+0000] {logging_mixin.py:188} INFO - [2025-06-06T14:42:39.848+0000] {dag.py:3823} INFO - Setting next_dagrun for hello_world to 2025-06-05 00:00:00+00:00, run_after=2025-06-06 00:00:00+00:00
[2025-06-06T14:42:39.914+0000] {processor.py:183} INFO - Processing /opt/airflow/dags/python_operator_dag.py took 0.224 seconds
[2025-06-06T14:43:10.127+0000] {processor.py:161} INFO - Started process (PID=9394) to work on /opt/airflow/dags/python_operator_dag.py
[2025-06-06T14:43:10.130+0000] {processor.py:830} INFO - Processing file /opt/airflow/dags/python_operator_dag.py for tasks to queue
[2025-06-06T14:43:10.131+0000] {logging_mixin.py:188} INFO - [2025-06-06T14:43:10.131+0000] {dagbag.py:538} INFO - Filling up the DagBag from /opt/airflow/dags/python_operator_dag.py
[2025-06-06T14:43:10.179+0000] {processor.py:840} INFO - DAG(s) 'hello_world' retrieved from /opt/airflow/dags/python_operator_dag.py
[2025-06-06T14:43:10.228+0000] {logging_mixin.py:188} INFO - [2025-06-06T14:43:10.228+0000] {dag.py:3036} INFO - Sync 1 DAGs
[2025-06-06T14:43:10.275+0000] {logging_mixin.py:188} INFO - [2025-06-06T14:43:10.274+0000] {dag.py:3823} INFO - Setting next_dagrun for hello_world to 2025-06-05 00:00:00+00:00, run_after=2025-06-06 00:00:00+00:00
[2025-06-06T14:43:10.333+0000] {processor.py:183} INFO - Processing /opt/airflow/dags/python_operator_dag.py took 0.212 seconds
[2025-06-06T14:43:40.613+0000] {processor.py:161} INFO - Started process (PID=9415) to work on /opt/airflow/dags/python_operator_dag.py
[2025-06-06T14:43:40.616+0000] {processor.py:830} INFO - Processing file /opt/airflow/dags/python_operator_dag.py for tasks to queue
[2025-06-06T14:43:40.618+0000] {logging_mixin.py:188} INFO - [2025-06-06T14:43:40.617+0000] {dagbag.py:538} INFO - Filling up the DagBag from /opt/airflow/dags/python_operator_dag.py
[2025-06-06T14:43:40.664+0000] {processor.py:840} INFO - DAG(s) 'hello_world' retrieved from /opt/airflow/dags/python_operator_dag.py
[2025-06-06T14:43:40.736+0000] {logging_mixin.py:188} INFO - [2025-06-06T14:43:40.735+0000] {dag.py:3036} INFO - Sync 1 DAGs
[2025-06-06T14:43:40.826+0000] {logging_mixin.py:188} INFO - [2025-06-06T14:43:40.825+0000] {dag.py:3823} INFO - Setting next_dagrun for hello_world to 2025-06-05 00:00:00+00:00, run_after=2025-06-06 00:00:00+00:00
[2025-06-06T14:43:40.902+0000] {processor.py:183} INFO - Processing /opt/airflow/dags/python_operator_dag.py took 0.303 seconds
[2025-06-06T14:44:11.534+0000] {processor.py:161} INFO - Started process (PID=9437) to work on /opt/airflow/dags/python_operator_dag.py
[2025-06-06T14:44:11.536+0000] {processor.py:830} INFO - Processing file /opt/airflow/dags/python_operator_dag.py for tasks to queue
[2025-06-06T14:44:11.539+0000] {logging_mixin.py:188} INFO - [2025-06-06T14:44:11.539+0000] {dagbag.py:538} INFO - Filling up the DagBag from /opt/airflow/dags/python_operator_dag.py
[2025-06-06T14:44:11.607+0000] {processor.py:840} INFO - DAG(s) 'hello_world' retrieved from /opt/airflow/dags/python_operator_dag.py
[2025-06-06T14:44:11.708+0000] {logging_mixin.py:188} INFO - [2025-06-06T14:44:11.707+0000] {dag.py:3036} INFO - Sync 1 DAGs
[2025-06-06T14:44:11.767+0000] {logging_mixin.py:188} INFO - [2025-06-06T14:44:11.766+0000] {dag.py:3823} INFO - Setting next_dagrun for hello_world to 2025-06-05 00:00:00+00:00, run_after=2025-06-06 00:00:00+00:00
[2025-06-06T14:44:11.821+0000] {processor.py:183} INFO - Processing /opt/airflow/dags/python_operator_dag.py took 0.294 seconds
[2025-06-06T14:44:42.419+0000] {processor.py:161} INFO - Started process (PID=9460) to work on /opt/airflow/dags/python_operator_dag.py
[2025-06-06T14:44:42.421+0000] {processor.py:830} INFO - Processing file /opt/airflow/dags/python_operator_dag.py for tasks to queue
[2025-06-06T14:44:42.424+0000] {logging_mixin.py:188} INFO - [2025-06-06T14:44:42.423+0000] {dagbag.py:538} INFO - Filling up the DagBag from /opt/airflow/dags/python_operator_dag.py
[2025-06-06T14:44:42.512+0000] {processor.py:840} INFO - DAG(s) 'hello_world' retrieved from /opt/airflow/dags/python_operator_dag.py
[2025-06-06T14:44:42.602+0000] {logging_mixin.py:188} INFO - [2025-06-06T14:44:42.602+0000] {dag.py:3036} INFO - Sync 1 DAGs
[2025-06-06T14:44:42.669+0000] {logging_mixin.py:188} INFO - [2025-06-06T14:44:42.668+0000] {dag.py:3823} INFO - Setting next_dagrun for hello_world to 2025-06-05 00:00:00+00:00, run_after=2025-06-06 00:00:00+00:00
[2025-06-06T14:44:42.740+0000] {processor.py:183} INFO - Processing /opt/airflow/dags/python_operator_dag.py took 0.333 seconds
[2025-06-06T14:45:13.236+0000] {processor.py:161} INFO - Started process (PID=9483) to work on /opt/airflow/dags/python_operator_dag.py
[2025-06-06T14:45:13.239+0000] {processor.py:830} INFO - Processing file /opt/airflow/dags/python_operator_dag.py for tasks to queue
[2025-06-06T14:45:13.242+0000] {logging_mixin.py:188} INFO - [2025-06-06T14:45:13.241+0000] {dagbag.py:538} INFO - Filling up the DagBag from /opt/airflow/dags/python_operator_dag.py
[2025-06-06T14:45:13.298+0000] {processor.py:840} INFO - DAG(s) 'hello_world' retrieved from /opt/airflow/dags/python_operator_dag.py
[2025-06-06T14:45:13.354+0000] {logging_mixin.py:188} INFO - [2025-06-06T14:45:13.354+0000] {dag.py:3036} INFO - Sync 1 DAGs
[2025-06-06T14:45:13.434+0000] {logging_mixin.py:188} INFO - [2025-06-06T14:45:13.432+0000] {dag.py:3823} INFO - Setting next_dagrun for hello_world to 2025-06-05 00:00:00+00:00, run_after=2025-06-06 00:00:00+00:00
[2025-06-06T14:45:13.469+0000] {processor.py:183} INFO - Processing /opt/airflow/dags/python_operator_dag.py took 0.239 seconds
[2025-06-06T14:45:44.446+0000] {processor.py:161} INFO - Started process (PID=9506) to work on /opt/airflow/dags/python_operator_dag.py
[2025-06-06T14:45:44.451+0000] {processor.py:830} INFO - Processing file /opt/airflow/dags/python_operator_dag.py for tasks to queue
[2025-06-06T14:45:44.456+0000] {logging_mixin.py:188} INFO - [2025-06-06T14:45:44.455+0000] {dagbag.py:538} INFO - Filling up the DagBag from /opt/airflow/dags/python_operator_dag.py
[2025-06-06T14:45:44.555+0000] {processor.py:840} INFO - DAG(s) 'hello_world' retrieved from /opt/airflow/dags/python_operator_dag.py
[2025-06-06T14:45:44.690+0000] {logging_mixin.py:188} INFO - [2025-06-06T14:45:44.690+0000] {dag.py:3036} INFO - Sync 1 DAGs
[2025-06-06T14:45:44.771+0000] {logging_mixin.py:188} INFO - [2025-06-06T14:45:44.771+0000] {dag.py:3823} INFO - Setting next_dagrun for hello_world to 2025-06-05 00:00:00+00:00, run_after=2025-06-06 00:00:00+00:00
[2025-06-06T14:45:44.897+0000] {processor.py:183} INFO - Processing /opt/airflow/dags/python_operator_dag.py took 0.466 seconds
[2025-06-06T14:46:15.630+0000] {processor.py:161} INFO - Started process (PID=9529) to work on /opt/airflow/dags/python_operator_dag.py
[2025-06-06T14:46:15.634+0000] {processor.py:830} INFO - Processing file /opt/airflow/dags/python_operator_dag.py for tasks to queue
[2025-06-06T14:46:15.638+0000] {logging_mixin.py:188} INFO - [2025-06-06T14:46:15.636+0000] {dagbag.py:538} INFO - Filling up the DagBag from /opt/airflow/dags/python_operator_dag.py
[2025-06-06T14:46:15.728+0000] {processor.py:840} INFO - DAG(s) 'hello_world' retrieved from /opt/airflow/dags/python_operator_dag.py
[2025-06-06T14:46:15.813+0000] {logging_mixin.py:188} INFO - [2025-06-06T14:46:15.813+0000] {dag.py:3036} INFO - Sync 1 DAGs
[2025-06-06T14:46:15.883+0000] {logging_mixin.py:188} INFO - [2025-06-06T14:46:15.881+0000] {dag.py:3823} INFO - Setting next_dagrun for hello_world to 2025-06-05 00:00:00+00:00, run_after=2025-06-06 00:00:00+00:00
[2025-06-06T14:46:15.956+0000] {processor.py:183} INFO - Processing /opt/airflow/dags/python_operator_dag.py took 0.333 seconds
[2025-06-06T14:46:46.411+0000] {processor.py:161} INFO - Started process (PID=9551) to work on /opt/airflow/dags/python_operator_dag.py
[2025-06-06T14:46:46.415+0000] {processor.py:830} INFO - Processing file /opt/airflow/dags/python_operator_dag.py for tasks to queue
[2025-06-06T14:46:46.419+0000] {logging_mixin.py:188} INFO - [2025-06-06T14:46:46.418+0000] {dagbag.py:538} INFO - Filling up the DagBag from /opt/airflow/dags/python_operator_dag.py
[2025-06-06T14:46:46.493+0000] {processor.py:840} INFO - DAG(s) 'hello_world' retrieved from /opt/airflow/dags/python_operator_dag.py
[2025-06-06T14:46:46.565+0000] {logging_mixin.py:188} INFO - [2025-06-06T14:46:46.564+0000] {dag.py:3036} INFO - Sync 1 DAGs
[2025-06-06T14:46:46.650+0000] {logging_mixin.py:188} INFO - [2025-06-06T14:46:46.649+0000] {dag.py:3823} INFO - Setting next_dagrun for hello_world to 2025-06-05 00:00:00+00:00, run_after=2025-06-06 00:00:00+00:00
[2025-06-06T14:46:46.704+0000] {processor.py:183} INFO - Processing /opt/airflow/dags/python_operator_dag.py took 0.305 seconds
[2025-06-06T14:47:17.407+0000] {processor.py:161} INFO - Started process (PID=9574) to work on /opt/airflow/dags/python_operator_dag.py
[2025-06-06T14:47:17.408+0000] {processor.py:830} INFO - Processing file /opt/airflow/dags/python_operator_dag.py for tasks to queue
[2025-06-06T14:47:17.413+0000] {logging_mixin.py:188} INFO - [2025-06-06T14:47:17.411+0000] {dagbag.py:538} INFO - Filling up the DagBag from /opt/airflow/dags/python_operator_dag.py
[2025-06-06T14:47:17.485+0000] {processor.py:840} INFO - DAG(s) 'hello_world' retrieved from /opt/airflow/dags/python_operator_dag.py
[2025-06-06T14:47:17.603+0000] {logging_mixin.py:188} INFO - [2025-06-06T14:47:17.603+0000] {dag.py:3036} INFO - Sync 1 DAGs
[2025-06-06T14:47:17.659+0000] {logging_mixin.py:188} INFO - [2025-06-06T14:47:17.658+0000] {dag.py:3823} INFO - Setting next_dagrun for hello_world to 2025-06-05 00:00:00+00:00, run_after=2025-06-06 00:00:00+00:00
[2025-06-06T14:47:17.711+0000] {processor.py:183} INFO - Processing /opt/airflow/dags/python_operator_dag.py took 0.310 seconds
[2025-06-06T14:47:48.063+0000] {processor.py:161} INFO - Started process (PID=9596) to work on /opt/airflow/dags/python_operator_dag.py
[2025-06-06T14:47:48.066+0000] {processor.py:830} INFO - Processing file /opt/airflow/dags/python_operator_dag.py for tasks to queue
[2025-06-06T14:47:48.069+0000] {logging_mixin.py:188} INFO - [2025-06-06T14:47:48.068+0000] {dagbag.py:538} INFO - Filling up the DagBag from /opt/airflow/dags/python_operator_dag.py
[2025-06-06T14:47:48.135+0000] {processor.py:840} INFO - DAG(s) 'hello_world' retrieved from /opt/airflow/dags/python_operator_dag.py
[2025-06-06T14:47:48.183+0000] {logging_mixin.py:188} INFO - [2025-06-06T14:47:48.182+0000] {dag.py:3036} INFO - Sync 1 DAGs
[2025-06-06T14:47:48.229+0000] {logging_mixin.py:188} INFO - [2025-06-06T14:47:48.229+0000] {dag.py:3823} INFO - Setting next_dagrun for hello_world to 2025-06-05 00:00:00+00:00, run_after=2025-06-06 00:00:00+00:00
[2025-06-06T14:47:48.274+0000] {processor.py:183} INFO - Processing /opt/airflow/dags/python_operator_dag.py took 0.223 seconds
[2025-06-06T14:48:18.753+0000] {processor.py:161} INFO - Started process (PID=9625) to work on /opt/airflow/dags/python_operator_dag.py
[2025-06-06T14:48:18.756+0000] {processor.py:830} INFO - Processing file /opt/airflow/dags/python_operator_dag.py for tasks to queue
[2025-06-06T14:48:18.759+0000] {logging_mixin.py:188} INFO - [2025-06-06T14:48:18.759+0000] {dagbag.py:538} INFO - Filling up the DagBag from /opt/airflow/dags/python_operator_dag.py
[2025-06-06T14:48:18.816+0000] {processor.py:840} INFO - DAG(s) 'hello_world' retrieved from /opt/airflow/dags/python_operator_dag.py
[2025-06-06T14:48:18.904+0000] {logging_mixin.py:188} INFO - [2025-06-06T14:48:18.904+0000] {dag.py:3036} INFO - Sync 1 DAGs
[2025-06-06T14:48:18.974+0000] {logging_mixin.py:188} INFO - [2025-06-06T14:48:18.974+0000] {dag.py:3823} INFO - Setting next_dagrun for hello_world to 2025-06-05 00:00:00+00:00, run_after=2025-06-06 00:00:00+00:00
[2025-06-06T14:48:19.034+0000] {processor.py:183} INFO - Processing /opt/airflow/dags/python_operator_dag.py took 0.288 seconds
[2025-06-06T14:48:49.793+0000] {processor.py:161} INFO - Started process (PID=9652) to work on /opt/airflow/dags/python_operator_dag.py
[2025-06-06T14:48:49.800+0000] {processor.py:830} INFO - Processing file /opt/airflow/dags/python_operator_dag.py for tasks to queue
[2025-06-06T14:48:49.803+0000] {logging_mixin.py:188} INFO - [2025-06-06T14:48:49.803+0000] {dagbag.py:538} INFO - Filling up the DagBag from /opt/airflow/dags/python_operator_dag.py
[2025-06-06T14:48:49.852+0000] {processor.py:840} INFO - DAG(s) 'hello_world' retrieved from /opt/airflow/dags/python_operator_dag.py
[2025-06-06T14:48:49.956+0000] {logging_mixin.py:188} INFO - [2025-06-06T14:48:49.956+0000] {dag.py:3036} INFO - Sync 1 DAGs
[2025-06-06T14:48:50.006+0000] {logging_mixin.py:188} INFO - [2025-06-06T14:48:50.005+0000] {dag.py:3823} INFO - Setting next_dagrun for hello_world to 2025-06-05 00:00:00+00:00, run_after=2025-06-06 00:00:00+00:00
[2025-06-06T14:48:50.150+0000] {processor.py:183} INFO - Processing /opt/airflow/dags/python_operator_dag.py took 0.366 seconds
[2025-06-06T14:49:21.008+0000] {processor.py:161} INFO - Started process (PID=9676) to work on /opt/airflow/dags/python_operator_dag.py
[2025-06-06T14:49:21.011+0000] {processor.py:830} INFO - Processing file /opt/airflow/dags/python_operator_dag.py for tasks to queue
[2025-06-06T14:49:21.014+0000] {logging_mixin.py:188} INFO - [2025-06-06T14:49:21.013+0000] {dagbag.py:538} INFO - Filling up the DagBag from /opt/airflow/dags/python_operator_dag.py
[2025-06-06T14:49:21.090+0000] {processor.py:840} INFO - DAG(s) 'hello_world' retrieved from /opt/airflow/dags/python_operator_dag.py
[2025-06-06T14:49:21.175+0000] {logging_mixin.py:188} INFO - [2025-06-06T14:49:21.174+0000] {dag.py:3036} INFO - Sync 1 DAGs
[2025-06-06T14:49:21.297+0000] {logging_mixin.py:188} INFO - [2025-06-06T14:49:21.295+0000] {dag.py:3823} INFO - Setting next_dagrun for hello_world to 2025-06-05 00:00:00+00:00, run_after=2025-06-06 00:00:00+00:00
[2025-06-06T14:49:21.398+0000] {processor.py:183} INFO - Processing /opt/airflow/dags/python_operator_dag.py took 0.403 seconds
[2025-06-06T14:49:51.624+0000] {processor.py:161} INFO - Started process (PID=9699) to work on /opt/airflow/dags/python_operator_dag.py
[2025-06-06T14:49:51.628+0000] {processor.py:830} INFO - Processing file /opt/airflow/dags/python_operator_dag.py for tasks to queue
[2025-06-06T14:49:51.631+0000] {logging_mixin.py:188} INFO - [2025-06-06T14:49:51.630+0000] {dagbag.py:538} INFO - Filling up the DagBag from /opt/airflow/dags/python_operator_dag.py
[2025-06-06T14:49:51.751+0000] {processor.py:840} INFO - DAG(s) 'hello_world' retrieved from /opt/airflow/dags/python_operator_dag.py
[2025-06-06T14:49:51.880+0000] {logging_mixin.py:188} INFO - [2025-06-06T14:49:51.879+0000] {dag.py:3036} INFO - Sync 1 DAGs
[2025-06-06T14:49:51.937+0000] {logging_mixin.py:188} INFO - [2025-06-06T14:49:51.935+0000] {dag.py:3823} INFO - Setting next_dagrun for hello_world to 2025-06-05 00:00:00+00:00, run_after=2025-06-06 00:00:00+00:00
[2025-06-06T14:49:52.018+0000] {processor.py:183} INFO - Processing /opt/airflow/dags/python_operator_dag.py took 0.403 seconds
[2025-06-06T14:50:22.547+0000] {processor.py:161} INFO - Started process (PID=9722) to work on /opt/airflow/dags/python_operator_dag.py
[2025-06-06T14:50:22.551+0000] {processor.py:830} INFO - Processing file /opt/airflow/dags/python_operator_dag.py for tasks to queue
[2025-06-06T14:50:22.553+0000] {logging_mixin.py:188} INFO - [2025-06-06T14:50:22.552+0000] {dagbag.py:538} INFO - Filling up the DagBag from /opt/airflow/dags/python_operator_dag.py
[2025-06-06T14:50:22.613+0000] {processor.py:840} INFO - DAG(s) 'hello_world' retrieved from /opt/airflow/dags/python_operator_dag.py
[2025-06-06T14:50:22.665+0000] {logging_mixin.py:188} INFO - [2025-06-06T14:50:22.664+0000] {dag.py:3036} INFO - Sync 1 DAGs
[2025-06-06T14:50:22.713+0000] {logging_mixin.py:188} INFO - [2025-06-06T14:50:22.712+0000] {dag.py:3823} INFO - Setting next_dagrun for hello_world to 2025-06-05 00:00:00+00:00, run_after=2025-06-06 00:00:00+00:00
[2025-06-06T14:50:22.816+0000] {processor.py:183} INFO - Processing /opt/airflow/dags/python_operator_dag.py took 0.282 seconds
[2025-06-06T14:50:53.511+0000] {processor.py:161} INFO - Started process (PID=9746) to work on /opt/airflow/dags/python_operator_dag.py
[2025-06-06T14:50:53.516+0000] {processor.py:830} INFO - Processing file /opt/airflow/dags/python_operator_dag.py for tasks to queue
[2025-06-06T14:50:53.520+0000] {logging_mixin.py:188} INFO - [2025-06-06T14:50:53.519+0000] {dagbag.py:538} INFO - Filling up the DagBag from /opt/airflow/dags/python_operator_dag.py
[2025-06-06T14:50:53.644+0000] {processor.py:840} INFO - DAG(s) 'hello_world' retrieved from /opt/airflow/dags/python_operator_dag.py
[2025-06-06T14:50:53.704+0000] {logging_mixin.py:188} INFO - [2025-06-06T14:50:53.703+0000] {dag.py:3036} INFO - Sync 1 DAGs
[2025-06-06T14:50:53.804+0000] {logging_mixin.py:188} INFO - [2025-06-06T14:50:53.803+0000] {dag.py:3823} INFO - Setting next_dagrun for hello_world to 2025-06-05 00:00:00+00:00, run_after=2025-06-06 00:00:00+00:00
[2025-06-06T14:50:53.910+0000] {processor.py:183} INFO - Processing /opt/airflow/dags/python_operator_dag.py took 0.409 seconds
[2025-06-06T14:51:24.309+0000] {processor.py:161} INFO - Started process (PID=9769) to work on /opt/airflow/dags/python_operator_dag.py
[2025-06-06T14:51:24.312+0000] {processor.py:830} INFO - Processing file /opt/airflow/dags/python_operator_dag.py for tasks to queue
[2025-06-06T14:51:24.316+0000] {logging_mixin.py:188} INFO - [2025-06-06T14:51:24.316+0000] {dagbag.py:538} INFO - Filling up the DagBag from /opt/airflow/dags/python_operator_dag.py
[2025-06-06T14:51:24.427+0000] {processor.py:840} INFO - DAG(s) 'hello_world' retrieved from /opt/airflow/dags/python_operator_dag.py
[2025-06-06T14:51:24.527+0000] {logging_mixin.py:188} INFO - [2025-06-06T14:51:24.526+0000] {dag.py:3036} INFO - Sync 1 DAGs
[2025-06-06T14:51:24.584+0000] {logging_mixin.py:188} INFO - [2025-06-06T14:51:24.583+0000] {dag.py:3823} INFO - Setting next_dagrun for hello_world to 2025-06-05 00:00:00+00:00, run_after=2025-06-06 00:00:00+00:00
[2025-06-06T14:51:24.658+0000] {processor.py:183} INFO - Processing /opt/airflow/dags/python_operator_dag.py took 0.355 seconds
[2025-06-06T14:51:54.851+0000] {processor.py:161} INFO - Started process (PID=9792) to work on /opt/airflow/dags/python_operator_dag.py
[2025-06-06T14:51:54.853+0000] {processor.py:830} INFO - Processing file /opt/airflow/dags/python_operator_dag.py for tasks to queue
[2025-06-06T14:51:54.855+0000] {logging_mixin.py:188} INFO - [2025-06-06T14:51:54.854+0000] {dagbag.py:538} INFO - Filling up the DagBag from /opt/airflow/dags/python_operator_dag.py
[2025-06-06T14:51:54.896+0000] {processor.py:840} INFO - DAG(s) 'hello_world' retrieved from /opt/airflow/dags/python_operator_dag.py
[2025-06-06T14:51:54.936+0000] {logging_mixin.py:188} INFO - [2025-06-06T14:51:54.936+0000] {dag.py:3036} INFO - Sync 1 DAGs
[2025-06-06T14:51:54.966+0000] {logging_mixin.py:188} INFO - [2025-06-06T14:51:54.965+0000] {dag.py:3823} INFO - Setting next_dagrun for hello_world to 2025-06-05 00:00:00+00:00, run_after=2025-06-06 00:00:00+00:00
[2025-06-06T14:51:55.010+0000] {processor.py:183} INFO - Processing /opt/airflow/dags/python_operator_dag.py took 0.164 seconds
[2025-06-06T14:52:25.607+0000] {processor.py:161} INFO - Started process (PID=9815) to work on /opt/airflow/dags/python_operator_dag.py
[2025-06-06T14:52:25.613+0000] {processor.py:830} INFO - Processing file /opt/airflow/dags/python_operator_dag.py for tasks to queue
[2025-06-06T14:52:25.617+0000] {logging_mixin.py:188} INFO - [2025-06-06T14:52:25.616+0000] {dagbag.py:538} INFO - Filling up the DagBag from /opt/airflow/dags/python_operator_dag.py
[2025-06-06T14:52:25.710+0000] {processor.py:840} INFO - DAG(s) 'hello_world' retrieved from /opt/airflow/dags/python_operator_dag.py
[2025-06-06T14:52:25.776+0000] {logging_mixin.py:188} INFO - [2025-06-06T14:52:25.776+0000] {dag.py:3036} INFO - Sync 1 DAGs
[2025-06-06T14:52:25.844+0000] {logging_mixin.py:188} INFO - [2025-06-06T14:52:25.844+0000] {dag.py:3823} INFO - Setting next_dagrun for hello_world to 2025-06-05 00:00:00+00:00, run_after=2025-06-06 00:00:00+00:00
[2025-06-06T14:52:25.943+0000] {processor.py:183} INFO - Processing /opt/airflow/dags/python_operator_dag.py took 0.348 seconds
[2025-06-06T14:52:56.494+0000] {processor.py:161} INFO - Started process (PID=9838) to work on /opt/airflow/dags/python_operator_dag.py
[2025-06-06T14:52:56.497+0000] {processor.py:830} INFO - Processing file /opt/airflow/dags/python_operator_dag.py for tasks to queue
[2025-06-06T14:52:56.501+0000] {logging_mixin.py:188} INFO - [2025-06-06T14:52:56.500+0000] {dagbag.py:538} INFO - Filling up the DagBag from /opt/airflow/dags/python_operator_dag.py
[2025-06-06T14:52:56.555+0000] {processor.py:840} INFO - DAG(s) 'hello_world' retrieved from /opt/airflow/dags/python_operator_dag.py
[2025-06-06T14:52:56.646+0000] {logging_mixin.py:188} INFO - [2025-06-06T14:52:56.645+0000] {dag.py:3036} INFO - Sync 1 DAGs
[2025-06-06T14:52:56.698+0000] {logging_mixin.py:188} INFO - [2025-06-06T14:52:56.698+0000] {dag.py:3823} INFO - Setting next_dagrun for hello_world to 2025-06-05 00:00:00+00:00, run_after=2025-06-06 00:00:00+00:00
[2025-06-06T14:52:56.755+0000] {processor.py:183} INFO - Processing /opt/airflow/dags/python_operator_dag.py took 0.266 seconds
[2025-06-06T14:53:27.227+0000] {processor.py:161} INFO - Started process (PID=9861) to work on /opt/airflow/dags/python_operator_dag.py
[2025-06-06T14:53:27.230+0000] {processor.py:830} INFO - Processing file /opt/airflow/dags/python_operator_dag.py for tasks to queue
[2025-06-06T14:53:27.232+0000] {logging_mixin.py:188} INFO - [2025-06-06T14:53:27.232+0000] {dagbag.py:538} INFO - Filling up the DagBag from /opt/airflow/dags/python_operator_dag.py
[2025-06-06T14:53:27.291+0000] {processor.py:840} INFO - DAG(s) 'hello_world' retrieved from /opt/airflow/dags/python_operator_dag.py
[2025-06-06T14:53:27.438+0000] {logging_mixin.py:188} INFO - [2025-06-06T14:53:27.438+0000] {dag.py:3036} INFO - Sync 1 DAGs
[2025-06-06T14:53:27.531+0000] {logging_mixin.py:188} INFO - [2025-06-06T14:53:27.530+0000] {dag.py:3823} INFO - Setting next_dagrun for hello_world to 2025-06-05 00:00:00+00:00, run_after=2025-06-06 00:00:00+00:00
[2025-06-06T14:53:27.600+0000] {processor.py:183} INFO - Processing /opt/airflow/dags/python_operator_dag.py took 0.384 seconds
[2025-06-06T14:53:58.088+0000] {processor.py:161} INFO - Started process (PID=9884) to work on /opt/airflow/dags/python_operator_dag.py
[2025-06-06T14:53:58.093+0000] {processor.py:830} INFO - Processing file /opt/airflow/dags/python_operator_dag.py for tasks to queue
[2025-06-06T14:53:58.098+0000] {logging_mixin.py:188} INFO - [2025-06-06T14:53:58.097+0000] {dagbag.py:538} INFO - Filling up the DagBag from /opt/airflow/dags/python_operator_dag.py
[2025-06-06T14:53:58.238+0000] {processor.py:840} INFO - DAG(s) 'hello_world' retrieved from /opt/airflow/dags/python_operator_dag.py
[2025-06-06T14:53:58.374+0000] {logging_mixin.py:188} INFO - [2025-06-06T14:53:58.373+0000] {dag.py:3036} INFO - Sync 1 DAGs
[2025-06-06T14:53:58.462+0000] {logging_mixin.py:188} INFO - [2025-06-06T14:53:58.462+0000] {dag.py:3823} INFO - Setting next_dagrun for hello_world to 2025-06-05 00:00:00+00:00, run_after=2025-06-06 00:00:00+00:00
[2025-06-06T14:53:58.561+0000] {processor.py:183} INFO - Processing /opt/airflow/dags/python_operator_dag.py took 0.480 seconds
[2025-06-06T14:54:29.383+0000] {processor.py:161} INFO - Started process (PID=9907) to work on /opt/airflow/dags/python_operator_dag.py
[2025-06-06T14:54:29.385+0000] {processor.py:830} INFO - Processing file /opt/airflow/dags/python_operator_dag.py for tasks to queue
[2025-06-06T14:54:29.387+0000] {logging_mixin.py:188} INFO - [2025-06-06T14:54:29.387+0000] {dagbag.py:538} INFO - Filling up the DagBag from /opt/airflow/dags/python_operator_dag.py
[2025-06-06T14:54:29.448+0000] {processor.py:840} INFO - DAG(s) 'hello_world' retrieved from /opt/airflow/dags/python_operator_dag.py
[2025-06-06T14:54:29.511+0000] {logging_mixin.py:188} INFO - [2025-06-06T14:54:29.511+0000] {dag.py:3036} INFO - Sync 1 DAGs
[2025-06-06T14:54:29.555+0000] {logging_mixin.py:188} INFO - [2025-06-06T14:54:29.555+0000] {dag.py:3823} INFO - Setting next_dagrun for hello_world to 2025-06-05 00:00:00+00:00, run_after=2025-06-06 00:00:00+00:00
[2025-06-06T14:54:29.608+0000] {processor.py:183} INFO - Processing /opt/airflow/dags/python_operator_dag.py took 0.231 seconds
[2025-06-06T14:55:00.222+0000] {processor.py:161} INFO - Started process (PID=9930) to work on /opt/airflow/dags/python_operator_dag.py
[2025-06-06T14:55:00.224+0000] {processor.py:830} INFO - Processing file /opt/airflow/dags/python_operator_dag.py for tasks to queue
[2025-06-06T14:55:00.227+0000] {logging_mixin.py:188} INFO - [2025-06-06T14:55:00.226+0000] {dagbag.py:538} INFO - Filling up the DagBag from /opt/airflow/dags/python_operator_dag.py
[2025-06-06T14:55:00.270+0000] {processor.py:840} INFO - DAG(s) 'hello_world' retrieved from /opt/airflow/dags/python_operator_dag.py
[2025-06-06T14:55:00.321+0000] {logging_mixin.py:188} INFO - [2025-06-06T14:55:00.320+0000] {dag.py:3036} INFO - Sync 1 DAGs
[2025-06-06T14:55:00.365+0000] {logging_mixin.py:188} INFO - [2025-06-06T14:55:00.364+0000] {dag.py:3823} INFO - Setting next_dagrun for hello_world to 2025-06-05 00:00:00+00:00, run_after=2025-06-06 00:00:00+00:00
[2025-06-06T14:55:00.418+0000] {processor.py:183} INFO - Processing /opt/airflow/dags/python_operator_dag.py took 0.202 seconds
[2025-06-06T14:55:30.858+0000] {processor.py:161} INFO - Started process (PID=9953) to work on /opt/airflow/dags/python_operator_dag.py
[2025-06-06T14:55:30.862+0000] {processor.py:830} INFO - Processing file /opt/airflow/dags/python_operator_dag.py for tasks to queue
[2025-06-06T14:55:30.869+0000] {logging_mixin.py:188} INFO - [2025-06-06T14:55:30.866+0000] {dagbag.py:538} INFO - Filling up the DagBag from /opt/airflow/dags/python_operator_dag.py
[2025-06-06T14:55:30.945+0000] {processor.py:840} INFO - DAG(s) 'hello_world' retrieved from /opt/airflow/dags/python_operator_dag.py
[2025-06-06T14:55:31.149+0000] {logging_mixin.py:188} INFO - [2025-06-06T14:55:31.148+0000] {dag.py:3036} INFO - Sync 1 DAGs
[2025-06-06T14:55:31.248+0000] {logging_mixin.py:188} INFO - [2025-06-06T14:55:31.247+0000] {dag.py:3823} INFO - Setting next_dagrun for hello_world to 2025-06-05 00:00:00+00:00, run_after=2025-06-06 00:00:00+00:00
[2025-06-06T14:55:31.363+0000] {processor.py:183} INFO - Processing /opt/airflow/dags/python_operator_dag.py took 0.520 seconds
[2025-06-06T14:56:01.831+0000] {processor.py:161} INFO - Started process (PID=9976) to work on /opt/airflow/dags/python_operator_dag.py
[2025-06-06T14:56:01.837+0000] {processor.py:830} INFO - Processing file /opt/airflow/dags/python_operator_dag.py for tasks to queue
[2025-06-06T14:56:01.843+0000] {logging_mixin.py:188} INFO - [2025-06-06T14:56:01.841+0000] {dagbag.py:538} INFO - Filling up the DagBag from /opt/airflow/dags/python_operator_dag.py
[2025-06-06T14:56:01.921+0000] {processor.py:840} INFO - DAG(s) 'hello_world' retrieved from /opt/airflow/dags/python_operator_dag.py
[2025-06-06T14:56:02.047+0000] {logging_mixin.py:188} INFO - [2025-06-06T14:56:02.046+0000] {dag.py:3036} INFO - Sync 1 DAGs
[2025-06-06T14:56:02.134+0000] {logging_mixin.py:188} INFO - [2025-06-06T14:56:02.133+0000] {dag.py:3823} INFO - Setting next_dagrun for hello_world to 2025-06-05 00:00:00+00:00, run_after=2025-06-06 00:00:00+00:00
[2025-06-06T14:56:02.234+0000] {processor.py:183} INFO - Processing /opt/airflow/dags/python_operator_dag.py took 0.417 seconds
[2025-06-06T14:56:32.506+0000] {processor.py:161} INFO - Started process (PID=9999) to work on /opt/airflow/dags/python_operator_dag.py
[2025-06-06T14:56:32.509+0000] {processor.py:830} INFO - Processing file /opt/airflow/dags/python_operator_dag.py for tasks to queue
[2025-06-06T14:56:32.516+0000] {logging_mixin.py:188} INFO - [2025-06-06T14:56:32.515+0000] {dagbag.py:538} INFO - Filling up the DagBag from /opt/airflow/dags/python_operator_dag.py
[2025-06-06T14:56:32.638+0000] {processor.py:840} INFO - DAG(s) 'hello_world' retrieved from /opt/airflow/dags/python_operator_dag.py
[2025-06-06T14:56:32.784+0000] {logging_mixin.py:188} INFO - [2025-06-06T14:56:32.783+0000] {dag.py:3036} INFO - Sync 1 DAGs
[2025-06-06T14:56:32.854+0000] {logging_mixin.py:188} INFO - [2025-06-06T14:56:32.853+0000] {dag.py:3823} INFO - Setting next_dagrun for hello_world to 2025-06-05 00:00:00+00:00, run_after=2025-06-06 00:00:00+00:00
[2025-06-06T14:56:32.937+0000] {processor.py:183} INFO - Processing /opt/airflow/dags/python_operator_dag.py took 0.441 seconds
[2025-06-06T14:57:03.295+0000] {processor.py:161} INFO - Started process (PID=10024) to work on /opt/airflow/dags/python_operator_dag.py
[2025-06-06T14:57:03.297+0000] {processor.py:830} INFO - Processing file /opt/airflow/dags/python_operator_dag.py for tasks to queue
[2025-06-06T14:57:03.302+0000] {logging_mixin.py:188} INFO - [2025-06-06T14:57:03.301+0000] {dagbag.py:538} INFO - Filling up the DagBag from /opt/airflow/dags/python_operator_dag.py
[2025-06-06T14:57:03.369+0000] {processor.py:840} INFO - DAG(s) 'hello_world' retrieved from /opt/airflow/dags/python_operator_dag.py
[2025-06-06T14:57:03.419+0000] {logging_mixin.py:188} INFO - [2025-06-06T14:57:03.419+0000] {dag.py:3036} INFO - Sync 1 DAGs
[2025-06-06T14:57:03.506+0000] {logging_mixin.py:188} INFO - [2025-06-06T14:57:03.506+0000] {dag.py:3823} INFO - Setting next_dagrun for hello_world to 2025-06-05 00:00:00+00:00, run_after=2025-06-06 00:00:00+00:00
[2025-06-06T14:57:03.559+0000] {processor.py:183} INFO - Processing /opt/airflow/dags/python_operator_dag.py took 0.270 seconds
[2025-06-06T14:57:34.113+0000] {processor.py:161} INFO - Started process (PID=10047) to work on /opt/airflow/dags/python_operator_dag.py
[2025-06-06T14:57:34.116+0000] {processor.py:830} INFO - Processing file /opt/airflow/dags/python_operator_dag.py for tasks to queue
[2025-06-06T14:57:34.118+0000] {logging_mixin.py:188} INFO - [2025-06-06T14:57:34.118+0000] {dagbag.py:538} INFO - Filling up the DagBag from /opt/airflow/dags/python_operator_dag.py
[2025-06-06T14:57:34.189+0000] {processor.py:840} INFO - DAG(s) 'hello_world' retrieved from /opt/airflow/dags/python_operator_dag.py
[2025-06-06T14:57:34.306+0000] {logging_mixin.py:188} INFO - [2025-06-06T14:57:34.306+0000] {dag.py:3036} INFO - Sync 1 DAGs
[2025-06-06T14:57:34.429+0000] {logging_mixin.py:188} INFO - [2025-06-06T14:57:34.427+0000] {dag.py:3823} INFO - Setting next_dagrun for hello_world to 2025-06-05 00:00:00+00:00, run_after=2025-06-06 00:00:00+00:00
[2025-06-06T14:57:34.498+0000] {processor.py:183} INFO - Processing /opt/airflow/dags/python_operator_dag.py took 0.390 seconds
[2025-06-06T14:58:04.737+0000] {processor.py:161} INFO - Started process (PID=10068) to work on /opt/airflow/dags/python_operator_dag.py
[2025-06-06T14:58:04.740+0000] {processor.py:830} INFO - Processing file /opt/airflow/dags/python_operator_dag.py for tasks to queue
[2025-06-06T14:58:04.741+0000] {logging_mixin.py:188} INFO - [2025-06-06T14:58:04.741+0000] {dagbag.py:538} INFO - Filling up the DagBag from /opt/airflow/dags/python_operator_dag.py
[2025-06-06T14:58:04.829+0000] {processor.py:840} INFO - DAG(s) 'hello_world' retrieved from /opt/airflow/dags/python_operator_dag.py
[2025-06-06T14:58:04.977+0000] {logging_mixin.py:188} INFO - [2025-06-06T14:58:04.976+0000] {dag.py:3036} INFO - Sync 1 DAGs
[2025-06-06T14:58:05.051+0000] {logging_mixin.py:188} INFO - [2025-06-06T14:58:05.051+0000] {dag.py:3823} INFO - Setting next_dagrun for hello_world to 2025-06-05 00:00:00+00:00, run_after=2025-06-06 00:00:00+00:00
[2025-06-06T14:58:05.102+0000] {processor.py:183} INFO - Processing /opt/airflow/dags/python_operator_dag.py took 0.370 seconds
[2025-06-06T14:58:35.368+0000] {processor.py:161} INFO - Started process (PID=10091) to work on /opt/airflow/dags/python_operator_dag.py
[2025-06-06T14:58:35.372+0000] {processor.py:830} INFO - Processing file /opt/airflow/dags/python_operator_dag.py for tasks to queue
[2025-06-06T14:58:35.375+0000] {logging_mixin.py:188} INFO - [2025-06-06T14:58:35.375+0000] {dagbag.py:538} INFO - Filling up the DagBag from /opt/airflow/dags/python_operator_dag.py
[2025-06-06T14:58:35.430+0000] {processor.py:840} INFO - DAG(s) 'hello_world' retrieved from /opt/airflow/dags/python_operator_dag.py
[2025-06-06T14:58:35.484+0000] {logging_mixin.py:188} INFO - [2025-06-06T14:58:35.483+0000] {dag.py:3036} INFO - Sync 1 DAGs
[2025-06-06T14:58:35.548+0000] {logging_mixin.py:188} INFO - [2025-06-06T14:58:35.548+0000] {dag.py:3823} INFO - Setting next_dagrun for hello_world to 2025-06-05 00:00:00+00:00, run_after=2025-06-06 00:00:00+00:00
[2025-06-06T14:58:35.639+0000] {processor.py:183} INFO - Processing /opt/airflow/dags/python_operator_dag.py took 0.280 seconds
[2025-06-06T14:59:05.971+0000] {processor.py:161} INFO - Started process (PID=10114) to work on /opt/airflow/dags/python_operator_dag.py
[2025-06-06T14:59:05.984+0000] {processor.py:830} INFO - Processing file /opt/airflow/dags/python_operator_dag.py for tasks to queue
[2025-06-06T14:59:05.988+0000] {logging_mixin.py:188} INFO - [2025-06-06T14:59:05.986+0000] {dagbag.py:538} INFO - Filling up the DagBag from /opt/airflow/dags/python_operator_dag.py
[2025-06-06T14:59:06.107+0000] {processor.py:840} INFO - DAG(s) 'hello_world' retrieved from /opt/airflow/dags/python_operator_dag.py
[2025-06-06T14:59:06.187+0000] {logging_mixin.py:188} INFO - [2025-06-06T14:59:06.187+0000] {dag.py:3036} INFO - Sync 1 DAGs
[2025-06-06T14:59:06.238+0000] {logging_mixin.py:188} INFO - [2025-06-06T14:59:06.237+0000] {dag.py:3823} INFO - Setting next_dagrun for hello_world to 2025-06-05 00:00:00+00:00, run_after=2025-06-06 00:00:00+00:00
[2025-06-06T14:59:06.300+0000] {processor.py:183} INFO - Processing /opt/airflow/dags/python_operator_dag.py took 0.335 seconds
[2025-06-06T14:59:36.578+0000] {processor.py:161} INFO - Started process (PID=10137) to work on /opt/airflow/dags/python_operator_dag.py
[2025-06-06T14:59:36.582+0000] {processor.py:830} INFO - Processing file /opt/airflow/dags/python_operator_dag.py for tasks to queue
[2025-06-06T14:59:36.586+0000] {logging_mixin.py:188} INFO - [2025-06-06T14:59:36.585+0000] {dagbag.py:538} INFO - Filling up the DagBag from /opt/airflow/dags/python_operator_dag.py
[2025-06-06T14:59:36.637+0000] {processor.py:840} INFO - DAG(s) 'hello_world' retrieved from /opt/airflow/dags/python_operator_dag.py
[2025-06-06T14:59:36.716+0000] {logging_mixin.py:188} INFO - [2025-06-06T14:59:36.716+0000] {dag.py:3036} INFO - Sync 1 DAGs
[2025-06-06T14:59:36.756+0000] {logging_mixin.py:188} INFO - [2025-06-06T14:59:36.755+0000] {dag.py:3823} INFO - Setting next_dagrun for hello_world to 2025-06-05 00:00:00+00:00, run_after=2025-06-06 00:00:00+00:00
[2025-06-06T14:59:36.826+0000] {processor.py:183} INFO - Processing /opt/airflow/dags/python_operator_dag.py took 0.269 seconds
[2025-06-06T15:00:07.018+0000] {processor.py:161} INFO - Started process (PID=10161) to work on /opt/airflow/dags/python_operator_dag.py
[2025-06-06T15:00:07.022+0000] {processor.py:830} INFO - Processing file /opt/airflow/dags/python_operator_dag.py for tasks to queue
[2025-06-06T15:00:07.025+0000] {logging_mixin.py:188} INFO - [2025-06-06T15:00:07.024+0000] {dagbag.py:538} INFO - Filling up the DagBag from /opt/airflow/dags/python_operator_dag.py
[2025-06-06T15:00:07.116+0000] {processor.py:840} INFO - DAG(s) 'hello_world' retrieved from /opt/airflow/dags/python_operator_dag.py
[2025-06-06T15:00:07.186+0000] {logging_mixin.py:188} INFO - [2025-06-06T15:00:07.186+0000] {dag.py:3036} INFO - Sync 1 DAGs
[2025-06-06T15:00:07.243+0000] {logging_mixin.py:188} INFO - [2025-06-06T15:00:07.242+0000] {dag.py:3823} INFO - Setting next_dagrun for hello_world to 2025-06-05 00:00:00+00:00, run_after=2025-06-06 00:00:00+00:00
[2025-06-06T15:00:07.293+0000] {processor.py:183} INFO - Processing /opt/airflow/dags/python_operator_dag.py took 0.289 seconds
[2025-06-06T15:00:38.163+0000] {processor.py:161} INFO - Started process (PID=10184) to work on /opt/airflow/dags/python_operator_dag.py
[2025-06-06T15:00:38.166+0000] {processor.py:830} INFO - Processing file /opt/airflow/dags/python_operator_dag.py for tasks to queue
[2025-06-06T15:00:38.170+0000] {logging_mixin.py:188} INFO - [2025-06-06T15:00:38.169+0000] {dagbag.py:538} INFO - Filling up the DagBag from /opt/airflow/dags/python_operator_dag.py
[2025-06-06T15:00:38.438+0000] {processor.py:840} INFO - DAG(s) 'hello_world' retrieved from /opt/airflow/dags/python_operator_dag.py
[2025-06-06T15:00:38.560+0000] {logging_mixin.py:188} INFO - [2025-06-06T15:00:38.559+0000] {dag.py:3036} INFO - Sync 1 DAGs
[2025-06-06T15:00:38.609+0000] {logging_mixin.py:188} INFO - [2025-06-06T15:00:38.609+0000] {dag.py:3823} INFO - Setting next_dagrun for hello_world to 2025-06-05 00:00:00+00:00, run_after=2025-06-06 00:00:00+00:00
[2025-06-06T15:00:38.645+0000] {processor.py:183} INFO - Processing /opt/airflow/dags/python_operator_dag.py took 0.491 seconds
[2025-06-06T15:01:08.918+0000] {processor.py:161} INFO - Started process (PID=10207) to work on /opt/airflow/dags/python_operator_dag.py
[2025-06-06T15:01:08.921+0000] {processor.py:830} INFO - Processing file /opt/airflow/dags/python_operator_dag.py for tasks to queue
[2025-06-06T15:01:08.925+0000] {logging_mixin.py:188} INFO - [2025-06-06T15:01:08.924+0000] {dagbag.py:538} INFO - Filling up the DagBag from /opt/airflow/dags/python_operator_dag.py
[2025-06-06T15:01:09.028+0000] {processor.py:840} INFO - DAG(s) 'hello_world' retrieved from /opt/airflow/dags/python_operator_dag.py
[2025-06-06T15:01:09.090+0000] {logging_mixin.py:188} INFO - [2025-06-06T15:01:09.090+0000] {dag.py:3036} INFO - Sync 1 DAGs
[2025-06-06T15:01:09.135+0000] {logging_mixin.py:188} INFO - [2025-06-06T15:01:09.135+0000] {dag.py:3823} INFO - Setting next_dagrun for hello_world to 2025-06-05 00:00:00+00:00, run_after=2025-06-06 00:00:00+00:00
[2025-06-06T15:01:09.180+0000] {processor.py:183} INFO - Processing /opt/airflow/dags/python_operator_dag.py took 0.269 seconds
[2025-06-06T15:01:39.748+0000] {processor.py:161} INFO - Started process (PID=10230) to work on /opt/airflow/dags/python_operator_dag.py
[2025-06-06T15:01:39.764+0000] {processor.py:830} INFO - Processing file /opt/airflow/dags/python_operator_dag.py for tasks to queue
[2025-06-06T15:01:39.770+0000] {logging_mixin.py:188} INFO - [2025-06-06T15:01:39.769+0000] {dagbag.py:538} INFO - Filling up the DagBag from /opt/airflow/dags/python_operator_dag.py
[2025-06-06T15:01:39.842+0000] {processor.py:840} INFO - DAG(s) 'hello_world' retrieved from /opt/airflow/dags/python_operator_dag.py
[2025-06-06T15:01:39.964+0000] {logging_mixin.py:188} INFO - [2025-06-06T15:01:39.963+0000] {dag.py:3036} INFO - Sync 1 DAGs
[2025-06-06T15:01:40.073+0000] {logging_mixin.py:188} INFO - [2025-06-06T15:01:40.072+0000] {dag.py:3823} INFO - Setting next_dagrun for hello_world to 2025-06-05 00:00:00+00:00, run_after=2025-06-06 00:00:00+00:00
[2025-06-06T15:01:40.205+0000] {processor.py:183} INFO - Processing /opt/airflow/dags/python_operator_dag.py took 0.480 seconds
[2025-06-06T15:02:11.180+0000] {processor.py:161} INFO - Started process (PID=10253) to work on /opt/airflow/dags/python_operator_dag.py
[2025-06-06T15:02:11.182+0000] {processor.py:830} INFO - Processing file /opt/airflow/dags/python_operator_dag.py for tasks to queue
[2025-06-06T15:02:11.184+0000] {logging_mixin.py:188} INFO - [2025-06-06T15:02:11.184+0000] {dagbag.py:538} INFO - Filling up the DagBag from /opt/airflow/dags/python_operator_dag.py
[2025-06-06T15:02:11.352+0000] {processor.py:840} INFO - DAG(s) 'hello_world' retrieved from /opt/airflow/dags/python_operator_dag.py
[2025-06-06T15:02:11.434+0000] {logging_mixin.py:188} INFO - [2025-06-06T15:02:11.434+0000] {dag.py:3036} INFO - Sync 1 DAGs
[2025-06-06T15:02:11.495+0000] {logging_mixin.py:188} INFO - [2025-06-06T15:02:11.495+0000] {dag.py:3823} INFO - Setting next_dagrun for hello_world to 2025-06-05 00:00:00+00:00, run_after=2025-06-06 00:00:00+00:00
[2025-06-06T15:02:11.559+0000] {processor.py:183} INFO - Processing /opt/airflow/dags/python_operator_dag.py took 0.384 seconds
[2025-06-06T15:02:41.977+0000] {processor.py:161} INFO - Started process (PID=10276) to work on /opt/airflow/dags/python_operator_dag.py
[2025-06-06T15:02:41.980+0000] {processor.py:830} INFO - Processing file /opt/airflow/dags/python_operator_dag.py for tasks to queue
[2025-06-06T15:02:41.984+0000] {logging_mixin.py:188} INFO - [2025-06-06T15:02:41.983+0000] {dagbag.py:538} INFO - Filling up the DagBag from /opt/airflow/dags/python_operator_dag.py
[2025-06-06T15:02:42.048+0000] {processor.py:840} INFO - DAG(s) 'hello_world' retrieved from /opt/airflow/dags/python_operator_dag.py
[2025-06-06T15:02:42.144+0000] {logging_mixin.py:188} INFO - [2025-06-06T15:02:42.143+0000] {dag.py:3036} INFO - Sync 1 DAGs
[2025-06-06T15:02:42.214+0000] {logging_mixin.py:188} INFO - [2025-06-06T15:02:42.213+0000] {dag.py:3823} INFO - Setting next_dagrun for hello_world to 2025-06-05 00:00:00+00:00, run_after=2025-06-06 00:00:00+00:00
[2025-06-06T15:02:42.297+0000] {processor.py:183} INFO - Processing /opt/airflow/dags/python_operator_dag.py took 0.325 seconds
[2025-06-06T15:03:12.939+0000] {processor.py:161} INFO - Started process (PID=10299) to work on /opt/airflow/dags/python_operator_dag.py
[2025-06-06T15:03:12.942+0000] {processor.py:830} INFO - Processing file /opt/airflow/dags/python_operator_dag.py for tasks to queue
[2025-06-06T15:03:12.947+0000] {logging_mixin.py:188} INFO - [2025-06-06T15:03:12.946+0000] {dagbag.py:538} INFO - Filling up the DagBag from /opt/airflow/dags/python_operator_dag.py
[2025-06-06T15:03:13.029+0000] {processor.py:840} INFO - DAG(s) 'hello_world' retrieved from /opt/airflow/dags/python_operator_dag.py
[2025-06-06T15:03:13.171+0000] {logging_mixin.py:188} INFO - [2025-06-06T15:03:13.170+0000] {dag.py:3036} INFO - Sync 1 DAGs
[2025-06-06T15:03:13.275+0000] {logging_mixin.py:188} INFO - [2025-06-06T15:03:13.274+0000] {dag.py:3823} INFO - Setting next_dagrun for hello_world to 2025-06-05 00:00:00+00:00, run_after=2025-06-06 00:00:00+00:00
[2025-06-06T15:03:13.343+0000] {processor.py:183} INFO - Processing /opt/airflow/dags/python_operator_dag.py took 0.410 seconds
[2025-06-06T15:03:44.852+0000] {processor.py:161} INFO - Started process (PID=10321) to work on /opt/airflow/dags/python_operator_dag.py
[2025-06-06T15:03:44.924+0000] {processor.py:830} INFO - Processing file /opt/airflow/dags/python_operator_dag.py for tasks to queue
[2025-06-06T15:03:44.938+0000] {logging_mixin.py:188} INFO - [2025-06-06T15:03:44.937+0000] {dagbag.py:538} INFO - Filling up the DagBag from /opt/airflow/dags/python_operator_dag.py
[2025-06-06T15:03:45.077+0000] {processor.py:840} INFO - DAG(s) 'hello_world' retrieved from /opt/airflow/dags/python_operator_dag.py
[2025-06-06T15:03:45.141+0000] {logging_mixin.py:188} INFO - [2025-06-06T15:03:45.140+0000] {dag.py:3036} INFO - Sync 1 DAGs
[2025-06-06T15:03:45.200+0000] {logging_mixin.py:188} INFO - [2025-06-06T15:03:45.200+0000] {dag.py:3823} INFO - Setting next_dagrun for hello_world to 2025-06-05 00:00:00+00:00, run_after=2025-06-06 00:00:00+00:00
[2025-06-06T15:03:45.253+0000] {processor.py:183} INFO - Processing /opt/airflow/dags/python_operator_dag.py took 0.412 seconds
[2025-06-06T15:04:15.535+0000] {processor.py:161} INFO - Started process (PID=10344) to work on /opt/airflow/dags/python_operator_dag.py
[2025-06-06T15:04:15.538+0000] {processor.py:830} INFO - Processing file /opt/airflow/dags/python_operator_dag.py for tasks to queue
[2025-06-06T15:04:15.540+0000] {logging_mixin.py:188} INFO - [2025-06-06T15:04:15.540+0000] {dagbag.py:538} INFO - Filling up the DagBag from /opt/airflow/dags/python_operator_dag.py
[2025-06-06T15:04:15.606+0000] {processor.py:840} INFO - DAG(s) 'hello_world' retrieved from /opt/airflow/dags/python_operator_dag.py
[2025-06-06T15:04:15.655+0000] {logging_mixin.py:188} INFO - [2025-06-06T15:04:15.654+0000] {dag.py:3036} INFO - Sync 1 DAGs
[2025-06-06T15:04:15.746+0000] {logging_mixin.py:188} INFO - [2025-06-06T15:04:15.745+0000] {dag.py:3823} INFO - Setting next_dagrun for hello_world to 2025-06-05 00:00:00+00:00, run_after=2025-06-06 00:00:00+00:00
[2025-06-06T15:04:15.815+0000] {processor.py:183} INFO - Processing /opt/airflow/dags/python_operator_dag.py took 0.286 seconds
[2025-06-06T15:04:46.475+0000] {processor.py:161} INFO - Started process (PID=10367) to work on /opt/airflow/dags/python_operator_dag.py
[2025-06-06T15:04:46.478+0000] {processor.py:830} INFO - Processing file /opt/airflow/dags/python_operator_dag.py for tasks to queue
[2025-06-06T15:04:46.481+0000] {logging_mixin.py:188} INFO - [2025-06-06T15:04:46.480+0000] {dagbag.py:538} INFO - Filling up the DagBag from /opt/airflow/dags/python_operator_dag.py
[2025-06-06T15:04:46.535+0000] {processor.py:840} INFO - DAG(s) 'hello_world' retrieved from /opt/airflow/dags/python_operator_dag.py
[2025-06-06T15:04:46.653+0000] {logging_mixin.py:188} INFO - [2025-06-06T15:04:46.651+0000] {dag.py:3036} INFO - Sync 1 DAGs
[2025-06-06T15:04:46.733+0000] {logging_mixin.py:188} INFO - [2025-06-06T15:04:46.733+0000] {dag.py:3823} INFO - Setting next_dagrun for hello_world to 2025-06-05 00:00:00+00:00, run_after=2025-06-06 00:00:00+00:00
[2025-06-06T15:04:46.825+0000] {processor.py:183} INFO - Processing /opt/airflow/dags/python_operator_dag.py took 0.355 seconds
[2025-06-06T15:05:19.103+0000] {processor.py:161} INFO - Started process (PID=10390) to work on /opt/airflow/dags/python_operator_dag.py
[2025-06-06T15:05:19.106+0000] {processor.py:830} INFO - Processing file /opt/airflow/dags/python_operator_dag.py for tasks to queue
[2025-06-06T15:05:19.108+0000] {logging_mixin.py:188} INFO - [2025-06-06T15:05:19.108+0000] {dagbag.py:538} INFO - Filling up the DagBag from /opt/airflow/dags/python_operator_dag.py
[2025-06-06T15:05:19.183+0000] {processor.py:840} INFO - DAG(s) 'hello_world' retrieved from /opt/airflow/dags/python_operator_dag.py
[2025-06-06T15:05:19.299+0000] {logging_mixin.py:188} INFO - [2025-06-06T15:05:19.299+0000] {dag.py:3036} INFO - Sync 1 DAGs
[2025-06-06T15:05:19.347+0000] {logging_mixin.py:188} INFO - [2025-06-06T15:05:19.347+0000] {dag.py:3823} INFO - Setting next_dagrun for hello_world to 2025-06-05 00:00:00+00:00, run_after=2025-06-06 00:00:00+00:00
[2025-06-06T15:05:19.448+0000] {processor.py:183} INFO - Processing /opt/airflow/dags/python_operator_dag.py took 0.352 seconds
[2025-06-06T15:05:50.473+0000] {processor.py:161} INFO - Started process (PID=10412) to work on /opt/airflow/dags/python_operator_dag.py
[2025-06-06T15:05:50.475+0000] {processor.py:830} INFO - Processing file /opt/airflow/dags/python_operator_dag.py for tasks to queue
[2025-06-06T15:05:50.481+0000] {logging_mixin.py:188} INFO - [2025-06-06T15:05:50.479+0000] {dagbag.py:538} INFO - Filling up the DagBag from /opt/airflow/dags/python_operator_dag.py
[2025-06-06T15:05:50.601+0000] {processor.py:840} INFO - DAG(s) 'hello_world' retrieved from /opt/airflow/dags/python_operator_dag.py
[2025-06-06T15:05:50.680+0000] {logging_mixin.py:188} INFO - [2025-06-06T15:05:50.679+0000] {dag.py:3036} INFO - Sync 1 DAGs
[2025-06-06T15:05:50.783+0000] {logging_mixin.py:188} INFO - [2025-06-06T15:05:50.783+0000] {dag.py:3823} INFO - Setting next_dagrun for hello_world to 2025-06-05 00:00:00+00:00, run_after=2025-06-06 00:00:00+00:00
[2025-06-06T15:05:50.847+0000] {processor.py:183} INFO - Processing /opt/airflow/dags/python_operator_dag.py took 0.380 seconds
