[2025-06-06T19:10:52.163+0000] {taskinstance.py:1956} INFO - Dependencies all met for dep_context=non-requeueable deps ti=<TaskInstance: parallel_dag.get_users manual__2025-06-06T19:10:50.997723+00:00 [queued]>
[2025-06-06T19:10:52.192+0000] {taskinstance.py:1956} INFO - Dependencies all met for dep_context=requeueable deps ti=<TaskInstance: parallel_dag.get_users manual__2025-06-06T19:10:50.997723+00:00 [queued]>
[2025-06-06T19:10:52.193+0000] {taskinstance.py:2170} INFO - Starting attempt 1 of 4
[2025-06-06T19:10:52.235+0000] {taskinstance.py:2191} INFO - Executing <Task(PythonOperator): get_users> on 2025-06-06 19:10:50.997723+00:00
[2025-06-06T19:10:52.247+0000] {standard_task_runner.py:60} INFO - Started process 7563 to run task
[2025-06-06T19:10:52.263+0000] {standard_task_runner.py:87} INFO - Running: ['***', 'tasks', 'run', 'parallel_dag', 'get_users', 'manual__2025-06-06T19:10:50.997723+00:00', '--job-id', '340', '--raw', '--subdir', 'DAGS_FOLDER/parallel_dag.py', '--cfg-path', '/tmp/tmpilo_kybc']
[2025-06-06T19:10:52.268+0000] {standard_task_runner.py:88} INFO - Job 340: Subtask get_users
[2025-06-06T19:10:52.396+0000] {task_command.py:423} INFO - Running <TaskInstance: parallel_dag.get_users manual__2025-06-06T19:10:50.997723+00:00 [running]> on host f00d934cb96d
[2025-06-06T19:10:52.567+0000] {taskinstance.py:2480} INFO - Exporting env vars: AIRFLOW_CTX_DAG_OWNER='Pavan Kumar Kodavali' AIRFLOW_CTX_DAG_ID='parallel_dag' AIRFLOW_CTX_TASK_ID='get_users' AIRFLOW_CTX_EXECUTION_DATE='2025-06-06T19:10:50.997723+00:00' AIRFLOW_CTX_TRY_NUMBER='1' AIRFLOW_CTX_DAG_RUN_ID='manual__2025-06-06T19:10:50.997723+00:00'
[2025-06-06T19:10:52.573+0000] {taskinstance.py:2698} ERROR - Task failed with exception
Traceback (most recent call last):
  File "/home/airflow/.local/lib/python3.8/site-packages/airflow/models/taskinstance.py", line 433, in _execute_task
    result = execute_callable(context=context, **execute_callable_kwargs)
  File "/home/airflow/.local/lib/python3.8/site-packages/airflow/operators/python.py", line 199, in execute
    return_value = self.execute_callable()
  File "/home/airflow/.local/lib/python3.8/site-packages/airflow/operators/python.py", line 216, in execute_callable
    return self.python_callable(*self.op_args, **self.op_kwargs)
TypeError: get() missing 1 required positional argument: 'url'
[2025-06-06T19:10:52.596+0000] {taskinstance.py:1138} INFO - Marking task as UP_FOR_RETRY. dag_id=parallel_dag, task_id=get_users, execution_date=20250606T191050, start_date=20250606T191052, end_date=20250606T191052
[2025-06-06T19:10:52.637+0000] {standard_task_runner.py:107} ERROR - Failed to execute job 340 for task get_users (get() missing 1 required positional argument: 'url'; 7563)
[2025-06-06T19:10:52.678+0000] {local_task_job_runner.py:234} INFO - Task exited with return code 1
[2025-06-06T19:10:52.710+0000] {taskinstance.py:3280} INFO - 0 downstream tasks scheduled from follow-on schedule check
