[2025-06-05T18:22:13.714+0000] {taskinstance.py:1956} INFO - Dependencies all met for dep_context=non-requeueable deps ti=<TaskInstance: postgres_etl.create_table scheduled__2025-06-04T00:00:00+00:00 [queued]>
[2025-06-05T18:22:13.737+0000] {taskinstance.py:1956} INFO - Dependencies all met for dep_context=requeueable deps ti=<TaskInstance: postgres_etl.create_table scheduled__2025-06-04T00:00:00+00:00 [queued]>
[2025-06-05T18:22:13.739+0000] {taskinstance.py:2170} INFO - Starting attempt 1 of 4
[2025-06-05T18:22:13.765+0000] {taskinstance.py:2191} INFO - Executing <Task(PostgresOperator): create_table> on 2025-06-04 00:00:00+00:00
[2025-06-05T18:22:13.772+0000] {standard_task_runner.py:60} INFO - Started process 23320 to run task
[2025-06-05T18:22:13.776+0000] {standard_task_runner.py:87} INFO - Running: ['***', 'tasks', 'run', 'postgres_etl', 'create_table', 'scheduled__2025-06-04T00:00:00+00:00', '--job-id', '153', '--raw', '--subdir', 'DAGS_FOLDER/postgres_etl.py', '--cfg-path', '/tmp/tmpqb5813ra']
[2025-06-05T18:22:13.779+0000] {standard_task_runner.py:88} INFO - Job 153: Subtask create_table
[2025-06-05T18:22:14.161+0000] {task_command.py:423} INFO - Running <TaskInstance: postgres_etl.create_table scheduled__2025-06-04T00:00:00+00:00 [running]> on host 130e285787a3
[2025-06-05T18:22:14.283+0000] {taskinstance.py:2480} INFO - Exporting env vars: AIRFLOW_CTX_DAG_OWNER='Pavan Kumar Kodavali' AIRFLOW_CTX_DAG_ID='postgres_etl' AIRFLOW_CTX_TASK_ID='create_table' AIRFLOW_CTX_EXECUTION_DATE='2025-06-04T00:00:00+00:00' AIRFLOW_CTX_TRY_NUMBER='1' AIRFLOW_CTX_DAG_RUN_ID='scheduled__2025-06-04T00:00:00+00:00'
[2025-06-05T18:22:14.285+0000] {sql.py:276} INFO - Executing: 
                create table if not exists iris(
                iris_id real primary key,
                iris_sepal_length real,
                iris_sepal_width real,
                iris_petal_length real,
                iris_petal_width real,
                iris_variety character varying
                );
              
[2025-06-05T18:22:14.303+0000] {base.py:83} INFO - Using connection ID 'postgres_localhost' for task execution.
[2025-06-05T18:22:14.324+0000] {base.py:83} INFO - Using connection ID 'postgres_localhost' for task execution.
[2025-06-05T18:22:14.363+0000] {sql.py:450} INFO - Running statement: 
                create table if not exists iris(
                iris_id real primary key,
                iris_sepal_length real,
                iris_sepal_width real,
                iris_petal_length real,
                iris_petal_width real,
                iris_variety character varying
                );
              , parameters: None
[2025-06-05T18:22:14.389+0000] {taskinstance.py:1138} INFO - Marking task as SUCCESS. dag_id=postgres_etl, task_id=create_table, execution_date=20250604T000000, start_date=20250605T182213, end_date=20250605T182214
[2025-06-05T18:22:14.435+0000] {local_task_job_runner.py:234} INFO - Task exited with return code 0
[2025-06-05T18:22:14.635+0000] {taskinstance.py:3280} INFO - 1 downstream tasks scheduled from follow-on schedule check
