[2025-06-04T14:52:52.275+0000] {taskinstance.py:1956} INFO - Dependencies all met for dep_context=non-requeueable deps ti=<TaskInstance: dag_with_postgres_operator_v01.insert_into_table scheduled__2025-06-03T00:00:00+00:00 [queued]>
[2025-06-04T14:52:52.295+0000] {taskinstance.py:1956} INFO - Dependencies all met for dep_context=requeueable deps ti=<TaskInstance: dag_with_postgres_operator_v01.insert_into_table scheduled__2025-06-03T00:00:00+00:00 [queued]>
[2025-06-04T14:52:52.296+0000] {taskinstance.py:2170} INFO - Starting attempt 1 of 6
[2025-06-04T14:52:52.330+0000] {taskinstance.py:2191} INFO - Executing <Task(PostgresOperator): insert_into_table> on 2025-06-03 00:00:00+00:00
[2025-06-04T14:52:52.338+0000] {standard_task_runner.py:60} INFO - Started process 325 to run task
[2025-06-04T14:52:52.345+0000] {standard_task_runner.py:87} INFO - Running: ['***', 'tasks', 'run', 'dag_with_postgres_operator_v01', 'insert_into_table', 'scheduled__2025-06-03T00:00:00+00:00', '--job-id', '392', '--raw', '--subdir', 'DAGS_FOLDER/postgresql_dag.py', '--cfg-path', '/tmp/tmpu7k3v_8x']
[2025-06-04T14:52:52.348+0000] {standard_task_runner.py:88} INFO - Job 392: Subtask insert_into_table
[2025-06-04T14:52:52.510+0000] {task_command.py:423} INFO - Running <TaskInstance: dag_with_postgres_operator_v01.insert_into_table scheduled__2025-06-03T00:00:00+00:00 [running]> on host 43a1f6455cfb
[2025-06-04T14:52:52.706+0000] {taskinstance.py:2480} INFO - Exporting env vars: AIRFLOW_CTX_DAG_OWNER='coder2j' AIRFLOW_CTX_DAG_ID='dag_with_postgres_operator_v01' AIRFLOW_CTX_TASK_ID='insert_into_table' AIRFLOW_CTX_EXECUTION_DATE='2025-06-03T00:00:00+00:00' AIRFLOW_CTX_TRY_NUMBER='1' AIRFLOW_CTX_DAG_RUN_ID='scheduled__2025-06-03T00:00:00+00:00'
[2025-06-04T14:52:52.709+0000] {sql.py:276} INFO - Executing: 
            insert into dag_runs (dt, dag_id) values ('2025-06-03', 'dag_with_postgres_operator_v01')
        
[2025-06-04T14:52:52.734+0000] {base.py:83} INFO - Using connection ID 'postgres_localhost' for task execution.
[2025-06-04T14:52:52.761+0000] {base.py:83} INFO - Using connection ID 'postgres_localhost' for task execution.
[2025-06-04T14:52:52.811+0000] {sql.py:450} INFO - Running statement: 
            insert into dag_runs (dt, dag_id) values ('2025-06-03', 'dag_with_postgres_operator_v01')
        , parameters: None
[2025-06-04T14:52:52.822+0000] {sql.py:459} INFO - Rows affected: 1
[2025-06-04T14:52:52.855+0000] {taskinstance.py:1138} INFO - Marking task as SUCCESS. dag_id=dag_with_postgres_operator_v01, task_id=insert_into_table, execution_date=20250603T000000, start_date=20250604T145252, end_date=20250604T145252
[2025-06-04T14:52:52.921+0000] {local_task_job_runner.py:234} INFO - Task exited with return code 0
[2025-06-04T14:52:52.971+0000] {taskinstance.py:3280} INFO - 0 downstream tasks scheduled from follow-on schedule check
[2025-06-05T16:04:20.907+0000] {taskinstance.py:1956} INFO - Dependencies all met for dep_context=non-requeueable deps ti=<TaskInstance: dag_with_postgres_operator_v01.insert_into_table scheduled__2025-06-03T00:00:00+00:00 [queued]>
[2025-06-05T16:04:20.927+0000] {taskinstance.py:1956} INFO - Dependencies all met for dep_context=requeueable deps ti=<TaskInstance: dag_with_postgres_operator_v01.insert_into_table scheduled__2025-06-03T00:00:00+00:00 [queued]>
[2025-06-05T16:04:20.928+0000] {taskinstance.py:2170} INFO - Starting attempt 1 of 6
[2025-06-05T16:04:20.952+0000] {taskinstance.py:2191} INFO - Executing <Task(PostgresOperator): insert_into_table> on 2025-06-03 00:00:00+00:00
[2025-06-05T16:04:20.958+0000] {standard_task_runner.py:60} INFO - Started process 51149 to run task
[2025-06-05T16:04:20.963+0000] {standard_task_runner.py:87} INFO - Running: ['***', 'tasks', 'run', 'dag_with_postgres_operator_v01', 'insert_into_table', 'scheduled__2025-06-03T00:00:00+00:00', '--job-id', '87', '--raw', '--subdir', 'DAGS_FOLDER/postgresql_dag.py', '--cfg-path', '/tmp/tmpt1awol1w']
[2025-06-05T16:04:20.964+0000] {standard_task_runner.py:88} INFO - Job 87: Subtask insert_into_table
[2025-06-05T16:04:21.084+0000] {task_command.py:423} INFO - Running <TaskInstance: dag_with_postgres_operator_v01.insert_into_table scheduled__2025-06-03T00:00:00+00:00 [running]> on host 14aa2e8b0b7d
[2025-06-05T16:04:21.264+0000] {taskinstance.py:2480} INFO - Exporting env vars: AIRFLOW_CTX_DAG_OWNER='coder2j' AIRFLOW_CTX_DAG_ID='dag_with_postgres_operator_v01' AIRFLOW_CTX_TASK_ID='insert_into_table' AIRFLOW_CTX_EXECUTION_DATE='2025-06-03T00:00:00+00:00' AIRFLOW_CTX_TRY_NUMBER='1' AIRFLOW_CTX_DAG_RUN_ID='scheduled__2025-06-03T00:00:00+00:00'
[2025-06-05T16:04:21.271+0000] {sql.py:276} INFO - Executing: 
            insert into dag_runs (dt, dag_id) values ('2025-06-03', 'dag_with_postgres_operator_v01')
        
[2025-06-05T16:04:21.298+0000] {base.py:83} INFO - Using connection ID 'postgres_localhost' for task execution.
[2025-06-05T16:04:21.355+0000] {base.py:83} INFO - Using connection ID 'postgres_localhost' for task execution.
[2025-06-05T16:04:21.448+0000] {sql.py:450} INFO - Running statement: 
            insert into dag_runs (dt, dag_id) values ('2025-06-03', 'dag_with_postgres_operator_v01')
        , parameters: None
[2025-06-05T16:04:21.470+0000] {sql.py:459} INFO - Rows affected: 1
[2025-06-05T16:04:21.501+0000] {taskinstance.py:1138} INFO - Marking task as SUCCESS. dag_id=dag_with_postgres_operator_v01, task_id=insert_into_table, execution_date=20250603T000000, start_date=20250605T160420, end_date=20250605T160421
[2025-06-05T16:04:21.541+0000] {local_task_job_runner.py:234} INFO - Task exited with return code 0
[2025-06-05T16:04:21.577+0000] {taskinstance.py:3280} INFO - 0 downstream tasks scheduled from follow-on schedule check
