[2025-06-05T20:49:48.629+0000] {processor.py:161} INFO - Started process (PID=6802) to work on /opt/airflow/dags/RFM_Analysis_Pipeline.py
[2025-06-05T20:49:48.631+0000] {processor.py:830} INFO - Processing file /opt/airflow/dags/RFM_Analysis_Pipeline.py for tasks to queue
[2025-06-05T20:49:48.633+0000] {logging_mixin.py:188} INFO - [2025-06-05T20:49:48.633+0000] {dagbag.py:538} INFO - Filling up the DagBag from /opt/airflow/dags/RFM_Analysis_Pipeline.py
[2025-06-05T20:49:49.180+0000] {processor.py:840} INFO - DAG(s) 'data_insertion_rfm' retrieved from /opt/airflow/dags/RFM_Analysis_Pipeline.py
[2025-06-05T20:49:49.534+0000] {logging_mixin.py:188} INFO - [2025-06-05T20:49:49.534+0000] {override.py:1769} INFO - Created Permission View: can read on DAG:data_insertion_rfm
[2025-06-05T20:49:49.554+0000] {logging_mixin.py:188} INFO - [2025-06-05T20:49:49.553+0000] {override.py:1769} INFO - Created Permission View: can delete on DAG:data_insertion_rfm
[2025-06-05T20:49:49.577+0000] {logging_mixin.py:188} INFO - [2025-06-05T20:49:49.576+0000] {override.py:1769} INFO - Created Permission View: can edit on DAG:data_insertion_rfm
[2025-06-05T20:49:49.578+0000] {logging_mixin.py:188} INFO - [2025-06-05T20:49:49.578+0000] {dag.py:3036} INFO - Sync 1 DAGs
[2025-06-05T20:49:49.607+0000] {logging_mixin.py:188} INFO - [2025-06-05T20:49:49.606+0000] {dag.py:3058} INFO - Creating ORM DAG for data_insertion_rfm
[2025-06-05T20:49:49.626+0000] {logging_mixin.py:188} INFO - [2025-06-05T20:49:49.626+0000] {dag.py:3823} INFO - Setting next_dagrun for data_insertion_rfm to 2025-06-04 00:00:00+00:00, run_after=2025-06-05 00:00:00+00:00
[2025-06-05T20:49:49.664+0000] {processor.py:183} INFO - Processing /opt/airflow/dags/RFM_Analysis_Pipeline.py took 1.041 seconds
[2025-06-05T20:50:19.977+0000] {processor.py:161} INFO - Started process (PID=6826) to work on /opt/airflow/dags/RFM_Analysis_Pipeline.py
[2025-06-05T20:50:19.980+0000] {processor.py:830} INFO - Processing file /opt/airflow/dags/RFM_Analysis_Pipeline.py for tasks to queue
[2025-06-05T20:50:19.982+0000] {logging_mixin.py:188} INFO - [2025-06-05T20:50:19.981+0000] {dagbag.py:538} INFO - Filling up the DagBag from /opt/airflow/dags/RFM_Analysis_Pipeline.py
[2025-06-05T20:50:20.385+0000] {processor.py:840} INFO - DAG(s) 'data_insertion_rfm' retrieved from /opt/airflow/dags/RFM_Analysis_Pipeline.py
[2025-06-05T20:50:20.406+0000] {logging_mixin.py:188} INFO - [2025-06-05T20:50:20.406+0000] {dag.py:3036} INFO - Sync 1 DAGs
[2025-06-05T20:50:20.433+0000] {logging_mixin.py:188} INFO - [2025-06-05T20:50:20.432+0000] {dag.py:3823} INFO - Setting next_dagrun for data_insertion_rfm to 2025-06-04 00:00:00+00:00, run_after=2025-06-05 00:00:00+00:00
[2025-06-05T20:50:20.462+0000] {processor.py:183} INFO - Processing /opt/airflow/dags/RFM_Analysis_Pipeline.py took 0.495 seconds
[2025-06-05T20:50:50.629+0000] {processor.py:161} INFO - Started process (PID=6850) to work on /opt/airflow/dags/RFM_Analysis_Pipeline.py
[2025-06-05T20:50:50.631+0000] {processor.py:830} INFO - Processing file /opt/airflow/dags/RFM_Analysis_Pipeline.py for tasks to queue
[2025-06-05T20:50:50.633+0000] {logging_mixin.py:188} INFO - [2025-06-05T20:50:50.633+0000] {dagbag.py:538} INFO - Filling up the DagBag from /opt/airflow/dags/RFM_Analysis_Pipeline.py
[2025-06-05T20:50:50.923+0000] {processor.py:840} INFO - DAG(s) 'data_insertion_rfm' retrieved from /opt/airflow/dags/RFM_Analysis_Pipeline.py
[2025-06-05T20:50:50.967+0000] {logging_mixin.py:188} INFO - [2025-06-05T20:50:50.966+0000] {dag.py:3036} INFO - Sync 1 DAGs
[2025-06-05T20:50:51.013+0000] {logging_mixin.py:188} INFO - [2025-06-05T20:50:51.012+0000] {dag.py:3823} INFO - Setting next_dagrun for data_insertion_rfm to 2025-06-04 00:00:00+00:00, run_after=2025-06-05 00:00:00+00:00
[2025-06-05T20:50:51.083+0000] {processor.py:183} INFO - Processing /opt/airflow/dags/RFM_Analysis_Pipeline.py took 0.459 seconds
[2025-06-05T20:51:21.531+0000] {processor.py:161} INFO - Started process (PID=6873) to work on /opt/airflow/dags/RFM_Analysis_Pipeline.py
[2025-06-05T20:51:21.534+0000] {processor.py:830} INFO - Processing file /opt/airflow/dags/RFM_Analysis_Pipeline.py for tasks to queue
[2025-06-05T20:51:21.544+0000] {logging_mixin.py:188} INFO - [2025-06-05T20:51:21.543+0000] {dagbag.py:538} INFO - Filling up the DagBag from /opt/airflow/dags/RFM_Analysis_Pipeline.py
[2025-06-05T20:51:22.156+0000] {processor.py:840} INFO - DAG(s) 'data_insertion_rfm' retrieved from /opt/airflow/dags/RFM_Analysis_Pipeline.py
[2025-06-05T20:51:22.174+0000] {logging_mixin.py:188} INFO - [2025-06-05T20:51:22.173+0000] {dag.py:3036} INFO - Sync 1 DAGs
[2025-06-05T20:51:22.205+0000] {logging_mixin.py:188} INFO - [2025-06-05T20:51:22.204+0000] {dag.py:3823} INFO - Setting next_dagrun for data_insertion_rfm to 2025-06-04 00:00:00+00:00, run_after=2025-06-05 00:00:00+00:00
[2025-06-05T20:51:22.255+0000] {processor.py:183} INFO - Processing /opt/airflow/dags/RFM_Analysis_Pipeline.py took 0.731 seconds
[2025-06-05T20:51:52.564+0000] {processor.py:161} INFO - Started process (PID=6896) to work on /opt/airflow/dags/RFM_Analysis_Pipeline.py
[2025-06-05T20:51:52.565+0000] {processor.py:830} INFO - Processing file /opt/airflow/dags/RFM_Analysis_Pipeline.py for tasks to queue
[2025-06-05T20:51:52.567+0000] {logging_mixin.py:188} INFO - [2025-06-05T20:51:52.566+0000] {dagbag.py:538} INFO - Filling up the DagBag from /opt/airflow/dags/RFM_Analysis_Pipeline.py
[2025-06-05T20:51:52.915+0000] {processor.py:840} INFO - DAG(s) 'data_insertion_rfm' retrieved from /opt/airflow/dags/RFM_Analysis_Pipeline.py
[2025-06-05T20:51:52.938+0000] {logging_mixin.py:188} INFO - [2025-06-05T20:51:52.937+0000] {dag.py:3036} INFO - Sync 1 DAGs
[2025-06-05T20:51:52.995+0000] {logging_mixin.py:188} INFO - [2025-06-05T20:51:52.995+0000] {dag.py:3823} INFO - Setting next_dagrun for data_insertion_rfm to 2025-06-04 00:00:00+00:00, run_after=2025-06-05 00:00:00+00:00
[2025-06-05T20:51:53.059+0000] {processor.py:183} INFO - Processing /opt/airflow/dags/RFM_Analysis_Pipeline.py took 0.499 seconds
[2025-06-05T20:52:23.334+0000] {processor.py:161} INFO - Started process (PID=6919) to work on /opt/airflow/dags/RFM_Analysis_Pipeline.py
[2025-06-05T20:52:23.337+0000] {processor.py:830} INFO - Processing file /opt/airflow/dags/RFM_Analysis_Pipeline.py for tasks to queue
[2025-06-05T20:52:23.339+0000] {logging_mixin.py:188} INFO - [2025-06-05T20:52:23.339+0000] {dagbag.py:538} INFO - Filling up the DagBag from /opt/airflow/dags/RFM_Analysis_Pipeline.py
[2025-06-05T20:52:23.838+0000] {processor.py:840} INFO - DAG(s) 'data_insertion_rfm' retrieved from /opt/airflow/dags/RFM_Analysis_Pipeline.py
[2025-06-05T20:52:23.894+0000] {logging_mixin.py:188} INFO - [2025-06-05T20:52:23.893+0000] {dag.py:3036} INFO - Sync 1 DAGs
[2025-06-05T20:52:23.948+0000] {logging_mixin.py:188} INFO - [2025-06-05T20:52:23.948+0000] {dag.py:3823} INFO - Setting next_dagrun for data_insertion_rfm to 2025-06-04 00:00:00+00:00, run_after=2025-06-05 00:00:00+00:00
[2025-06-05T20:52:23.980+0000] {processor.py:183} INFO - Processing /opt/airflow/dags/RFM_Analysis_Pipeline.py took 0.654 seconds
[2025-06-05T20:52:41.618+0000] {processor.py:161} INFO - Started process (PID=6935) to work on /opt/airflow/dags/RFM_Analysis_Pipeline.py
[2025-06-05T20:52:41.620+0000] {processor.py:830} INFO - Processing file /opt/airflow/dags/RFM_Analysis_Pipeline.py for tasks to queue
[2025-06-05T20:52:41.621+0000] {logging_mixin.py:188} INFO - [2025-06-05T20:52:41.621+0000] {dagbag.py:538} INFO - Filling up the DagBag from /opt/airflow/dags/RFM_Analysis_Pipeline.py
[2025-06-05T20:52:42.255+0000] {processor.py:840} INFO - DAG(s) 'data_insertion_rfm' retrieved from /opt/airflow/dags/RFM_Analysis_Pipeline.py
[2025-06-05T20:52:42.495+0000] {logging_mixin.py:188} INFO - [2025-06-05T20:52:42.494+0000] {dag.py:3036} INFO - Sync 1 DAGs
[2025-06-05T20:52:42.522+0000] {logging_mixin.py:188} INFO - [2025-06-05T20:52:42.522+0000] {dag.py:3823} INFO - Setting next_dagrun for data_insertion_rfm to 2025-06-04 00:00:00+00:00, run_after=2025-06-05 00:00:00+00:00
[2025-06-05T20:52:42.560+0000] {processor.py:183} INFO - Processing /opt/airflow/dags/RFM_Analysis_Pipeline.py took 0.946 seconds
[2025-06-05T20:53:13.195+0000] {processor.py:161} INFO - Started process (PID=6958) to work on /opt/airflow/dags/RFM_Analysis_Pipeline.py
[2025-06-05T20:53:13.197+0000] {processor.py:830} INFO - Processing file /opt/airflow/dags/RFM_Analysis_Pipeline.py for tasks to queue
[2025-06-05T20:53:13.199+0000] {logging_mixin.py:188} INFO - [2025-06-05T20:53:13.199+0000] {dagbag.py:538} INFO - Filling up the DagBag from /opt/airflow/dags/RFM_Analysis_Pipeline.py
[2025-06-05T20:53:13.801+0000] {processor.py:840} INFO - DAG(s) 'data_insertion_rfm' retrieved from /opt/airflow/dags/RFM_Analysis_Pipeline.py
[2025-06-05T20:53:13.858+0000] {logging_mixin.py:188} INFO - [2025-06-05T20:53:13.857+0000] {dag.py:3036} INFO - Sync 1 DAGs
[2025-06-05T20:53:13.892+0000] {logging_mixin.py:188} INFO - [2025-06-05T20:53:13.892+0000] {dag.py:3823} INFO - Setting next_dagrun for data_insertion_rfm to 2025-06-04 00:00:00+00:00, run_after=2025-06-05 00:00:00+00:00
[2025-06-05T20:53:13.917+0000] {processor.py:183} INFO - Processing /opt/airflow/dags/RFM_Analysis_Pipeline.py took 0.728 seconds
[2025-06-05T20:53:44.567+0000] {processor.py:161} INFO - Started process (PID=6982) to work on /opt/airflow/dags/RFM_Analysis_Pipeline.py
[2025-06-05T20:53:44.569+0000] {processor.py:830} INFO - Processing file /opt/airflow/dags/RFM_Analysis_Pipeline.py for tasks to queue
[2025-06-05T20:53:44.570+0000] {logging_mixin.py:188} INFO - [2025-06-05T20:53:44.570+0000] {dagbag.py:538} INFO - Filling up the DagBag from /opt/airflow/dags/RFM_Analysis_Pipeline.py
[2025-06-05T20:53:44.955+0000] {processor.py:840} INFO - DAG(s) 'data_insertion_rfm' retrieved from /opt/airflow/dags/RFM_Analysis_Pipeline.py
[2025-06-05T20:53:45.038+0000] {logging_mixin.py:188} INFO - [2025-06-05T20:53:45.037+0000] {dag.py:3036} INFO - Sync 1 DAGs
[2025-06-05T20:53:45.090+0000] {logging_mixin.py:188} INFO - [2025-06-05T20:53:45.090+0000] {dag.py:3823} INFO - Setting next_dagrun for data_insertion_rfm to 2025-06-04 00:00:00+00:00, run_after=2025-06-05 00:00:00+00:00
[2025-06-05T20:53:45.131+0000] {processor.py:183} INFO - Processing /opt/airflow/dags/RFM_Analysis_Pipeline.py took 0.567 seconds
[2025-06-05T20:54:15.335+0000] {processor.py:161} INFO - Started process (PID=7005) to work on /opt/airflow/dags/RFM_Analysis_Pipeline.py
[2025-06-05T20:54:15.340+0000] {processor.py:830} INFO - Processing file /opt/airflow/dags/RFM_Analysis_Pipeline.py for tasks to queue
[2025-06-05T20:54:15.343+0000] {logging_mixin.py:188} INFO - [2025-06-05T20:54:15.342+0000] {dagbag.py:538} INFO - Filling up the DagBag from /opt/airflow/dags/RFM_Analysis_Pipeline.py
[2025-06-05T20:54:15.862+0000] {processor.py:840} INFO - DAG(s) 'data_insertion_rfm' retrieved from /opt/airflow/dags/RFM_Analysis_Pipeline.py
[2025-06-05T20:54:15.901+0000] {logging_mixin.py:188} INFO - [2025-06-05T20:54:15.900+0000] {dag.py:3036} INFO - Sync 1 DAGs
[2025-06-05T20:54:15.939+0000] {logging_mixin.py:188} INFO - [2025-06-05T20:54:15.938+0000] {dag.py:3823} INFO - Setting next_dagrun for data_insertion_rfm to 2025-06-04 00:00:00+00:00, run_after=2025-06-05 00:00:00+00:00
[2025-06-05T20:54:15.976+0000] {processor.py:183} INFO - Processing /opt/airflow/dags/RFM_Analysis_Pipeline.py took 0.655 seconds
[2025-06-05T20:54:46.611+0000] {processor.py:161} INFO - Started process (PID=7028) to work on /opt/airflow/dags/RFM_Analysis_Pipeline.py
[2025-06-05T20:54:46.616+0000] {processor.py:830} INFO - Processing file /opt/airflow/dags/RFM_Analysis_Pipeline.py for tasks to queue
[2025-06-05T20:54:46.620+0000] {logging_mixin.py:188} INFO - [2025-06-05T20:54:46.619+0000] {dagbag.py:538} INFO - Filling up the DagBag from /opt/airflow/dags/RFM_Analysis_Pipeline.py
[2025-06-05T20:54:46.938+0000] {processor.py:840} INFO - DAG(s) 'data_insertion_rfm' retrieved from /opt/airflow/dags/RFM_Analysis_Pipeline.py
[2025-06-05T20:54:46.993+0000] {logging_mixin.py:188} INFO - [2025-06-05T20:54:46.993+0000] {dag.py:3036} INFO - Sync 1 DAGs
[2025-06-05T20:54:47.027+0000] {logging_mixin.py:188} INFO - [2025-06-05T20:54:47.027+0000] {dag.py:3823} INFO - Setting next_dagrun for data_insertion_rfm to 2025-06-04 00:00:00+00:00, run_after=2025-06-05 00:00:00+00:00
[2025-06-05T20:54:47.059+0000] {processor.py:183} INFO - Processing /opt/airflow/dags/RFM_Analysis_Pipeline.py took 0.467 seconds
[2025-06-05T20:55:17.840+0000] {processor.py:161} INFO - Started process (PID=7051) to work on /opt/airflow/dags/RFM_Analysis_Pipeline.py
[2025-06-05T20:55:17.841+0000] {processor.py:830} INFO - Processing file /opt/airflow/dags/RFM_Analysis_Pipeline.py for tasks to queue
[2025-06-05T20:55:17.844+0000] {logging_mixin.py:188} INFO - [2025-06-05T20:55:17.842+0000] {dagbag.py:538} INFO - Filling up the DagBag from /opt/airflow/dags/RFM_Analysis_Pipeline.py
[2025-06-05T20:55:18.330+0000] {processor.py:840} INFO - DAG(s) 'data_insertion_rfm' retrieved from /opt/airflow/dags/RFM_Analysis_Pipeline.py
[2025-06-05T20:55:18.370+0000] {logging_mixin.py:188} INFO - [2025-06-05T20:55:18.370+0000] {dag.py:3036} INFO - Sync 1 DAGs
[2025-06-05T20:55:18.417+0000] {logging_mixin.py:188} INFO - [2025-06-05T20:55:18.416+0000] {dag.py:3823} INFO - Setting next_dagrun for data_insertion_rfm to 2025-06-04 00:00:00+00:00, run_after=2025-06-05 00:00:00+00:00
[2025-06-05T20:55:18.442+0000] {processor.py:183} INFO - Processing /opt/airflow/dags/RFM_Analysis_Pipeline.py took 0.605 seconds
[2025-06-05T20:55:49.356+0000] {processor.py:161} INFO - Started process (PID=7074) to work on /opt/airflow/dags/RFM_Analysis_Pipeline.py
[2025-06-05T20:55:49.360+0000] {processor.py:830} INFO - Processing file /opt/airflow/dags/RFM_Analysis_Pipeline.py for tasks to queue
[2025-06-05T20:55:49.363+0000] {logging_mixin.py:188} INFO - [2025-06-05T20:55:49.363+0000] {dagbag.py:538} INFO - Filling up the DagBag from /opt/airflow/dags/RFM_Analysis_Pipeline.py
[2025-06-05T20:55:49.759+0000] {processor.py:840} INFO - DAG(s) 'data_insertion_rfm' retrieved from /opt/airflow/dags/RFM_Analysis_Pipeline.py
[2025-06-05T20:55:49.790+0000] {logging_mixin.py:188} INFO - [2025-06-05T20:55:49.790+0000] {dag.py:3036} INFO - Sync 1 DAGs
[2025-06-05T20:55:49.814+0000] {logging_mixin.py:188} INFO - [2025-06-05T20:55:49.814+0000] {dag.py:3823} INFO - Setting next_dagrun for data_insertion_rfm to 2025-06-04 00:00:00+00:00, run_after=2025-06-05 00:00:00+00:00
[2025-06-05T20:55:49.848+0000] {processor.py:183} INFO - Processing /opt/airflow/dags/RFM_Analysis_Pipeline.py took 0.504 seconds
[2025-06-05T20:56:20.462+0000] {processor.py:161} INFO - Started process (PID=7097) to work on /opt/airflow/dags/RFM_Analysis_Pipeline.py
[2025-06-05T20:56:20.465+0000] {processor.py:830} INFO - Processing file /opt/airflow/dags/RFM_Analysis_Pipeline.py for tasks to queue
[2025-06-05T20:56:20.472+0000] {logging_mixin.py:188} INFO - [2025-06-05T20:56:20.471+0000] {dagbag.py:538} INFO - Filling up the DagBag from /opt/airflow/dags/RFM_Analysis_Pipeline.py
[2025-06-05T20:56:20.862+0000] {processor.py:840} INFO - DAG(s) 'data_insertion_rfm' retrieved from /opt/airflow/dags/RFM_Analysis_Pipeline.py
[2025-06-05T20:56:20.919+0000] {logging_mixin.py:188} INFO - [2025-06-05T20:56:20.918+0000] {dag.py:3036} INFO - Sync 1 DAGs
[2025-06-05T20:56:20.956+0000] {logging_mixin.py:188} INFO - [2025-06-05T20:56:20.955+0000] {dag.py:3823} INFO - Setting next_dagrun for data_insertion_rfm to 2025-06-04 00:00:00+00:00, run_after=2025-06-05 00:00:00+00:00
[2025-06-05T20:56:20.986+0000] {processor.py:183} INFO - Processing /opt/airflow/dags/RFM_Analysis_Pipeline.py took 0.536 seconds
[2025-06-05T20:56:51.875+0000] {processor.py:161} INFO - Started process (PID=7120) to work on /opt/airflow/dags/RFM_Analysis_Pipeline.py
[2025-06-05T20:56:51.882+0000] {processor.py:830} INFO - Processing file /opt/airflow/dags/RFM_Analysis_Pipeline.py for tasks to queue
[2025-06-05T20:56:51.889+0000] {logging_mixin.py:188} INFO - [2025-06-05T20:56:51.887+0000] {dagbag.py:538} INFO - Filling up the DagBag from /opt/airflow/dags/RFM_Analysis_Pipeline.py
[2025-06-05T20:56:52.300+0000] {processor.py:840} INFO - DAG(s) 'data_insertion_rfm' retrieved from /opt/airflow/dags/RFM_Analysis_Pipeline.py
[2025-06-05T20:56:52.335+0000] {logging_mixin.py:188} INFO - [2025-06-05T20:56:52.335+0000] {dag.py:3036} INFO - Sync 1 DAGs
[2025-06-05T20:56:52.356+0000] {logging_mixin.py:188} INFO - [2025-06-05T20:56:52.356+0000] {dag.py:3823} INFO - Setting next_dagrun for data_insertion_rfm to 2025-06-04 00:00:00+00:00, run_after=2025-06-05 00:00:00+00:00
[2025-06-05T20:56:52.389+0000] {processor.py:183} INFO - Processing /opt/airflow/dags/RFM_Analysis_Pipeline.py took 0.533 seconds
[2025-06-05T20:57:22.878+0000] {processor.py:161} INFO - Started process (PID=7143) to work on /opt/airflow/dags/RFM_Analysis_Pipeline.py
[2025-06-05T20:57:22.880+0000] {processor.py:830} INFO - Processing file /opt/airflow/dags/RFM_Analysis_Pipeline.py for tasks to queue
[2025-06-05T20:57:22.883+0000] {logging_mixin.py:188} INFO - [2025-06-05T20:57:22.882+0000] {dagbag.py:538} INFO - Filling up the DagBag from /opt/airflow/dags/RFM_Analysis_Pipeline.py
[2025-06-05T20:57:23.288+0000] {processor.py:840} INFO - DAG(s) 'data_insertion_rfm' retrieved from /opt/airflow/dags/RFM_Analysis_Pipeline.py
[2025-06-05T20:57:23.313+0000] {logging_mixin.py:188} INFO - [2025-06-05T20:57:23.313+0000] {dag.py:3036} INFO - Sync 1 DAGs
[2025-06-05T20:57:23.338+0000] {logging_mixin.py:188} INFO - [2025-06-05T20:57:23.338+0000] {dag.py:3823} INFO - Setting next_dagrun for data_insertion_rfm to 2025-06-04 00:00:00+00:00, run_after=2025-06-05 00:00:00+00:00
[2025-06-05T20:57:23.368+0000] {processor.py:183} INFO - Processing /opt/airflow/dags/RFM_Analysis_Pipeline.py took 0.496 seconds
[2025-06-05T20:57:53.502+0000] {processor.py:161} INFO - Started process (PID=7166) to work on /opt/airflow/dags/RFM_Analysis_Pipeline.py
[2025-06-05T20:57:53.505+0000] {processor.py:830} INFO - Processing file /opt/airflow/dags/RFM_Analysis_Pipeline.py for tasks to queue
[2025-06-05T20:57:53.508+0000] {logging_mixin.py:188} INFO - [2025-06-05T20:57:53.507+0000] {dagbag.py:538} INFO - Filling up the DagBag from /opt/airflow/dags/RFM_Analysis_Pipeline.py
[2025-06-05T20:57:54.004+0000] {processor.py:840} INFO - DAG(s) 'data_insertion_rfm' retrieved from /opt/airflow/dags/RFM_Analysis_Pipeline.py
[2025-06-05T20:57:54.054+0000] {logging_mixin.py:188} INFO - [2025-06-05T20:57:54.054+0000] {dag.py:3036} INFO - Sync 1 DAGs
[2025-06-05T20:57:54.106+0000] {logging_mixin.py:188} INFO - [2025-06-05T20:57:54.105+0000] {dag.py:3823} INFO - Setting next_dagrun for data_insertion_rfm to 2025-06-04 00:00:00+00:00, run_after=2025-06-05 00:00:00+00:00
[2025-06-05T20:57:54.165+0000] {processor.py:183} INFO - Processing /opt/airflow/dags/RFM_Analysis_Pipeline.py took 0.673 seconds
[2025-06-05T20:58:25.198+0000] {processor.py:161} INFO - Started process (PID=7189) to work on /opt/airflow/dags/RFM_Analysis_Pipeline.py
[2025-06-05T20:58:25.201+0000] {processor.py:830} INFO - Processing file /opt/airflow/dags/RFM_Analysis_Pipeline.py for tasks to queue
[2025-06-05T20:58:25.205+0000] {logging_mixin.py:188} INFO - [2025-06-05T20:58:25.204+0000] {dagbag.py:538} INFO - Filling up the DagBag from /opt/airflow/dags/RFM_Analysis_Pipeline.py
[2025-06-05T20:58:25.740+0000] {processor.py:840} INFO - DAG(s) 'data_insertion_rfm' retrieved from /opt/airflow/dags/RFM_Analysis_Pipeline.py
[2025-06-05T20:58:25.795+0000] {logging_mixin.py:188} INFO - [2025-06-05T20:58:25.793+0000] {dag.py:3036} INFO - Sync 1 DAGs
[2025-06-05T20:58:25.859+0000] {logging_mixin.py:188} INFO - [2025-06-05T20:58:25.859+0000] {dag.py:3823} INFO - Setting next_dagrun for data_insertion_rfm to 2025-06-04 00:00:00+00:00, run_after=2025-06-05 00:00:00+00:00
[2025-06-05T20:58:25.902+0000] {processor.py:183} INFO - Processing /opt/airflow/dags/RFM_Analysis_Pipeline.py took 0.709 seconds
[2025-06-05T20:58:56.052+0000] {processor.py:161} INFO - Started process (PID=7212) to work on /opt/airflow/dags/RFM_Analysis_Pipeline.py
[2025-06-05T20:58:56.054+0000] {processor.py:830} INFO - Processing file /opt/airflow/dags/RFM_Analysis_Pipeline.py for tasks to queue
[2025-06-05T20:58:56.055+0000] {logging_mixin.py:188} INFO - [2025-06-05T20:58:56.055+0000] {dagbag.py:538} INFO - Filling up the DagBag from /opt/airflow/dags/RFM_Analysis_Pipeline.py
[2025-06-05T20:58:56.364+0000] {processor.py:840} INFO - DAG(s) 'data_insertion_rfm' retrieved from /opt/airflow/dags/RFM_Analysis_Pipeline.py
[2025-06-05T20:58:56.409+0000] {logging_mixin.py:188} INFO - [2025-06-05T20:58:56.408+0000] {dag.py:3036} INFO - Sync 1 DAGs
[2025-06-05T20:58:56.460+0000] {logging_mixin.py:188} INFO - [2025-06-05T20:58:56.460+0000] {dag.py:3823} INFO - Setting next_dagrun for data_insertion_rfm to 2025-06-04 00:00:00+00:00, run_after=2025-06-05 00:00:00+00:00
[2025-06-05T20:58:56.528+0000] {processor.py:183} INFO - Processing /opt/airflow/dags/RFM_Analysis_Pipeline.py took 0.479 seconds
[2025-06-05T20:59:27.435+0000] {processor.py:161} INFO - Started process (PID=7235) to work on /opt/airflow/dags/RFM_Analysis_Pipeline.py
[2025-06-05T20:59:27.436+0000] {processor.py:830} INFO - Processing file /opt/airflow/dags/RFM_Analysis_Pipeline.py for tasks to queue
[2025-06-05T20:59:27.438+0000] {logging_mixin.py:188} INFO - [2025-06-05T20:59:27.437+0000] {dagbag.py:538} INFO - Filling up the DagBag from /opt/airflow/dags/RFM_Analysis_Pipeline.py
[2025-06-05T20:59:27.779+0000] {processor.py:840} INFO - DAG(s) 'data_insertion_rfm' retrieved from /opt/airflow/dags/RFM_Analysis_Pipeline.py
[2025-06-05T20:59:27.812+0000] {logging_mixin.py:188} INFO - [2025-06-05T20:59:27.811+0000] {dag.py:3036} INFO - Sync 1 DAGs
[2025-06-05T20:59:27.848+0000] {logging_mixin.py:188} INFO - [2025-06-05T20:59:27.847+0000] {dag.py:3823} INFO - Setting next_dagrun for data_insertion_rfm to 2025-06-04 00:00:00+00:00, run_after=2025-06-05 00:00:00+00:00
[2025-06-05T20:59:27.909+0000] {processor.py:183} INFO - Processing /opt/airflow/dags/RFM_Analysis_Pipeline.py took 0.477 seconds
[2025-06-05T20:59:58.360+0000] {processor.py:161} INFO - Started process (PID=7258) to work on /opt/airflow/dags/RFM_Analysis_Pipeline.py
[2025-06-05T20:59:58.362+0000] {processor.py:830} INFO - Processing file /opt/airflow/dags/RFM_Analysis_Pipeline.py for tasks to queue
[2025-06-05T20:59:58.364+0000] {logging_mixin.py:188} INFO - [2025-06-05T20:59:58.364+0000] {dagbag.py:538} INFO - Filling up the DagBag from /opt/airflow/dags/RFM_Analysis_Pipeline.py
[2025-06-05T20:59:58.789+0000] {processor.py:840} INFO - DAG(s) 'data_insertion_rfm' retrieved from /opt/airflow/dags/RFM_Analysis_Pipeline.py
[2025-06-05T20:59:58.837+0000] {logging_mixin.py:188} INFO - [2025-06-05T20:59:58.836+0000] {dag.py:3036} INFO - Sync 1 DAGs
[2025-06-05T20:59:58.916+0000] {logging_mixin.py:188} INFO - [2025-06-05T20:59:58.915+0000] {dag.py:3823} INFO - Setting next_dagrun for data_insertion_rfm to 2025-06-04 00:00:00+00:00, run_after=2025-06-05 00:00:00+00:00
[2025-06-05T20:59:58.989+0000] {processor.py:183} INFO - Processing /opt/airflow/dags/RFM_Analysis_Pipeline.py took 0.634 seconds
[2025-06-05T21:00:29.215+0000] {processor.py:161} INFO - Started process (PID=7287) to work on /opt/airflow/dags/RFM_Analysis_Pipeline.py
[2025-06-05T21:00:29.218+0000] {processor.py:830} INFO - Processing file /opt/airflow/dags/RFM_Analysis_Pipeline.py for tasks to queue
[2025-06-05T21:00:29.232+0000] {logging_mixin.py:188} INFO - [2025-06-05T21:00:29.231+0000] {dagbag.py:538} INFO - Filling up the DagBag from /opt/airflow/dags/RFM_Analysis_Pipeline.py
[2025-06-05T21:00:29.660+0000] {processor.py:840} INFO - DAG(s) 'data_insertion_rfm' retrieved from /opt/airflow/dags/RFM_Analysis_Pipeline.py
[2025-06-05T21:00:29.716+0000] {logging_mixin.py:188} INFO - [2025-06-05T21:00:29.715+0000] {dag.py:3036} INFO - Sync 1 DAGs
[2025-06-05T21:00:29.748+0000] {logging_mixin.py:188} INFO - [2025-06-05T21:00:29.748+0000] {dag.py:3823} INFO - Setting next_dagrun for data_insertion_rfm to 2025-06-04 00:00:00+00:00, run_after=2025-06-05 00:00:00+00:00
[2025-06-05T21:00:29.804+0000] {processor.py:183} INFO - Processing /opt/airflow/dags/RFM_Analysis_Pipeline.py took 0.597 seconds
[2025-06-05T21:00:59.987+0000] {processor.py:161} INFO - Started process (PID=7310) to work on /opt/airflow/dags/RFM_Analysis_Pipeline.py
[2025-06-05T21:00:59.989+0000] {processor.py:830} INFO - Processing file /opt/airflow/dags/RFM_Analysis_Pipeline.py for tasks to queue
[2025-06-05T21:00:59.992+0000] {logging_mixin.py:188} INFO - [2025-06-05T21:00:59.992+0000] {dagbag.py:538} INFO - Filling up the DagBag from /opt/airflow/dags/RFM_Analysis_Pipeline.py
[2025-06-05T21:01:00.399+0000] {processor.py:840} INFO - DAG(s) 'data_insertion_rfm' retrieved from /opt/airflow/dags/RFM_Analysis_Pipeline.py
[2025-06-05T21:01:00.447+0000] {logging_mixin.py:188} INFO - [2025-06-05T21:01:00.446+0000] {dag.py:3036} INFO - Sync 1 DAGs
[2025-06-05T21:01:00.487+0000] {logging_mixin.py:188} INFO - [2025-06-05T21:01:00.487+0000] {dag.py:3823} INFO - Setting next_dagrun for data_insertion_rfm to 2025-06-04 00:00:00+00:00, run_after=2025-06-05 00:00:00+00:00
[2025-06-05T21:01:00.531+0000] {processor.py:183} INFO - Processing /opt/airflow/dags/RFM_Analysis_Pipeline.py took 0.553 seconds
[2025-06-05T21:01:31.087+0000] {processor.py:161} INFO - Started process (PID=7333) to work on /opt/airflow/dags/RFM_Analysis_Pipeline.py
[2025-06-05T21:01:31.092+0000] {processor.py:830} INFO - Processing file /opt/airflow/dags/RFM_Analysis_Pipeline.py for tasks to queue
[2025-06-05T21:01:31.098+0000] {logging_mixin.py:188} INFO - [2025-06-05T21:01:31.096+0000] {dagbag.py:538} INFO - Filling up the DagBag from /opt/airflow/dags/RFM_Analysis_Pipeline.py
[2025-06-05T21:01:31.734+0000] {processor.py:840} INFO - DAG(s) 'data_insertion_rfm' retrieved from /opt/airflow/dags/RFM_Analysis_Pipeline.py
[2025-06-05T21:01:31.829+0000] {logging_mixin.py:188} INFO - [2025-06-05T21:01:31.828+0000] {dag.py:3036} INFO - Sync 1 DAGs
[2025-06-05T21:01:31.876+0000] {logging_mixin.py:188} INFO - [2025-06-05T21:01:31.876+0000] {dag.py:3823} INFO - Setting next_dagrun for data_insertion_rfm to 2025-06-04 00:00:00+00:00, run_after=2025-06-05 00:00:00+00:00
[2025-06-05T21:01:31.934+0000] {processor.py:183} INFO - Processing /opt/airflow/dags/RFM_Analysis_Pipeline.py took 0.861 seconds
[2025-06-05T21:02:02.747+0000] {processor.py:161} INFO - Started process (PID=7356) to work on /opt/airflow/dags/RFM_Analysis_Pipeline.py
[2025-06-05T21:02:02.752+0000] {processor.py:830} INFO - Processing file /opt/airflow/dags/RFM_Analysis_Pipeline.py for tasks to queue
[2025-06-05T21:02:02.757+0000] {logging_mixin.py:188} INFO - [2025-06-05T21:02:02.756+0000] {dagbag.py:538} INFO - Filling up the DagBag from /opt/airflow/dags/RFM_Analysis_Pipeline.py
[2025-06-05T21:02:03.615+0000] {processor.py:840} INFO - DAG(s) 'data_insertion_rfm' retrieved from /opt/airflow/dags/RFM_Analysis_Pipeline.py
[2025-06-05T21:02:03.714+0000] {logging_mixin.py:188} INFO - [2025-06-05T21:02:03.711+0000] {dag.py:3036} INFO - Sync 1 DAGs
[2025-06-05T21:02:03.764+0000] {logging_mixin.py:188} INFO - [2025-06-05T21:02:03.764+0000] {dag.py:3823} INFO - Setting next_dagrun for data_insertion_rfm to 2025-06-04 00:00:00+00:00, run_after=2025-06-05 00:00:00+00:00
[2025-06-05T21:02:03.788+0000] {processor.py:183} INFO - Processing /opt/airflow/dags/RFM_Analysis_Pipeline.py took 1.051 seconds
[2025-06-05T21:02:34.037+0000] {processor.py:161} INFO - Started process (PID=7379) to work on /opt/airflow/dags/RFM_Analysis_Pipeline.py
[2025-06-05T21:02:34.040+0000] {processor.py:830} INFO - Processing file /opt/airflow/dags/RFM_Analysis_Pipeline.py for tasks to queue
[2025-06-05T21:02:34.042+0000] {logging_mixin.py:188} INFO - [2025-06-05T21:02:34.042+0000] {dagbag.py:538} INFO - Filling up the DagBag from /opt/airflow/dags/RFM_Analysis_Pipeline.py
[2025-06-05T21:02:34.432+0000] {processor.py:840} INFO - DAG(s) 'data_insertion_rfm' retrieved from /opt/airflow/dags/RFM_Analysis_Pipeline.py
[2025-06-05T21:02:34.464+0000] {logging_mixin.py:188} INFO - [2025-06-05T21:02:34.463+0000] {dag.py:3036} INFO - Sync 1 DAGs
[2025-06-05T21:02:34.489+0000] {logging_mixin.py:188} INFO - [2025-06-05T21:02:34.489+0000] {dag.py:3823} INFO - Setting next_dagrun for data_insertion_rfm to 2025-06-04 00:00:00+00:00, run_after=2025-06-05 00:00:00+00:00
[2025-06-05T21:02:34.537+0000] {processor.py:183} INFO - Processing /opt/airflow/dags/RFM_Analysis_Pipeline.py took 0.511 seconds
[2025-06-05T21:03:05.059+0000] {processor.py:161} INFO - Started process (PID=7402) to work on /opt/airflow/dags/RFM_Analysis_Pipeline.py
[2025-06-05T21:03:05.061+0000] {processor.py:830} INFO - Processing file /opt/airflow/dags/RFM_Analysis_Pipeline.py for tasks to queue
[2025-06-05T21:03:05.062+0000] {logging_mixin.py:188} INFO - [2025-06-05T21:03:05.062+0000] {dagbag.py:538} INFO - Filling up the DagBag from /opt/airflow/dags/RFM_Analysis_Pipeline.py
[2025-06-05T21:03:05.569+0000] {processor.py:840} INFO - DAG(s) 'data_insertion_rfm' retrieved from /opt/airflow/dags/RFM_Analysis_Pipeline.py
[2025-06-05T21:03:05.669+0000] {logging_mixin.py:188} INFO - [2025-06-05T21:03:05.668+0000] {dag.py:3036} INFO - Sync 1 DAGs
[2025-06-05T21:03:05.766+0000] {logging_mixin.py:188} INFO - [2025-06-05T21:03:05.765+0000] {dag.py:3823} INFO - Setting next_dagrun for data_insertion_rfm to 2025-06-04 00:00:00+00:00, run_after=2025-06-05 00:00:00+00:00
[2025-06-05T21:03:05.853+0000] {processor.py:183} INFO - Processing /opt/airflow/dags/RFM_Analysis_Pipeline.py took 0.799 seconds
[2025-06-05T21:03:25.163+0000] {processor.py:161} INFO - Started process (PID=7419) to work on /opt/airflow/dags/RFM_Analysis_Pipeline.py
[2025-06-05T21:03:25.166+0000] {processor.py:830} INFO - Processing file /opt/airflow/dags/RFM_Analysis_Pipeline.py for tasks to queue
[2025-06-05T21:03:25.167+0000] {logging_mixin.py:188} INFO - [2025-06-05T21:03:25.167+0000] {dagbag.py:538} INFO - Filling up the DagBag from /opt/airflow/dags/RFM_Analysis_Pipeline.py
[2025-06-05T21:03:25.752+0000] {processor.py:840} INFO - DAG(s) 'data_insertion_rfm' retrieved from /opt/airflow/dags/RFM_Analysis_Pipeline.py
[2025-06-05T21:03:25.939+0000] {logging_mixin.py:188} INFO - [2025-06-05T21:03:25.938+0000] {dag.py:3036} INFO - Sync 1 DAGs
[2025-06-05T21:03:25.973+0000] {logging_mixin.py:188} INFO - [2025-06-05T21:03:25.973+0000] {dag.py:3823} INFO - Setting next_dagrun for data_insertion_rfm to 2025-06-04 00:00:00+00:00, run_after=2025-06-05 00:00:00+00:00
[2025-06-05T21:03:26.036+0000] {processor.py:183} INFO - Processing /opt/airflow/dags/RFM_Analysis_Pipeline.py took 0.880 seconds
[2025-06-05T21:03:56.490+0000] {processor.py:161} INFO - Started process (PID=7442) to work on /opt/airflow/dags/RFM_Analysis_Pipeline.py
[2025-06-05T21:03:56.495+0000] {processor.py:830} INFO - Processing file /opt/airflow/dags/RFM_Analysis_Pipeline.py for tasks to queue
[2025-06-05T21:03:56.498+0000] {logging_mixin.py:188} INFO - [2025-06-05T21:03:56.497+0000] {dagbag.py:538} INFO - Filling up the DagBag from /opt/airflow/dags/RFM_Analysis_Pipeline.py
[2025-06-05T21:03:57.082+0000] {processor.py:840} INFO - DAG(s) 'data_insertion_rfm' retrieved from /opt/airflow/dags/RFM_Analysis_Pipeline.py
[2025-06-05T21:03:57.168+0000] {logging_mixin.py:188} INFO - [2025-06-05T21:03:57.167+0000] {dag.py:3036} INFO - Sync 1 DAGs
[2025-06-05T21:03:57.210+0000] {logging_mixin.py:188} INFO - [2025-06-05T21:03:57.210+0000] {dag.py:3823} INFO - Setting next_dagrun for data_insertion_rfm to 2025-06-04 00:00:00+00:00, run_after=2025-06-05 00:00:00+00:00
[2025-06-05T21:03:57.251+0000] {processor.py:183} INFO - Processing /opt/airflow/dags/RFM_Analysis_Pipeline.py took 0.769 seconds
[2025-06-05T21:04:27.694+0000] {processor.py:161} INFO - Started process (PID=7465) to work on /opt/airflow/dags/RFM_Analysis_Pipeline.py
[2025-06-05T21:04:27.696+0000] {processor.py:830} INFO - Processing file /opt/airflow/dags/RFM_Analysis_Pipeline.py for tasks to queue
[2025-06-05T21:04:27.697+0000] {logging_mixin.py:188} INFO - [2025-06-05T21:04:27.697+0000] {dagbag.py:538} INFO - Filling up the DagBag from /opt/airflow/dags/RFM_Analysis_Pipeline.py
[2025-06-05T21:04:28.151+0000] {processor.py:840} INFO - DAG(s) 'data_insertion_rfm' retrieved from /opt/airflow/dags/RFM_Analysis_Pipeline.py
[2025-06-05T21:04:28.180+0000] {logging_mixin.py:188} INFO - [2025-06-05T21:04:28.180+0000] {dag.py:3036} INFO - Sync 1 DAGs
[2025-06-05T21:04:28.204+0000] {logging_mixin.py:188} INFO - [2025-06-05T21:04:28.204+0000] {dag.py:3823} INFO - Setting next_dagrun for data_insertion_rfm to 2025-06-04 00:00:00+00:00, run_after=2025-06-05 00:00:00+00:00
[2025-06-05T21:04:28.228+0000] {processor.py:183} INFO - Processing /opt/airflow/dags/RFM_Analysis_Pipeline.py took 0.537 seconds
[2025-06-05T21:04:58.798+0000] {processor.py:161} INFO - Started process (PID=7488) to work on /opt/airflow/dags/RFM_Analysis_Pipeline.py
[2025-06-05T21:04:58.800+0000] {processor.py:830} INFO - Processing file /opt/airflow/dags/RFM_Analysis_Pipeline.py for tasks to queue
[2025-06-05T21:04:58.803+0000] {logging_mixin.py:188} INFO - [2025-06-05T21:04:58.802+0000] {dagbag.py:538} INFO - Filling up the DagBag from /opt/airflow/dags/RFM_Analysis_Pipeline.py
[2025-06-05T21:04:59.338+0000] {processor.py:840} INFO - DAG(s) 'data_insertion_rfm' retrieved from /opt/airflow/dags/RFM_Analysis_Pipeline.py
[2025-06-05T21:04:59.408+0000] {logging_mixin.py:188} INFO - [2025-06-05T21:04:59.408+0000] {dag.py:3036} INFO - Sync 1 DAGs
[2025-06-05T21:04:59.507+0000] {logging_mixin.py:188} INFO - [2025-06-05T21:04:59.507+0000] {dag.py:3823} INFO - Setting next_dagrun for data_insertion_rfm to 2025-06-04 00:00:00+00:00, run_after=2025-06-05 00:00:00+00:00
[2025-06-05T21:04:59.612+0000] {processor.py:183} INFO - Processing /opt/airflow/dags/RFM_Analysis_Pipeline.py took 0.830 seconds
[2025-06-05T21:05:29.867+0000] {processor.py:161} INFO - Started process (PID=7511) to work on /opt/airflow/dags/RFM_Analysis_Pipeline.py
[2025-06-05T21:05:29.870+0000] {processor.py:830} INFO - Processing file /opt/airflow/dags/RFM_Analysis_Pipeline.py for tasks to queue
[2025-06-05T21:05:29.872+0000] {logging_mixin.py:188} INFO - [2025-06-05T21:05:29.872+0000] {dagbag.py:538} INFO - Filling up the DagBag from /opt/airflow/dags/RFM_Analysis_Pipeline.py
[2025-06-05T21:05:30.310+0000] {processor.py:840} INFO - DAG(s) 'data_insertion_rfm' retrieved from /opt/airflow/dags/RFM_Analysis_Pipeline.py
[2025-06-05T21:05:30.350+0000] {logging_mixin.py:188} INFO - [2025-06-05T21:05:30.349+0000] {dag.py:3036} INFO - Sync 1 DAGs
[2025-06-05T21:05:30.377+0000] {logging_mixin.py:188} INFO - [2025-06-05T21:05:30.376+0000] {dag.py:3823} INFO - Setting next_dagrun for data_insertion_rfm to 2025-06-04 00:00:00+00:00, run_after=2025-06-05 00:00:00+00:00
[2025-06-05T21:05:30.447+0000] {processor.py:183} INFO - Processing /opt/airflow/dags/RFM_Analysis_Pipeline.py took 0.591 seconds
[2025-06-05T21:06:01.071+0000] {processor.py:161} INFO - Started process (PID=7541) to work on /opt/airflow/dags/RFM_Analysis_Pipeline.py
[2025-06-05T21:06:01.072+0000] {processor.py:830} INFO - Processing file /opt/airflow/dags/RFM_Analysis_Pipeline.py for tasks to queue
[2025-06-05T21:06:01.075+0000] {logging_mixin.py:188} INFO - [2025-06-05T21:06:01.074+0000] {dagbag.py:538} INFO - Filling up the DagBag from /opt/airflow/dags/RFM_Analysis_Pipeline.py
[2025-06-05T21:06:01.505+0000] {processor.py:840} INFO - DAG(s) 'data_insertion_rfm' retrieved from /opt/airflow/dags/RFM_Analysis_Pipeline.py
[2025-06-05T21:06:01.554+0000] {logging_mixin.py:188} INFO - [2025-06-05T21:06:01.553+0000] {dag.py:3036} INFO - Sync 1 DAGs
[2025-06-05T21:06:01.608+0000] {logging_mixin.py:188} INFO - [2025-06-05T21:06:01.607+0000] {dag.py:3823} INFO - Setting next_dagrun for data_insertion_rfm to 2025-06-04 00:00:00+00:00, run_after=2025-06-05 00:00:00+00:00
[2025-06-05T21:06:01.674+0000] {processor.py:183} INFO - Processing /opt/airflow/dags/RFM_Analysis_Pipeline.py took 0.607 seconds
[2025-06-05T21:06:32.521+0000] {processor.py:161} INFO - Started process (PID=7564) to work on /opt/airflow/dags/RFM_Analysis_Pipeline.py
[2025-06-05T21:06:32.524+0000] {processor.py:830} INFO - Processing file /opt/airflow/dags/RFM_Analysis_Pipeline.py for tasks to queue
[2025-06-05T21:06:32.529+0000] {logging_mixin.py:188} INFO - [2025-06-05T21:06:32.528+0000] {dagbag.py:538} INFO - Filling up the DagBag from /opt/airflow/dags/RFM_Analysis_Pipeline.py
[2025-06-05T21:06:33.006+0000] {processor.py:840} INFO - DAG(s) 'data_insertion_rfm' retrieved from /opt/airflow/dags/RFM_Analysis_Pipeline.py
[2025-06-05T21:06:33.102+0000] {logging_mixin.py:188} INFO - [2025-06-05T21:06:33.100+0000] {dag.py:3036} INFO - Sync 1 DAGs
[2025-06-05T21:06:33.154+0000] {logging_mixin.py:188} INFO - [2025-06-05T21:06:33.154+0000] {dag.py:3823} INFO - Setting next_dagrun for data_insertion_rfm to 2025-06-04 00:00:00+00:00, run_after=2025-06-05 00:00:00+00:00
[2025-06-05T21:06:33.226+0000] {processor.py:183} INFO - Processing /opt/airflow/dags/RFM_Analysis_Pipeline.py took 0.716 seconds
[2025-06-05T21:07:03.977+0000] {processor.py:161} INFO - Started process (PID=7588) to work on /opt/airflow/dags/RFM_Analysis_Pipeline.py
[2025-06-05T21:07:03.978+0000] {processor.py:830} INFO - Processing file /opt/airflow/dags/RFM_Analysis_Pipeline.py for tasks to queue
[2025-06-05T21:07:03.979+0000] {logging_mixin.py:188} INFO - [2025-06-05T21:07:03.979+0000] {dagbag.py:538} INFO - Filling up the DagBag from /opt/airflow/dags/RFM_Analysis_Pipeline.py
[2025-06-05T21:07:04.498+0000] {processor.py:840} INFO - DAG(s) 'data_insertion_rfm' retrieved from /opt/airflow/dags/RFM_Analysis_Pipeline.py
[2025-06-05T21:07:04.528+0000] {logging_mixin.py:188} INFO - [2025-06-05T21:07:04.528+0000] {dag.py:3036} INFO - Sync 1 DAGs
[2025-06-05T21:07:04.553+0000] {logging_mixin.py:188} INFO - [2025-06-05T21:07:04.552+0000] {dag.py:3823} INFO - Setting next_dagrun for data_insertion_rfm to 2025-06-04 00:00:00+00:00, run_after=2025-06-05 00:00:00+00:00
[2025-06-05T21:07:04.577+0000] {processor.py:183} INFO - Processing /opt/airflow/dags/RFM_Analysis_Pipeline.py took 0.604 seconds
[2025-06-05T21:07:35.450+0000] {processor.py:161} INFO - Started process (PID=7611) to work on /opt/airflow/dags/RFM_Analysis_Pipeline.py
[2025-06-05T21:07:35.451+0000] {processor.py:830} INFO - Processing file /opt/airflow/dags/RFM_Analysis_Pipeline.py for tasks to queue
[2025-06-05T21:07:35.453+0000] {logging_mixin.py:188} INFO - [2025-06-05T21:07:35.452+0000] {dagbag.py:538} INFO - Filling up the DagBag from /opt/airflow/dags/RFM_Analysis_Pipeline.py
[2025-06-05T21:07:35.933+0000] {processor.py:840} INFO - DAG(s) 'data_insertion_rfm' retrieved from /opt/airflow/dags/RFM_Analysis_Pipeline.py
[2025-06-05T21:07:35.998+0000] {logging_mixin.py:188} INFO - [2025-06-05T21:07:35.996+0000] {dag.py:3036} INFO - Sync 1 DAGs
[2025-06-05T21:07:36.036+0000] {logging_mixin.py:188} INFO - [2025-06-05T21:07:36.036+0000] {dag.py:3823} INFO - Setting next_dagrun for data_insertion_rfm to 2025-06-04 00:00:00+00:00, run_after=2025-06-05 00:00:00+00:00
[2025-06-05T21:07:36.072+0000] {processor.py:183} INFO - Processing /opt/airflow/dags/RFM_Analysis_Pipeline.py took 0.625 seconds
[2025-06-05T21:08:06.312+0000] {processor.py:161} INFO - Started process (PID=7634) to work on /opt/airflow/dags/RFM_Analysis_Pipeline.py
[2025-06-05T21:08:06.313+0000] {processor.py:830} INFO - Processing file /opt/airflow/dags/RFM_Analysis_Pipeline.py for tasks to queue
[2025-06-05T21:08:06.316+0000] {logging_mixin.py:188} INFO - [2025-06-05T21:08:06.315+0000] {dagbag.py:538} INFO - Filling up the DagBag from /opt/airflow/dags/RFM_Analysis_Pipeline.py
[2025-06-05T21:08:06.762+0000] {processor.py:840} INFO - DAG(s) 'data_insertion_rfm' retrieved from /opt/airflow/dags/RFM_Analysis_Pipeline.py
[2025-06-05T21:08:06.796+0000] {logging_mixin.py:188} INFO - [2025-06-05T21:08:06.795+0000] {dag.py:3036} INFO - Sync 1 DAGs
[2025-06-05T21:08:06.817+0000] {logging_mixin.py:188} INFO - [2025-06-05T21:08:06.816+0000] {dag.py:3823} INFO - Setting next_dagrun for data_insertion_rfm to 2025-06-04 00:00:00+00:00, run_after=2025-06-05 00:00:00+00:00
[2025-06-05T21:08:06.847+0000] {processor.py:183} INFO - Processing /opt/airflow/dags/RFM_Analysis_Pipeline.py took 0.538 seconds
[2025-06-05T21:08:37.320+0000] {processor.py:161} INFO - Started process (PID=7657) to work on /opt/airflow/dags/RFM_Analysis_Pipeline.py
[2025-06-05T21:08:37.323+0000] {processor.py:830} INFO - Processing file /opt/airflow/dags/RFM_Analysis_Pipeline.py for tasks to queue
[2025-06-05T21:08:37.328+0000] {logging_mixin.py:188} INFO - [2025-06-05T21:08:37.327+0000] {dagbag.py:538} INFO - Filling up the DagBag from /opt/airflow/dags/RFM_Analysis_Pipeline.py
[2025-06-05T21:08:37.703+0000] {processor.py:840} INFO - DAG(s) 'data_insertion_rfm' retrieved from /opt/airflow/dags/RFM_Analysis_Pipeline.py
[2025-06-05T21:08:37.730+0000] {logging_mixin.py:188} INFO - [2025-06-05T21:08:37.730+0000] {dag.py:3036} INFO - Sync 1 DAGs
[2025-06-05T21:08:37.756+0000] {logging_mixin.py:188} INFO - [2025-06-05T21:08:37.756+0000] {dag.py:3823} INFO - Setting next_dagrun for data_insertion_rfm to 2025-06-04 00:00:00+00:00, run_after=2025-06-05 00:00:00+00:00
[2025-06-05T21:08:37.793+0000] {processor.py:183} INFO - Processing /opt/airflow/dags/RFM_Analysis_Pipeline.py took 0.481 seconds
[2025-06-05T21:09:07.973+0000] {processor.py:161} INFO - Started process (PID=7680) to work on /opt/airflow/dags/RFM_Analysis_Pipeline.py
[2025-06-05T21:09:07.975+0000] {processor.py:830} INFO - Processing file /opt/airflow/dags/RFM_Analysis_Pipeline.py for tasks to queue
[2025-06-05T21:09:07.978+0000] {logging_mixin.py:188} INFO - [2025-06-05T21:09:07.977+0000] {dagbag.py:538} INFO - Filling up the DagBag from /opt/airflow/dags/RFM_Analysis_Pipeline.py
[2025-06-05T21:09:08.379+0000] {processor.py:840} INFO - DAG(s) 'data_insertion_rfm' retrieved from /opt/airflow/dags/RFM_Analysis_Pipeline.py
[2025-06-05T21:09:08.425+0000] {logging_mixin.py:188} INFO - [2025-06-05T21:09:08.424+0000] {dag.py:3036} INFO - Sync 1 DAGs
[2025-06-05T21:09:08.460+0000] {logging_mixin.py:188} INFO - [2025-06-05T21:09:08.460+0000] {dag.py:3823} INFO - Setting next_dagrun for data_insertion_rfm to 2025-06-04 00:00:00+00:00, run_after=2025-06-05 00:00:00+00:00
[2025-06-05T21:09:08.497+0000] {processor.py:183} INFO - Processing /opt/airflow/dags/RFM_Analysis_Pipeline.py took 0.528 seconds
[2025-06-05T21:10:43.509+0000] {processor.py:161} INFO - Started process (PID=7703) to work on /opt/airflow/dags/RFM_Analysis_Pipeline.py
[2025-06-05T21:10:43.513+0000] {processor.py:830} INFO - Processing file /opt/airflow/dags/RFM_Analysis_Pipeline.py for tasks to queue
[2025-06-05T21:10:43.523+0000] {logging_mixin.py:188} INFO - [2025-06-05T21:10:43.522+0000] {dagbag.py:538} INFO - Filling up the DagBag from /opt/airflow/dags/RFM_Analysis_Pipeline.py
[2025-06-05T21:10:44.297+0000] {processor.py:840} INFO - DAG(s) 'data_insertion_rfm' retrieved from /opt/airflow/dags/RFM_Analysis_Pipeline.py
[2025-06-05T21:10:44.346+0000] {logging_mixin.py:188} INFO - [2025-06-05T21:10:44.345+0000] {dag.py:3036} INFO - Sync 1 DAGs
[2025-06-05T21:10:44.391+0000] {logging_mixin.py:188} INFO - [2025-06-05T21:10:44.390+0000] {dag.py:3823} INFO - Setting next_dagrun for data_insertion_rfm to 2025-06-04 00:00:00+00:00, run_after=2025-06-05 00:00:00+00:00
[2025-06-05T21:10:44.427+0000] {processor.py:183} INFO - Processing /opt/airflow/dags/RFM_Analysis_Pipeline.py took 0.930 seconds
[2025-06-05T21:11:14.703+0000] {processor.py:161} INFO - Started process (PID=7726) to work on /opt/airflow/dags/RFM_Analysis_Pipeline.py
[2025-06-05T21:11:14.707+0000] {processor.py:830} INFO - Processing file /opt/airflow/dags/RFM_Analysis_Pipeline.py for tasks to queue
[2025-06-05T21:11:14.712+0000] {logging_mixin.py:188} INFO - [2025-06-05T21:11:14.711+0000] {dagbag.py:538} INFO - Filling up the DagBag from /opt/airflow/dags/RFM_Analysis_Pipeline.py
[2025-06-05T21:11:15.061+0000] {processor.py:840} INFO - DAG(s) 'data_insertion_rfm' retrieved from /opt/airflow/dags/RFM_Analysis_Pipeline.py
[2025-06-05T21:11:15.106+0000] {logging_mixin.py:188} INFO - [2025-06-05T21:11:15.105+0000] {dag.py:3036} INFO - Sync 1 DAGs
[2025-06-05T21:11:15.147+0000] {logging_mixin.py:188} INFO - [2025-06-05T21:11:15.147+0000] {dag.py:3823} INFO - Setting next_dagrun for data_insertion_rfm to 2025-06-04 00:00:00+00:00, run_after=2025-06-05 00:00:00+00:00
[2025-06-05T21:11:15.189+0000] {processor.py:183} INFO - Processing /opt/airflow/dags/RFM_Analysis_Pipeline.py took 0.497 seconds
[2025-06-05T21:11:45.323+0000] {processor.py:161} INFO - Started process (PID=7749) to work on /opt/airflow/dags/RFM_Analysis_Pipeline.py
[2025-06-05T21:11:45.325+0000] {processor.py:830} INFO - Processing file /opt/airflow/dags/RFM_Analysis_Pipeline.py for tasks to queue
[2025-06-05T21:11:45.329+0000] {logging_mixin.py:188} INFO - [2025-06-05T21:11:45.328+0000] {dagbag.py:538} INFO - Filling up the DagBag from /opt/airflow/dags/RFM_Analysis_Pipeline.py
[2025-06-05T21:11:45.843+0000] {processor.py:840} INFO - DAG(s) 'data_insertion_rfm' retrieved from /opt/airflow/dags/RFM_Analysis_Pipeline.py
[2025-06-05T21:11:45.911+0000] {logging_mixin.py:188} INFO - [2025-06-05T21:11:45.910+0000] {dag.py:3036} INFO - Sync 1 DAGs
[2025-06-05T21:11:45.957+0000] {logging_mixin.py:188} INFO - [2025-06-05T21:11:45.956+0000] {dag.py:3823} INFO - Setting next_dagrun for data_insertion_rfm to 2025-06-04 00:00:00+00:00, run_after=2025-06-05 00:00:00+00:00
[2025-06-05T21:11:46.024+0000] {processor.py:183} INFO - Processing /opt/airflow/dags/RFM_Analysis_Pipeline.py took 0.705 seconds
[2025-06-05T21:12:16.463+0000] {processor.py:161} INFO - Started process (PID=7772) to work on /opt/airflow/dags/RFM_Analysis_Pipeline.py
[2025-06-05T21:12:16.467+0000] {processor.py:830} INFO - Processing file /opt/airflow/dags/RFM_Analysis_Pipeline.py for tasks to queue
[2025-06-05T21:12:16.470+0000] {logging_mixin.py:188} INFO - [2025-06-05T21:12:16.470+0000] {dagbag.py:538} INFO - Filling up the DagBag from /opt/airflow/dags/RFM_Analysis_Pipeline.py
[2025-06-05T21:12:16.946+0000] {processor.py:840} INFO - DAG(s) 'data_insertion_rfm' retrieved from /opt/airflow/dags/RFM_Analysis_Pipeline.py
[2025-06-05T21:12:16.976+0000] {logging_mixin.py:188} INFO - [2025-06-05T21:12:16.975+0000] {dag.py:3036} INFO - Sync 1 DAGs
[2025-06-05T21:12:17.008+0000] {logging_mixin.py:188} INFO - [2025-06-05T21:12:17.008+0000] {dag.py:3823} INFO - Setting next_dagrun for data_insertion_rfm to 2025-06-04 00:00:00+00:00, run_after=2025-06-05 00:00:00+00:00
[2025-06-05T21:12:17.057+0000] {processor.py:183} INFO - Processing /opt/airflow/dags/RFM_Analysis_Pipeline.py took 0.607 seconds
[2025-06-05T21:12:47.658+0000] {processor.py:161} INFO - Started process (PID=7795) to work on /opt/airflow/dags/RFM_Analysis_Pipeline.py
[2025-06-05T21:12:47.659+0000] {processor.py:830} INFO - Processing file /opt/airflow/dags/RFM_Analysis_Pipeline.py for tasks to queue
[2025-06-05T21:12:47.661+0000] {logging_mixin.py:188} INFO - [2025-06-05T21:12:47.661+0000] {dagbag.py:538} INFO - Filling up the DagBag from /opt/airflow/dags/RFM_Analysis_Pipeline.py
[2025-06-05T21:12:48.193+0000] {processor.py:840} INFO - DAG(s) 'data_insertion_rfm' retrieved from /opt/airflow/dags/RFM_Analysis_Pipeline.py
[2025-06-05T21:12:48.221+0000] {logging_mixin.py:188} INFO - [2025-06-05T21:12:48.219+0000] {dag.py:3036} INFO - Sync 1 DAGs
[2025-06-05T21:12:48.249+0000] {logging_mixin.py:188} INFO - [2025-06-05T21:12:48.249+0000] {dag.py:3823} INFO - Setting next_dagrun for data_insertion_rfm to 2025-06-04 00:00:00+00:00, run_after=2025-06-05 00:00:00+00:00
[2025-06-05T21:12:48.284+0000] {processor.py:183} INFO - Processing /opt/airflow/dags/RFM_Analysis_Pipeline.py took 0.631 seconds
[2025-06-05T21:13:19.241+0000] {processor.py:161} INFO - Started process (PID=7818) to work on /opt/airflow/dags/RFM_Analysis_Pipeline.py
[2025-06-05T21:13:19.247+0000] {processor.py:830} INFO - Processing file /opt/airflow/dags/RFM_Analysis_Pipeline.py for tasks to queue
[2025-06-05T21:13:19.258+0000] {logging_mixin.py:188} INFO - [2025-06-05T21:13:19.256+0000] {dagbag.py:538} INFO - Filling up the DagBag from /opt/airflow/dags/RFM_Analysis_Pipeline.py
[2025-06-05T21:13:19.630+0000] {processor.py:840} INFO - DAG(s) 'data_insertion_rfm' retrieved from /opt/airflow/dags/RFM_Analysis_Pipeline.py
[2025-06-05T21:13:19.664+0000] {logging_mixin.py:188} INFO - [2025-06-05T21:13:19.663+0000] {dag.py:3036} INFO - Sync 1 DAGs
[2025-06-05T21:13:19.698+0000] {logging_mixin.py:188} INFO - [2025-06-05T21:13:19.698+0000] {dag.py:3823} INFO - Setting next_dagrun for data_insertion_rfm to 2025-06-04 00:00:00+00:00, run_after=2025-06-05 00:00:00+00:00
[2025-06-05T21:13:19.736+0000] {processor.py:183} INFO - Processing /opt/airflow/dags/RFM_Analysis_Pipeline.py took 0.514 seconds
[2025-06-05T21:13:50.284+0000] {processor.py:161} INFO - Started process (PID=7841) to work on /opt/airflow/dags/RFM_Analysis_Pipeline.py
[2025-06-05T21:13:50.285+0000] {processor.py:830} INFO - Processing file /opt/airflow/dags/RFM_Analysis_Pipeline.py for tasks to queue
[2025-06-05T21:13:50.288+0000] {logging_mixin.py:188} INFO - [2025-06-05T21:13:50.287+0000] {dagbag.py:538} INFO - Filling up the DagBag from /opt/airflow/dags/RFM_Analysis_Pipeline.py
[2025-06-05T21:13:50.780+0000] {processor.py:840} INFO - DAG(s) 'data_insertion_rfm' retrieved from /opt/airflow/dags/RFM_Analysis_Pipeline.py
[2025-06-05T21:13:50.819+0000] {logging_mixin.py:188} INFO - [2025-06-05T21:13:50.818+0000] {dag.py:3036} INFO - Sync 1 DAGs
[2025-06-05T21:13:50.857+0000] {logging_mixin.py:188} INFO - [2025-06-05T21:13:50.857+0000] {dag.py:3823} INFO - Setting next_dagrun for data_insertion_rfm to 2025-06-04 00:00:00+00:00, run_after=2025-06-05 00:00:00+00:00
[2025-06-05T21:13:50.905+0000] {processor.py:183} INFO - Processing /opt/airflow/dags/RFM_Analysis_Pipeline.py took 0.625 seconds
[2025-06-05T21:14:21.838+0000] {processor.py:161} INFO - Started process (PID=7864) to work on /opt/airflow/dags/RFM_Analysis_Pipeline.py
[2025-06-05T21:14:21.842+0000] {processor.py:830} INFO - Processing file /opt/airflow/dags/RFM_Analysis_Pipeline.py for tasks to queue
[2025-06-05T21:14:21.845+0000] {logging_mixin.py:188} INFO - [2025-06-05T21:14:21.844+0000] {dagbag.py:538} INFO - Filling up the DagBag from /opt/airflow/dags/RFM_Analysis_Pipeline.py
[2025-06-05T21:14:22.247+0000] {processor.py:840} INFO - DAG(s) 'data_insertion_rfm' retrieved from /opt/airflow/dags/RFM_Analysis_Pipeline.py
[2025-06-05T21:14:22.292+0000] {logging_mixin.py:188} INFO - [2025-06-05T21:14:22.291+0000] {dag.py:3036} INFO - Sync 1 DAGs
[2025-06-05T21:14:22.333+0000] {logging_mixin.py:188} INFO - [2025-06-05T21:14:22.333+0000] {dag.py:3823} INFO - Setting next_dagrun for data_insertion_rfm to 2025-06-04 00:00:00+00:00, run_after=2025-06-05 00:00:00+00:00
[2025-06-05T21:14:22.417+0000] {processor.py:183} INFO - Processing /opt/airflow/dags/RFM_Analysis_Pipeline.py took 0.595 seconds
[2025-06-05T21:14:52.730+0000] {processor.py:161} INFO - Started process (PID=7887) to work on /opt/airflow/dags/RFM_Analysis_Pipeline.py
[2025-06-05T21:14:52.734+0000] {processor.py:830} INFO - Processing file /opt/airflow/dags/RFM_Analysis_Pipeline.py for tasks to queue
[2025-06-05T21:14:52.737+0000] {logging_mixin.py:188} INFO - [2025-06-05T21:14:52.736+0000] {dagbag.py:538} INFO - Filling up the DagBag from /opt/airflow/dags/RFM_Analysis_Pipeline.py
[2025-06-05T21:14:53.175+0000] {processor.py:840} INFO - DAG(s) 'data_insertion_rfm' retrieved from /opt/airflow/dags/RFM_Analysis_Pipeline.py
[2025-06-05T21:14:53.213+0000] {logging_mixin.py:188} INFO - [2025-06-05T21:14:53.212+0000] {dag.py:3036} INFO - Sync 1 DAGs
[2025-06-05T21:14:53.246+0000] {logging_mixin.py:188} INFO - [2025-06-05T21:14:53.246+0000] {dag.py:3823} INFO - Setting next_dagrun for data_insertion_rfm to 2025-06-04 00:00:00+00:00, run_after=2025-06-05 00:00:00+00:00
[2025-06-05T21:14:53.283+0000] {processor.py:183} INFO - Processing /opt/airflow/dags/RFM_Analysis_Pipeline.py took 0.566 seconds
[2025-06-05T21:15:23.470+0000] {processor.py:161} INFO - Started process (PID=7910) to work on /opt/airflow/dags/RFM_Analysis_Pipeline.py
[2025-06-05T21:15:23.473+0000] {processor.py:830} INFO - Processing file /opt/airflow/dags/RFM_Analysis_Pipeline.py for tasks to queue
[2025-06-05T21:15:23.476+0000] {logging_mixin.py:188} INFO - [2025-06-05T21:15:23.475+0000] {dagbag.py:538} INFO - Filling up the DagBag from /opt/airflow/dags/RFM_Analysis_Pipeline.py
[2025-06-05T21:15:23.855+0000] {processor.py:840} INFO - DAG(s) 'data_insertion_rfm' retrieved from /opt/airflow/dags/RFM_Analysis_Pipeline.py
[2025-06-05T21:15:23.899+0000] {logging_mixin.py:188} INFO - [2025-06-05T21:15:23.898+0000] {dag.py:3036} INFO - Sync 1 DAGs
[2025-06-05T21:15:23.932+0000] {logging_mixin.py:188} INFO - [2025-06-05T21:15:23.932+0000] {dag.py:3823} INFO - Setting next_dagrun for data_insertion_rfm to 2025-06-04 00:00:00+00:00, run_after=2025-06-05 00:00:00+00:00
[2025-06-05T21:15:23.984+0000] {processor.py:183} INFO - Processing /opt/airflow/dags/RFM_Analysis_Pipeline.py took 0.527 seconds
[2025-06-05T21:15:54.228+0000] {processor.py:161} INFO - Started process (PID=7933) to work on /opt/airflow/dags/RFM_Analysis_Pipeline.py
[2025-06-05T21:15:54.230+0000] {processor.py:830} INFO - Processing file /opt/airflow/dags/RFM_Analysis_Pipeline.py for tasks to queue
[2025-06-05T21:15:54.231+0000] {logging_mixin.py:188} INFO - [2025-06-05T21:15:54.231+0000] {dagbag.py:538} INFO - Filling up the DagBag from /opt/airflow/dags/RFM_Analysis_Pipeline.py
[2025-06-05T21:15:54.786+0000] {processor.py:840} INFO - DAG(s) 'data_insertion_rfm' retrieved from /opt/airflow/dags/RFM_Analysis_Pipeline.py
[2025-06-05T21:15:54.825+0000] {logging_mixin.py:188} INFO - [2025-06-05T21:15:54.824+0000] {dag.py:3036} INFO - Sync 1 DAGs
[2025-06-05T21:15:54.882+0000] {logging_mixin.py:188} INFO - [2025-06-05T21:15:54.881+0000] {dag.py:3823} INFO - Setting next_dagrun for data_insertion_rfm to 2025-06-04 00:00:00+00:00, run_after=2025-06-05 00:00:00+00:00
[2025-06-05T21:15:54.950+0000] {processor.py:183} INFO - Processing /opt/airflow/dags/RFM_Analysis_Pipeline.py took 0.730 seconds
[2025-06-05T21:16:25.848+0000] {processor.py:161} INFO - Started process (PID=7956) to work on /opt/airflow/dags/RFM_Analysis_Pipeline.py
[2025-06-05T21:16:25.856+0000] {processor.py:830} INFO - Processing file /opt/airflow/dags/RFM_Analysis_Pipeline.py for tasks to queue
[2025-06-05T21:16:25.862+0000] {logging_mixin.py:188} INFO - [2025-06-05T21:16:25.860+0000] {dagbag.py:538} INFO - Filling up the DagBag from /opt/airflow/dags/RFM_Analysis_Pipeline.py
[2025-06-05T21:16:26.315+0000] {processor.py:840} INFO - DAG(s) 'data_insertion_rfm' retrieved from /opt/airflow/dags/RFM_Analysis_Pipeline.py
[2025-06-05T21:16:26.361+0000] {logging_mixin.py:188} INFO - [2025-06-05T21:16:26.360+0000] {dag.py:3036} INFO - Sync 1 DAGs
[2025-06-05T21:16:26.401+0000] {logging_mixin.py:188} INFO - [2025-06-05T21:16:26.401+0000] {dag.py:3823} INFO - Setting next_dagrun for data_insertion_rfm to 2025-06-04 00:00:00+00:00, run_after=2025-06-05 00:00:00+00:00
[2025-06-05T21:16:26.440+0000] {processor.py:183} INFO - Processing /opt/airflow/dags/RFM_Analysis_Pipeline.py took 0.612 seconds
[2025-06-05T21:16:57.253+0000] {processor.py:161} INFO - Started process (PID=7980) to work on /opt/airflow/dags/RFM_Analysis_Pipeline.py
[2025-06-05T21:16:57.255+0000] {processor.py:830} INFO - Processing file /opt/airflow/dags/RFM_Analysis_Pipeline.py for tasks to queue
[2025-06-05T21:16:57.258+0000] {logging_mixin.py:188} INFO - [2025-06-05T21:16:57.257+0000] {dagbag.py:538} INFO - Filling up the DagBag from /opt/airflow/dags/RFM_Analysis_Pipeline.py
[2025-06-05T21:16:57.772+0000] {processor.py:840} INFO - DAG(s) 'data_insertion_rfm' retrieved from /opt/airflow/dags/RFM_Analysis_Pipeline.py
[2025-06-05T21:16:57.818+0000] {logging_mixin.py:188} INFO - [2025-06-05T21:16:57.817+0000] {dag.py:3036} INFO - Sync 1 DAGs
[2025-06-05T21:16:57.849+0000] {logging_mixin.py:188} INFO - [2025-06-05T21:16:57.849+0000] {dag.py:3823} INFO - Setting next_dagrun for data_insertion_rfm to 2025-06-04 00:00:00+00:00, run_after=2025-06-05 00:00:00+00:00
[2025-06-05T21:16:57.906+0000] {processor.py:183} INFO - Processing /opt/airflow/dags/RFM_Analysis_Pipeline.py took 0.658 seconds
[2025-06-05T21:17:28.333+0000] {processor.py:161} INFO - Started process (PID=8003) to work on /opt/airflow/dags/RFM_Analysis_Pipeline.py
[2025-06-05T21:17:28.336+0000] {processor.py:830} INFO - Processing file /opt/airflow/dags/RFM_Analysis_Pipeline.py for tasks to queue
[2025-06-05T21:17:28.339+0000] {logging_mixin.py:188} INFO - [2025-06-05T21:17:28.338+0000] {dagbag.py:538} INFO - Filling up the DagBag from /opt/airflow/dags/RFM_Analysis_Pipeline.py
[2025-06-05T21:17:28.824+0000] {processor.py:840} INFO - DAG(s) 'data_insertion_rfm' retrieved from /opt/airflow/dags/RFM_Analysis_Pipeline.py
[2025-06-05T21:17:28.864+0000] {logging_mixin.py:188} INFO - [2025-06-05T21:17:28.863+0000] {dag.py:3036} INFO - Sync 1 DAGs
[2025-06-05T21:17:28.899+0000] {logging_mixin.py:188} INFO - [2025-06-05T21:17:28.898+0000] {dag.py:3823} INFO - Setting next_dagrun for data_insertion_rfm to 2025-06-04 00:00:00+00:00, run_after=2025-06-05 00:00:00+00:00
[2025-06-05T21:17:28.931+0000] {processor.py:183} INFO - Processing /opt/airflow/dags/RFM_Analysis_Pipeline.py took 0.603 seconds
[2025-06-05T21:17:30.785+0000] {processor.py:161} INFO - Started process (PID=8016) to work on /opt/airflow/dags/RFM_Analysis_Pipeline.py
[2025-06-05T21:17:30.791+0000] {processor.py:830} INFO - Processing file /opt/airflow/dags/RFM_Analysis_Pipeline.py for tasks to queue
[2025-06-05T21:17:30.795+0000] {logging_mixin.py:188} INFO - [2025-06-05T21:17:30.794+0000] {dagbag.py:538} INFO - Filling up the DagBag from /opt/airflow/dags/RFM_Analysis_Pipeline.py
[2025-06-05T21:17:31.440+0000] {processor.py:840} INFO - DAG(s) 'data_insertion_rfm' retrieved from /opt/airflow/dags/RFM_Analysis_Pipeline.py
[2025-06-05T21:17:31.498+0000] {logging_mixin.py:188} INFO - [2025-06-05T21:17:31.497+0000] {dag.py:3036} INFO - Sync 1 DAGs
[2025-06-05T21:17:31.543+0000] {logging_mixin.py:188} INFO - [2025-06-05T21:17:31.543+0000] {dag.py:3823} INFO - Setting next_dagrun for data_insertion_rfm to 2025-06-04 00:00:00+00:00, run_after=2025-06-05 00:00:00+00:00
[2025-06-05T21:17:31.594+0000] {processor.py:183} INFO - Processing /opt/airflow/dags/RFM_Analysis_Pipeline.py took 0.815 seconds
[2025-06-05T21:18:01.793+0000] {processor.py:161} INFO - Started process (PID=8038) to work on /opt/airflow/dags/RFM_Analysis_Pipeline.py
[2025-06-05T21:18:01.796+0000] {processor.py:830} INFO - Processing file /opt/airflow/dags/RFM_Analysis_Pipeline.py for tasks to queue
[2025-06-05T21:18:01.798+0000] {logging_mixin.py:188} INFO - [2025-06-05T21:18:01.798+0000] {dagbag.py:538} INFO - Filling up the DagBag from /opt/airflow/dags/RFM_Analysis_Pipeline.py
[2025-06-05T21:18:02.154+0000] {processor.py:840} INFO - DAG(s) 'data_insertion_rfm' retrieved from /opt/airflow/dags/RFM_Analysis_Pipeline.py
[2025-06-05T21:18:02.212+0000] {logging_mixin.py:188} INFO - [2025-06-05T21:18:02.211+0000] {dag.py:3036} INFO - Sync 1 DAGs
[2025-06-05T21:18:02.265+0000] {logging_mixin.py:188} INFO - [2025-06-05T21:18:02.265+0000] {dag.py:3823} INFO - Setting next_dagrun for data_insertion_rfm to 2025-06-04 00:00:00+00:00, run_after=2025-06-05 00:00:00+00:00
[2025-06-05T21:18:02.338+0000] {processor.py:183} INFO - Processing /opt/airflow/dags/RFM_Analysis_Pipeline.py took 0.550 seconds
[2025-06-05T21:18:32.766+0000] {processor.py:161} INFO - Started process (PID=8060) to work on /opt/airflow/dags/RFM_Analysis_Pipeline.py
[2025-06-05T21:18:32.771+0000] {processor.py:830} INFO - Processing file /opt/airflow/dags/RFM_Analysis_Pipeline.py for tasks to queue
[2025-06-05T21:18:32.776+0000] {logging_mixin.py:188} INFO - [2025-06-05T21:18:32.774+0000] {dagbag.py:538} INFO - Filling up the DagBag from /opt/airflow/dags/RFM_Analysis_Pipeline.py
[2025-06-05T21:18:33.316+0000] {processor.py:840} INFO - DAG(s) 'data_insertion_rfm' retrieved from /opt/airflow/dags/RFM_Analysis_Pipeline.py
[2025-06-05T21:18:33.364+0000] {logging_mixin.py:188} INFO - [2025-06-05T21:18:33.364+0000] {dag.py:3036} INFO - Sync 1 DAGs
[2025-06-05T21:18:33.403+0000] {logging_mixin.py:188} INFO - [2025-06-05T21:18:33.403+0000] {dag.py:3823} INFO - Setting next_dagrun for data_insertion_rfm to 2025-06-04 00:00:00+00:00, run_after=2025-06-05 00:00:00+00:00
[2025-06-05T21:18:33.435+0000] {processor.py:183} INFO - Processing /opt/airflow/dags/RFM_Analysis_Pipeline.py took 0.678 seconds
[2025-06-05T21:19:04.395+0000] {processor.py:161} INFO - Started process (PID=8083) to work on /opt/airflow/dags/RFM_Analysis_Pipeline.py
[2025-06-05T21:19:04.400+0000] {processor.py:830} INFO - Processing file /opt/airflow/dags/RFM_Analysis_Pipeline.py for tasks to queue
[2025-06-05T21:19:04.404+0000] {logging_mixin.py:188} INFO - [2025-06-05T21:19:04.403+0000] {dagbag.py:538} INFO - Filling up the DagBag from /opt/airflow/dags/RFM_Analysis_Pipeline.py
[2025-06-05T21:19:04.783+0000] {processor.py:840} INFO - DAG(s) 'data_insertion_rfm' retrieved from /opt/airflow/dags/RFM_Analysis_Pipeline.py
[2025-06-05T21:19:04.848+0000] {logging_mixin.py:188} INFO - [2025-06-05T21:19:04.847+0000] {dag.py:3036} INFO - Sync 1 DAGs
[2025-06-05T21:19:04.932+0000] {logging_mixin.py:188} INFO - [2025-06-05T21:19:04.931+0000] {dag.py:3823} INFO - Setting next_dagrun for data_insertion_rfm to 2025-06-04 00:00:00+00:00, run_after=2025-06-05 00:00:00+00:00
[2025-06-05T21:19:04.971+0000] {processor.py:183} INFO - Processing /opt/airflow/dags/RFM_Analysis_Pipeline.py took 0.583 seconds
[2025-06-05T21:19:35.294+0000] {processor.py:161} INFO - Started process (PID=8105) to work on /opt/airflow/dags/RFM_Analysis_Pipeline.py
[2025-06-05T21:19:35.296+0000] {processor.py:830} INFO - Processing file /opt/airflow/dags/RFM_Analysis_Pipeline.py for tasks to queue
[2025-06-05T21:19:35.297+0000] {logging_mixin.py:188} INFO - [2025-06-05T21:19:35.297+0000] {dagbag.py:538} INFO - Filling up the DagBag from /opt/airflow/dags/RFM_Analysis_Pipeline.py
[2025-06-05T21:19:35.975+0000] {processor.py:840} INFO - DAG(s) 'data_insertion_rfm' retrieved from /opt/airflow/dags/RFM_Analysis_Pipeline.py
[2025-06-05T21:19:36.041+0000] {logging_mixin.py:188} INFO - [2025-06-05T21:19:36.040+0000] {dag.py:3036} INFO - Sync 1 DAGs
[2025-06-05T21:19:36.111+0000] {logging_mixin.py:188} INFO - [2025-06-05T21:19:36.110+0000] {dag.py:3823} INFO - Setting next_dagrun for data_insertion_rfm to 2025-06-04 00:00:00+00:00, run_after=2025-06-05 00:00:00+00:00
[2025-06-05T21:19:36.160+0000] {processor.py:183} INFO - Processing /opt/airflow/dags/RFM_Analysis_Pipeline.py took 0.871 seconds
[2025-06-05T21:20:06.475+0000] {processor.py:161} INFO - Started process (PID=8130) to work on /opt/airflow/dags/RFM_Analysis_Pipeline.py
[2025-06-05T21:20:06.477+0000] {processor.py:830} INFO - Processing file /opt/airflow/dags/RFM_Analysis_Pipeline.py for tasks to queue
[2025-06-05T21:20:06.480+0000] {logging_mixin.py:188} INFO - [2025-06-05T21:20:06.479+0000] {dagbag.py:538} INFO - Filling up the DagBag from /opt/airflow/dags/RFM_Analysis_Pipeline.py
[2025-06-05T21:20:06.961+0000] {processor.py:840} INFO - DAG(s) 'data_insertion_rfm' retrieved from /opt/airflow/dags/RFM_Analysis_Pipeline.py
[2025-06-05T21:20:07.029+0000] {logging_mixin.py:188} INFO - [2025-06-05T21:20:07.028+0000] {dag.py:3036} INFO - Sync 1 DAGs
[2025-06-05T21:20:07.072+0000] {logging_mixin.py:188} INFO - [2025-06-05T21:20:07.072+0000] {dag.py:3823} INFO - Setting next_dagrun for data_insertion_rfm to 2025-06-04 00:00:00+00:00, run_after=2025-06-05 00:00:00+00:00
[2025-06-05T21:20:07.108+0000] {processor.py:183} INFO - Processing /opt/airflow/dags/RFM_Analysis_Pipeline.py took 0.637 seconds
[2025-06-05T21:20:38.229+0000] {processor.py:161} INFO - Started process (PID=8159) to work on /opt/airflow/dags/RFM_Analysis_Pipeline.py
[2025-06-05T21:20:38.233+0000] {processor.py:830} INFO - Processing file /opt/airflow/dags/RFM_Analysis_Pipeline.py for tasks to queue
[2025-06-05T21:20:38.236+0000] {logging_mixin.py:188} INFO - [2025-06-05T21:20:38.236+0000] {dagbag.py:538} INFO - Filling up the DagBag from /opt/airflow/dags/RFM_Analysis_Pipeline.py
[2025-06-05T21:20:38.754+0000] {processor.py:840} INFO - DAG(s) 'data_insertion_rfm' retrieved from /opt/airflow/dags/RFM_Analysis_Pipeline.py
[2025-06-05T21:20:38.820+0000] {logging_mixin.py:188} INFO - [2025-06-05T21:20:38.819+0000] {dag.py:3036} INFO - Sync 1 DAGs
[2025-06-05T21:20:38.843+0000] {logging_mixin.py:188} INFO - [2025-06-05T21:20:38.842+0000] {dag.py:3823} INFO - Setting next_dagrun for data_insertion_rfm to 2025-06-04 00:00:00+00:00, run_after=2025-06-05 00:00:00+00:00
[2025-06-05T21:20:38.866+0000] {processor.py:183} INFO - Processing /opt/airflow/dags/RFM_Analysis_Pipeline.py took 0.643 seconds
[2025-06-05T21:21:09.065+0000] {processor.py:161} INFO - Started process (PID=8179) to work on /opt/airflow/dags/RFM_Analysis_Pipeline.py
[2025-06-05T21:21:09.069+0000] {processor.py:830} INFO - Processing file /opt/airflow/dags/RFM_Analysis_Pipeline.py for tasks to queue
[2025-06-05T21:21:09.072+0000] {logging_mixin.py:188} INFO - [2025-06-05T21:21:09.072+0000] {dagbag.py:538} INFO - Filling up the DagBag from /opt/airflow/dags/RFM_Analysis_Pipeline.py
[2025-06-05T21:21:09.451+0000] {processor.py:840} INFO - DAG(s) 'data_insertion_rfm' retrieved from /opt/airflow/dags/RFM_Analysis_Pipeline.py
[2025-06-05T21:21:09.523+0000] {logging_mixin.py:188} INFO - [2025-06-05T21:21:09.522+0000] {dag.py:3036} INFO - Sync 1 DAGs
[2025-06-05T21:21:09.571+0000] {logging_mixin.py:188} INFO - [2025-06-05T21:21:09.571+0000] {dag.py:3823} INFO - Setting next_dagrun for data_insertion_rfm to 2025-06-04 00:00:00+00:00, run_after=2025-06-05 00:00:00+00:00
[2025-06-05T21:21:09.617+0000] {processor.py:183} INFO - Processing /opt/airflow/dags/RFM_Analysis_Pipeline.py took 0.560 seconds
[2025-06-05T21:21:39.866+0000] {processor.py:161} INFO - Started process (PID=8201) to work on /opt/airflow/dags/RFM_Analysis_Pipeline.py
[2025-06-05T21:21:39.869+0000] {processor.py:830} INFO - Processing file /opt/airflow/dags/RFM_Analysis_Pipeline.py for tasks to queue
[2025-06-05T21:21:39.874+0000] {logging_mixin.py:188} INFO - [2025-06-05T21:21:39.873+0000] {dagbag.py:538} INFO - Filling up the DagBag from /opt/airflow/dags/RFM_Analysis_Pipeline.py
[2025-06-05T21:21:40.221+0000] {processor.py:840} INFO - DAG(s) 'data_insertion_rfm' retrieved from /opt/airflow/dags/RFM_Analysis_Pipeline.py
[2025-06-05T21:21:40.283+0000] {logging_mixin.py:188} INFO - [2025-06-05T21:21:40.282+0000] {dag.py:3036} INFO - Sync 1 DAGs
[2025-06-05T21:21:40.324+0000] {logging_mixin.py:188} INFO - [2025-06-05T21:21:40.322+0000] {dag.py:3823} INFO - Setting next_dagrun for data_insertion_rfm to 2025-06-04 00:00:00+00:00, run_after=2025-06-05 00:00:00+00:00
[2025-06-05T21:21:40.391+0000] {processor.py:183} INFO - Processing /opt/airflow/dags/RFM_Analysis_Pipeline.py took 0.532 seconds
[2025-06-05T21:22:11.061+0000] {processor.py:161} INFO - Started process (PID=8224) to work on /opt/airflow/dags/RFM_Analysis_Pipeline.py
[2025-06-05T21:22:11.068+0000] {processor.py:830} INFO - Processing file /opt/airflow/dags/RFM_Analysis_Pipeline.py for tasks to queue
[2025-06-05T21:22:11.080+0000] {logging_mixin.py:188} INFO - [2025-06-05T21:22:11.079+0000] {dagbag.py:538} INFO - Filling up the DagBag from /opt/airflow/dags/RFM_Analysis_Pipeline.py
[2025-06-05T21:22:11.472+0000] {processor.py:840} INFO - DAG(s) 'data_insertion_rfm' retrieved from /opt/airflow/dags/RFM_Analysis_Pipeline.py
[2025-06-05T21:22:11.517+0000] {logging_mixin.py:188} INFO - [2025-06-05T21:22:11.516+0000] {dag.py:3036} INFO - Sync 1 DAGs
[2025-06-05T21:22:11.546+0000] {logging_mixin.py:188} INFO - [2025-06-05T21:22:11.546+0000] {dag.py:3823} INFO - Setting next_dagrun for data_insertion_rfm to 2025-06-04 00:00:00+00:00, run_after=2025-06-05 00:00:00+00:00
[2025-06-05T21:22:11.591+0000] {processor.py:183} INFO - Processing /opt/airflow/dags/RFM_Analysis_Pipeline.py took 0.544 seconds
[2025-06-05T21:22:42.161+0000] {processor.py:161} INFO - Started process (PID=8247) to work on /opt/airflow/dags/RFM_Analysis_Pipeline.py
[2025-06-05T21:22:42.163+0000] {processor.py:830} INFO - Processing file /opt/airflow/dags/RFM_Analysis_Pipeline.py for tasks to queue
[2025-06-05T21:22:42.165+0000] {logging_mixin.py:188} INFO - [2025-06-05T21:22:42.165+0000] {dagbag.py:538} INFO - Filling up the DagBag from /opt/airflow/dags/RFM_Analysis_Pipeline.py
[2025-06-05T21:22:42.562+0000] {processor.py:840} INFO - DAG(s) 'data_insertion_rfm' retrieved from /opt/airflow/dags/RFM_Analysis_Pipeline.py
[2025-06-05T21:22:42.605+0000] {logging_mixin.py:188} INFO - [2025-06-05T21:22:42.604+0000] {dag.py:3036} INFO - Sync 1 DAGs
[2025-06-05T21:22:42.639+0000] {logging_mixin.py:188} INFO - [2025-06-05T21:22:42.638+0000] {dag.py:3823} INFO - Setting next_dagrun for data_insertion_rfm to 2025-06-04 00:00:00+00:00, run_after=2025-06-05 00:00:00+00:00
[2025-06-05T21:22:42.671+0000] {processor.py:183} INFO - Processing /opt/airflow/dags/RFM_Analysis_Pipeline.py took 0.517 seconds
[2025-06-05T21:23:13.294+0000] {processor.py:161} INFO - Started process (PID=8270) to work on /opt/airflow/dags/RFM_Analysis_Pipeline.py
[2025-06-05T21:23:13.295+0000] {processor.py:830} INFO - Processing file /opt/airflow/dags/RFM_Analysis_Pipeline.py for tasks to queue
[2025-06-05T21:23:13.297+0000] {logging_mixin.py:188} INFO - [2025-06-05T21:23:13.296+0000] {dagbag.py:538} INFO - Filling up the DagBag from /opt/airflow/dags/RFM_Analysis_Pipeline.py
[2025-06-05T21:23:13.749+0000] {processor.py:840} INFO - DAG(s) 'data_insertion_rfm' retrieved from /opt/airflow/dags/RFM_Analysis_Pipeline.py
[2025-06-05T21:23:13.824+0000] {logging_mixin.py:188} INFO - [2025-06-05T21:23:13.823+0000] {dag.py:3036} INFO - Sync 1 DAGs
[2025-06-05T21:23:13.868+0000] {logging_mixin.py:188} INFO - [2025-06-05T21:23:13.868+0000] {dag.py:3823} INFO - Setting next_dagrun for data_insertion_rfm to 2025-06-04 00:00:00+00:00, run_after=2025-06-05 00:00:00+00:00
[2025-06-05T21:23:13.925+0000] {processor.py:183} INFO - Processing /opt/airflow/dags/RFM_Analysis_Pipeline.py took 0.635 seconds
[2025-06-05T21:23:44.276+0000] {processor.py:161} INFO - Started process (PID=8293) to work on /opt/airflow/dags/RFM_Analysis_Pipeline.py
[2025-06-05T21:23:44.279+0000] {processor.py:830} INFO - Processing file /opt/airflow/dags/RFM_Analysis_Pipeline.py for tasks to queue
[2025-06-05T21:23:44.285+0000] {logging_mixin.py:188} INFO - [2025-06-05T21:23:44.284+0000] {dagbag.py:538} INFO - Filling up the DagBag from /opt/airflow/dags/RFM_Analysis_Pipeline.py
[2025-06-05T21:23:44.729+0000] {processor.py:840} INFO - DAG(s) 'data_insertion_rfm' retrieved from /opt/airflow/dags/RFM_Analysis_Pipeline.py
[2025-06-05T21:23:44.767+0000] {logging_mixin.py:188} INFO - [2025-06-05T21:23:44.765+0000] {dag.py:3036} INFO - Sync 1 DAGs
[2025-06-05T21:23:44.802+0000] {logging_mixin.py:188} INFO - [2025-06-05T21:23:44.802+0000] {dag.py:3823} INFO - Setting next_dagrun for data_insertion_rfm to 2025-06-04 00:00:00+00:00, run_after=2025-06-05 00:00:00+00:00
[2025-06-05T21:23:44.838+0000] {processor.py:183} INFO - Processing /opt/airflow/dags/RFM_Analysis_Pipeline.py took 0.569 seconds
[2025-06-05T21:24:15.048+0000] {processor.py:161} INFO - Started process (PID=8317) to work on /opt/airflow/dags/RFM_Analysis_Pipeline.py
[2025-06-05T21:24:15.053+0000] {processor.py:830} INFO - Processing file /opt/airflow/dags/RFM_Analysis_Pipeline.py for tasks to queue
[2025-06-05T21:24:15.058+0000] {logging_mixin.py:188} INFO - [2025-06-05T21:24:15.057+0000] {dagbag.py:538} INFO - Filling up the DagBag from /opt/airflow/dags/RFM_Analysis_Pipeline.py
[2025-06-05T21:24:15.515+0000] {processor.py:840} INFO - DAG(s) 'data_insertion_rfm' retrieved from /opt/airflow/dags/RFM_Analysis_Pipeline.py
[2025-06-05T21:24:15.550+0000] {logging_mixin.py:188} INFO - [2025-06-05T21:24:15.549+0000] {dag.py:3036} INFO - Sync 1 DAGs
[2025-06-05T21:24:15.582+0000] {logging_mixin.py:188} INFO - [2025-06-05T21:24:15.582+0000] {dag.py:3823} INFO - Setting next_dagrun for data_insertion_rfm to 2025-06-04 00:00:00+00:00, run_after=2025-06-05 00:00:00+00:00
[2025-06-05T21:24:15.623+0000] {processor.py:183} INFO - Processing /opt/airflow/dags/RFM_Analysis_Pipeline.py took 0.585 seconds
[2025-06-05T21:24:45.717+0000] {processor.py:161} INFO - Started process (PID=8339) to work on /opt/airflow/dags/RFM_Analysis_Pipeline.py
[2025-06-05T21:24:45.719+0000] {processor.py:830} INFO - Processing file /opt/airflow/dags/RFM_Analysis_Pipeline.py for tasks to queue
[2025-06-05T21:24:45.720+0000] {logging_mixin.py:188} INFO - [2025-06-05T21:24:45.719+0000] {dagbag.py:538} INFO - Filling up the DagBag from /opt/airflow/dags/RFM_Analysis_Pipeline.py
[2025-06-05T21:24:46.156+0000] {processor.py:840} INFO - DAG(s) 'data_insertion_rfm' retrieved from /opt/airflow/dags/RFM_Analysis_Pipeline.py
[2025-06-05T21:24:46.188+0000] {logging_mixin.py:188} INFO - [2025-06-05T21:24:46.187+0000] {dag.py:3036} INFO - Sync 1 DAGs
[2025-06-05T21:24:46.221+0000] {logging_mixin.py:188} INFO - [2025-06-05T21:24:46.221+0000] {dag.py:3823} INFO - Setting next_dagrun for data_insertion_rfm to 2025-06-04 00:00:00+00:00, run_after=2025-06-05 00:00:00+00:00
[2025-06-05T21:24:46.275+0000] {processor.py:183} INFO - Processing /opt/airflow/dags/RFM_Analysis_Pipeline.py took 0.562 seconds
[2025-06-05T21:25:16.580+0000] {processor.py:161} INFO - Started process (PID=8362) to work on /opt/airflow/dags/RFM_Analysis_Pipeline.py
[2025-06-05T21:25:16.582+0000] {processor.py:830} INFO - Processing file /opt/airflow/dags/RFM_Analysis_Pipeline.py for tasks to queue
[2025-06-05T21:25:16.583+0000] {logging_mixin.py:188} INFO - [2025-06-05T21:25:16.582+0000] {dagbag.py:538} INFO - Filling up the DagBag from /opt/airflow/dags/RFM_Analysis_Pipeline.py
[2025-06-05T21:25:17.188+0000] {processor.py:840} INFO - DAG(s) 'data_insertion_rfm' retrieved from /opt/airflow/dags/RFM_Analysis_Pipeline.py
[2025-06-05T21:25:17.228+0000] {logging_mixin.py:188} INFO - [2025-06-05T21:25:17.227+0000] {dag.py:3036} INFO - Sync 1 DAGs
[2025-06-05T21:25:17.260+0000] {logging_mixin.py:188} INFO - [2025-06-05T21:25:17.260+0000] {dag.py:3823} INFO - Setting next_dagrun for data_insertion_rfm to 2025-06-04 00:00:00+00:00, run_after=2025-06-05 00:00:00+00:00
[2025-06-05T21:25:17.296+0000] {processor.py:183} INFO - Processing /opt/airflow/dags/RFM_Analysis_Pipeline.py took 0.720 seconds
[2025-06-05T21:25:47.707+0000] {processor.py:161} INFO - Started process (PID=8386) to work on /opt/airflow/dags/RFM_Analysis_Pipeline.py
[2025-06-05T21:25:47.712+0000] {processor.py:830} INFO - Processing file /opt/airflow/dags/RFM_Analysis_Pipeline.py for tasks to queue
[2025-06-05T21:25:47.716+0000] {logging_mixin.py:188} INFO - [2025-06-05T21:25:47.715+0000] {dagbag.py:538} INFO - Filling up the DagBag from /opt/airflow/dags/RFM_Analysis_Pipeline.py
[2025-06-05T21:25:48.116+0000] {processor.py:840} INFO - DAG(s) 'data_insertion_rfm' retrieved from /opt/airflow/dags/RFM_Analysis_Pipeline.py
[2025-06-05T21:25:48.153+0000] {logging_mixin.py:188} INFO - [2025-06-05T21:25:48.152+0000] {dag.py:3036} INFO - Sync 1 DAGs
[2025-06-05T21:25:48.186+0000] {logging_mixin.py:188} INFO - [2025-06-05T21:25:48.185+0000] {dag.py:3823} INFO - Setting next_dagrun for data_insertion_rfm to 2025-06-04 00:00:00+00:00, run_after=2025-06-05 00:00:00+00:00
[2025-06-05T21:25:48.217+0000] {processor.py:183} INFO - Processing /opt/airflow/dags/RFM_Analysis_Pipeline.py took 0.521 seconds
[2025-06-05T21:26:18.715+0000] {processor.py:161} INFO - Started process (PID=8410) to work on /opt/airflow/dags/RFM_Analysis_Pipeline.py
[2025-06-05T21:26:18.720+0000] {processor.py:830} INFO - Processing file /opt/airflow/dags/RFM_Analysis_Pipeline.py for tasks to queue
[2025-06-05T21:26:18.723+0000] {logging_mixin.py:188} INFO - [2025-06-05T21:26:18.722+0000] {dagbag.py:538} INFO - Filling up the DagBag from /opt/airflow/dags/RFM_Analysis_Pipeline.py
[2025-06-05T21:26:19.277+0000] {processor.py:840} INFO - DAG(s) 'data_insertion_rfm' retrieved from /opt/airflow/dags/RFM_Analysis_Pipeline.py
[2025-06-05T21:26:19.336+0000] {logging_mixin.py:188} INFO - [2025-06-05T21:26:19.335+0000] {dag.py:3036} INFO - Sync 1 DAGs
[2025-06-05T21:26:19.388+0000] {logging_mixin.py:188} INFO - [2025-06-05T21:26:19.387+0000] {dag.py:3823} INFO - Setting next_dagrun for data_insertion_rfm to 2025-06-04 00:00:00+00:00, run_after=2025-06-05 00:00:00+00:00
[2025-06-05T21:26:19.453+0000] {processor.py:183} INFO - Processing /opt/airflow/dags/RFM_Analysis_Pipeline.py took 0.744 seconds
[2025-06-05T21:26:49.847+0000] {processor.py:161} INFO - Started process (PID=8433) to work on /opt/airflow/dags/RFM_Analysis_Pipeline.py
[2025-06-05T21:26:49.851+0000] {processor.py:830} INFO - Processing file /opt/airflow/dags/RFM_Analysis_Pipeline.py for tasks to queue
[2025-06-05T21:26:49.856+0000] {logging_mixin.py:188} INFO - [2025-06-05T21:26:49.855+0000] {dagbag.py:538} INFO - Filling up the DagBag from /opt/airflow/dags/RFM_Analysis_Pipeline.py
[2025-06-05T21:26:50.324+0000] {processor.py:840} INFO - DAG(s) 'data_insertion_rfm' retrieved from /opt/airflow/dags/RFM_Analysis_Pipeline.py
[2025-06-05T21:26:50.351+0000] {logging_mixin.py:188} INFO - [2025-06-05T21:26:50.351+0000] {dag.py:3036} INFO - Sync 1 DAGs
[2025-06-05T21:26:50.377+0000] {logging_mixin.py:188} INFO - [2025-06-05T21:26:50.376+0000] {dag.py:3823} INFO - Setting next_dagrun for data_insertion_rfm to 2025-06-04 00:00:00+00:00, run_after=2025-06-05 00:00:00+00:00
[2025-06-05T21:26:50.402+0000] {processor.py:183} INFO - Processing /opt/airflow/dags/RFM_Analysis_Pipeline.py took 0.570 seconds
[2025-06-05T21:27:20.506+0000] {processor.py:161} INFO - Started process (PID=8455) to work on /opt/airflow/dags/RFM_Analysis_Pipeline.py
[2025-06-05T21:27:20.508+0000] {processor.py:830} INFO - Processing file /opt/airflow/dags/RFM_Analysis_Pipeline.py for tasks to queue
[2025-06-05T21:27:20.511+0000] {logging_mixin.py:188} INFO - [2025-06-05T21:27:20.510+0000] {dagbag.py:538} INFO - Filling up the DagBag from /opt/airflow/dags/RFM_Analysis_Pipeline.py
[2025-06-05T21:27:21.020+0000] {processor.py:840} INFO - DAG(s) 'data_insertion_rfm' retrieved from /opt/airflow/dags/RFM_Analysis_Pipeline.py
[2025-06-05T21:27:21.059+0000] {logging_mixin.py:188} INFO - [2025-06-05T21:27:21.059+0000] {dag.py:3036} INFO - Sync 1 DAGs
[2025-06-05T21:27:21.096+0000] {logging_mixin.py:188} INFO - [2025-06-05T21:27:21.095+0000] {dag.py:3823} INFO - Setting next_dagrun for data_insertion_rfm to 2025-06-04 00:00:00+00:00, run_after=2025-06-05 00:00:00+00:00
[2025-06-05T21:27:21.135+0000] {processor.py:183} INFO - Processing /opt/airflow/dags/RFM_Analysis_Pipeline.py took 0.635 seconds
[2025-06-05T21:27:51.945+0000] {processor.py:161} INFO - Started process (PID=8478) to work on /opt/airflow/dags/RFM_Analysis_Pipeline.py
[2025-06-05T21:27:51.947+0000] {processor.py:830} INFO - Processing file /opt/airflow/dags/RFM_Analysis_Pipeline.py for tasks to queue
[2025-06-05T21:27:51.950+0000] {logging_mixin.py:188} INFO - [2025-06-05T21:27:51.949+0000] {dagbag.py:538} INFO - Filling up the DagBag from /opt/airflow/dags/RFM_Analysis_Pipeline.py
[2025-06-05T21:27:52.389+0000] {processor.py:840} INFO - DAG(s) 'data_insertion_rfm' retrieved from /opt/airflow/dags/RFM_Analysis_Pipeline.py
[2025-06-05T21:27:52.424+0000] {logging_mixin.py:188} INFO - [2025-06-05T21:27:52.423+0000] {dag.py:3036} INFO - Sync 1 DAGs
[2025-06-05T21:27:52.446+0000] {logging_mixin.py:188} INFO - [2025-06-05T21:27:52.445+0000] {dag.py:3823} INFO - Setting next_dagrun for data_insertion_rfm to 2025-06-04 00:00:00+00:00, run_after=2025-06-05 00:00:00+00:00
[2025-06-05T21:27:52.489+0000] {processor.py:183} INFO - Processing /opt/airflow/dags/RFM_Analysis_Pipeline.py took 0.549 seconds
[2025-06-05T21:48:17.456+0000] {processor.py:161} INFO - Started process (PID=8492) to work on /opt/airflow/dags/RFM_Analysis_Pipeline.py
[2025-06-05T21:48:17.469+0000] {processor.py:830} INFO - Processing file /opt/airflow/dags/RFM_Analysis_Pipeline.py for tasks to queue
[2025-06-05T21:48:17.471+0000] {logging_mixin.py:188} INFO - [2025-06-05T21:48:17.470+0000] {dagbag.py:538} INFO - Filling up the DagBag from /opt/airflow/dags/RFM_Analysis_Pipeline.py
[2025-06-05T21:48:28.401+0000] {processor.py:840} INFO - DAG(s) 'data_insertion_rfm' retrieved from /opt/airflow/dags/RFM_Analysis_Pipeline.py
[2025-06-05T21:48:29.346+0000] {logging_mixin.py:188} INFO - [2025-06-05T21:48:29.345+0000] {dag.py:3036} INFO - Sync 1 DAGs
[2025-06-05T21:48:29.582+0000] {logging_mixin.py:188} INFO - [2025-06-05T21:48:29.577+0000] {dag.py:3823} INFO - Setting next_dagrun for data_insertion_rfm to 2025-06-04 00:00:00+00:00, run_after=2025-06-05 00:00:00+00:00
[2025-06-05T21:48:29.725+0000] {processor.py:183} INFO - Processing /opt/airflow/dags/RFM_Analysis_Pipeline.py took 3.077 seconds
[2025-06-05T21:48:59.975+0000] {processor.py:161} INFO - Started process (PID=8516) to work on /opt/airflow/dags/RFM_Analysis_Pipeline.py
[2025-06-05T21:48:59.981+0000] {processor.py:830} INFO - Processing file /opt/airflow/dags/RFM_Analysis_Pipeline.py for tasks to queue
[2025-06-05T21:48:59.987+0000] {logging_mixin.py:188} INFO - [2025-06-05T21:48:59.985+0000] {dagbag.py:538} INFO - Filling up the DagBag from /opt/airflow/dags/RFM_Analysis_Pipeline.py
[2025-06-05T21:49:01.058+0000] {processor.py:840} INFO - DAG(s) 'data_insertion_rfm' retrieved from /opt/airflow/dags/RFM_Analysis_Pipeline.py
[2025-06-05T21:49:01.149+0000] {logging_mixin.py:188} INFO - [2025-06-05T21:49:01.148+0000] {dag.py:3036} INFO - Sync 1 DAGs
[2025-06-05T21:49:01.191+0000] {logging_mixin.py:188} INFO - [2025-06-05T21:49:01.191+0000] {dag.py:3823} INFO - Setting next_dagrun for data_insertion_rfm to 2025-06-04 00:00:00+00:00, run_after=2025-06-05 00:00:00+00:00
[2025-06-05T21:49:01.273+0000] {processor.py:183} INFO - Processing /opt/airflow/dags/RFM_Analysis_Pipeline.py took 1.315 seconds
[2025-06-05T21:49:32.113+0000] {processor.py:161} INFO - Started process (PID=8539) to work on /opt/airflow/dags/RFM_Analysis_Pipeline.py
[2025-06-05T21:49:32.118+0000] {processor.py:830} INFO - Processing file /opt/airflow/dags/RFM_Analysis_Pipeline.py for tasks to queue
[2025-06-05T21:49:32.121+0000] {logging_mixin.py:188} INFO - [2025-06-05T21:49:32.120+0000] {dagbag.py:538} INFO - Filling up the DagBag from /opt/airflow/dags/RFM_Analysis_Pipeline.py
[2025-06-05T21:49:32.897+0000] {processor.py:840} INFO - DAG(s) 'data_insertion_rfm' retrieved from /opt/airflow/dags/RFM_Analysis_Pipeline.py
[2025-06-05T21:49:32.970+0000] {logging_mixin.py:188} INFO - [2025-06-05T21:49:32.968+0000] {dag.py:3036} INFO - Sync 1 DAGs
[2025-06-05T21:49:33.077+0000] {logging_mixin.py:188} INFO - [2025-06-05T21:49:33.076+0000] {dag.py:3823} INFO - Setting next_dagrun for data_insertion_rfm to 2025-06-04 00:00:00+00:00, run_after=2025-06-05 00:00:00+00:00
[2025-06-05T21:49:33.190+0000] {processor.py:183} INFO - Processing /opt/airflow/dags/RFM_Analysis_Pipeline.py took 1.087 seconds
[2025-06-05T21:50:04.163+0000] {processor.py:161} INFO - Started process (PID=8562) to work on /opt/airflow/dags/RFM_Analysis_Pipeline.py
[2025-06-05T21:50:04.167+0000] {processor.py:830} INFO - Processing file /opt/airflow/dags/RFM_Analysis_Pipeline.py for tasks to queue
[2025-06-05T21:50:04.172+0000] {logging_mixin.py:188} INFO - [2025-06-05T21:50:04.171+0000] {dagbag.py:538} INFO - Filling up the DagBag from /opt/airflow/dags/RFM_Analysis_Pipeline.py
[2025-06-05T21:50:04.989+0000] {processor.py:840} INFO - DAG(s) 'data_insertion_rfm' retrieved from /opt/airflow/dags/RFM_Analysis_Pipeline.py
[2025-06-05T21:50:05.067+0000] {logging_mixin.py:188} INFO - [2025-06-05T21:50:05.067+0000] {dag.py:3036} INFO - Sync 1 DAGs
[2025-06-05T21:50:05.112+0000] {logging_mixin.py:188} INFO - [2025-06-05T21:50:05.111+0000] {dag.py:3823} INFO - Setting next_dagrun for data_insertion_rfm to 2025-06-04 00:00:00+00:00, run_after=2025-06-05 00:00:00+00:00
[2025-06-05T21:50:05.174+0000] {processor.py:183} INFO - Processing /opt/airflow/dags/RFM_Analysis_Pipeline.py took 1.023 seconds
[2025-06-05T21:50:35.988+0000] {processor.py:161} INFO - Started process (PID=8585) to work on /opt/airflow/dags/RFM_Analysis_Pipeline.py
[2025-06-05T21:50:35.992+0000] {processor.py:830} INFO - Processing file /opt/airflow/dags/RFM_Analysis_Pipeline.py for tasks to queue
[2025-06-05T21:50:35.995+0000] {logging_mixin.py:188} INFO - [2025-06-05T21:50:35.994+0000] {dagbag.py:538} INFO - Filling up the DagBag from /opt/airflow/dags/RFM_Analysis_Pipeline.py
[2025-06-05T21:50:36.807+0000] {processor.py:840} INFO - DAG(s) 'data_insertion_rfm' retrieved from /opt/airflow/dags/RFM_Analysis_Pipeline.py
[2025-06-05T21:50:36.846+0000] {logging_mixin.py:188} INFO - [2025-06-05T21:50:36.846+0000] {dag.py:3036} INFO - Sync 1 DAGs
[2025-06-05T21:50:36.884+0000] {logging_mixin.py:188} INFO - [2025-06-05T21:50:36.884+0000] {dag.py:3823} INFO - Setting next_dagrun for data_insertion_rfm to 2025-06-04 00:00:00+00:00, run_after=2025-06-05 00:00:00+00:00
[2025-06-05T21:50:36.932+0000] {processor.py:183} INFO - Processing /opt/airflow/dags/RFM_Analysis_Pipeline.py took 0.965 seconds
[2025-06-05T21:51:07.519+0000] {processor.py:161} INFO - Started process (PID=8608) to work on /opt/airflow/dags/RFM_Analysis_Pipeline.py
[2025-06-05T21:51:07.522+0000] {processor.py:830} INFO - Processing file /opt/airflow/dags/RFM_Analysis_Pipeline.py for tasks to queue
[2025-06-05T21:51:07.525+0000] {logging_mixin.py:188} INFO - [2025-06-05T21:51:07.525+0000] {dagbag.py:538} INFO - Filling up the DagBag from /opt/airflow/dags/RFM_Analysis_Pipeline.py
[2025-06-05T21:51:08.247+0000] {processor.py:840} INFO - DAG(s) 'data_insertion_rfm' retrieved from /opt/airflow/dags/RFM_Analysis_Pipeline.py
[2025-06-05T21:51:08.337+0000] {logging_mixin.py:188} INFO - [2025-06-05T21:51:08.336+0000] {dag.py:3036} INFO - Sync 1 DAGs
[2025-06-05T21:51:08.390+0000] {logging_mixin.py:188} INFO - [2025-06-05T21:51:08.389+0000] {dag.py:3823} INFO - Setting next_dagrun for data_insertion_rfm to 2025-06-04 00:00:00+00:00, run_after=2025-06-05 00:00:00+00:00
[2025-06-05T21:51:08.470+0000] {processor.py:183} INFO - Processing /opt/airflow/dags/RFM_Analysis_Pipeline.py took 0.963 seconds
