[2025-06-03T20:29:48.680+0000] {taskinstance.py:1956} INFO - Dependencies all met for dep_context=non-requeueable deps ti=<TaskInstance: dag_with_postgres_operator_v01.insert_into_table scheduled__2025-05-31T00:00:00+00:00 [queued]>
[2025-06-03T20:29:48.700+0000] {taskinstance.py:1956} INFO - Dependencies all met for dep_context=requeueable deps ti=<TaskInstance: dag_with_postgres_operator_v01.insert_into_table scheduled__2025-05-31T00:00:00+00:00 [queued]>
[2025-06-03T20:29:48.701+0000] {taskinstance.py:2170} INFO - Starting attempt 1 of 6
[2025-06-03T20:29:48.722+0000] {taskinstance.py:2191} INFO - Executing <Task(PostgresOperator): insert_into_table> on 2025-05-31 00:00:00+00:00
[2025-06-03T20:29:48.732+0000] {standard_task_runner.py:60} INFO - Started process 62947 to run task
[2025-06-03T20:29:48.737+0000] {standard_task_runner.py:87} INFO - Running: ['***', 'tasks', 'run', 'dag_with_postgres_operator_v01', 'insert_into_table', 'scheduled__2025-05-31T00:00:00+00:00', '--job-id', '375', '--raw', '--subdir', 'DAGS_FOLDER/postgresql_dag.py', '--cfg-path', '/tmp/tmp4i0tenjw']
[2025-06-03T20:29:48.739+0000] {standard_task_runner.py:88} INFO - Job 375: Subtask insert_into_table
[2025-06-03T20:29:48.845+0000] {task_command.py:423} INFO - Running <TaskInstance: dag_with_postgres_operator_v01.insert_into_table scheduled__2025-05-31T00:00:00+00:00 [running]> on host 4bea2aab752f
[2025-06-03T20:29:48.959+0000] {taskinstance.py:2480} INFO - Exporting env vars: AIRFLOW_CTX_DAG_OWNER='coder2j' AIRFLOW_CTX_DAG_ID='dag_with_postgres_operator_v01' AIRFLOW_CTX_TASK_ID='insert_into_table' AIRFLOW_CTX_EXECUTION_DATE='2025-05-31T00:00:00+00:00' AIRFLOW_CTX_TRY_NUMBER='1' AIRFLOW_CTX_DAG_RUN_ID='scheduled__2025-05-31T00:00:00+00:00'
[2025-06-03T20:29:48.961+0000] {sql.py:276} INFO - Executing: 
            insert into dag_runs (dt, dag_id) values ('2025-05-31', 'dag_with_postgres_operator_v01')
        
[2025-06-03T20:29:48.980+0000] {base.py:83} INFO - Using connection ID 'postgres_localhost' for task execution.
[2025-06-03T20:29:48.999+0000] {base.py:83} INFO - Using connection ID 'postgres_localhost' for task execution.
[2025-06-03T20:29:49.040+0000] {sql.py:450} INFO - Running statement: 
            insert into dag_runs (dt, dag_id) values ('2025-05-31', 'dag_with_postgres_operator_v01')
        , parameters: None
[2025-06-03T20:29:49.051+0000] {sql.py:459} INFO - Rows affected: 1
[2025-06-03T20:29:49.094+0000] {taskinstance.py:1138} INFO - Marking task as SUCCESS. dag_id=dag_with_postgres_operator_v01, task_id=insert_into_table, execution_date=20250531T000000, start_date=20250603T202948, end_date=20250603T202949
[2025-06-03T20:29:49.155+0000] {local_task_job_runner.py:234} INFO - Task exited with return code 0
[2025-06-03T20:29:49.181+0000] {taskinstance.py:3280} INFO - 0 downstream tasks scheduled from follow-on schedule check
[2025-06-05T16:04:19.561+0000] {taskinstance.py:1956} INFO - Dependencies all met for dep_context=non-requeueable deps ti=<TaskInstance: dag_with_postgres_operator_v01.insert_into_table scheduled__2025-05-31T00:00:00+00:00 [queued]>
[2025-06-05T16:04:19.598+0000] {taskinstance.py:1956} INFO - Dependencies all met for dep_context=requeueable deps ti=<TaskInstance: dag_with_postgres_operator_v01.insert_into_table scheduled__2025-05-31T00:00:00+00:00 [queued]>
[2025-06-05T16:04:19.600+0000] {taskinstance.py:2170} INFO - Starting attempt 1 of 6
[2025-06-05T16:04:19.627+0000] {taskinstance.py:2191} INFO - Executing <Task(PostgresOperator): insert_into_table> on 2025-05-31 00:00:00+00:00
[2025-06-05T16:04:19.636+0000] {standard_task_runner.py:60} INFO - Started process 51121 to run task
[2025-06-05T16:04:19.647+0000] {standard_task_runner.py:87} INFO - Running: ['***', 'tasks', 'run', 'dag_with_postgres_operator_v01', 'insert_into_table', 'scheduled__2025-05-31T00:00:00+00:00', '--job-id', '86', '--raw', '--subdir', 'DAGS_FOLDER/postgresql_dag.py', '--cfg-path', '/tmp/tmpon6ssttk']
[2025-06-05T16:04:19.649+0000] {standard_task_runner.py:88} INFO - Job 86: Subtask insert_into_table
[2025-06-05T16:04:19.815+0000] {task_command.py:423} INFO - Running <TaskInstance: dag_with_postgres_operator_v01.insert_into_table scheduled__2025-05-31T00:00:00+00:00 [running]> on host 14aa2e8b0b7d
[2025-06-05T16:04:19.992+0000] {taskinstance.py:2480} INFO - Exporting env vars: AIRFLOW_CTX_DAG_OWNER='coder2j' AIRFLOW_CTX_DAG_ID='dag_with_postgres_operator_v01' AIRFLOW_CTX_TASK_ID='insert_into_table' AIRFLOW_CTX_EXECUTION_DATE='2025-05-31T00:00:00+00:00' AIRFLOW_CTX_TRY_NUMBER='1' AIRFLOW_CTX_DAG_RUN_ID='scheduled__2025-05-31T00:00:00+00:00'
[2025-06-05T16:04:19.994+0000] {sql.py:276} INFO - Executing: 
            insert into dag_runs (dt, dag_id) values ('2025-05-31', 'dag_with_postgres_operator_v01')
        
[2025-06-05T16:04:20.017+0000] {base.py:83} INFO - Using connection ID 'postgres_localhost' for task execution.
[2025-06-05T16:04:20.039+0000] {base.py:83} INFO - Using connection ID 'postgres_localhost' for task execution.
[2025-06-05T16:04:20.097+0000] {sql.py:450} INFO - Running statement: 
            insert into dag_runs (dt, dag_id) values ('2025-05-31', 'dag_with_postgres_operator_v01')
        , parameters: None
[2025-06-05T16:04:20.113+0000] {sql.py:459} INFO - Rows affected: 1
[2025-06-05T16:04:20.145+0000] {taskinstance.py:1138} INFO - Marking task as SUCCESS. dag_id=dag_with_postgres_operator_v01, task_id=insert_into_table, execution_date=20250531T000000, start_date=20250605T160419, end_date=20250605T160420
[2025-06-05T16:04:20.193+0000] {local_task_job_runner.py:234} INFO - Task exited with return code 0
[2025-06-05T16:04:20.226+0000] {taskinstance.py:3280} INFO - 0 downstream tasks scheduled from follow-on schedule check
