[2025-06-04T20:12:08.480+0000] {taskinstance.py:1956} INFO - Dependencies all met for dep_context=non-requeueable deps ti=<TaskInstance: etl_pipeline_dag.save_datetime manual__2025-06-04T20:12:02.862488+00:00 [queued]>
[2025-06-04T20:12:08.502+0000] {taskinstance.py:1956} INFO - Dependencies all met for dep_context=requeueable deps ti=<TaskInstance: etl_pipeline_dag.save_datetime manual__2025-06-04T20:12:02.862488+00:00 [queued]>
[2025-06-04T20:12:08.503+0000] {taskinstance.py:2170} INFO - Starting attempt 1 of 4
[2025-06-04T20:12:08.523+0000] {taskinstance.py:2191} INFO - Executing <Task(PythonOperator): save_datetime> on 2025-06-04 20:12:02.862488+00:00
[2025-06-04T20:12:08.530+0000] {standard_task_runner.py:60} INFO - Started process 222712 to run task
[2025-06-04T20:12:08.535+0000] {standard_task_runner.py:87} INFO - Running: ['***', 'tasks', 'run', 'etl_pipeline_dag', 'save_datetime', 'manual__2025-06-04T20:12:02.862488+00:00', '--job-id', '23', '--raw', '--subdir', 'DAGS_FOLDER/etl_dag.py', '--cfg-path', '/tmp/tmpv11g9ixg']
[2025-06-04T20:12:08.540+0000] {standard_task_runner.py:88} INFO - Job 23: Subtask save_datetime
[2025-06-04T20:12:08.626+0000] {task_command.py:423} INFO - Running <TaskInstance: etl_pipeline_dag.save_datetime manual__2025-06-04T20:12:02.862488+00:00 [running]> on host bf1a15c1e46f
[2025-06-04T20:12:08.899+0000] {taskinstance.py:2480} INFO - Exporting env vars: AIRFLOW_CTX_DAG_OWNER='Pavan Kumar Kodavali' AIRFLOW_CTX_DAG_ID='etl_pipeline_dag' AIRFLOW_CTX_TASK_ID='save_datetime' AIRFLOW_CTX_EXECUTION_DATE='2025-06-04T20:12:02.862488+00:00' AIRFLOW_CTX_TRY_NUMBER='1' AIRFLOW_CTX_DAG_RUN_ID='manual__2025-06-04T20:12:02.862488+00:00'
[2025-06-04T20:12:08.912+0000] {taskinstance.py:2698} ERROR - Task failed with exception
Traceback (most recent call last):
  File "/home/airflow/.local/lib/python3.8/site-packages/airflow/models/taskinstance.py", line 433, in _execute_task
    result = execute_callable(context=context, **execute_callable_kwargs)
  File "/home/airflow/.local/lib/python3.8/site-packages/airflow/operators/python.py", line 199, in execute
    return_value = self.execute_callable()
  File "/home/airflow/.local/lib/python3.8/site-packages/airflow/operators/python.py", line 216, in execute_callable
    return self.python_callable(*self.op_args, **self.op_kwargs)
  File "/opt/airflow/dags/etl_dag.py", line 37, in save_datetime
    dt_processed.update({'dag_id':context['dag'].dag_id})
AttributeError: 'LazyXComAccess' object has no attribute 'update'
[2025-06-04T20:12:08.921+0000] {taskinstance.py:1138} INFO - Marking task as UP_FOR_RETRY. dag_id=etl_pipeline_dag, task_id=save_datetime, execution_date=20250604T201202, start_date=20250604T201208, end_date=20250604T201208
[2025-06-04T20:12:08.933+0000] {standard_task_runner.py:107} ERROR - Failed to execute job 23 for task save_datetime ('LazyXComAccess' object has no attribute 'update'; 222712)
[2025-06-04T20:12:08.990+0000] {local_task_job_runner.py:234} INFO - Task exited with return code 1
[2025-06-04T20:12:09.019+0000] {taskinstance.py:3280} INFO - 0 downstream tasks scheduled from follow-on schedule check
