[2025-06-04T20:17:10.561+0000] {taskinstance.py:1956} INFO - Dependencies all met for dep_context=non-requeueable deps ti=<TaskInstance: etl_pipeline_dag.save_datetime manual__2025-06-04T20:12:02.862488+00:00 [queued]>
[2025-06-04T20:17:10.581+0000] {taskinstance.py:1956} INFO - Dependencies all met for dep_context=requeueable deps ti=<TaskInstance: etl_pipeline_dag.save_datetime manual__2025-06-04T20:12:02.862488+00:00 [queued]>
[2025-06-04T20:17:10.582+0000] {taskinstance.py:2170} INFO - Starting attempt 2 of 4
[2025-06-04T20:17:10.602+0000] {taskinstance.py:2191} INFO - Executing <Task(PythonOperator): save_datetime> on 2025-06-04 20:12:02.862488+00:00
[2025-06-04T20:17:10.608+0000] {standard_task_runner.py:60} INFO - Started process 227676 to run task
[2025-06-04T20:17:10.613+0000] {standard_task_runner.py:87} INFO - Running: ['***', 'tasks', 'run', 'etl_pipeline_dag', 'save_datetime', 'manual__2025-06-04T20:12:02.862488+00:00', '--job-id', '24', '--raw', '--subdir', 'DAGS_FOLDER/etl_dag.py', '--cfg-path', '/tmp/tmpi26doknn']
[2025-06-04T20:17:10.616+0000] {standard_task_runner.py:88} INFO - Job 24: Subtask save_datetime
[2025-06-04T20:17:10.711+0000] {task_command.py:423} INFO - Running <TaskInstance: etl_pipeline_dag.save_datetime manual__2025-06-04T20:12:02.862488+00:00 [running]> on host bf1a15c1e46f
[2025-06-04T20:17:11.014+0000] {taskinstance.py:2480} INFO - Exporting env vars: AIRFLOW_CTX_DAG_OWNER='Pavan Kumar Kodavali' AIRFLOW_CTX_DAG_ID='etl_pipeline_dag' AIRFLOW_CTX_TASK_ID='save_datetime' AIRFLOW_CTX_EXECUTION_DATE='2025-06-04T20:12:02.862488+00:00' AIRFLOW_CTX_TRY_NUMBER='2' AIRFLOW_CTX_DAG_RUN_ID='manual__2025-06-04T20:12:02.862488+00:00'
[2025-06-04T20:17:11.031+0000] {taskinstance.py:2698} ERROR - Task failed with exception
Traceback (most recent call last):
  File "/home/airflow/.local/lib/python3.8/site-packages/airflow/models/taskinstance.py", line 433, in _execute_task
    result = execute_callable(context=context, **execute_callable_kwargs)
  File "/home/airflow/.local/lib/python3.8/site-packages/airflow/operators/python.py", line 199, in execute
    return_value = self.execute_callable()
  File "/home/airflow/.local/lib/python3.8/site-packages/airflow/operators/python.py", line 216, in execute_callable
    return self.python_callable(*self.op_args, **self.op_kwargs)
  File "/opt/airflow/dags/etl_dag.py", line 37, in save_datetime
    dt_processed.update({'dag_id':context['dag'].dag_id})
AttributeError: 'LazyXComAccess' object has no attribute 'update'
[2025-06-04T20:17:11.044+0000] {taskinstance.py:1138} INFO - Marking task as UP_FOR_RETRY. dag_id=etl_pipeline_dag, task_id=save_datetime, execution_date=20250604T201202, start_date=20250604T201710, end_date=20250604T201711
[2025-06-04T20:17:11.061+0000] {standard_task_runner.py:107} ERROR - Failed to execute job 24 for task save_datetime ('LazyXComAccess' object has no attribute 'update'; 227676)
[2025-06-04T20:17:11.107+0000] {local_task_job_runner.py:234} INFO - Task exited with return code 1
[2025-06-04T20:17:11.125+0000] {taskinstance.py:3280} INFO - 0 downstream tasks scheduled from follow-on schedule check
