[2025-06-03T19:58:30.259+0000] {taskinstance.py:1956} INFO - Dependencies all met for dep_context=non-requeueable deps ti=<TaskInstance: dag_with_postgres_operator_v01.create_postgres_table manual__2025-06-03T19:58:29.099939+00:00 [queued]>
[2025-06-03T19:58:30.275+0000] {taskinstance.py:1956} INFO - Dependencies all met for dep_context=requeueable deps ti=<TaskInstance: dag_with_postgres_operator_v01.create_postgres_table manual__2025-06-03T19:58:29.099939+00:00 [queued]>
[2025-06-03T19:58:30.277+0000] {taskinstance.py:2170} INFO - Starting attempt 1 of 6
[2025-06-03T19:58:30.303+0000] {taskinstance.py:2191} INFO - Executing <Task(PostgresOperator): create_postgres_table> on 2025-06-03 19:58:29.099939+00:00
[2025-06-03T19:58:30.315+0000] {standard_task_runner.py:60} INFO - Started process 32701 to run task
[2025-06-03T19:58:30.323+0000] {standard_task_runner.py:87} INFO - Running: ['***', 'tasks', 'run', 'dag_with_postgres_operator_v01', 'create_postgres_table', 'manual__2025-06-03T19:58:29.099939+00:00', '--job-id', '356', '--raw', '--subdir', 'DAGS_FOLDER/postgresql_dag.py', '--cfg-path', '/tmp/tmpug7_prbz']
[2025-06-03T19:58:30.324+0000] {standard_task_runner.py:88} INFO - Job 356: Subtask create_postgres_table
[2025-06-03T19:58:30.506+0000] {task_command.py:423} INFO - Running <TaskInstance: dag_with_postgres_operator_v01.create_postgres_table manual__2025-06-03T19:58:29.099939+00:00 [running]> on host 4bea2aab752f
[2025-06-03T19:58:30.699+0000] {taskinstance.py:2480} INFO - Exporting env vars: AIRFLOW_CTX_DAG_OWNER='coder2j' AIRFLOW_CTX_DAG_ID='dag_with_postgres_operator_v01' AIRFLOW_CTX_TASK_ID='create_postgres_table' AIRFLOW_CTX_EXECUTION_DATE='2025-06-03T19:58:29.099939+00:00' AIRFLOW_CTX_TRY_NUMBER='1' AIRFLOW_CTX_DAG_RUN_ID='manual__2025-06-03T19:58:29.099939+00:00'
[2025-06-03T19:58:30.702+0000] {sql.py:276} INFO - Executing: 
            create table if not exists dag_runs (
                dt date,
                dag_id character varying,
                primary key (dt, dag_id)
            )
        
[2025-06-03T19:58:30.721+0000] {base.py:83} INFO - Using connection ID 'postgres_localhost' for task execution.
[2025-06-03T19:58:30.735+0000] {base.py:83} INFO - Using connection ID 'postgres_localhost' for task execution.
[2025-06-03T19:58:30.814+0000] {sql.py:450} INFO - Running statement: 
            create table if not exists dag_runs (
                dt date,
                dag_id character varying,
                primary key (dt, dag_id)
            )
        , parameters: None
[2025-06-03T19:58:30.972+0000] {taskinstance.py:1138} INFO - Marking task as SUCCESS. dag_id=dag_with_postgres_operator_v01, task_id=create_postgres_table, execution_date=20250603T195829, start_date=20250603T195830, end_date=20250603T195830
[2025-06-03T19:58:31.021+0000] {local_task_job_runner.py:234} INFO - Task exited with return code 0
[2025-06-03T19:58:31.080+0000] {taskinstance.py:3280} INFO - 0 downstream tasks scheduled from follow-on schedule check
