[2025-06-03T16:00:33.678+0000] {taskinstance.py:1956} INFO - Dependencies all met for dep_context=non-requeueable deps ti=<TaskInstance: bashoperator_dag.list_files manual__2025-06-03T16:00:30.981871+00:00 [queued]>
[2025-06-03T16:00:33.687+0000] {taskinstance.py:1956} INFO - Dependencies all met for dep_context=requeueable deps ti=<TaskInstance: bashoperator_dag.list_files manual__2025-06-03T16:00:30.981871+00:00 [queued]>
[2025-06-03T16:00:33.688+0000] {taskinstance.py:2170} INFO - Starting attempt 1 of 4
[2025-06-03T16:00:33.699+0000] {taskinstance.py:2191} INFO - Executing <Task(BashOperator): list_files> on 2025-06-03 16:00:30.981871+00:00
[2025-06-03T16:00:33.704+0000] {standard_task_runner.py:60} INFO - Started process 2123 to run task
[2025-06-03T16:00:33.707+0000] {standard_task_runner.py:87} INFO - Running: ['***', 'tasks', 'run', 'bashoperator_dag', 'list_files', 'manual__2025-06-03T16:00:30.981871+00:00', '--job-id', '319', '--raw', '--subdir', 'DAGS_FOLDER/all_about_bashoperators.py', '--cfg-path', '/tmp/tmpqgdunzo7']
[2025-06-03T16:00:33.708+0000] {standard_task_runner.py:88} INFO - Job 319: Subtask list_files
[2025-06-03T16:00:33.761+0000] {task_command.py:423} INFO - Running <TaskInstance: bashoperator_dag.list_files manual__2025-06-03T16:00:30.981871+00:00 [running]> on host 4e1154bdd72a
[2025-06-03T16:00:33.844+0000] {taskinstance.py:2480} INFO - Exporting env vars: AIRFLOW_CTX_DAG_OWNER='Pavan Kumar Kodavali' AIRFLOW_CTX_DAG_ID='bashoperator_dag' AIRFLOW_CTX_TASK_ID='list_files' AIRFLOW_CTX_EXECUTION_DATE='2025-06-03T16:00:30.981871+00:00' AIRFLOW_CTX_TRY_NUMBER='1' AIRFLOW_CTX_DAG_RUN_ID='manual__2025-06-03T16:00:30.981871+00:00'
[2025-06-03T16:00:33.846+0000] {subprocess.py:63} INFO - Tmp dir root location: /tmp
[2025-06-03T16:00:33.847+0000] {subprocess.py:75} INFO - Running command: ['/usr/bin/bash', '-c', 'ls -l //opt//***//dags']
[2025-06-03T16:00:33.856+0000] {subprocess.py:86} INFO - Output:
[2025-06-03T16:00:33.893+0000] {subprocess.py:93} INFO - total 28
[2025-06-03T16:00:33.894+0000] {subprocess.py:93} INFO - drwxrwxr-x 1 *** root 4096 Jun  3 16:00 __pycache__
[2025-06-03T16:00:33.895+0000] {subprocess.py:93} INFO - -rwxrwxrwx 1 root    root  903 Jun  3 16:00 all_about_bashoperators.py
[2025-06-03T16:00:33.896+0000] {subprocess.py:93} INFO - -rwxrwxrwx 1 root    root 1091 May 17 22:28 bash_operator_dag.py
[2025-06-03T16:00:33.896+0000] {subprocess.py:93} INFO - -rwxrwxrwx 1 root    root  537 May 18 23:39 dag_with_catchup_and_backfill.py
[2025-06-03T16:00:33.897+0000] {subprocess.py:93} INFO - -rwxrwxrwx 1 root    root  945 Jun  2 20:21 dag_with_taskflow_api.py
[2025-06-03T16:00:33.897+0000] {subprocess.py:93} INFO - -rwxrwxrwx 1 root    root  586 Jun  2 18:35 first_dag.py
[2025-06-03T16:00:33.898+0000] {subprocess.py:93} INFO - -rwxrwxrwx 1 root    root  839 May 17 22:22 python_operator_dag.py
[2025-06-03T16:00:33.898+0000] {subprocess.py:93} INFO - -rwxrwxrwx 1 root    root 1304 May 18 22:09 python_operator_dag2.py
[2025-06-03T16:00:33.899+0000] {subprocess.py:93} INFO - -rwxrwxrwx 1 root    root    0 Jun  2 20:48 welcome_Dag.py
[2025-06-03T16:00:33.900+0000] {subprocess.py:97} INFO - Command exited with return code 0
[2025-06-03T16:00:33.927+0000] {taskinstance.py:1138} INFO - Marking task as SUCCESS. dag_id=bashoperator_dag, task_id=list_files, execution_date=20250603T160030, start_date=20250603T160033, end_date=20250603T160033
[2025-06-03T16:00:33.960+0000] {local_task_job_runner.py:234} INFO - Task exited with return code 0
[2025-06-03T16:00:33.978+0000] {taskinstance.py:3280} INFO - 0 downstream tasks scheduled from follow-on schedule check
