[2025-06-04T19:50:03.799+0000] {taskinstance.py:1956} INFO - Dependencies all met for dep_context=non-requeueable deps ti=<TaskInstance: etl_pipeline_dag.save_datetime manual__2025-06-04T19:49:54.560330+00:00 [queued]>
[2025-06-04T19:50:03.811+0000] {taskinstance.py:1956} INFO - Dependencies all met for dep_context=requeueable deps ti=<TaskInstance: etl_pipeline_dag.save_datetime manual__2025-06-04T19:49:54.560330+00:00 [queued]>
[2025-06-04T19:50:03.812+0000] {taskinstance.py:2170} INFO - Starting attempt 1 of 4
[2025-06-04T19:50:03.828+0000] {taskinstance.py:2191} INFO - Executing <Task(PythonOperator): save_datetime> on 2025-06-04 19:49:54.560330+00:00
[2025-06-04T19:50:03.836+0000] {standard_task_runner.py:60} INFO - Started process 200965 to run task
[2025-06-04T19:50:03.844+0000] {standard_task_runner.py:87} INFO - Running: ['***', 'tasks', 'run', 'etl_pipeline_dag', 'save_datetime', 'manual__2025-06-04T19:49:54.560330+00:00', '--job-id', '17', '--raw', '--subdir', 'DAGS_FOLDER/etl_dag.py', '--cfg-path', '/tmp/tmprvyrxiv9']
[2025-06-04T19:50:03.850+0000] {standard_task_runner.py:88} INFO - Job 17: Subtask save_datetime
[2025-06-04T19:50:03.933+0000] {task_command.py:423} INFO - Running <TaskInstance: etl_pipeline_dag.save_datetime manual__2025-06-04T19:49:54.560330+00:00 [running]> on host bf1a15c1e46f
[2025-06-04T19:50:04.203+0000] {taskinstance.py:2480} INFO - Exporting env vars: AIRFLOW_CTX_DAG_OWNER='Pavan Kumar Kodavali' AIRFLOW_CTX_DAG_ID='etl_pipeline_dag' AIRFLOW_CTX_TASK_ID='save_datetime' AIRFLOW_CTX_EXECUTION_DATE='2025-06-04T19:49:54.560330+00:00' AIRFLOW_CTX_TRY_NUMBER='1' AIRFLOW_CTX_DAG_RUN_ID='manual__2025-06-04T19:49:54.560330+00:00'
[2025-06-04T19:50:04.234+0000] {taskinstance.py:2698} ERROR - Task failed with exception
Traceback (most recent call last):
  File "/home/airflow/.local/lib/python3.8/site-packages/airflow/models/taskinstance.py", line 433, in _execute_task
    result = execute_callable(context=context, **execute_callable_kwargs)
  File "/home/airflow/.local/lib/python3.8/site-packages/airflow/operators/python.py", line 199, in execute
    return_value = self.execute_callable()
  File "/home/airflow/.local/lib/python3.8/site-packages/airflow/operators/python.py", line 216, in execute_callable
    return self.python_callable(*self.op_args, **self.op_kwargs)
  File "/opt/airflow/dags/etl_dag.py", line 46, in save_datetime
    df.to_csv(csv_path, index=False, mode=df_mode, header=df_header)
  File "/home/airflow/.local/lib/python3.8/site-packages/pandas/core/generic.py", line 3772, in to_csv
    return DataFrameRenderer(formatter).to_csv(
  File "/home/airflow/.local/lib/python3.8/site-packages/pandas/io/formats/format.py", line 1186, in to_csv
    csv_formatter.save()
  File "/home/airflow/.local/lib/python3.8/site-packages/pandas/io/formats/csvs.py", line 240, in save
    with get_handle(
  File "/home/airflow/.local/lib/python3.8/site-packages/pandas/io/common.py", line 737, in get_handle
    check_parent_directory(str(handle))
  File "/home/airflow/.local/lib/python3.8/site-packages/pandas/io/common.py", line 600, in check_parent_directory
    raise OSError(rf"Cannot save file into a non-existent directory: '{parent}'")
OSError: Cannot save file into a non-existent directory: 'C:/Users/pkoda/IdeaProjects/***_projects/***_tmp'
[2025-06-04T19:50:04.253+0000] {taskinstance.py:1138} INFO - Marking task as UP_FOR_RETRY. dag_id=etl_pipeline_dag, task_id=save_datetime, execution_date=20250604T194954, start_date=20250604T195003, end_date=20250604T195004
[2025-06-04T19:50:04.269+0000] {standard_task_runner.py:107} ERROR - Failed to execute job 17 for task save_datetime (Cannot save file into a non-existent directory: 'C:/Users/pkoda/IdeaProjects/***_projects/***_tmp'; 200965)
[2025-06-04T19:50:04.302+0000] {local_task_job_runner.py:234} INFO - Task exited with return code 1
[2025-06-04T19:50:04.324+0000] {taskinstance.py:3280} INFO - 0 downstream tasks scheduled from follow-on schedule check
