[2025-06-03T19:58:30.284+0000] {taskinstance.py:1956} INFO - Dependencies all met for dep_context=non-requeueable deps ti=<TaskInstance: dag_with_postgres_operator_v01.create_postgres_table scheduled__2025-06-02T00:00:00+00:00 [queued]>
[2025-06-03T19:58:30.299+0000] {taskinstance.py:1956} INFO - Dependencies all met for dep_context=requeueable deps ti=<TaskInstance: dag_with_postgres_operator_v01.create_postgres_table scheduled__2025-06-02T00:00:00+00:00 [queued]>
[2025-06-03T19:58:30.300+0000] {taskinstance.py:2170} INFO - Starting attempt 1 of 6
[2025-06-03T19:58:30.330+0000] {taskinstance.py:2191} INFO - Executing <Task(PostgresOperator): create_postgres_table> on 2025-06-02 00:00:00+00:00
[2025-06-03T19:58:30.339+0000] {standard_task_runner.py:60} INFO - Started process 32702 to run task
[2025-06-03T19:58:30.344+0000] {standard_task_runner.py:87} INFO - Running: ['***', 'tasks', 'run', 'dag_with_postgres_operator_v01', 'create_postgres_table', 'scheduled__2025-06-02T00:00:00+00:00', '--job-id', '357', '--raw', '--subdir', 'DAGS_FOLDER/postgresql_dag.py', '--cfg-path', '/tmp/tmp00e7nlhy']
[2025-06-03T19:58:30.346+0000] {standard_task_runner.py:88} INFO - Job 357: Subtask create_postgres_table
[2025-06-03T19:58:30.519+0000] {task_command.py:423} INFO - Running <TaskInstance: dag_with_postgres_operator_v01.create_postgres_table scheduled__2025-06-02T00:00:00+00:00 [running]> on host 4bea2aab752f
[2025-06-03T19:58:30.726+0000] {taskinstance.py:2480} INFO - Exporting env vars: AIRFLOW_CTX_DAG_OWNER='coder2j' AIRFLOW_CTX_DAG_ID='dag_with_postgres_operator_v01' AIRFLOW_CTX_TASK_ID='create_postgres_table' AIRFLOW_CTX_EXECUTION_DATE='2025-06-02T00:00:00+00:00' AIRFLOW_CTX_TRY_NUMBER='1' AIRFLOW_CTX_DAG_RUN_ID='scheduled__2025-06-02T00:00:00+00:00'
[2025-06-03T19:58:30.728+0000] {sql.py:276} INFO - Executing: 
            create table if not exists dag_runs (
                dt date,
                dag_id character varying,
                primary key (dt, dag_id)
            )
        
[2025-06-03T19:58:30.743+0000] {base.py:83} INFO - Using connection ID 'postgres_localhost' for task execution.
[2025-06-03T19:58:30.767+0000] {base.py:83} INFO - Using connection ID 'postgres_localhost' for task execution.
[2025-06-03T19:58:30.814+0000] {sql.py:450} INFO - Running statement: 
            create table if not exists dag_runs (
                dt date,
                dag_id character varying,
                primary key (dt, dag_id)
            )
        , parameters: None
[2025-06-03T19:58:30.954+0000] {taskinstance.py:2698} ERROR - Task failed with exception
Traceback (most recent call last):
  File "/home/airflow/.local/lib/python3.8/site-packages/airflow/models/taskinstance.py", line 433, in _execute_task
    result = execute_callable(context=context, **execute_callable_kwargs)
  File "/home/airflow/.local/lib/python3.8/site-packages/airflow/providers/common/sql/operators/sql.py", line 282, in execute
    output = hook.run(
  File "/home/airflow/.local/lib/python3.8/site-packages/airflow/providers/common/sql/hooks/sql.py", line 398, in run
    self._run_command(cur, sql_statement, parameters)
  File "/home/airflow/.local/lib/python3.8/site-packages/airflow/providers/common/sql/hooks/sql.py", line 455, in _run_command
    cur.execute(sql_statement)
psycopg2.errors.UniqueViolation: duplicate key value violates unique constraint "pg_type_typname_nsp_index"
DETAIL:  Key (typname, typnamespace)=(dag_runs, 2200) already exists.

[2025-06-03T19:58:30.982+0000] {taskinstance.py:1138} INFO - Marking task as UP_FOR_RETRY. dag_id=dag_with_postgres_operator_v01, task_id=create_postgres_table, execution_date=20250602T000000, start_date=20250603T195830, end_date=20250603T195830
[2025-06-03T19:58:31.018+0000] {standard_task_runner.py:107} ERROR - Failed to execute job 357 for task create_postgres_table (duplicate key value violates unique constraint "pg_type_typname_nsp_index"
DETAIL:  Key (typname, typnamespace)=(dag_runs, 2200) already exists.
; 32702)
[2025-06-03T19:58:31.042+0000] {local_task_job_runner.py:234} INFO - Task exited with return code 1
[2025-06-03T19:58:31.105+0000] {taskinstance.py:3280} INFO - 0 downstream tasks scheduled from follow-on schedule check
[2025-06-03T20:07:00.559+0000] {taskinstance.py:1956} INFO - Dependencies all met for dep_context=non-requeueable deps ti=<TaskInstance: dag_with_postgres_operator_v01.create_postgres_table scheduled__2025-06-02T00:00:00+00:00 [queued]>
[2025-06-03T20:07:00.575+0000] {taskinstance.py:1956} INFO - Dependencies all met for dep_context=requeueable deps ti=<TaskInstance: dag_with_postgres_operator_v01.create_postgres_table scheduled__2025-06-02T00:00:00+00:00 [queued]>
[2025-06-03T20:07:00.576+0000] {taskinstance.py:2170} INFO - Starting attempt 1 of 6
[2025-06-03T20:07:00.601+0000] {taskinstance.py:2191} INFO - Executing <Task(PostgresOperator): create_postgres_table> on 2025-06-02 00:00:00+00:00
[2025-06-03T20:07:00.611+0000] {standard_task_runner.py:60} INFO - Started process 40916 to run task
[2025-06-03T20:07:00.617+0000] {standard_task_runner.py:87} INFO - Running: ['***', 'tasks', 'run', 'dag_with_postgres_operator_v01', 'create_postgres_table', 'scheduled__2025-06-02T00:00:00+00:00', '--job-id', '360', '--raw', '--subdir', 'DAGS_FOLDER/postgresql_dag.py', '--cfg-path', '/tmp/tmpvje7oxup']
[2025-06-03T20:07:00.619+0000] {standard_task_runner.py:88} INFO - Job 360: Subtask create_postgres_table
[2025-06-03T20:07:00.716+0000] {task_command.py:423} INFO - Running <TaskInstance: dag_with_postgres_operator_v01.create_postgres_table scheduled__2025-06-02T00:00:00+00:00 [running]> on host 4bea2aab752f
[2025-06-03T20:07:00.870+0000] {taskinstance.py:2480} INFO - Exporting env vars: AIRFLOW_CTX_DAG_OWNER='coder2j' AIRFLOW_CTX_DAG_ID='dag_with_postgres_operator_v01' AIRFLOW_CTX_TASK_ID='create_postgres_table' AIRFLOW_CTX_EXECUTION_DATE='2025-06-02T00:00:00+00:00' AIRFLOW_CTX_TRY_NUMBER='1' AIRFLOW_CTX_DAG_RUN_ID='scheduled__2025-06-02T00:00:00+00:00'
[2025-06-03T20:07:00.873+0000] {sql.py:276} INFO - Executing: 
            create table if not exists dag_runs (
                dt date,
                dag_id character varying,
                primary key (dt, dag_id)
            )
        
[2025-06-03T20:07:00.893+0000] {base.py:83} INFO - Using connection ID 'postgres_localhost' for task execution.
[2025-06-03T20:07:00.916+0000] {base.py:83} INFO - Using connection ID 'postgres_localhost' for task execution.
[2025-06-03T20:07:00.958+0000] {sql.py:450} INFO - Running statement: 
            create table if not exists dag_runs (
                dt date,
                dag_id character varying,
                primary key (dt, dag_id)
            )
        , parameters: None
[2025-06-03T20:07:00.996+0000] {taskinstance.py:1138} INFO - Marking task as SUCCESS. dag_id=dag_with_postgres_operator_v01, task_id=create_postgres_table, execution_date=20250602T000000, start_date=20250603T200700, end_date=20250603T200700
[2025-06-03T20:07:01.031+0000] {local_task_job_runner.py:234} INFO - Task exited with return code 0
[2025-06-03T20:07:01.050+0000] {taskinstance.py:3280} INFO - 0 downstream tasks scheduled from follow-on schedule check
[2025-06-03T20:29:46.383+0000] {taskinstance.py:1956} INFO - Dependencies all met for dep_context=non-requeueable deps ti=<TaskInstance: dag_with_postgres_operator_v01.create_postgres_table scheduled__2025-06-02T00:00:00+00:00 [queued]>
[2025-06-03T20:29:46.408+0000] {taskinstance.py:1956} INFO - Dependencies all met for dep_context=requeueable deps ti=<TaskInstance: dag_with_postgres_operator_v01.create_postgres_table scheduled__2025-06-02T00:00:00+00:00 [queued]>
[2025-06-03T20:29:46.410+0000] {taskinstance.py:2170} INFO - Starting attempt 1 of 6
[2025-06-03T20:29:46.437+0000] {taskinstance.py:2191} INFO - Executing <Task(PostgresOperator): create_postgres_table> on 2025-06-02 00:00:00+00:00
[2025-06-03T20:29:46.451+0000] {standard_task_runner.py:60} INFO - Started process 62895 to run task
[2025-06-03T20:29:46.459+0000] {standard_task_runner.py:87} INFO - Running: ['***', 'tasks', 'run', 'dag_with_postgres_operator_v01', 'create_postgres_table', 'scheduled__2025-06-02T00:00:00+00:00', '--job-id', '368', '--raw', '--subdir', 'DAGS_FOLDER/postgresql_dag.py', '--cfg-path', '/tmp/tmp1jl4tayz']
[2025-06-03T20:29:46.464+0000] {standard_task_runner.py:88} INFO - Job 368: Subtask create_postgres_table
[2025-06-03T20:29:46.635+0000] {task_command.py:423} INFO - Running <TaskInstance: dag_with_postgres_operator_v01.create_postgres_table scheduled__2025-06-02T00:00:00+00:00 [running]> on host 4bea2aab752f
[2025-06-03T20:29:46.770+0000] {taskinstance.py:2480} INFO - Exporting env vars: AIRFLOW_CTX_DAG_OWNER='coder2j' AIRFLOW_CTX_DAG_ID='dag_with_postgres_operator_v01' AIRFLOW_CTX_TASK_ID='create_postgres_table' AIRFLOW_CTX_EXECUTION_DATE='2025-06-02T00:00:00+00:00' AIRFLOW_CTX_TRY_NUMBER='1' AIRFLOW_CTX_DAG_RUN_ID='scheduled__2025-06-02T00:00:00+00:00'
[2025-06-03T20:29:46.774+0000] {sql.py:276} INFO - Executing: 
            create table if not exists dag_runs (
                dt date,
                dag_id character varying,
                primary key (dt, dag_id)
            )
        
[2025-06-03T20:29:46.796+0000] {base.py:83} INFO - Using connection ID 'postgres_localhost' for task execution.
[2025-06-03T20:29:46.826+0000] {base.py:83} INFO - Using connection ID 'postgres_localhost' for task execution.
[2025-06-03T20:29:46.874+0000] {sql.py:450} INFO - Running statement: 
            create table if not exists dag_runs (
                dt date,
                dag_id character varying,
                primary key (dt, dag_id)
            )
        , parameters: None
[2025-06-03T20:29:46.903+0000] {taskinstance.py:1138} INFO - Marking task as SUCCESS. dag_id=dag_with_postgres_operator_v01, task_id=create_postgres_table, execution_date=20250602T000000, start_date=20250603T202946, end_date=20250603T202946
[2025-06-03T20:29:46.956+0000] {local_task_job_runner.py:234} INFO - Task exited with return code 0
[2025-06-03T20:29:47.004+0000] {taskinstance.py:3280} INFO - 1 downstream tasks scheduled from follow-on schedule check
[2025-06-05T16:04:16.453+0000] {taskinstance.py:1956} INFO - Dependencies all met for dep_context=non-requeueable deps ti=<TaskInstance: dag_with_postgres_operator_v01.create_postgres_table scheduled__2025-06-02T00:00:00+00:00 [queued]>
[2025-06-05T16:04:16.492+0000] {taskinstance.py:1956} INFO - Dependencies all met for dep_context=requeueable deps ti=<TaskInstance: dag_with_postgres_operator_v01.create_postgres_table scheduled__2025-06-02T00:00:00+00:00 [queued]>
[2025-06-05T16:04:16.493+0000] {taskinstance.py:2170} INFO - Starting attempt 1 of 6
[2025-06-05T16:04:16.529+0000] {taskinstance.py:2191} INFO - Executing <Task(PostgresOperator): create_postgres_table> on 2025-06-02 00:00:00+00:00
[2025-06-05T16:04:16.540+0000] {standard_task_runner.py:60} INFO - Started process 51064 to run task
[2025-06-05T16:04:16.546+0000] {standard_task_runner.py:87} INFO - Running: ['***', 'tasks', 'run', 'dag_with_postgres_operator_v01', 'create_postgres_table', 'scheduled__2025-06-02T00:00:00+00:00', '--job-id', '78', '--raw', '--subdir', 'DAGS_FOLDER/postgresql_dag.py', '--cfg-path', '/tmp/tmp05sj_htb']
[2025-06-05T16:04:16.549+0000] {standard_task_runner.py:88} INFO - Job 78: Subtask create_postgres_table
[2025-06-05T16:04:16.701+0000] {task_command.py:423} INFO - Running <TaskInstance: dag_with_postgres_operator_v01.create_postgres_table scheduled__2025-06-02T00:00:00+00:00 [running]> on host 14aa2e8b0b7d
[2025-06-05T16:04:16.886+0000] {taskinstance.py:2480} INFO - Exporting env vars: AIRFLOW_CTX_DAG_OWNER='coder2j' AIRFLOW_CTX_DAG_ID='dag_with_postgres_operator_v01' AIRFLOW_CTX_TASK_ID='create_postgres_table' AIRFLOW_CTX_EXECUTION_DATE='2025-06-02T00:00:00+00:00' AIRFLOW_CTX_TRY_NUMBER='1' AIRFLOW_CTX_DAG_RUN_ID='scheduled__2025-06-02T00:00:00+00:00'
[2025-06-05T16:04:16.888+0000] {sql.py:276} INFO - Executing: 
            create table if not exists dag_runs (
                dt date,
                dag_id character varying,
                primary key (dt, dag_id)
            )
        
[2025-06-05T16:04:16.920+0000] {base.py:83} INFO - Using connection ID 'postgres_localhost' for task execution.
[2025-06-05T16:04:16.978+0000] {base.py:83} INFO - Using connection ID 'postgres_localhost' for task execution.
[2025-06-05T16:04:17.018+0000] {sql.py:450} INFO - Running statement: 
            create table if not exists dag_runs (
                dt date,
                dag_id character varying,
                primary key (dt, dag_id)
            )
        , parameters: None
[2025-06-05T16:04:17.082+0000] {taskinstance.py:1138} INFO - Marking task as SUCCESS. dag_id=dag_with_postgres_operator_v01, task_id=create_postgres_table, execution_date=20250602T000000, start_date=20250605T160416, end_date=20250605T160417
[2025-06-05T16:04:17.134+0000] {local_task_job_runner.py:234} INFO - Task exited with return code 0
[2025-06-05T16:04:17.213+0000] {taskinstance.py:3280} INFO - 1 downstream tasks scheduled from follow-on schedule check
