[2025-06-09T18:17:19.499+0000] {taskinstance.py:1956} INFO - Dependencies all met for dep_context=non-requeueable deps ti=<TaskInstance: postgre_to_s3.pull_transform_data_postgre scheduled__2025-06-08T00:00:00+00:00 [queued]>
[2025-06-09T18:17:19.518+0000] {taskinstance.py:1956} INFO - Dependencies all met for dep_context=requeueable deps ti=<TaskInstance: postgre_to_s3.pull_transform_data_postgre scheduled__2025-06-08T00:00:00+00:00 [queued]>
[2025-06-09T18:17:19.519+0000] {taskinstance.py:2170} INFO - Starting attempt 1 of 4
[2025-06-09T18:17:19.541+0000] {taskinstance.py:2191} INFO - Executing <Task(PythonOperator): pull_transform_data_postgre> on 2025-06-08 00:00:00+00:00
[2025-06-09T18:17:19.553+0000] {standard_task_runner.py:60} INFO - Started process 40051 to run task
[2025-06-09T18:17:19.556+0000] {standard_task_runner.py:87} INFO - Running: ['***', 'tasks', 'run', 'postgre_to_s3', 'pull_transform_data_postgre', 'scheduled__2025-06-08T00:00:00+00:00', '--job-id', '386', '--raw', '--subdir', 'DAGS_FOLDER/postgre_to_s3.py', '--cfg-path', '/tmp/tmpkq7txvk5']
[2025-06-09T18:17:19.567+0000] {standard_task_runner.py:88} INFO - Job 386: Subtask pull_transform_data_postgre
[2025-06-09T18:17:19.792+0000] {task_command.py:423} INFO - Running <TaskInstance: postgre_to_s3.pull_transform_data_postgre scheduled__2025-06-08T00:00:00+00:00 [running]> on host eccf07fa9838
[2025-06-09T18:17:19.991+0000] {taskinstance.py:2480} INFO - Exporting env vars: AIRFLOW_CTX_DAG_OWNER='Pavan Kumar Kodavali' AIRFLOW_CTX_DAG_ID='postgre_to_s3' AIRFLOW_CTX_TASK_ID='pull_transform_data_postgre' AIRFLOW_CTX_EXECUTION_DATE='2025-06-08T00:00:00+00:00' AIRFLOW_CTX_TRY_NUMBER='1' AIRFLOW_CTX_DAG_RUN_ID='scheduled__2025-06-08T00:00:00+00:00'
[2025-06-09T18:17:20.031+0000] {base.py:83} INFO - Using connection ID 'postgres_localhost' for task execution.
[2025-06-09T18:17:20.177+0000] {warnings.py:109} WARNING - /home/***/.local/lib/python3.8/site-packages/***/providers/common/sql/hooks/sql.py:221: UserWarning: pandas only supports SQLAlchemy connectable (engine/connection) or database string URI or sqlite3 DBAPI2 connection. Other DBAPI2 objects are not tested. Please consider using SQLAlchemy.
  return psql.read_sql(sql, con=conn, params=parameters, **kwargs)

[2025-06-09T18:17:20.313+0000] {logging_mixin.py:188} INFO -    iris_id  iris_sepal_length  ...  iris_petal_width  iris_variety
0      1.0                5.1  ...               0.2        Setosa
1      2.0                4.9  ...               0.2        Setosa
2      3.0                4.7  ...               0.2        Setosa
3      4.0                4.6  ...               0.2        Setosa
4      5.0                5.0  ...               0.2        Setosa

[5 rows x 6 columns]
[2025-06-09T18:17:20.315+0000] {python.py:201} INFO - Done. Returned value was: None
[2025-06-09T18:17:20.343+0000] {taskinstance.py:1138} INFO - Marking task as SUCCESS. dag_id=postgre_to_s3, task_id=pull_transform_data_postgre, execution_date=20250608T000000, start_date=20250609T181719, end_date=20250609T181720
[2025-06-09T18:17:20.416+0000] {local_task_job_runner.py:234} INFO - Task exited with return code 0
[2025-06-09T18:17:20.456+0000] {taskinstance.py:3280} INFO - 1 downstream tasks scheduled from follow-on schedule check
