[2025-06-06T13:51:44.731+0000] {taskinstance.py:1956} INFO - Dependencies all met for dep_context=non-requeueable deps ti=<TaskInstance: dag_with_postgres_operator_v01.delete_data_from_table scheduled__2025-06-05T00:00:00+00:00 [queued]>
[2025-06-06T13:51:44.757+0000] {taskinstance.py:1956} INFO - Dependencies all met for dep_context=requeueable deps ti=<TaskInstance: dag_with_postgres_operator_v01.delete_data_from_table scheduled__2025-06-05T00:00:00+00:00 [queued]>
[2025-06-06T13:51:44.759+0000] {taskinstance.py:2170} INFO - Starting attempt 1 of 6
[2025-06-06T13:51:44.791+0000] {taskinstance.py:2191} INFO - Executing <Task(PostgresOperator): delete_data_from_table> on 2025-06-05 00:00:00+00:00
[2025-06-06T13:51:44.812+0000] {standard_task_runner.py:60} INFO - Started process 4110 to run task
[2025-06-06T13:51:44.819+0000] {standard_task_runner.py:87} INFO - Running: ['***', 'tasks', 'run', 'dag_with_postgres_operator_v01', 'delete_data_from_table', 'scheduled__2025-06-05T00:00:00+00:00', '--job-id', '237', '--raw', '--subdir', 'DAGS_FOLDER/postgresql_dag.py', '--cfg-path', '/tmp/tmp2t8lbk4j']
[2025-06-06T13:51:44.822+0000] {standard_task_runner.py:88} INFO - Job 237: Subtask delete_data_from_table
[2025-06-06T13:51:45.001+0000] {task_command.py:423} INFO - Running <TaskInstance: dag_with_postgres_operator_v01.delete_data_from_table scheduled__2025-06-05T00:00:00+00:00 [running]> on host 130e285787a3
[2025-06-06T13:51:45.355+0000] {taskinstance.py:2480} INFO - Exporting env vars: AIRFLOW_CTX_DAG_OWNER='coder2j' AIRFLOW_CTX_DAG_ID='dag_with_postgres_operator_v01' AIRFLOW_CTX_TASK_ID='delete_data_from_table' AIRFLOW_CTX_EXECUTION_DATE='2025-06-05T00:00:00+00:00' AIRFLOW_CTX_TRY_NUMBER='1' AIRFLOW_CTX_DAG_RUN_ID='scheduled__2025-06-05T00:00:00+00:00'
[2025-06-06T13:51:45.359+0000] {sql.py:276} INFO - Executing: 
            delete from dag_runs where dt = '2025-06-05' and dag_id = 'dag_with_postgres_operator_v01';
        
[2025-06-06T13:51:45.393+0000] {base.py:83} INFO - Using connection ID 'postgres_localhost' for task execution.
[2025-06-06T13:51:45.433+0000] {base.py:83} INFO - Using connection ID 'postgres_localhost' for task execution.
[2025-06-06T13:51:45.562+0000] {sql.py:450} INFO - Running statement: 
            delete from dag_runs where dt = '2025-06-05' and dag_id = 'dag_with_postgres_operator_v01';
        , parameters: None
[2025-06-06T13:51:45.668+0000] {sql.py:459} INFO - Rows affected: 1
[2025-06-06T13:51:45.729+0000] {taskinstance.py:1138} INFO - Marking task as SUCCESS. dag_id=dag_with_postgres_operator_v01, task_id=delete_data_from_table, execution_date=20250605T000000, start_date=20250606T135144, end_date=20250606T135145
[2025-06-06T13:51:45.821+0000] {local_task_job_runner.py:234} INFO - Task exited with return code 0
[2025-06-06T13:51:45.899+0000] {taskinstance.py:3280} INFO - 1 downstream tasks scheduled from follow-on schedule check
