[2025-06-03T16:49:04.948+0000] {taskinstance.py:1956} INFO - Dependencies all met for dep_context=non-requeueable deps ti=<TaskInstance: bashoperator_dag.list_files manual__2025-06-03T16:49:02.019133+00:00 [queued]>
[2025-06-03T16:49:04.973+0000] {taskinstance.py:1956} INFO - Dependencies all met for dep_context=requeueable deps ti=<TaskInstance: bashoperator_dag.list_files manual__2025-06-03T16:49:02.019133+00:00 [queued]>
[2025-06-03T16:49:04.975+0000] {taskinstance.py:2170} INFO - Starting attempt 1 of 4
[2025-06-03T16:49:05.012+0000] {taskinstance.py:2191} INFO - Executing <Task(BashOperator): list_files> on 2025-06-03 16:49:02.019133+00:00
[2025-06-03T16:49:05.021+0000] {standard_task_runner.py:60} INFO - Started process 26448 to run task
[2025-06-03T16:49:05.035+0000] {standard_task_runner.py:87} INFO - Running: ['***', 'tasks', 'run', 'bashoperator_dag', 'list_files', 'manual__2025-06-03T16:49:02.019133+00:00', '--job-id', '335', '--raw', '--subdir', 'DAGS_FOLDER/all_about_bashoperators.py', '--cfg-path', '/tmp/tmpb49cr0zi']
[2025-06-03T16:49:05.039+0000] {standard_task_runner.py:88} INFO - Job 335: Subtask list_files
[2025-06-03T16:49:05.140+0000] {task_command.py:423} INFO - Running <TaskInstance: bashoperator_dag.list_files manual__2025-06-03T16:49:02.019133+00:00 [running]> on host 737ae70f26d8
[2025-06-03T16:49:05.331+0000] {taskinstance.py:2480} INFO - Exporting env vars: AIRFLOW_CTX_DAG_OWNER='Pavan Kumar Kodavali' AIRFLOW_CTX_DAG_ID='bashoperator_dag' AIRFLOW_CTX_TASK_ID='list_files' AIRFLOW_CTX_EXECUTION_DATE='2025-06-03T16:49:02.019133+00:00' AIRFLOW_CTX_TRY_NUMBER='1' AIRFLOW_CTX_DAG_RUN_ID='manual__2025-06-03T16:49:02.019133+00:00'
[2025-06-03T16:49:05.333+0000] {subprocess.py:63} INFO - Tmp dir root location: /tmp
[2025-06-03T16:49:05.336+0000] {subprocess.py:75} INFO - Running command: ['/usr/bin/bash', '-c', 'ls -l //opt//***//dags']
[2025-06-03T16:49:05.349+0000] {subprocess.py:86} INFO - Output:
[2025-06-03T16:49:05.410+0000] {subprocess.py:93} INFO - total 28
[2025-06-03T16:49:05.413+0000] {subprocess.py:93} INFO - drwxrwxr-x 1 *** root 4096 Jun  3 16:48 __pycache__
[2025-06-03T16:49:05.415+0000] {subprocess.py:93} INFO - -rwxrwxrwx 1 root    root 1506 Jun  3 16:48 all_about_bashoperators.py
[2025-06-03T16:49:05.416+0000] {subprocess.py:93} INFO - -rwxrwxrwx 1 root    root 1091 May 17 22:28 bash_operator_dag.py
[2025-06-03T16:49:05.418+0000] {subprocess.py:93} INFO - -rwxrwxrwx 1 root    root  537 May 18 23:39 dag_with_catchup_and_backfill.py
[2025-06-03T16:49:05.419+0000] {subprocess.py:93} INFO - -rwxrwxrwx 1 root    root  945 Jun  2 20:21 dag_with_taskflow_api.py
[2025-06-03T16:49:05.421+0000] {subprocess.py:93} INFO - -rwxrwxrwx 1 root    root  586 Jun  2 18:35 first_dag.py
[2025-06-03T16:49:05.422+0000] {subprocess.py:93} INFO - -rwxrwxrwx 1 root    root  839 May 17 22:22 python_operator_dag.py
[2025-06-03T16:49:05.423+0000] {subprocess.py:93} INFO - -rwxrwxrwx 1 root    root 1304 May 18 22:09 python_operator_dag2.py
[2025-06-03T16:49:05.424+0000] {subprocess.py:93} INFO - -rwxrwxrwx 1 root    root    0 Jun  2 20:48 welcome_Dag.py
[2025-06-03T16:49:05.425+0000] {subprocess.py:97} INFO - Command exited with return code 0
[2025-06-03T16:49:05.471+0000] {taskinstance.py:1138} INFO - Marking task as SUCCESS. dag_id=bashoperator_dag, task_id=list_files, execution_date=20250603T164902, start_date=20250603T164904, end_date=20250603T164905
[2025-06-03T16:49:05.533+0000] {local_task_job_runner.py:234} INFO - Task exited with return code 0
[2025-06-03T16:49:05.629+0000] {taskinstance.py:3280} INFO - 0 downstream tasks scheduled from follow-on schedule check
