[2025-06-03T16:22:14.863+0000] {taskinstance.py:1956} INFO - Dependencies all met for dep_context=non-requeueable deps ti=<TaskInstance: bashoperator_dag.list_files manual__2025-06-03T16:22:11.176035+00:00 [queued]>
[2025-06-03T16:22:14.873+0000] {taskinstance.py:1956} INFO - Dependencies all met for dep_context=requeueable deps ti=<TaskInstance: bashoperator_dag.list_files manual__2025-06-03T16:22:11.176035+00:00 [queued]>
[2025-06-03T16:22:14.874+0000] {taskinstance.py:2170} INFO - Starting attempt 1 of 4
[2025-06-03T16:22:14.885+0000] {taskinstance.py:2191} INFO - Executing <Task(BashOperator): list_files> on 2025-06-03 16:22:11.176035+00:00
[2025-06-03T16:22:14.890+0000] {standard_task_runner.py:60} INFO - Started process 994 to run task
[2025-06-03T16:22:14.893+0000] {standard_task_runner.py:87} INFO - Running: ['***', 'tasks', 'run', 'bashoperator_dag', 'list_files', 'manual__2025-06-03T16:22:11.176035+00:00', '--job-id', '328', '--raw', '--subdir', 'DAGS_FOLDER/all_about_bashoperators.py', '--cfg-path', '/tmp/tmpqg3v7dl6']
[2025-06-03T16:22:14.895+0000] {standard_task_runner.py:88} INFO - Job 328: Subtask list_files
[2025-06-03T16:22:14.964+0000] {task_command.py:423} INFO - Running <TaskInstance: bashoperator_dag.list_files manual__2025-06-03T16:22:11.176035+00:00 [running]> on host 737ae70f26d8
[2025-06-03T16:22:15.128+0000] {taskinstance.py:2480} INFO - Exporting env vars: AIRFLOW_CTX_DAG_OWNER='Pavan Kumar Kodavali' AIRFLOW_CTX_DAG_ID='bashoperator_dag' AIRFLOW_CTX_TASK_ID='list_files' AIRFLOW_CTX_EXECUTION_DATE='2025-06-03T16:22:11.176035+00:00' AIRFLOW_CTX_TRY_NUMBER='1' AIRFLOW_CTX_DAG_RUN_ID='manual__2025-06-03T16:22:11.176035+00:00'
[2025-06-03T16:22:15.130+0000] {subprocess.py:63} INFO - Tmp dir root location: /tmp
[2025-06-03T16:22:15.134+0000] {subprocess.py:75} INFO - Running command: ['/usr/bin/bash', '-c', 'ls -l //opt//***//dags']
[2025-06-03T16:22:15.154+0000] {subprocess.py:86} INFO - Output:
[2025-06-03T16:22:15.221+0000] {subprocess.py:93} INFO - total 28
[2025-06-03T16:22:15.222+0000] {subprocess.py:93} INFO - drwxrwxr-x 1 *** root 4096 Jun  3 16:21 __pycache__
[2025-06-03T16:22:15.223+0000] {subprocess.py:93} INFO - -rwxrwxrwx 1 root    root 1088 Jun  3 16:20 all_about_bashoperators.py
[2025-06-03T16:22:15.224+0000] {subprocess.py:93} INFO - -rwxrwxrwx 1 root    root 1091 May 17 22:28 bash_operator_dag.py
[2025-06-03T16:22:15.225+0000] {subprocess.py:93} INFO - -rwxrwxrwx 1 root    root  537 May 18 23:39 dag_with_catchup_and_backfill.py
[2025-06-03T16:22:15.226+0000] {subprocess.py:93} INFO - -rwxrwxrwx 1 root    root  945 Jun  2 20:21 dag_with_taskflow_api.py
[2025-06-03T16:22:15.227+0000] {subprocess.py:93} INFO - -rwxrwxrwx 1 root    root  586 Jun  2 18:35 first_dag.py
[2025-06-03T16:22:15.227+0000] {subprocess.py:93} INFO - -rwxrwxrwx 1 root    root  839 May 17 22:22 python_operator_dag.py
[2025-06-03T16:22:15.227+0000] {subprocess.py:93} INFO - -rwxrwxrwx 1 root    root 1304 May 18 22:09 python_operator_dag2.py
[2025-06-03T16:22:15.228+0000] {subprocess.py:93} INFO - -rwxrwxrwx 1 root    root    0 Jun  2 20:48 welcome_Dag.py
[2025-06-03T16:22:15.229+0000] {subprocess.py:97} INFO - Command exited with return code 0
[2025-06-03T16:22:15.292+0000] {taskinstance.py:1138} INFO - Marking task as SUCCESS. dag_id=bashoperator_dag, task_id=list_files, execution_date=20250603T162211, start_date=20250603T162214, end_date=20250603T162215
[2025-06-03T16:22:15.348+0000] {local_task_job_runner.py:234} INFO - Task exited with return code 0
[2025-06-03T16:22:15.378+0000] {taskinstance.py:3280} INFO - 1 downstream tasks scheduled from follow-on schedule check
