[2025-06-03T20:29:50.107+0000] {taskinstance.py:1956} INFO - Dependencies all met for dep_context=non-requeueable deps ti=<TaskInstance: dag_with_postgres_operator_v01.insert_into_table scheduled__2025-06-02T00:00:00+00:00 [queued]>
[2025-06-03T20:29:50.125+0000] {taskinstance.py:1956} INFO - Dependencies all met for dep_context=requeueable deps ti=<TaskInstance: dag_with_postgres_operator_v01.insert_into_table scheduled__2025-06-02T00:00:00+00:00 [queued]>
[2025-06-03T20:29:50.127+0000] {taskinstance.py:2170} INFO - Starting attempt 1 of 6
[2025-06-03T20:29:50.153+0000] {taskinstance.py:2191} INFO - Executing <Task(PostgresOperator): insert_into_table> on 2025-06-02 00:00:00+00:00
[2025-06-03T20:29:50.165+0000] {standard_task_runner.py:60} INFO - Started process 62971 to run task
[2025-06-03T20:29:50.171+0000] {standard_task_runner.py:87} INFO - Running: ['***', 'tasks', 'run', 'dag_with_postgres_operator_v01', 'insert_into_table', 'scheduled__2025-06-02T00:00:00+00:00', '--job-id', '377', '--raw', '--subdir', 'DAGS_FOLDER/postgresql_dag.py', '--cfg-path', '/tmp/tmpk0laoezw']
[2025-06-03T20:29:50.174+0000] {standard_task_runner.py:88} INFO - Job 377: Subtask insert_into_table
[2025-06-03T20:29:50.272+0000] {task_command.py:423} INFO - Running <TaskInstance: dag_with_postgres_operator_v01.insert_into_table scheduled__2025-06-02T00:00:00+00:00 [running]> on host 4bea2aab752f
[2025-06-03T20:29:50.406+0000] {taskinstance.py:2480} INFO - Exporting env vars: AIRFLOW_CTX_DAG_OWNER='coder2j' AIRFLOW_CTX_DAG_ID='dag_with_postgres_operator_v01' AIRFLOW_CTX_TASK_ID='insert_into_table' AIRFLOW_CTX_EXECUTION_DATE='2025-06-02T00:00:00+00:00' AIRFLOW_CTX_TRY_NUMBER='1' AIRFLOW_CTX_DAG_RUN_ID='scheduled__2025-06-02T00:00:00+00:00'
[2025-06-03T20:29:50.408+0000] {sql.py:276} INFO - Executing: 
            insert into dag_runs (dt, dag_id) values ('2025-06-02', 'dag_with_postgres_operator_v01')
        
[2025-06-03T20:29:50.421+0000] {base.py:83} INFO - Using connection ID 'postgres_localhost' for task execution.
[2025-06-03T20:29:50.441+0000] {base.py:83} INFO - Using connection ID 'postgres_localhost' for task execution.
[2025-06-03T20:29:50.492+0000] {sql.py:450} INFO - Running statement: 
            insert into dag_runs (dt, dag_id) values ('2025-06-02', 'dag_with_postgres_operator_v01')
        , parameters: None
[2025-06-03T20:29:50.505+0000] {sql.py:459} INFO - Rows affected: 1
[2025-06-03T20:29:50.531+0000] {taskinstance.py:1138} INFO - Marking task as SUCCESS. dag_id=dag_with_postgres_operator_v01, task_id=insert_into_table, execution_date=20250602T000000, start_date=20250603T202950, end_date=20250603T202950
[2025-06-03T20:29:50.585+0000] {local_task_job_runner.py:234} INFO - Task exited with return code 0
[2025-06-03T20:29:50.615+0000] {taskinstance.py:3280} INFO - 0 downstream tasks scheduled from follow-on schedule check
[2025-06-05T16:04:20.932+0000] {taskinstance.py:1956} INFO - Dependencies all met for dep_context=non-requeueable deps ti=<TaskInstance: dag_with_postgres_operator_v01.insert_into_table scheduled__2025-06-02T00:00:00+00:00 [queued]>
[2025-06-05T16:04:20.949+0000] {taskinstance.py:1956} INFO - Dependencies all met for dep_context=requeueable deps ti=<TaskInstance: dag_with_postgres_operator_v01.insert_into_table scheduled__2025-06-02T00:00:00+00:00 [queued]>
[2025-06-05T16:04:20.952+0000] {taskinstance.py:2170} INFO - Starting attempt 1 of 6
[2025-06-05T16:04:20.976+0000] {taskinstance.py:2191} INFO - Executing <Task(PostgresOperator): insert_into_table> on 2025-06-02 00:00:00+00:00
[2025-06-05T16:04:20.981+0000] {standard_task_runner.py:60} INFO - Started process 51151 to run task
[2025-06-05T16:04:20.987+0000] {standard_task_runner.py:87} INFO - Running: ['***', 'tasks', 'run', 'dag_with_postgres_operator_v01', 'insert_into_table', 'scheduled__2025-06-02T00:00:00+00:00', '--job-id', '89', '--raw', '--subdir', 'DAGS_FOLDER/postgresql_dag.py', '--cfg-path', '/tmp/tmptv7flshw']
[2025-06-05T16:04:20.989+0000] {standard_task_runner.py:88} INFO - Job 89: Subtask insert_into_table
[2025-06-05T16:04:21.119+0000] {task_command.py:423} INFO - Running <TaskInstance: dag_with_postgres_operator_v01.insert_into_table scheduled__2025-06-02T00:00:00+00:00 [running]> on host 14aa2e8b0b7d
[2025-06-05T16:04:21.319+0000] {taskinstance.py:2480} INFO - Exporting env vars: AIRFLOW_CTX_DAG_OWNER='coder2j' AIRFLOW_CTX_DAG_ID='dag_with_postgres_operator_v01' AIRFLOW_CTX_TASK_ID='insert_into_table' AIRFLOW_CTX_EXECUTION_DATE='2025-06-02T00:00:00+00:00' AIRFLOW_CTX_TRY_NUMBER='1' AIRFLOW_CTX_DAG_RUN_ID='scheduled__2025-06-02T00:00:00+00:00'
[2025-06-05T16:04:21.324+0000] {sql.py:276} INFO - Executing: 
            insert into dag_runs (dt, dag_id) values ('2025-06-02', 'dag_with_postgres_operator_v01')
        
[2025-06-05T16:04:21.347+0000] {base.py:83} INFO - Using connection ID 'postgres_localhost' for task execution.
[2025-06-05T16:04:21.400+0000] {base.py:83} INFO - Using connection ID 'postgres_localhost' for task execution.
[2025-06-05T16:04:21.483+0000] {sql.py:450} INFO - Running statement: 
            insert into dag_runs (dt, dag_id) values ('2025-06-02', 'dag_with_postgres_operator_v01')
        , parameters: None
[2025-06-05T16:04:21.498+0000] {sql.py:459} INFO - Rows affected: 1
[2025-06-05T16:04:21.537+0000] {taskinstance.py:1138} INFO - Marking task as SUCCESS. dag_id=dag_with_postgres_operator_v01, task_id=insert_into_table, execution_date=20250602T000000, start_date=20250605T160420, end_date=20250605T160421
[2025-06-05T16:04:21.569+0000] {local_task_job_runner.py:234} INFO - Task exited with return code 0
[2025-06-05T16:04:21.604+0000] {taskinstance.py:3280} INFO - 0 downstream tasks scheduled from follow-on schedule check
