[2025-06-03T20:31:46.869+0000] {taskinstance.py:1956} INFO - Dependencies all met for dep_context=non-requeueable deps ti=<TaskInstance: dag_with_postgres_operator_v01.create_postgres_table scheduled__2025-05-31T00:00:00+00:00 [queued]>
[2025-06-03T20:31:46.879+0000] {taskinstance.py:1956} INFO - Dependencies all met for dep_context=requeueable deps ti=<TaskInstance: dag_with_postgres_operator_v01.create_postgres_table scheduled__2025-05-31T00:00:00+00:00 [queued]>
[2025-06-03T20:31:46.880+0000] {taskinstance.py:2170} INFO - Starting attempt 2 of 7
[2025-06-03T20:31:46.898+0000] {taskinstance.py:2191} INFO - Executing <Task(PostgresOperator): create_postgres_table> on 2025-05-31 00:00:00+00:00
[2025-06-03T20:31:46.906+0000] {standard_task_runner.py:60} INFO - Started process 64814 to run task
[2025-06-03T20:31:46.912+0000] {standard_task_runner.py:87} INFO - Running: ['***', 'tasks', 'run', 'dag_with_postgres_operator_v01', 'create_postgres_table', 'scheduled__2025-05-31T00:00:00+00:00', '--job-id', '378', '--raw', '--subdir', 'DAGS_FOLDER/postgresql_dag.py', '--cfg-path', '/tmp/tmp6mp98ii9']
[2025-06-03T20:31:46.914+0000] {standard_task_runner.py:88} INFO - Job 378: Subtask create_postgres_table
[2025-06-03T20:31:47.137+0000] {task_command.py:423} INFO - Running <TaskInstance: dag_with_postgres_operator_v01.create_postgres_table scheduled__2025-05-31T00:00:00+00:00 [running]> on host 4bea2aab752f
[2025-06-03T20:31:47.303+0000] {taskinstance.py:2480} INFO - Exporting env vars: AIRFLOW_CTX_DAG_OWNER='coder2j' AIRFLOW_CTX_DAG_ID='dag_with_postgres_operator_v01' AIRFLOW_CTX_TASK_ID='create_postgres_table' AIRFLOW_CTX_EXECUTION_DATE='2025-05-31T00:00:00+00:00' AIRFLOW_CTX_TRY_NUMBER='2' AIRFLOW_CTX_DAG_RUN_ID='scheduled__2025-05-31T00:00:00+00:00'
[2025-06-03T20:31:47.305+0000] {sql.py:276} INFO - Executing: 
            create table if not exists dag_runs (
                dt date,
                dag_id character varying,
                primary key (dt, dag_id)
            )
        
[2025-06-03T20:31:47.353+0000] {base.py:83} INFO - Using connection ID 'postgres_localhost' for task execution.
[2025-06-03T20:31:47.398+0000] {base.py:83} INFO - Using connection ID 'postgres_localhost' for task execution.
[2025-06-03T20:31:47.441+0000] {sql.py:450} INFO - Running statement: 
            create table if not exists dag_runs (
                dt date,
                dag_id character varying,
                primary key (dt, dag_id)
            )
        , parameters: None
[2025-06-03T20:31:47.465+0000] {taskinstance.py:1138} INFO - Marking task as SUCCESS. dag_id=dag_with_postgres_operator_v01, task_id=create_postgres_table, execution_date=20250531T000000, start_date=20250603T203146, end_date=20250603T203147
[2025-06-03T20:31:47.490+0000] {local_task_job_runner.py:234} INFO - Task exited with return code 0
[2025-06-03T20:31:47.527+0000] {taskinstance.py:3280} INFO - 1 downstream tasks scheduled from follow-on schedule check
