[2025-06-05T16:06:39.298+0000] {taskinstance.py:1956} INFO - Dependencies all met for dep_context=non-requeueable deps ti=<TaskInstance: dag_with_postgres_operator_v01.delete_data_from_table manual__2025-06-05T16:04:11.870740+00:00 [queued]>
[2025-06-05T16:06:39.313+0000] {taskinstance.py:1956} INFO - Dependencies all met for dep_context=requeueable deps ti=<TaskInstance: dag_with_postgres_operator_v01.delete_data_from_table manual__2025-06-05T16:04:11.870740+00:00 [queued]>
[2025-06-05T16:06:39.314+0000] {taskinstance.py:2170} INFO - Starting attempt 1 of 6
[2025-06-05T16:06:39.340+0000] {taskinstance.py:2191} INFO - Executing <Task(PostgresOperator): delete_data_from_table> on 2025-06-05 16:04:11.870740+00:00
[2025-06-05T16:06:39.348+0000] {standard_task_runner.py:60} INFO - Started process 53463 to run task
[2025-06-05T16:06:39.357+0000] {standard_task_runner.py:87} INFO - Running: ['***', 'tasks', 'run', 'dag_with_postgres_operator_v01', 'delete_data_from_table', 'manual__2025-06-05T16:04:11.870740+00:00', '--job-id', '94', '--raw', '--subdir', 'DAGS_FOLDER/postgresql_dag.py', '--cfg-path', '/tmp/tmpn422yie8']
[2025-06-05T16:06:39.360+0000] {standard_task_runner.py:88} INFO - Job 94: Subtask delete_data_from_table
[2025-06-05T16:06:39.503+0000] {task_command.py:423} INFO - Running <TaskInstance: dag_with_postgres_operator_v01.delete_data_from_table manual__2025-06-05T16:04:11.870740+00:00 [running]> on host 14aa2e8b0b7d
[2025-06-05T16:06:39.617+0000] {taskinstance.py:2480} INFO - Exporting env vars: AIRFLOW_CTX_DAG_OWNER='coder2j' AIRFLOW_CTX_DAG_ID='dag_with_postgres_operator_v01' AIRFLOW_CTX_TASK_ID='delete_data_from_table' AIRFLOW_CTX_EXECUTION_DATE='2025-06-05T16:04:11.870740+00:00' AIRFLOW_CTX_TRY_NUMBER='1' AIRFLOW_CTX_DAG_RUN_ID='manual__2025-06-05T16:04:11.870740+00:00'
[2025-06-05T16:06:39.619+0000] {sql.py:276} INFO - Executing: 
            delete from dag_runs where dt = '2025-06-05' and dag_id = 'dag_with_postgres_operator_v01';
        
[2025-06-05T16:06:39.633+0000] {base.py:83} INFO - Using connection ID 'postgres_localhost' for task execution.
[2025-06-05T16:06:39.646+0000] {base.py:83} INFO - Using connection ID 'postgres_localhost' for task execution.
[2025-06-05T16:06:39.680+0000] {sql.py:450} INFO - Running statement: 
            delete from dag_runs where dt = '2025-06-05' and dag_id = 'dag_with_postgres_operator_v01';
        , parameters: None
[2025-06-05T16:06:39.689+0000] {sql.py:459} INFO - Rows affected: 0
[2025-06-05T16:06:39.707+0000] {taskinstance.py:1138} INFO - Marking task as SUCCESS. dag_id=dag_with_postgres_operator_v01, task_id=delete_data_from_table, execution_date=20250605T160411, start_date=20250605T160639, end_date=20250605T160639
[2025-06-05T16:06:39.734+0000] {local_task_job_runner.py:234} INFO - Task exited with return code 0
[2025-06-05T16:06:39.805+0000] {taskinstance.py:3280} INFO - 1 downstream tasks scheduled from follow-on schedule check
