[2025-06-06T13:51:47.960+0000] {taskinstance.py:1956} INFO - Dependencies all met for dep_context=non-requeueable deps ti=<TaskInstance: dag_with_postgres_operator_v01.insert_into_table scheduled__2025-06-05T00:00:00+00:00 [queued]>
[2025-06-06T13:51:47.989+0000] {taskinstance.py:1956} INFO - Dependencies all met for dep_context=requeueable deps ti=<TaskInstance: dag_with_postgres_operator_v01.insert_into_table scheduled__2025-06-05T00:00:00+00:00 [queued]>
[2025-06-06T13:51:47.999+0000] {taskinstance.py:2170} INFO - Starting attempt 1 of 6
[2025-06-06T13:51:48.062+0000] {taskinstance.py:2191} INFO - Executing <Task(PostgresOperator): insert_into_table> on 2025-06-05 00:00:00+00:00
[2025-06-06T13:51:48.079+0000] {standard_task_runner.py:60} INFO - Started process 4158 to run task
[2025-06-06T13:51:48.084+0000] {standard_task_runner.py:87} INFO - Running: ['***', 'tasks', 'run', 'dag_with_postgres_operator_v01', 'insert_into_table', 'scheduled__2025-06-05T00:00:00+00:00', '--job-id', '242', '--raw', '--subdir', 'DAGS_FOLDER/postgresql_dag.py', '--cfg-path', '/tmp/tmp7yddicer']
[2025-06-06T13:51:48.093+0000] {standard_task_runner.py:88} INFO - Job 242: Subtask insert_into_table
[2025-06-06T13:51:48.292+0000] {task_command.py:423} INFO - Running <TaskInstance: dag_with_postgres_operator_v01.insert_into_table scheduled__2025-06-05T00:00:00+00:00 [running]> on host 130e285787a3
[2025-06-06T13:51:48.481+0000] {taskinstance.py:2480} INFO - Exporting env vars: AIRFLOW_CTX_DAG_OWNER='coder2j' AIRFLOW_CTX_DAG_ID='dag_with_postgres_operator_v01' AIRFLOW_CTX_TASK_ID='insert_into_table' AIRFLOW_CTX_EXECUTION_DATE='2025-06-05T00:00:00+00:00' AIRFLOW_CTX_TRY_NUMBER='1' AIRFLOW_CTX_DAG_RUN_ID='scheduled__2025-06-05T00:00:00+00:00'
[2025-06-06T13:51:48.484+0000] {sql.py:276} INFO - Executing: 
            insert into dag_runs (dt, dag_id) values ('2025-06-05', 'dag_with_postgres_operator_v01')
        
[2025-06-06T13:51:48.509+0000] {base.py:83} INFO - Using connection ID 'postgres_localhost' for task execution.
[2025-06-06T13:51:48.528+0000] {base.py:83} INFO - Using connection ID 'postgres_localhost' for task execution.
[2025-06-06T13:51:48.616+0000] {sql.py:450} INFO - Running statement: 
            insert into dag_runs (dt, dag_id) values ('2025-06-05', 'dag_with_postgres_operator_v01')
        , parameters: None
[2025-06-06T13:51:48.625+0000] {sql.py:459} INFO - Rows affected: 1
[2025-06-06T13:51:48.652+0000] {taskinstance.py:1138} INFO - Marking task as SUCCESS. dag_id=dag_with_postgres_operator_v01, task_id=insert_into_table, execution_date=20250605T000000, start_date=20250606T135147, end_date=20250606T135148
[2025-06-06T13:51:48.696+0000] {local_task_job_runner.py:234} INFO - Task exited with return code 0
[2025-06-06T13:51:48.793+0000] {taskinstance.py:3280} INFO - 0 downstream tasks scheduled from follow-on schedule check
