[2025-06-03T20:10:01.523+0000] {taskinstance.py:1956} INFO - Dependencies all met for dep_context=non-requeueable deps ti=<TaskInstance: dag_with_postgres_operator_v01.create_postgres_table manual__2025-06-03T20:10:00.386871+00:00 [queued]>
[2025-06-03T20:10:01.538+0000] {taskinstance.py:1956} INFO - Dependencies all met for dep_context=requeueable deps ti=<TaskInstance: dag_with_postgres_operator_v01.create_postgres_table manual__2025-06-03T20:10:00.386871+00:00 [queued]>
[2025-06-03T20:10:01.539+0000] {taskinstance.py:2170} INFO - Starting attempt 1 of 6
[2025-06-03T20:10:01.571+0000] {taskinstance.py:2191} INFO - Executing <Task(PostgresOperator): create_postgres_table> on 2025-06-03 20:10:00.386871+00:00
[2025-06-03T20:10:01.583+0000] {standard_task_runner.py:60} INFO - Started process 43808 to run task
[2025-06-03T20:10:01.591+0000] {standard_task_runner.py:87} INFO - Running: ['***', 'tasks', 'run', 'dag_with_postgres_operator_v01', 'create_postgres_table', 'manual__2025-06-03T20:10:00.386871+00:00', '--job-id', '361', '--raw', '--subdir', 'DAGS_FOLDER/postgresql_dag.py', '--cfg-path', '/tmp/tmpnpq204rp']
[2025-06-03T20:10:01.595+0000] {standard_task_runner.py:88} INFO - Job 361: Subtask create_postgres_table
[2025-06-03T20:10:01.784+0000] {task_command.py:423} INFO - Running <TaskInstance: dag_with_postgres_operator_v01.create_postgres_table manual__2025-06-03T20:10:00.386871+00:00 [running]> on host 4bea2aab752f
[2025-06-03T20:10:02.103+0000] {taskinstance.py:2480} INFO - Exporting env vars: AIRFLOW_CTX_DAG_OWNER='coder2j' AIRFLOW_CTX_DAG_ID='dag_with_postgres_operator_v01' AIRFLOW_CTX_TASK_ID='create_postgres_table' AIRFLOW_CTX_EXECUTION_DATE='2025-06-03T20:10:00.386871+00:00' AIRFLOW_CTX_TRY_NUMBER='1' AIRFLOW_CTX_DAG_RUN_ID='manual__2025-06-03T20:10:00.386871+00:00'
[2025-06-03T20:10:02.111+0000] {sql.py:276} INFO - Executing: 
            create table if not exists dag_runs (
                dt date,
                dag_id character varying,
                primary key (dt, dag_id)
            )
        
[2025-06-03T20:10:02.149+0000] {base.py:83} INFO - Using connection ID 'postgres_localhost' for task execution.
[2025-06-03T20:10:02.187+0000] {base.py:83} INFO - Using connection ID 'postgres_localhost' for task execution.
[2025-06-03T20:10:02.254+0000] {sql.py:450} INFO - Running statement: 
            create table if not exists dag_runs (
                dt date,
                dag_id character varying,
                primary key (dt, dag_id)
            )
        , parameters: None
[2025-06-03T20:10:02.283+0000] {taskinstance.py:1138} INFO - Marking task as SUCCESS. dag_id=dag_with_postgres_operator_v01, task_id=create_postgres_table, execution_date=20250603T201000, start_date=20250603T201001, end_date=20250603T201002
[2025-06-03T20:10:02.325+0000] {local_task_job_runner.py:234} INFO - Task exited with return code 0
[2025-06-03T20:10:02.359+0000] {taskinstance.py:3280} INFO - 1 downstream tasks scheduled from follow-on schedule check
