[2025-06-05T16:07:29.934+0000] {taskinstance.py:1956} INFO - Dependencies all met for dep_context=non-requeueable deps ti=<TaskInstance: dag_with_postgres_operator_v01.create_postgres_table manual__2025-06-05T16:04:11.870740+00:00 [queued]>
[2025-06-05T16:07:29.953+0000] {taskinstance.py:1956} INFO - Dependencies all met for dep_context=requeueable deps ti=<TaskInstance: dag_with_postgres_operator_v01.create_postgres_table manual__2025-06-05T16:04:11.870740+00:00 [queued]>
[2025-06-05T16:07:29.959+0000] {taskinstance.py:2170} INFO - Starting attempt 3 of 8
[2025-06-05T16:07:29.978+0000] {taskinstance.py:2191} INFO - Executing <Task(PostgresOperator): create_postgres_table> on 2025-06-05 16:04:11.870740+00:00
[2025-06-05T16:07:29.984+0000] {standard_task_runner.py:60} INFO - Started process 54286 to run task
[2025-06-05T16:07:29.990+0000] {standard_task_runner.py:87} INFO - Running: ['***', 'tasks', 'run', 'dag_with_postgres_operator_v01', 'create_postgres_table', 'manual__2025-06-05T16:04:11.870740+00:00', '--job-id', '99', '--raw', '--subdir', 'DAGS_FOLDER/postgresql_dag.py', '--cfg-path', '/tmp/tmpihy7_hfw']
[2025-06-05T16:07:29.992+0000] {standard_task_runner.py:88} INFO - Job 99: Subtask create_postgres_table
[2025-06-05T16:07:30.084+0000] {task_command.py:423} INFO - Running <TaskInstance: dag_with_postgres_operator_v01.create_postgres_table manual__2025-06-05T16:04:11.870740+00:00 [running]> on host 14aa2e8b0b7d
[2025-06-05T16:07:30.204+0000] {taskinstance.py:2480} INFO - Exporting env vars: AIRFLOW_CTX_DAG_OWNER='coder2j' AIRFLOW_CTX_DAG_ID='dag_with_postgres_operator_v01' AIRFLOW_CTX_TASK_ID='create_postgres_table' AIRFLOW_CTX_EXECUTION_DATE='2025-06-05T16:04:11.870740+00:00' AIRFLOW_CTX_TRY_NUMBER='3' AIRFLOW_CTX_DAG_RUN_ID='manual__2025-06-05T16:04:11.870740+00:00'
[2025-06-05T16:07:30.205+0000] {sql.py:276} INFO - Executing: 
            create table if not exists dag_runs (
                dt date,
                dag_id character varying,
                primary key (dt, dag_id)
            )
        
[2025-06-05T16:07:30.221+0000] {base.py:83} INFO - Using connection ID 'postgres_localhost' for task execution.
[2025-06-05T16:07:30.241+0000] {base.py:83} INFO - Using connection ID 'postgres_localhost' for task execution.
[2025-06-05T16:07:30.276+0000] {sql.py:450} INFO - Running statement: 
            create table if not exists dag_runs (
                dt date,
                dag_id character varying,
                primary key (dt, dag_id)
            )
        , parameters: None
[2025-06-05T16:07:30.310+0000] {taskinstance.py:1138} INFO - Marking task as SUCCESS. dag_id=dag_with_postgres_operator_v01, task_id=create_postgres_table, execution_date=20250605T160411, start_date=20250605T160729, end_date=20250605T160730
[2025-06-05T16:07:30.365+0000] {local_task_job_runner.py:234} INFO - Task exited with return code 0
[2025-06-05T16:07:30.407+0000] {taskinstance.py:3280} INFO - 1 downstream tasks scheduled from follow-on schedule check
