[2025-06-04T14:52:46.672+0000] {taskinstance.py:1956} INFO - Dependencies all met for dep_context=non-requeueable deps ti=<TaskInstance: dag_with_postgres_operator_v01.create_postgres_table scheduled__2025-06-03T00:00:00+00:00 [queued]>
[2025-06-04T14:52:46.702+0000] {taskinstance.py:1956} INFO - Dependencies all met for dep_context=requeueable deps ti=<TaskInstance: dag_with_postgres_operator_v01.create_postgres_table scheduled__2025-06-03T00:00:00+00:00 [queued]>
[2025-06-04T14:52:46.704+0000] {taskinstance.py:2170} INFO - Starting attempt 1 of 6
[2025-06-04T14:52:46.735+0000] {taskinstance.py:2191} INFO - Executing <Task(PostgresOperator): create_postgres_table> on 2025-06-03 00:00:00+00:00
[2025-06-04T14:52:46.750+0000] {standard_task_runner.py:60} INFO - Started process 222 to run task
[2025-06-04T14:52:46.765+0000] {standard_task_runner.py:87} INFO - Running: ['***', 'tasks', 'run', 'dag_with_postgres_operator_v01', 'create_postgres_table', 'scheduled__2025-06-03T00:00:00+00:00', '--job-id', '386', '--raw', '--subdir', 'DAGS_FOLDER/postgresql_dag.py', '--cfg-path', '/tmp/tmpnufvowfn']
[2025-06-04T14:52:46.768+0000] {standard_task_runner.py:88} INFO - Job 386: Subtask create_postgres_table
[2025-06-04T14:52:46.932+0000] {task_command.py:423} INFO - Running <TaskInstance: dag_with_postgres_operator_v01.create_postgres_table scheduled__2025-06-03T00:00:00+00:00 [running]> on host 43a1f6455cfb
[2025-06-04T14:52:47.126+0000] {taskinstance.py:2480} INFO - Exporting env vars: AIRFLOW_CTX_DAG_OWNER='coder2j' AIRFLOW_CTX_DAG_ID='dag_with_postgres_operator_v01' AIRFLOW_CTX_TASK_ID='create_postgres_table' AIRFLOW_CTX_EXECUTION_DATE='2025-06-03T00:00:00+00:00' AIRFLOW_CTX_TRY_NUMBER='1' AIRFLOW_CTX_DAG_RUN_ID='scheduled__2025-06-03T00:00:00+00:00'
[2025-06-04T14:52:47.129+0000] {sql.py:276} INFO - Executing: 
            create table if not exists dag_runs (
                dt date,
                dag_id character varying,
                primary key (dt, dag_id)
            )
        
[2025-06-04T14:52:47.158+0000] {base.py:83} INFO - Using connection ID 'postgres_localhost' for task execution.
[2025-06-04T14:52:47.202+0000] {base.py:83} INFO - Using connection ID 'postgres_localhost' for task execution.
[2025-06-04T14:52:47.253+0000] {sql.py:450} INFO - Running statement: 
            create table if not exists dag_runs (
                dt date,
                dag_id character varying,
                primary key (dt, dag_id)
            )
        , parameters: None
[2025-06-04T14:52:47.296+0000] {taskinstance.py:1138} INFO - Marking task as SUCCESS. dag_id=dag_with_postgres_operator_v01, task_id=create_postgres_table, execution_date=20250603T000000, start_date=20250604T145246, end_date=20250604T145247
[2025-06-04T14:52:47.338+0000] {local_task_job_runner.py:234} INFO - Task exited with return code 0
[2025-06-04T14:52:47.409+0000] {taskinstance.py:3280} INFO - 1 downstream tasks scheduled from follow-on schedule check
[2025-06-05T16:04:16.647+0000] {taskinstance.py:1956} INFO - Dependencies all met for dep_context=non-requeueable deps ti=<TaskInstance: dag_with_postgres_operator_v01.create_postgres_table scheduled__2025-06-03T00:00:00+00:00 [queued]>
[2025-06-05T16:04:16.669+0000] {taskinstance.py:1956} INFO - Dependencies all met for dep_context=requeueable deps ti=<TaskInstance: dag_with_postgres_operator_v01.create_postgres_table scheduled__2025-06-03T00:00:00+00:00 [queued]>
[2025-06-05T16:04:16.672+0000] {taskinstance.py:2170} INFO - Starting attempt 1 of 6
[2025-06-05T16:04:16.704+0000] {taskinstance.py:2191} INFO - Executing <Task(PostgresOperator): create_postgres_table> on 2025-06-03 00:00:00+00:00
[2025-06-05T16:04:16.714+0000] {standard_task_runner.py:60} INFO - Started process 51069 to run task
[2025-06-05T16:04:16.741+0000] {standard_task_runner.py:87} INFO - Running: ['***', 'tasks', 'run', 'dag_with_postgres_operator_v01', 'create_postgres_table', 'scheduled__2025-06-03T00:00:00+00:00', '--job-id', '79', '--raw', '--subdir', 'DAGS_FOLDER/postgresql_dag.py', '--cfg-path', '/tmp/tmp4x8z2lpy']
[2025-06-05T16:04:16.757+0000] {standard_task_runner.py:88} INFO - Job 79: Subtask create_postgres_table
[2025-06-05T16:04:16.894+0000] {task_command.py:423} INFO - Running <TaskInstance: dag_with_postgres_operator_v01.create_postgres_table scheduled__2025-06-03T00:00:00+00:00 [running]> on host 14aa2e8b0b7d
[2025-06-05T16:04:17.142+0000] {taskinstance.py:2480} INFO - Exporting env vars: AIRFLOW_CTX_DAG_OWNER='coder2j' AIRFLOW_CTX_DAG_ID='dag_with_postgres_operator_v01' AIRFLOW_CTX_TASK_ID='create_postgres_table' AIRFLOW_CTX_EXECUTION_DATE='2025-06-03T00:00:00+00:00' AIRFLOW_CTX_TRY_NUMBER='1' AIRFLOW_CTX_DAG_RUN_ID='scheduled__2025-06-03T00:00:00+00:00'
[2025-06-05T16:04:17.150+0000] {sql.py:276} INFO - Executing: 
            create table if not exists dag_runs (
                dt date,
                dag_id character varying,
                primary key (dt, dag_id)
            )
        
[2025-06-05T16:04:17.176+0000] {base.py:83} INFO - Using connection ID 'postgres_localhost' for task execution.
[2025-06-05T16:04:17.271+0000] {base.py:83} INFO - Using connection ID 'postgres_localhost' for task execution.
[2025-06-05T16:04:17.348+0000] {sql.py:450} INFO - Running statement: 
            create table if not exists dag_runs (
                dt date,
                dag_id character varying,
                primary key (dt, dag_id)
            )
        , parameters: None
[2025-06-05T16:04:17.395+0000] {taskinstance.py:1138} INFO - Marking task as SUCCESS. dag_id=dag_with_postgres_operator_v01, task_id=create_postgres_table, execution_date=20250603T000000, start_date=20250605T160416, end_date=20250605T160417
[2025-06-05T16:04:17.445+0000] {local_task_job_runner.py:234} INFO - Task exited with return code 0
[2025-06-05T16:04:17.504+0000] {taskinstance.py:3280} INFO - 1 downstream tasks scheduled from follow-on schedule check
