[2025-06-05T18:22:14.169+0000] {taskinstance.py:1956} INFO - Dependencies all met for dep_context=non-requeueable deps ti=<TaskInstance: postgres_etl.create_table manual__2025-06-05T18:22:11.916496+00:00 [queued]>
[2025-06-05T18:22:14.187+0000] {taskinstance.py:1956} INFO - Dependencies all met for dep_context=requeueable deps ti=<TaskInstance: postgres_etl.create_table manual__2025-06-05T18:22:11.916496+00:00 [queued]>
[2025-06-05T18:22:14.188+0000] {taskinstance.py:2170} INFO - Starting attempt 1 of 4
[2025-06-05T18:22:14.204+0000] {taskinstance.py:2191} INFO - Executing <Task(PostgresOperator): create_table> on 2025-06-05 18:22:11.916496+00:00
[2025-06-05T18:22:14.215+0000] {standard_task_runner.py:60} INFO - Started process 23329 to run task
[2025-06-05T18:22:14.224+0000] {standard_task_runner.py:87} INFO - Running: ['***', 'tasks', 'run', 'postgres_etl', 'create_table', 'manual__2025-06-05T18:22:11.916496+00:00', '--job-id', '154', '--raw', '--subdir', 'DAGS_FOLDER/postgres_etl.py', '--cfg-path', '/tmp/tmphknuevc5']
[2025-06-05T18:22:14.229+0000] {standard_task_runner.py:88} INFO - Job 154: Subtask create_table
[2025-06-05T18:22:14.777+0000] {task_command.py:423} INFO - Running <TaskInstance: postgres_etl.create_table manual__2025-06-05T18:22:11.916496+00:00 [running]> on host 130e285787a3
[2025-06-05T18:22:14.935+0000] {taskinstance.py:2480} INFO - Exporting env vars: AIRFLOW_CTX_DAG_OWNER='Pavan Kumar Kodavali' AIRFLOW_CTX_DAG_ID='postgres_etl' AIRFLOW_CTX_TASK_ID='create_table' AIRFLOW_CTX_EXECUTION_DATE='2025-06-05T18:22:11.916496+00:00' AIRFLOW_CTX_TRY_NUMBER='1' AIRFLOW_CTX_DAG_RUN_ID='manual__2025-06-05T18:22:11.916496+00:00'
[2025-06-05T18:22:14.938+0000] {sql.py:276} INFO - Executing: 
                create table if not exists iris(
                iris_id real primary key,
                iris_sepal_length real,
                iris_sepal_width real,
                iris_petal_length real,
                iris_petal_width real,
                iris_variety character varying
                );
              
[2025-06-05T18:22:14.955+0000] {base.py:83} INFO - Using connection ID 'postgres_localhost' for task execution.
[2025-06-05T18:22:14.972+0000] {base.py:83} INFO - Using connection ID 'postgres_localhost' for task execution.
[2025-06-05T18:22:15.009+0000] {sql.py:450} INFO - Running statement: 
                create table if not exists iris(
                iris_id real primary key,
                iris_sepal_length real,
                iris_sepal_width real,
                iris_petal_length real,
                iris_petal_width real,
                iris_variety character varying
                );
              , parameters: None
[2025-06-05T18:22:15.039+0000] {taskinstance.py:1138} INFO - Marking task as SUCCESS. dag_id=postgres_etl, task_id=create_table, execution_date=20250605T182211, start_date=20250605T182214, end_date=20250605T182215
[2025-06-05T18:22:15.081+0000] {local_task_job_runner.py:234} INFO - Task exited with return code 0
[2025-06-05T18:22:15.308+0000] {taskinstance.py:3280} INFO - 1 downstream tasks scheduled from follow-on schedule check
