[2025-06-03T20:29:48.637+0000] {taskinstance.py:1956} INFO - Dependencies all met for dep_context=non-requeueable deps ti=<TaskInstance: dag_with_postgres_operator_v01.insert_into_table manual__2025-06-03T20:29:43.535627+00:00 [queued]>
[2025-06-03T20:29:48.656+0000] {taskinstance.py:1956} INFO - Dependencies all met for dep_context=requeueable deps ti=<TaskInstance: dag_with_postgres_operator_v01.insert_into_table manual__2025-06-03T20:29:43.535627+00:00 [queued]>
[2025-06-03T20:29:48.657+0000] {taskinstance.py:2170} INFO - Starting attempt 1 of 6
[2025-06-03T20:29:48.681+0000] {taskinstance.py:2191} INFO - Executing <Task(PostgresOperator): insert_into_table> on 2025-06-03 20:29:43.535627+00:00
[2025-06-03T20:29:48.693+0000] {standard_task_runner.py:60} INFO - Started process 62945 to run task
[2025-06-03T20:29:48.697+0000] {standard_task_runner.py:87} INFO - Running: ['***', 'tasks', 'run', 'dag_with_postgres_operator_v01', 'insert_into_table', 'manual__2025-06-03T20:29:43.535627+00:00', '--job-id', '373', '--raw', '--subdir', 'DAGS_FOLDER/postgresql_dag.py', '--cfg-path', '/tmp/tmp455mijq7']
[2025-06-03T20:29:48.701+0000] {standard_task_runner.py:88} INFO - Job 373: Subtask insert_into_table
[2025-06-03T20:29:48.812+0000] {task_command.py:423} INFO - Running <TaskInstance: dag_with_postgres_operator_v01.insert_into_table manual__2025-06-03T20:29:43.535627+00:00 [running]> on host 4bea2aab752f
[2025-06-03T20:29:48.930+0000] {taskinstance.py:2480} INFO - Exporting env vars: AIRFLOW_CTX_DAG_OWNER='coder2j' AIRFLOW_CTX_DAG_ID='dag_with_postgres_operator_v01' AIRFLOW_CTX_TASK_ID='insert_into_table' AIRFLOW_CTX_EXECUTION_DATE='2025-06-03T20:29:43.535627+00:00' AIRFLOW_CTX_TRY_NUMBER='1' AIRFLOW_CTX_DAG_RUN_ID='manual__2025-06-03T20:29:43.535627+00:00'
[2025-06-03T20:29:48.933+0000] {sql.py:276} INFO - Executing: 
            insert into dag_runs (dt, dag_id) values ('2025-06-03', 'dag_with_postgres_operator_v01')
        
[2025-06-03T20:29:48.954+0000] {base.py:83} INFO - Using connection ID 'postgres_localhost' for task execution.
[2025-06-03T20:29:48.974+0000] {base.py:83} INFO - Using connection ID 'postgres_localhost' for task execution.
[2025-06-03T20:29:49.015+0000] {sql.py:450} INFO - Running statement: 
            insert into dag_runs (dt, dag_id) values ('2025-06-03', 'dag_with_postgres_operator_v01')
        , parameters: None
[2025-06-03T20:29:49.025+0000] {sql.py:459} INFO - Rows affected: 1
[2025-06-03T20:29:49.048+0000] {taskinstance.py:1138} INFO - Marking task as SUCCESS. dag_id=dag_with_postgres_operator_v01, task_id=insert_into_table, execution_date=20250603T202943, start_date=20250603T202948, end_date=20250603T202949
[2025-06-03T20:29:49.116+0000] {local_task_job_runner.py:234} INFO - Task exited with return code 0
[2025-06-03T20:29:49.139+0000] {taskinstance.py:3280} INFO - 0 downstream tasks scheduled from follow-on schedule check
