[2025-06-05T19:38:31.347+0000] {taskinstance.py:1956} INFO - Dependencies all met for dep_context=non-requeueable deps ti=<TaskInstance: data_processing.process_iris_data scheduled__2025-06-04T00:00:00+00:00 [queued]>
[2025-06-05T19:38:31.358+0000] {taskinstance.py:1956} INFO - Dependencies all met for dep_context=requeueable deps ti=<TaskInstance: data_processing.process_iris_data scheduled__2025-06-04T00:00:00+00:00 [queued]>
[2025-06-05T19:38:31.359+0000] {taskinstance.py:2170} INFO - Starting attempt 1 of 4
[2025-06-05T19:38:31.378+0000] {taskinstance.py:2191} INFO - Executing <Task(PythonOperator): process_iris_data> on 2025-06-04 00:00:00+00:00
[2025-06-05T19:38:31.388+0000] {standard_task_runner.py:60} INFO - Started process 97626 to run task
[2025-06-05T19:38:31.392+0000] {standard_task_runner.py:87} INFO - Running: ['***', 'tasks', 'run', 'data_processing', 'process_iris_data', 'scheduled__2025-06-04T00:00:00+00:00', '--job-id', '180', '--raw', '--subdir', 'DAGS_FOLDER/postgresql_data_processing.py', '--cfg-path', '/tmp/tmpa4twsqjr']
[2025-06-05T19:38:31.396+0000] {standard_task_runner.py:88} INFO - Job 180: Subtask process_iris_data
[2025-06-05T19:38:31.680+0000] {task_command.py:423} INFO - Running <TaskInstance: data_processing.process_iris_data scheduled__2025-06-04T00:00:00+00:00 [running]> on host 130e285787a3
[2025-06-05T19:38:31.785+0000] {taskinstance.py:2480} INFO - Exporting env vars: AIRFLOW_CTX_DAG_OWNER='Pavan Kumar Kodavali' AIRFLOW_CTX_DAG_ID='data_processing' AIRFLOW_CTX_TASK_ID='process_iris_data' AIRFLOW_CTX_EXECUTION_DATE='2025-06-04T00:00:00+00:00' AIRFLOW_CTX_TRY_NUMBER='1' AIRFLOW_CTX_DAG_RUN_ID='scheduled__2025-06-04T00:00:00+00:00'
[2025-06-05T19:38:31.804+0000] {taskinstance.py:2698} ERROR - Task failed with exception
Traceback (most recent call last):
  File "/home/airflow/.local/lib/python3.8/site-packages/airflow/models/taskinstance.py", line 433, in _execute_task
    result = execute_callable(context=context, **execute_callable_kwargs)
  File "/home/airflow/.local/lib/python3.8/site-packages/airflow/operators/python.py", line 199, in execute
    return_value = self.execute_callable()
  File "/home/airflow/.local/lib/python3.8/site-packages/airflow/operators/python.py", line 216, in execute_callable
    return self.python_callable(*self.op_args, **self.op_kwargs)
  File "/opt/airflow/dags/postgresql_data_processing.py", line 33, in process_iris_data
    df_iris = pd.DataFrame(
  File "/home/airflow/.local/lib/python3.8/site-packages/pandas/core/frame.py", line 798, in __init__
    mgr = ndarray_to_mgr(
  File "/home/airflow/.local/lib/python3.8/site-packages/pandas/core/internals/construction.py", line 337, in ndarray_to_mgr
    _check_values_indices_shape_match(values, index, columns)
  File "/home/airflow/.local/lib/python3.8/site-packages/pandas/core/internals/construction.py", line 408, in _check_values_indices_shape_match
    raise ValueError(f"Shape of passed values is {passed}, indices imply {implied}")
ValueError: Shape of passed values is (6, 1), indices imply (6, 6)
[2025-06-05T19:38:31.828+0000] {taskinstance.py:1138} INFO - Marking task as UP_FOR_RETRY. dag_id=data_processing, task_id=process_iris_data, execution_date=20250604T000000, start_date=20250605T193831, end_date=20250605T193831
[2025-06-05T19:38:31.849+0000] {standard_task_runner.py:107} ERROR - Failed to execute job 180 for task process_iris_data (Shape of passed values is (6, 1), indices imply (6, 6); 97626)
[2025-06-05T19:38:31.888+0000] {local_task_job_runner.py:234} INFO - Task exited with return code 1
[2025-06-05T19:38:32.074+0000] {taskinstance.py:3280} INFO - 0 downstream tasks scheduled from follow-on schedule check
[2025-06-05T19:40:51.422+0000] {taskinstance.py:1956} INFO - Dependencies all met for dep_context=non-requeueable deps ti=<TaskInstance: data_processing.process_iris_data scheduled__2025-06-04T00:00:00+00:00 [queued]>
[2025-06-05T19:40:51.446+0000] {taskinstance.py:1956} INFO - Dependencies all met for dep_context=requeueable deps ti=<TaskInstance: data_processing.process_iris_data scheduled__2025-06-04T00:00:00+00:00 [queued]>
[2025-06-05T19:40:51.447+0000] {taskinstance.py:2170} INFO - Starting attempt 1 of 4
[2025-06-05T19:40:51.466+0000] {taskinstance.py:2191} INFO - Executing <Task(PythonOperator): process_iris_data> on 2025-06-04 00:00:00+00:00
[2025-06-05T19:40:51.472+0000] {standard_task_runner.py:60} INFO - Started process 99934 to run task
[2025-06-05T19:40:51.477+0000] {standard_task_runner.py:87} INFO - Running: ['***', 'tasks', 'run', 'data_processing', 'process_iris_data', 'scheduled__2025-06-04T00:00:00+00:00', '--job-id', '188', '--raw', '--subdir', 'DAGS_FOLDER/postgresql_data_processing.py', '--cfg-path', '/tmp/tmpxe940m7l']
[2025-06-05T19:40:51.483+0000] {standard_task_runner.py:88} INFO - Job 188: Subtask process_iris_data
[2025-06-05T19:40:51.975+0000] {task_command.py:423} INFO - Running <TaskInstance: data_processing.process_iris_data scheduled__2025-06-04T00:00:00+00:00 [running]> on host 130e285787a3
[2025-06-05T19:40:52.079+0000] {taskinstance.py:2480} INFO - Exporting env vars: AIRFLOW_CTX_DAG_OWNER='Pavan Kumar Kodavali' AIRFLOW_CTX_DAG_ID='data_processing' AIRFLOW_CTX_TASK_ID='process_iris_data' AIRFLOW_CTX_EXECUTION_DATE='2025-06-04T00:00:00+00:00' AIRFLOW_CTX_TRY_NUMBER='1' AIRFLOW_CTX_DAG_RUN_ID='scheduled__2025-06-04T00:00:00+00:00'
[2025-06-05T19:40:52.097+0000] {taskinstance.py:2698} ERROR - Task failed with exception
Traceback (most recent call last):
  File "/home/airflow/.local/lib/python3.8/site-packages/airflow/models/taskinstance.py", line 433, in _execute_task
    result = execute_callable(context=context, **execute_callable_kwargs)
  File "/home/airflow/.local/lib/python3.8/site-packages/airflow/operators/python.py", line 199, in execute
    return_value = self.execute_callable()
  File "/home/airflow/.local/lib/python3.8/site-packages/airflow/operators/python.py", line 216, in execute_callable
    return self.python_callable(*self.op_args, **self.op_kwargs)
  File "/opt/airflow/dags/postgresql_data_processing.py", line 33, in process_iris_data
    df_iris = pd.DataFrame(
  File "/home/airflow/.local/lib/python3.8/site-packages/pandas/core/frame.py", line 798, in __init__
    mgr = ndarray_to_mgr(
  File "/home/airflow/.local/lib/python3.8/site-packages/pandas/core/internals/construction.py", line 337, in ndarray_to_mgr
    _check_values_indices_shape_match(values, index, columns)
  File "/home/airflow/.local/lib/python3.8/site-packages/pandas/core/internals/construction.py", line 408, in _check_values_indices_shape_match
    raise ValueError(f"Shape of passed values is {passed}, indices imply {implied}")
ValueError: Shape of passed values is (6, 1), indices imply (6, 6)
[2025-06-05T19:40:52.126+0000] {taskinstance.py:1138} INFO - Marking task as UP_FOR_RETRY. dag_id=data_processing, task_id=process_iris_data, execution_date=20250604T000000, start_date=20250605T194051, end_date=20250605T194052
[2025-06-05T19:40:52.141+0000] {standard_task_runner.py:107} ERROR - Failed to execute job 188 for task process_iris_data (Shape of passed values is (6, 1), indices imply (6, 6); 99934)
[2025-06-05T19:40:52.178+0000] {local_task_job_runner.py:234} INFO - Task exited with return code 1
[2025-06-05T19:40:52.446+0000] {taskinstance.py:3280} INFO - 0 downstream tasks scheduled from follow-on schedule check
[2025-06-05T19:43:15.693+0000] {taskinstance.py:1956} INFO - Dependencies all met for dep_context=non-requeueable deps ti=<TaskInstance: data_processing.process_iris_data scheduled__2025-06-04T00:00:00+00:00 [queued]>
[2025-06-05T19:43:15.706+0000] {taskinstance.py:1956} INFO - Dependencies all met for dep_context=requeueable deps ti=<TaskInstance: data_processing.process_iris_data scheduled__2025-06-04T00:00:00+00:00 [queued]>
[2025-06-05T19:43:15.707+0000] {taskinstance.py:2170} INFO - Starting attempt 1 of 4
[2025-06-05T19:43:15.722+0000] {taskinstance.py:2191} INFO - Executing <Task(PythonOperator): process_iris_data> on 2025-06-04 00:00:00+00:00
[2025-06-05T19:43:15.729+0000] {standard_task_runner.py:60} INFO - Started process 2641 to run task
[2025-06-05T19:43:15.736+0000] {standard_task_runner.py:87} INFO - Running: ['***', 'tasks', 'run', 'data_processing', 'process_iris_data', 'scheduled__2025-06-04T00:00:00+00:00', '--job-id', '191', '--raw', '--subdir', 'DAGS_FOLDER/postgresql_data_processing.py', '--cfg-path', '/tmp/tmpmw37c6x0']
[2025-06-05T19:43:15.740+0000] {standard_task_runner.py:88} INFO - Job 191: Subtask process_iris_data
[2025-06-05T19:43:16.122+0000] {task_command.py:423} INFO - Running <TaskInstance: data_processing.process_iris_data scheduled__2025-06-04T00:00:00+00:00 [running]> on host 130e285787a3
[2025-06-05T19:43:16.312+0000] {taskinstance.py:2480} INFO - Exporting env vars: AIRFLOW_CTX_DAG_OWNER='Pavan Kumar Kodavali' AIRFLOW_CTX_DAG_ID='data_processing' AIRFLOW_CTX_TASK_ID='process_iris_data' AIRFLOW_CTX_EXECUTION_DATE='2025-06-04T00:00:00+00:00' AIRFLOW_CTX_TRY_NUMBER='1' AIRFLOW_CTX_DAG_RUN_ID='scheduled__2025-06-04T00:00:00+00:00'
[2025-06-05T19:43:16.343+0000] {logging_mixin.py:188} INFO - Shape of Iris before data processing: (150, 6)
[2025-06-05T19:43:16.361+0000] {logging_mixin.py:188} INFO - Shape of Iris after data processing: (150, 7)
[2025-06-05T19:43:16.421+0000] {python.py:201} INFO - Done. Returned value was: None
[2025-06-05T19:43:16.447+0000] {taskinstance.py:1138} INFO - Marking task as SUCCESS. dag_id=data_processing, task_id=process_iris_data, execution_date=20250604T000000, start_date=20250605T194315, end_date=20250605T194316
[2025-06-05T19:43:16.478+0000] {local_task_job_runner.py:234} INFO - Task exited with return code 0
[2025-06-05T19:43:16.504+0000] {taskinstance.py:3280} INFO - 0 downstream tasks scheduled from follow-on schedule check
