[2025-06-04T14:52:49.660+0000] {taskinstance.py:1956} INFO - Dependencies all met for dep_context=non-requeueable deps ti=<TaskInstance: bashoperator_dag.list_files scheduled__2025-06-03T10:00:00+00:00 [queued]>
[2025-06-04T14:52:49.686+0000] {taskinstance.py:1956} INFO - Dependencies all met for dep_context=requeueable deps ti=<TaskInstance: bashoperator_dag.list_files scheduled__2025-06-03T10:00:00+00:00 [queued]>
[2025-06-04T14:52:49.687+0000] {taskinstance.py:2170} INFO - Starting attempt 1 of 4
[2025-06-04T14:52:49.738+0000] {taskinstance.py:2191} INFO - Executing <Task(BashOperator): list_files> on 2025-06-03 10:00:00+00:00
[2025-06-04T14:52:49.753+0000] {standard_task_runner.py:60} INFO - Started process 277 to run task
[2025-06-04T14:52:49.763+0000] {standard_task_runner.py:87} INFO - Running: ['***', 'tasks', 'run', 'bashoperator_dag', 'list_files', 'scheduled__2025-06-03T10:00:00+00:00', '--job-id', '387', '--raw', '--subdir', 'DAGS_FOLDER/all_about_bashoperators.py', '--cfg-path', '/tmp/tmpzbamgbkw']
[2025-06-04T14:52:49.766+0000] {standard_task_runner.py:88} INFO - Job 387: Subtask list_files
[2025-06-04T14:52:49.933+0000] {task_command.py:423} INFO - Running <TaskInstance: bashoperator_dag.list_files scheduled__2025-06-03T10:00:00+00:00 [running]> on host 43a1f6455cfb
[2025-06-04T14:52:50.131+0000] {taskinstance.py:2480} INFO - Exporting env vars: AIRFLOW_CTX_DAG_OWNER='Pavan Kumar Kodavali' AIRFLOW_CTX_DAG_ID='bashoperator_dag' AIRFLOW_CTX_TASK_ID='list_files' AIRFLOW_CTX_EXECUTION_DATE='2025-06-03T10:00:00+00:00' AIRFLOW_CTX_TRY_NUMBER='1' AIRFLOW_CTX_DAG_RUN_ID='scheduled__2025-06-03T10:00:00+00:00'
[2025-06-04T14:52:50.135+0000] {subprocess.py:63} INFO - Tmp dir root location: /tmp
[2025-06-04T14:52:50.141+0000] {subprocess.py:75} INFO - Running command: ['/usr/bin/bash', '-c', 'ls -l //opt//***//dags']
[2025-06-04T14:52:50.169+0000] {subprocess.py:86} INFO - Output:
[2025-06-04T14:52:50.255+0000] {subprocess.py:93} INFO - total 36
[2025-06-04T14:52:50.257+0000] {subprocess.py:93} INFO - drwxrwxr-x 1 *** root 4096 Jun  3 21:15 __pycache__
[2025-06-04T14:52:50.258+0000] {subprocess.py:93} INFO - -rwxrwxrwx 1 root    root 1505 Jun  3 16:49 all_about_bashoperators.py
[2025-06-04T14:52:50.260+0000] {subprocess.py:93} INFO - -rwxrwxrwx 1 root    root 1091 May 17 22:28 bash_operator_dag.py
[2025-06-04T14:52:50.261+0000] {subprocess.py:93} INFO - -rwxrwxrwx 1 root    root  537 May 18 23:39 dag_with_catchup_and_backfill.py
[2025-06-04T14:52:50.263+0000] {subprocess.py:93} INFO - -rwxrwxrwx 1 root    root  584 Jun  3 21:15 dag_with_python_requirements.py
[2025-06-04T14:52:50.264+0000] {subprocess.py:93} INFO - -rwxrwxrwx 1 root    root  945 Jun  2 20:21 dag_with_taskflow_api.py
[2025-06-04T14:52:50.266+0000] {subprocess.py:93} INFO - -rwxrwxrwx 1 root    root  586 Jun  2 18:35 first_dag.py
[2025-06-04T14:52:50.270+0000] {subprocess.py:93} INFO - -rwxrwxrwx 1 root    root 1312 Jun  3 20:29 postgresql_dag.py
[2025-06-04T14:52:50.271+0000] {subprocess.py:93} INFO - -rwxrwxrwx 1 root    root  839 May 17 22:22 python_operator_dag.py
[2025-06-04T14:52:50.273+0000] {subprocess.py:93} INFO - -rwxrwxrwx 1 root    root 1304 May 18 22:09 python_operator_dag2.py
[2025-06-04T14:52:50.274+0000] {subprocess.py:93} INFO - -rwxrwxrwx 1 root    root    0 Jun  2 20:48 welcome_Dag.py
[2025-06-04T14:52:50.279+0000] {subprocess.py:97} INFO - Command exited with return code 0
[2025-06-04T14:52:50.376+0000] {taskinstance.py:1138} INFO - Marking task as SUCCESS. dag_id=bashoperator_dag, task_id=list_files, execution_date=20250603T100000, start_date=20250604T145249, end_date=20250604T145250
[2025-06-04T14:52:50.461+0000] {local_task_job_runner.py:234} INFO - Task exited with return code 0
[2025-06-04T14:52:50.530+0000] {taskinstance.py:3280} INFO - 1 downstream tasks scheduled from follow-on schedule check
